{"/home/runner/work/riksdagsmonitor/riksdagsmonitor/dashboard/cia-data-loader.js": {"path":"/home/runner/work/riksdagsmonitor/riksdagsmonitor/dashboard/cia-data-loader.js","statementMap":{"0":{"start":{"line":187,"column":23},"end":{"line":244,"column":3}},"1":{"start":{"line":179,"column":4},"end":{"line":179,"column":null}},"2":{"start":{"line":180,"column":4},"end":{"line":180,"column":null}},"3":{"start":{"line":181,"column":4},"end":{"line":181,"column":null}},"4":{"start":{"line":252,"column":18},"end":{"line":252,"column":44}},"5":{"start":{"line":253,"column":4},"end":{"line":253,"column":null}},"6":{"start":{"line":253,"column":26},"end":{"line":253,"column":null}},"7":{"start":{"line":255,"column":20},"end":{"line":255,"column":80}},"8":{"start":{"line":255,"column":49},"end":{"line":255,"column":79}},"9":{"start":{"line":256,"column":17},"end":{"line":256,"column":19}},"10":{"start":{"line":258,"column":4},"end":{"line":287,"column":null}},"11":{"start":{"line":258,"column":17},"end":{"line":258,"column":18}},"12":{"start":{"line":259,"column":19},"end":{"line":259,"column":34}},"13":{"start":{"line":260,"column":6},"end":{"line":260,"column":null}},"14":{"start":{"line":260,"column":17},"end":{"line":260,"column":null}},"15":{"start":{"line":263,"column":21},"end":{"line":263,"column":23}},"16":{"start":{"line":264,"column":20},"end":{"line":264,"column":22}},"17":{"start":{"line":265,"column":21},"end":{"line":265,"column":26}},"18":{"start":{"line":266,"column":6},"end":{"line":276,"column":null}},"19":{"start":{"line":266,"column":19},"end":{"line":266,"column":20}},"20":{"start":{"line":267,"column":19},"end":{"line":267,"column":26}},"21":{"start":{"line":268,"column":8},"end":{"line":275,"column":null}},"22":{"start":{"line":269,"column":10},"end":{"line":269,"column":null}},"23":{"start":{"line":270,"column":15},"end":{"line":275,"column":null}},"24":{"start":{"line":271,"column":10},"end":{"line":271,"column":null}},"25":{"start":{"line":272,"column":10},"end":{"line":272,"column":null}},"26":{"start":{"line":274,"column":10},"end":{"line":274,"column":null}},"27":{"start":{"line":277,"column":6},"end":{"line":277,"column":null}},"28":{"start":{"line":279,"column":18},"end":{"line":279,"column":20}},"29":{"start":{"line":280,"column":6},"end":{"line":285,"column":null}},"30":{"start":{"line":281,"column":20},"end":{"line":281,"column":37}},"31":{"start":{"line":283,"column":20},"end":{"line":283,"column":31}},"32":{"start":{"line":284,"column":8},"end":{"line":284,"column":null}},"33":{"start":{"line":286,"column":6},"end":{"line":286,"column":null}},"34":{"start":{"line":288,"column":4},"end":{"line":288,"column":null}},"35":{"start":{"line":298,"column":17},"end":{"line":300,"column":5}},"36":{"start":{"line":301,"column":4},"end":{"line":303,"column":null}},"37":{"start":{"line":302,"column":6},"end":{"line":302,"column":null}},"38":{"start":{"line":305,"column":4},"end":{"line":315,"column":null}},"39":{"start":{"line":306,"column":6},"end":{"line":314,"column":null}},"40":{"start":{"line":307,"column":25},"end":{"line":307,"column":41}},"41":{"start":{"line":308,"column":8},"end":{"line":308,"column":null}},"42":{"start":{"line":308,"column":26},"end":{"line":308,"column":null}},"43":{"start":{"line":309,"column":21},"end":{"line":309,"column":42}},"44":{"start":{"line":310,"column":21},"end":{"line":310,"column":40}},"45":{"start":{"line":311,"column":8},"end":{"line":311,"column":null}},"46":{"start":{"line":311,"column":29},"end":{"line":311,"column":null}},"47":{"start":{"line":313,"column":8},"end":{"line":313,"column":null}},"48":{"start":{"line":317,"column":4},"end":{"line":317,"column":null}},"49":{"start":{"line":318,"column":4},"end":{"line":318,"column":null}},"50":{"start":{"line":327,"column":17},"end":{"line":329,"column":5}},"51":{"start":{"line":331,"column":4},"end":{"line":339,"column":null}},"52":{"start":{"line":332,"column":6},"end":{"line":338,"column":null}},"53":{"start":{"line":333,"column":25},"end":{"line":333,"column":41}},"54":{"start":{"line":334,"column":8},"end":{"line":334,"column":null}},"55":{"start":{"line":334,"column":26},"end":{"line":334,"column":null}},"56":{"start":{"line":335,"column":8},"end":{"line":335,"column":null}},"57":{"start":{"line":337,"column":8},"end":{"line":337,"column":null}},"58":{"start":{"line":340,"column":4},"end":{"line":340,"column":null}},"59":{"start":{"line":348,"column":79},"end":{"line":354,"column":6}},"60":{"start":{"line":357,"column":22},"end":{"line":357,"column":90}},"61":{"start":{"line":357,"column":45},"end":{"line":357,"column":89}},"62":{"start":{"line":358,"column":21},"end":{"line":358,"column":61}},"63":{"start":{"line":361,"column":27},"end":{"line":361,"column":70}},"64":{"start":{"line":362,"column":26},"end":{"line":362,"column":104}},"65":{"start":{"line":362,"column":55},"end":{"line":362,"column":62}},"66":{"start":{"line":362,"column":76},"end":{"line":362,"column":102}},"67":{"start":{"line":363,"column":25},"end":{"line":363,"column":48}},"68":{"start":{"line":366,"column":21},"end":{"line":366,"column":69}},"69":{"start":{"line":366,"column":45},"end":{"line":366,"column":68}},"70":{"start":{"line":367,"column":20},"end":{"line":367,"column":70}},"71":{"start":{"line":367,"column":44},"end":{"line":367,"column":69}},"72":{"start":{"line":368,"column":20},"end":{"line":368,"column":67}},"73":{"start":{"line":368,"column":44},"end":{"line":368,"column":66}},"74":{"start":{"line":369,"column":21},"end":{"line":369,"column":84}},"75":{"start":{"line":369,"column":49},"end":{"line":369,"column":80}},"76":{"start":{"line":370,"column":18},"end":{"line":370,"column":80}},"77":{"start":{"line":370,"column":45},"end":{"line":370,"column":76}},"78":{"start":{"line":371,"column":18},"end":{"line":371,"column":80}},"79":{"start":{"line":371,"column":45},"end":{"line":371,"column":76}},"80":{"start":{"line":374,"column":27},"end":{"line":376,"column":10}},"81":{"start":{"line":375,"column":38},"end":{"line":375,"column":69}},"82":{"start":{"line":379,"column":25},"end":{"line":381,"column":10}},"83":{"start":{"line":384,"column":24},"end":{"line":384,"column":46}},"84":{"start":{"line":385,"column":27},"end":{"line":385,"column":80}},"85":{"start":{"line":385,"column":50},"end":{"line":385,"column":79}},"86":{"start":{"line":386,"column":26},"end":{"line":388,"column":10}},"87":{"start":{"line":387,"column":51},"end":{"line":387,"column":84}},"88":{"start":{"line":390,"column":4},"end":{"line":427,"column":null}},"89":{"start":{"line":434,"column":4},"end":{"line":434,"column":null}},"90":{"start":{"line":442,"column":45},"end":{"line":446,"column":6}},"91":{"start":{"line":449,"column":27},"end":{"line":449,"column":70}},"92":{"start":{"line":450,"column":30},"end":{"line":450,"column":87}},"93":{"start":{"line":450,"column":54},"end":{"line":450,"column":86}},"94":{"start":{"line":453,"column":23},"end":{"line":453,"column":25}},"95":{"start":{"line":454,"column":4},"end":{"line":458,"column":null}},"96":{"start":{"line":455,"column":6},"end":{"line":457,"column":null}},"97":{"start":{"line":456,"column":8},"end":{"line":456,"column":null}},"98":{"start":{"line":461,"column":27},"end":{"line":461,"column":29}},"99":{"start":{"line":462,"column":4},"end":{"line":469,"column":null}},"100":{"start":{"line":463,"column":19},"end":{"line":463,"column":51}},"101":{"start":{"line":465,"column":8},"end":{"line":468,"column":null}},"102":{"start":{"line":467,"column":10},"end":{"line":467,"column":null}},"103":{"start":{"line":472,"column":20},"end":{"line":472,"column":82}},"104":{"start":{"line":474,"column":20},"end":{"line":502,"column":6}},"105":{"start":{"line":475,"column":16},"end":{"line":475,"column":41}},"106":{"start":{"line":476,"column":18},"end":{"line":476,"column":47}},"107":{"start":{"line":478,"column":6},"end":{"line":501,"column":null}},"108":{"start":{"line":505,"column":4},"end":{"line":505,"column":null}},"109":{"start":{"line":505,"column":27},"end":{"line":505,"column":74}},"110":{"start":{"line":507,"column":4},"end":{"line":513,"column":null}},"111":{"start":{"line":521,"column":37},"end":{"line":524,"column":6}},"112":{"start":{"line":527,"column":20},"end":{"line":527,"column":22}},"113":{"start":{"line":528,"column":4},"end":{"line":530,"column":null}},"114":{"start":{"line":529,"column":6},"end":{"line":529,"column":null}},"115":{"start":{"line":533,"column":19},"end":{"line":536,"column":19}},"116":{"start":{"line":534,"column":20},"end":{"line":534,"column":46}},"117":{"start":{"line":535,"column":22},"end":{"line":535,"column":81}},"118":{"start":{"line":538,"column":21},"end":{"line":556,"column":6}},"119":{"start":{"line":539,"column":19},"end":{"line":539,"column":46}},"120":{"start":{"line":540,"column":6},"end":{"line":555,"column":null}},"121":{"start":{"line":547,"column":95},"end":{"line":547,"column":110}},"122":{"start":{"line":558,"column":4},"end":{"line":565,"column":null}},"123":{"start":{"line":573,"column":37},"end":{"line":576,"column":6}},"124":{"start":{"line":579,"column":24},"end":{"line":579,"column":26}},"125":{"start":{"line":580,"column":4},"end":{"line":582,"column":null}},"126":{"start":{"line":581,"column":6},"end":{"line":581,"column":null}},"127":{"start":{"line":585,"column":23},"end":{"line":600,"column":8}},"128":{"start":{"line":586,"column":19},"end":{"line":586,"column":58}},"129":{"start":{"line":588,"column":21},"end":{"line":588,"column":67}},"130":{"start":{"line":589,"column":8},"end":{"line":599,"column":null}},"131":{"start":{"line":603,"column":18},"end":{"line":607,"column":7}},"132":{"start":{"line":603,"column":39},"end":{"line":607,"column":5}},"133":{"start":{"line":610,"column":18},"end":{"line":610,"column":20}},"134":{"start":{"line":611,"column":4},"end":{"line":623,"column":null}},"135":{"start":{"line":611,"column":17},"end":{"line":611,"column":18}},"136":{"start":{"line":612,"column":6},"end":{"line":622,"column":null}},"137":{"start":{"line":612,"column":19},"end":{"line":612,"column":24}},"138":{"start":{"line":613,"column":8},"end":{"line":621,"column":null}},"139":{"start":{"line":615,"column":10},"end":{"line":620,"column":null}},"140":{"start":{"line":625,"column":4},"end":{"line":633,"column":null}},"141":{"start":{"line":642,"column":41},"end":{"line":645,"column":6}},"142":{"start":{"line":647,"column":27},"end":{"line":647,"column":70}},"143":{"start":{"line":648,"column":19},"end":{"line":648,"column":33}},"144":{"start":{"line":649,"column":23},"end":{"line":649,"column":138}},"145":{"start":{"line":652,"column":26},"end":{"line":652,"column":28}},"146":{"start":{"line":653,"column":4},"end":{"line":660,"column":null}},"147":{"start":{"line":654,"column":19},"end":{"line":654,"column":51}},"148":{"start":{"line":656,"column":8},"end":{"line":659,"column":null}},"149":{"start":{"line":658,"column":10},"end":{"line":658,"column":null}},"150":{"start":{"line":663,"column":28},"end":{"line":671,"column":6}},"151":{"start":{"line":664,"column":18},"end":{"line":664,"column":73}},"152":{"start":{"line":665,"column":6},"end":{"line":670,"column":null}},"153":{"start":{"line":666,"column":8},"end":{"line":666,"column":null}},"154":{"start":{"line":666,"column":23},"end":{"line":666,"column":null}},"155":{"start":{"line":667,"column":20},"end":{"line":667,"column":75}},"156":{"start":{"line":669,"column":8},"end":{"line":669,"column":null}},"157":{"start":{"line":674,"column":30},"end":{"line":685,"column":39}},"158":{"start":{"line":675,"column":25},"end":{"line":675,"column":67}},"159":{"start":{"line":675,"column":49},"end":{"line":675,"column":66}},"160":{"start":{"line":676,"column":23},"end":{"line":676,"column":68}},"161":{"start":{"line":676,"column":44},"end":{"line":676,"column":67}},"162":{"start":{"line":677,"column":20},"end":{"line":677,"column":81}},"163":{"start":{"line":677,"column":48},"end":{"line":677,"column":77}},"164":{"start":{"line":678,"column":24},"end":{"line":678,"column":64}},"165":{"start":{"line":679,"column":28},"end":{"line":679,"column":91}},"166":{"start":{"line":680,"column":6},"end":{"line":684,"column":null}},"167":{"start":{"line":685,"column":19},"end":{"line":685,"column":38}},"168":{"start":{"line":687,"column":4},"end":{"line":696,"column":null}},"169":{"start":{"line":705,"column":6},"end":{"line":712,"column":8}},"170":{"start":{"line":714,"column":4},"end":{"line":721,"column":null}}},"fnMap":{"0":{"name":"(anonymous_0)","decl":{"start":{"line":178,"column":2},"end":{"line":178,"column":13}},"loc":{"start":{"line":178,"column":16},"end":{"line":182,"column":null}},"line":178},"1":{"name":"(anonymous_1)","decl":{"start":{"line":251,"column":2},"end":{"line":251,"column":10}},"loc":{"start":{"line":251,"column":20},"end":{"line":289,"column":null}},"line":251},"2":{"name":"(anonymous_2)","decl":{"start":{"line":255,"column":44},"end":{"line":255,"column":45}},"loc":{"start":{"line":255,"column":49},"end":{"line":255,"column":79}},"line":255},"3":{"name":"(anonymous_3)","decl":{"start":{"line":280,"column":22},"end":{"line":280,"column":23}},"loc":{"start":{"line":280,"column":34},"end":{"line":285,"column":7}},"line":280},"4":{"name":"(anonymous_4)","decl":{"start":{"line":297,"column":8},"end":{"line":297,"column":15}},"loc":{"start":{"line":297,"column":41},"end":{"line":319,"column":null}},"line":297},"5":{"name":"(anonymous_5)","decl":{"start":{"line":326,"column":8},"end":{"line":326,"column":16}},"loc":{"start":{"line":326,"column":27},"end":{"line":341,"column":null}},"line":326},"6":{"name":"(anonymous_6)","decl":{"start":{"line":347,"column":8},"end":{"line":347,"column":29}},"loc":{"start":{"line":347,"column":32},"end":{"line":428,"column":null}},"line":347},"7":{"name":"(anonymous_7)","decl":{"start":{"line":357,"column":40},"end":{"line":357,"column":41}},"loc":{"start":{"line":357,"column":45},"end":{"line":357,"column":89}},"line":357},"8":{"name":"(anonymous_8)","decl":{"start":{"line":362,"column":50},"end":{"line":362,"column":51}},"loc":{"start":{"line":362,"column":55},"end":{"line":362,"column":62}},"line":362},"9":{"name":"(anonymous_9)","decl":{"start":{"line":362,"column":71},"end":{"line":362,"column":72}},"loc":{"start":{"line":362,"column":76},"end":{"line":362,"column":102}},"line":362},"10":{"name":"(anonymous_10)","decl":{"start":{"line":366,"column":40},"end":{"line":366,"column":41}},"loc":{"start":{"line":366,"column":45},"end":{"line":366,"column":68}},"line":366},"11":{"name":"(anonymous_11)","decl":{"start":{"line":367,"column":39},"end":{"line":367,"column":40}},"loc":{"start":{"line":367,"column":44},"end":{"line":367,"column":69}},"line":367},"12":{"name":"(anonymous_12)","decl":{"start":{"line":368,"column":39},"end":{"line":368,"column":40}},"loc":{"start":{"line":368,"column":44},"end":{"line":368,"column":66}},"line":368},"13":{"name":"(anonymous_13)","decl":{"start":{"line":369,"column":37},"end":{"line":369,"column":38}},"loc":{"start":{"line":369,"column":49},"end":{"line":369,"column":80}},"line":369},"14":{"name":"(anonymous_14)","decl":{"start":{"line":370,"column":33},"end":{"line":370,"column":34}},"loc":{"start":{"line":370,"column":45},"end":{"line":370,"column":76}},"line":370},"15":{"name":"(anonymous_15)","decl":{"start":{"line":371,"column":33},"end":{"line":371,"column":34}},"loc":{"start":{"line":371,"column":45},"end":{"line":371,"column":76}},"line":371},"16":{"name":"(anonymous_16)","decl":{"start":{"line":375,"column":26},"end":{"line":375,"column":27}},"loc":{"start":{"line":375,"column":38},"end":{"line":375,"column":69}},"line":375},"17":{"name":"(anonymous_17)","decl":{"start":{"line":385,"column":45},"end":{"line":385,"column":46}},"loc":{"start":{"line":385,"column":50},"end":{"line":385,"column":79}},"line":385},"18":{"name":"(anonymous_18)","decl":{"start":{"line":387,"column":41},"end":{"line":387,"column":42}},"loc":{"start":{"line":387,"column":51},"end":{"line":387,"column":84}},"line":387},"19":{"name":"(anonymous_19)","decl":{"start":{"line":433,"column":8},"end":{"line":433,"column":28}},"loc":{"start":{"line":433,"column":31},"end":{"line":435,"column":null}},"line":433},"20":{"name":"(anonymous_20)","decl":{"start":{"line":441,"column":8},"end":{"line":441,"column":28}},"loc":{"start":{"line":441,"column":31},"end":{"line":514,"column":null}},"line":441},"21":{"name":"(anonymous_21)","decl":{"start":{"line":450,"column":49},"end":{"line":450,"column":50}},"loc":{"start":{"line":450,"column":54},"end":{"line":450,"column":86}},"line":450},"22":{"name":"(anonymous_22)","decl":{"start":{"line":454,"column":20},"end":{"line":454,"column":21}},"loc":{"start":{"line":454,"column":25},"end":{"line":458,"column":5}},"line":454},"23":{"name":"(anonymous_23)","decl":{"start":{"line":463,"column":14},"end":{"line":463,"column":15}},"loc":{"start":{"line":463,"column":19},"end":{"line":463,"column":51}},"line":463},"24":{"name":"(anonymous_24)","decl":{"start":{"line":464,"column":15},"end":{"line":464,"column":16}},"loc":{"start":{"line":464,"column":20},"end":{"line":469,"column":7}},"line":464},"25":{"name":"(anonymous_25)","decl":{"start":{"line":474,"column":42},"end":{"line":474,"column":43}},"loc":{"start":{"line":474,"column":47},"end":{"line":502,"column":5}},"line":474},"26":{"name":"(anonymous_26)","decl":{"start":{"line":505,"column":17},"end":{"line":505,"column":18}},"loc":{"start":{"line":505,"column":27},"end":{"line":505,"column":74}},"line":505},"27":{"name":"(anonymous_27)","decl":{"start":{"line":520,"column":8},"end":{"line":520,"column":28}},"loc":{"start":{"line":520,"column":31},"end":{"line":566,"column":null}},"line":520},"28":{"name":"(anonymous_28)","decl":{"start":{"line":528,"column":24},"end":{"line":528,"column":25}},"loc":{"start":{"line":528,"column":29},"end":{"line":530,"column":5}},"line":528},"29":{"name":"(anonymous_29)","decl":{"start":{"line":534,"column":14},"end":{"line":534,"column":16}},"loc":{"start":{"line":534,"column":20},"end":{"line":534,"column":46}},"line":534},"30":{"name":"(anonymous_30)","decl":{"start":{"line":535,"column":12},"end":{"line":535,"column":13}},"loc":{"start":{"line":535,"column":22},"end":{"line":535,"column":81}},"line":535},"31":{"name":"(anonymous_31)","decl":{"start":{"line":538,"column":32},"end":{"line":538,"column":33}},"loc":{"start":{"line":538,"column":45},"end":{"line":556,"column":5}},"line":538},"32":{"name":"(anonymous_32)","decl":{"start":{"line":547,"column":90},"end":{"line":547,"column":91}},"loc":{"start":{"line":547,"column":95},"end":{"line":547,"column":110}},"line":547},"33":{"name":"(anonymous_33)","decl":{"start":{"line":572,"column":8},"end":{"line":572,"column":28}},"loc":{"start":{"line":572,"column":31},"end":{"line":634,"column":null}},"line":572},"34":{"name":"(anonymous_34)","decl":{"start":{"line":580,"column":21},"end":{"line":580,"column":22}},"loc":{"start":{"line":580,"column":26},"end":{"line":582,"column":5}},"line":580},"35":{"name":"(anonymous_35)","decl":{"start":{"line":586,"column":14},"end":{"line":586,"column":15}},"loc":{"start":{"line":586,"column":19},"end":{"line":586,"column":58}},"line":586},"36":{"name":"(anonymous_36)","decl":{"start":{"line":587,"column":11},"end":{"line":587,"column":12}},"loc":{"start":{"line":587,"column":16},"end":{"line":600,"column":7}},"line":587},"37":{"name":"(anonymous_37)","decl":{"start":{"line":603,"column":33},"end":{"line":603,"column":34}},"loc":{"start":{"line":603,"column":39},"end":{"line":607,"column":5}},"line":603},"38":{"name":"(anonymous_38)","decl":{"start":{"line":641,"column":8},"end":{"line":641,"column":26}},"loc":{"start":{"line":641,"column":29},"end":{"line":697,"column":null}},"line":641},"39":{"name":"(anonymous_39)","decl":{"start":{"line":654,"column":14},"end":{"line":654,"column":15}},"loc":{"start":{"line":654,"column":19},"end":{"line":654,"column":51}},"line":654},"40":{"name":"(anonymous_40)","decl":{"start":{"line":655,"column":15},"end":{"line":655,"column":16}},"loc":{"start":{"line":655,"column":20},"end":{"line":660,"column":7}},"line":655},"41":{"name":"(anonymous_41)","decl":{"start":{"line":663,"column":39},"end":{"line":663,"column":41}},"loc":{"start":{"line":663,"column":45},"end":{"line":671,"column":5}},"line":663},"42":{"name":"(anonymous_42)","decl":{"start":{"line":665,"column":24},"end":{"line":665,"column":26}},"loc":{"start":{"line":665,"column":30},"end":{"line":670,"column":7}},"line":665},"43":{"name":"(anonymous_43)","decl":{"start":{"line":674,"column":49},"end":{"line":674,"column":54}},"loc":{"start":{"line":674,"column":58},"end":{"line":685,"column":5}},"line":674},"44":{"name":"(anonymous_44)","decl":{"start":{"line":675,"column":44},"end":{"line":675,"column":45}},"loc":{"start":{"line":675,"column":49},"end":{"line":675,"column":66}},"line":675},"45":{"name":"(anonymous_45)","decl":{"start":{"line":676,"column":39},"end":{"line":676,"column":40}},"loc":{"start":{"line":676,"column":44},"end":{"line":676,"column":67}},"line":676},"46":{"name":"(anonymous_46)","decl":{"start":{"line":677,"column":38},"end":{"line":677,"column":39}},"loc":{"start":{"line":677,"column":48},"end":{"line":677,"column":77}},"line":677},"47":{"name":"(anonymous_47)","decl":{"start":{"line":685,"column":14},"end":{"line":685,"column":15}},"loc":{"start":{"line":685,"column":19},"end":{"line":685,"column":38}},"line":685},"48":{"name":"(anonymous_48)","decl":{"start":{"line":703,"column":8},"end":{"line":703,"column":15}},"loc":{"start":{"line":703,"column":18},"end":{"line":722,"column":null}},"line":703}},"branchMap":{"0":{"loc":{"start":{"line":253,"column":4},"end":{"line":253,"column":null}},"type":"if","locations":[{"start":{"line":253,"column":4},"end":{"line":253,"column":null}},{"start":{},"end":{}}],"line":253},"1":{"loc":{"start":{"line":260,"column":6},"end":{"line":260,"column":null}},"type":"if","locations":[{"start":{"line":260,"column":6},"end":{"line":260,"column":null}},{"start":{},"end":{}}],"line":260},"2":{"loc":{"start":{"line":268,"column":8},"end":{"line":275,"column":null}},"type":"if","locations":[{"start":{"line":268,"column":8},"end":{"line":275,"column":null}},{"start":{"line":270,"column":15},"end":{"line":275,"column":null}}],"line":268},"3":{"loc":{"start":{"line":270,"column":15},"end":{"line":275,"column":null}},"type":"if","locations":[{"start":{"line":270,"column":15},"end":{"line":275,"column":null}},{"start":{"line":273,"column":15},"end":{"line":275,"column":null}}],"line":270},"4":{"loc":{"start":{"line":270,"column":19},"end":{"line":270,"column":42}},"type":"binary-expr","locations":[{"start":{"line":270,"column":19},"end":{"line":270,"column":29}},{"start":{"line":270,"column":33},"end":{"line":270,"column":42}}],"line":270},"5":{"loc":{"start":{"line":281,"column":20},"end":{"line":281,"column":37}},"type":"binary-expr","locations":[{"start":{"line":281,"column":20},"end":{"line":281,"column":31}},{"start":{"line":281,"column":35},"end":{"line":281,"column":37}}],"line":281},"6":{"loc":{"start":{"line":284,"column":17},"end":{"line":284,"column":68}},"type":"cond-expr","locations":[{"start":{"line":284,"column":59},"end":{"line":284,"column":62}},{"start":{"line":284,"column":65},"end":{"line":284,"column":68}}],"line":284},"7":{"loc":{"start":{"line":284,"column":17},"end":{"line":284,"column":56}},"type":"binary-expr","locations":[{"start":{"line":284,"column":17},"end":{"line":284,"column":27}},{"start":{"line":284,"column":31},"end":{"line":284,"column":42}},{"start":{"line":284,"column":46},"end":{"line":284,"column":56}}],"line":284},"8":{"loc":{"start":{"line":301,"column":4},"end":{"line":303,"column":null}},"type":"if","locations":[{"start":{"line":301,"column":4},"end":{"line":303,"column":null}},{"start":{},"end":{}}],"line":301},"9":{"loc":{"start":{"line":308,"column":8},"end":{"line":308,"column":null}},"type":"if","locations":[{"start":{"line":308,"column":8},"end":{"line":308,"column":null}},{"start":{},"end":{}}],"line":308},"10":{"loc":{"start":{"line":311,"column":8},"end":{"line":311,"column":null}},"type":"if","locations":[{"start":{"line":311,"column":8},"end":{"line":311,"column":null}},{"start":{},"end":{}}],"line":311},"11":{"loc":{"start":{"line":334,"column":8},"end":{"line":334,"column":null}},"type":"if","locations":[{"start":{"line":334,"column":8},"end":{"line":334,"column":null}},{"start":{},"end":{}}],"line":334},"12":{"loc":{"start":{"line":358,"column":21},"end":{"line":358,"column":61}},"type":"cond-expr","locations":[{"start":{"line":358,"column":33},"end":{"line":358,"column":55}},{"start":{"line":358,"column":58},"end":{"line":358,"column":61}}],"line":358},"13":{"loc":{"start":{"line":363,"column":25},"end":{"line":363,"column":48}},"type":"binary-expr","locations":[{"start":{"line":363,"column":25},"end":{"line":363,"column":43}},{"start":{"line":363,"column":47},"end":{"line":363,"column":48}}],"line":363},"14":{"loc":{"start":{"line":369,"column":56},"end":{"line":369,"column":79}},"type":"binary-expr","locations":[{"start":{"line":369,"column":56},"end":{"line":369,"column":74}},{"start":{"line":369,"column":78},"end":{"line":369,"column":79}}],"line":369},"15":{"loc":{"start":{"line":370,"column":52},"end":{"line":370,"column":75}},"type":"binary-expr","locations":[{"start":{"line":370,"column":52},"end":{"line":370,"column":70}},{"start":{"line":370,"column":74},"end":{"line":370,"column":75}}],"line":370},"16":{"loc":{"start":{"line":371,"column":52},"end":{"line":371,"column":75}},"type":"binary-expr","locations":[{"start":{"line":371,"column":52},"end":{"line":371,"column":70}},{"start":{"line":371,"column":74},"end":{"line":371,"column":75}}],"line":371},"17":{"loc":{"start":{"line":374,"column":27},"end":{"line":376,"column":10}},"type":"cond-expr","locations":[{"start":{"line":375,"column":8},"end":{"line":375,"column":null}},{"start":{"line":376,"column":8},"end":{"line":376,"column":10}}],"line":374},"18":{"loc":{"start":{"line":375,"column":45},"end":{"line":375,"column":68}},"type":"binary-expr","locations":[{"start":{"line":375,"column":45},"end":{"line":375,"column":63}},{"start":{"line":375,"column":67},"end":{"line":375,"column":68}}],"line":375},"19":{"loc":{"start":{"line":379,"column":25},"end":{"line":381,"column":10}},"type":"cond-expr","locations":[{"start":{"line":380,"column":8},"end":{"line":380,"column":null}},{"start":{"line":381,"column":8},"end":{"line":381,"column":10}}],"line":379},"20":{"loc":{"start":{"line":386,"column":26},"end":{"line":388,"column":10}},"type":"cond-expr","locations":[{"start":{"line":387,"column":8},"end":{"line":387,"column":null}},{"start":{"line":388,"column":8},"end":{"line":388,"column":10}}],"line":386},"21":{"loc":{"start":{"line":387,"column":56},"end":{"line":387,"column":83}},"type":"binary-expr","locations":[{"start":{"line":387,"column":56},"end":{"line":387,"column":78}},{"start":{"line":387,"column":82},"end":{"line":387,"column":83}}],"line":387},"22":{"loc":{"start":{"line":410,"column":24},"end":{"line":410,"column":53}},"type":"binary-expr","locations":[{"start":{"line":410,"column":24},"end":{"line":410,"column":48}},{"start":{"line":410,"column":52},"end":{"line":410,"column":53}}],"line":410},"23":{"loc":{"start":{"line":411,"column":28},"end":{"line":411,"column":60}},"type":"binary-expr","locations":[{"start":{"line":411,"column":28},"end":{"line":411,"column":55}},{"start":{"line":411,"column":59},"end":{"line":411,"column":60}}],"line":411},"24":{"loc":{"start":{"line":417,"column":19},"end":{"line":417,"column":60}},"type":"cond-expr","locations":[{"start":{"line":417,"column":41},"end":{"line":417,"column":51}},{"start":{"line":417,"column":54},"end":{"line":417,"column":60}}],"line":417},"25":{"loc":{"start":{"line":419,"column":28},"end":{"line":419,"column":null}},"type":"cond-expr","locations":[{"start":{"line":419,"column":49},"end":{"line":419,"column":55}},{"start":{"line":419,"column":58},"end":{"line":419,"column":null}}],"line":419},"26":{"loc":{"start":{"line":455,"column":6},"end":{"line":457,"column":null}},"type":"if","locations":[{"start":{"line":455,"column":6},"end":{"line":457,"column":null}},{"start":{},"end":{}}],"line":455},"27":{"loc":{"start":{"line":465,"column":8},"end":{"line":468,"column":null}},"type":"if","locations":[{"start":{"line":465,"column":8},"end":{"line":468,"column":null}},{"start":{},"end":{}}],"line":465},"28":{"loc":{"start":{"line":465,"column":12},"end":{"line":466,"column":100}},"type":"binary-expr","locations":[{"start":{"line":465,"column":12},"end":{"line":465,"column":36}},{"start":{"line":465,"column":40},"end":{"line":465,"column":77}},{"start":{"line":466,"column":13},"end":{"line":466,"column":52}},{"start":{"line":466,"column":56},"end":{"line":466,"column":99}}],"line":465},"29":{"loc":{"start":{"line":475,"column":16},"end":{"line":475,"column":41}},"type":"binary-expr","locations":[{"start":{"line":475,"column":16},"end":{"line":475,"column":35}},{"start":{"line":475,"column":39},"end":{"line":475,"column":41}}],"line":475},"30":{"loc":{"start":{"line":476,"column":18},"end":{"line":476,"column":47}},"type":"binary-expr","locations":[{"start":{"line":476,"column":18},"end":{"line":476,"column":41}},{"start":{"line":476,"column":45},"end":{"line":476,"column":47}}],"line":476},"31":{"loc":{"start":{"line":480,"column":19},"end":{"line":480,"column":42}},"type":"binary-expr","locations":[{"start":{"line":480,"column":19},"end":{"line":480,"column":31}},{"start":{"line":480,"column":35},"end":{"line":480,"column":42}}],"line":480},"32":{"loc":{"start":{"line":483,"column":17},"end":{"line":483,"column":38}},"type":"binary-expr","locations":[{"start":{"line":483,"column":17},"end":{"line":483,"column":33}},{"start":{"line":483,"column":37},"end":{"line":483,"column":38}}],"line":483},"33":{"loc":{"start":{"line":485,"column":23},"end":{"line":485,"column":44}},"type":"binary-expr","locations":[{"start":{"line":485,"column":23},"end":{"line":485,"column":39}},{"start":{"line":485,"column":43},"end":{"line":485,"column":44}}],"line":485},"34":{"loc":{"start":{"line":486,"column":29},"end":{"line":486,"column":55}},"type":"binary-expr","locations":[{"start":{"line":486,"column":29},"end":{"line":486,"column":50}},{"start":{"line":486,"column":54},"end":{"line":486,"column":55}}],"line":486},"35":{"loc":{"start":{"line":487,"column":28},"end":{"line":487,"column":52}},"type":"binary-expr","locations":[{"start":{"line":487,"column":28},"end":{"line":487,"column":47}},{"start":{"line":487,"column":51},"end":{"line":487,"column":52}}],"line":487},"36":{"loc":{"start":{"line":488,"column":23},"end":{"line":488,"column":null}},"type":"binary-expr","locations":[{"start":{"line":488,"column":23},"end":{"line":488,"column":37}},{"start":{"line":488,"column":41},"end":{"line":488,"column":null}}],"line":488},"37":{"loc":{"start":{"line":491,"column":22},"end":{"line":491,"column":50}},"type":"binary-expr","locations":[{"start":{"line":491,"column":22},"end":{"line":491,"column":45}},{"start":{"line":491,"column":49},"end":{"line":491,"column":50}}],"line":491},"38":{"loc":{"start":{"line":492,"column":25},"end":{"line":492,"column":54}},"type":"binary-expr","locations":[{"start":{"line":492,"column":25},"end":{"line":492,"column":49}},{"start":{"line":492,"column":53},"end":{"line":492,"column":54}}],"line":492},"39":{"loc":{"start":{"line":493,"column":25},"end":{"line":493,"column":null}},"type":"binary-expr","locations":[{"start":{"line":493,"column":25},"end":{"line":493,"column":41}},{"start":{"line":493,"column":45},"end":{"line":493,"column":null}}],"line":493},"40":{"loc":{"start":{"line":496,"column":25},"end":{"line":496,"column":56}},"type":"binary-expr","locations":[{"start":{"line":496,"column":25},"end":{"line":496,"column":44}},{"start":{"line":496,"column":48},"end":{"line":496,"column":56}}],"line":496},"41":{"loc":{"start":{"line":497,"column":26},"end":{"line":497,"column":66}},"type":"binary-expr","locations":[{"start":{"line":497,"column":26},"end":{"line":497,"column":54}},{"start":{"line":497,"column":58},"end":{"line":497,"column":66}}],"line":497},"42":{"loc":{"start":{"line":498,"column":28},"end":{"line":498,"column":null}},"type":"binary-expr","locations":[{"start":{"line":498,"column":28},"end":{"line":498,"column":47}},{"start":{"line":498,"column":51},"end":{"line":498,"column":70}},{"start":{"line":498,"column":74},"end":{"line":498,"column":null}}],"line":498},"43":{"loc":{"start":{"line":505,"column":28},"end":{"line":505,"column":48}},"type":"binary-expr","locations":[{"start":{"line":505,"column":28},"end":{"line":505,"column":43}},{"start":{"line":505,"column":47},"end":{"line":505,"column":48}}],"line":505},"44":{"loc":{"start":{"line":505,"column":53},"end":{"line":505,"column":73}},"type":"binary-expr","locations":[{"start":{"line":505,"column":53},"end":{"line":505,"column":68}},{"start":{"line":505,"column":72},"end":{"line":505,"column":73}}],"line":505},"45":{"loc":{"start":{"line":535,"column":23},"end":{"line":535,"column":49}},"type":"binary-expr","locations":[{"start":{"line":535,"column":23},"end":{"line":535,"column":44}},{"start":{"line":535,"column":48},"end":{"line":535,"column":49}}],"line":535},"46":{"loc":{"start":{"line":535,"column":54},"end":{"line":535,"column":80}},"type":"binary-expr","locations":[{"start":{"line":535,"column":54},"end":{"line":535,"column":75}},{"start":{"line":535,"column":79},"end":{"line":535,"column":80}}],"line":535},"47":{"loc":{"start":{"line":539,"column":19},"end":{"line":539,"column":46}},"type":"binary-expr","locations":[{"start":{"line":539,"column":19},"end":{"line":539,"column":40}},{"start":{"line":539,"column":44},"end":{"line":539,"column":46}}],"line":539},"48":{"loc":{"start":{"line":543,"column":19},"end":{"line":543,"column":38}},"type":"binary-expr","locations":[{"start":{"line":543,"column":19},"end":{"line":543,"column":32}},{"start":{"line":543,"column":36},"end":{"line":543,"column":38}}],"line":543},"49":{"loc":{"start":{"line":544,"column":18},"end":{"line":544,"column":36}},"type":"binary-expr","locations":[{"start":{"line":544,"column":18},"end":{"line":544,"column":30}},{"start":{"line":544,"column":34},"end":{"line":544,"column":36}}],"line":544},"50":{"loc":{"start":{"line":545,"column":15},"end":{"line":545,"column":29}},"type":"binary-expr","locations":[{"start":{"line":545,"column":15},"end":{"line":545,"column":23}},{"start":{"line":545,"column":27},"end":{"line":545,"column":29}}],"line":545},"51":{"loc":{"start":{"line":546,"column":14},"end":{"line":548,"column":14}},"type":"cond-expr","locations":[{"start":{"line":547,"column":12},"end":{"line":547,"column":null}},{"start":{"line":548,"column":12},"end":{"line":548,"column":14}}],"line":546},"52":{"loc":{"start":{"line":549,"column":24},"end":{"line":549,"column":51}},"type":"binary-expr","locations":[{"start":{"line":549,"column":24},"end":{"line":549,"column":46}},{"start":{"line":549,"column":50},"end":{"line":549,"column":51}}],"line":549},"53":{"loc":{"start":{"line":550,"column":28},"end":{"line":550,"column":55}},"type":"binary-expr","locations":[{"start":{"line":550,"column":28},"end":{"line":550,"column":50}},{"start":{"line":550,"column":54},"end":{"line":550,"column":55}}],"line":550},"54":{"loc":{"start":{"line":551,"column":30},"end":{"line":551,"column":60}},"type":"binary-expr","locations":[{"start":{"line":551,"column":30},"end":{"line":551,"column":54}},{"start":{"line":551,"column":58},"end":{"line":551,"column":60}}],"line":551},"55":{"loc":{"start":{"line":552,"column":19},"end":{"line":552,"column":40}},"type":"binary-expr","locations":[{"start":{"line":552,"column":19},"end":{"line":552,"column":34}},{"start":{"line":552,"column":38},"end":{"line":552,"column":40}}],"line":552},"56":{"loc":{"start":{"line":553,"column":19},"end":{"line":553,"column":39}},"type":"binary-expr","locations":[{"start":{"line":553,"column":19},"end":{"line":553,"column":34}},{"start":{"line":553,"column":38},"end":{"line":553,"column":39}}],"line":553},"57":{"loc":{"start":{"line":581,"column":27},"end":{"line":581,"column":48}},"type":"binary-expr","locations":[{"start":{"line":581,"column":27},"end":{"line":581,"column":43}},{"start":{"line":581,"column":47},"end":{"line":581,"column":48}}],"line":581},"58":{"loc":{"start":{"line":586,"column":19},"end":{"line":586,"column":58}},"type":"binary-expr","locations":[{"start":{"line":586,"column":19},"end":{"line":586,"column":35}},{"start":{"line":586,"column":39},"end":{"line":586,"column":58}}],"line":586},"59":{"loc":{"start":{"line":592,"column":23},"end":{"line":592,"column":43}},"type":"binary-expr","locations":[{"start":{"line":592,"column":23},"end":{"line":592,"column":38}},{"start":{"line":592,"column":42},"end":{"line":592,"column":43}}],"line":592},"60":{"loc":{"start":{"line":593,"column":26},"end":{"line":593,"column":85}},"type":"cond-expr","locations":[{"start":{"line":593,"column":46},"end":{"line":593,"column":81}},{"start":{"line":593,"column":84},"end":{"line":593,"column":85}}],"line":593},"61":{"loc":{"start":{"line":594,"column":30},"end":{"line":594,"column":52}},"type":"binary-expr","locations":[{"start":{"line":594,"column":30},"end":{"line":594,"column":47}},{"start":{"line":594,"column":51},"end":{"line":594,"column":52}}],"line":594},"62":{"loc":{"start":{"line":595,"column":29},"end":{"line":595,"column":55}},"type":"binary-expr","locations":[{"start":{"line":595,"column":29},"end":{"line":595,"column":49}},{"start":{"line":595,"column":53},"end":{"line":595,"column":55}}],"line":595},"63":{"loc":{"start":{"line":597,"column":22},"end":{"line":597,"column":51}},"type":"binary-expr","locations":[{"start":{"line":597,"column":22},"end":{"line":597,"column":42}},{"start":{"line":597,"column":46},"end":{"line":597,"column":51}}],"line":597},"64":{"loc":{"start":{"line":612,"column":26},"end":{"line":612,"column":68}},"type":"binary-expr","locations":[{"start":{"line":612,"column":26},"end":{"line":612,"column":47}},{"start":{"line":612,"column":51},"end":{"line":612,"column":68}}],"line":612},"65":{"loc":{"start":{"line":613,"column":8},"end":{"line":621,"column":null}},"type":"if","locations":[{"start":{"line":613,"column":8},"end":{"line":621,"column":null}},{"start":{},"end":{}}],"line":613},"66":{"loc":{"start":{"line":613,"column":12},"end":{"line":614,"column":58}},"type":"binary-expr","locations":[{"start":{"line":613,"column":12},"end":{"line":613,"column":79}},{"start":{"line":614,"column":12},"end":{"line":614,"column":58}}],"line":613},"67":{"loc":{"start":{"line":656,"column":8},"end":{"line":659,"column":null}},"type":"if","locations":[{"start":{"line":656,"column":8},"end":{"line":659,"column":null}},{"start":{},"end":{}}],"line":656},"68":{"loc":{"start":{"line":656,"column":12},"end":{"line":657,"column":98}},"type":"binary-expr","locations":[{"start":{"line":656,"column":12},"end":{"line":656,"column":35}},{"start":{"line":656,"column":39},"end":{"line":656,"column":75}},{"start":{"line":657,"column":13},"end":{"line":657,"column":51}},{"start":{"line":657,"column":55},"end":{"line":657,"column":97}}],"line":656},"69":{"loc":{"start":{"line":664,"column":18},"end":{"line":664,"column":73}},"type":"cond-expr","locations":[{"start":{"line":664,"column":38},"end":{"line":664,"column":68}},{"start":{"line":664,"column":71},"end":{"line":664,"column":73}}],"line":664},"70":{"loc":{"start":{"line":666,"column":8},"end":{"line":666,"column":null}},"type":"if","locations":[{"start":{"line":666,"column":8},"end":{"line":666,"column":null}},{"start":{},"end":{}}],"line":666},"71":{"loc":{"start":{"line":667,"column":20},"end":{"line":667,"column":75}},"type":"cond-expr","locations":[{"start":{"line":667,"column":40},"end":{"line":667,"column":70}},{"start":{"line":667,"column":73},"end":{"line":667,"column":75}}],"line":667},"72":{"loc":{"start":{"line":677,"column":53},"end":{"line":677,"column":76}},"type":"binary-expr","locations":[{"start":{"line":677,"column":53},"end":{"line":677,"column":71}},{"start":{"line":677,"column":75},"end":{"line":677,"column":76}}],"line":677},"73":{"loc":{"start":{"line":678,"column":24},"end":{"line":678,"column":64}},"type":"cond-expr","locations":[{"start":{"line":678,"column":35},"end":{"line":678,"column":60}},{"start":{"line":678,"column":63},"end":{"line":678,"column":64}}],"line":678},"74":{"loc":{"start":{"line":679,"column":28},"end":{"line":679,"column":91}},"type":"cond-expr","locations":[{"start":{"line":679,"column":40},"end":{"line":679,"column":87}},{"start":{"line":679,"column":90},"end":{"line":679,"column":91}}],"line":679},"75":{"loc":{"start":{"line":683,"column":15},"end":{"line":683,"column":null}},"type":"cond-expr","locations":[{"start":{"line":683,"column":36},"end":{"line":683,"column":48}},{"start":{"line":683,"column":51},"end":{"line":683,"column":null}}],"line":683},"76":{"loc":{"start":{"line":683,"column":51},"end":{"line":683,"column":null}},"type":"cond-expr","locations":[{"start":{"line":683,"column":72},"end":{"line":683,"column":80}},{"start":{"line":683,"column":83},"end":{"line":683,"column":null}}],"line":683}},"s":{"0":0,"1":0,"2":0,"3":0,"4":0,"5":0,"6":0,"7":0,"8":0,"9":0,"10":0,"11":0,"12":0,"13":0,"14":0,"15":0,"16":0,"17":0,"18":0,"19":0,"20":0,"21":0,"22":0,"23":0,"24":0,"25":0,"26":0,"27":0,"28":0,"29":0,"30":0,"31":0,"32":0,"33":0,"34":0,"35":0,"36":0,"37":0,"38":0,"39":0,"40":0,"41":0,"42":0,"43":0,"44":0,"45":0,"46":0,"47":0,"48":0,"49":0,"50":0,"51":0,"52":0,"53":0,"54":0,"55":0,"56":0,"57":0,"58":0,"59":0,"60":0,"61":0,"62":0,"63":0,"64":0,"65":0,"66":0,"67":0,"68":0,"69":0,"70":0,"71":0,"72":0,"73":0,"74":0,"75":0,"76":0,"77":0,"78":0,"79":0,"80":0,"81":0,"82":0,"83":0,"84":0,"85":0,"86":0,"87":0,"88":0,"89":0,"90":0,"91":0,"92":0,"93":0,"94":0,"95":0,"96":0,"97":0,"98":0,"99":0,"100":0,"101":0,"102":0,"103":0,"104":0,"105":0,"106":0,"107":0,"108":0,"109":0,"110":0,"111":0,"112":0,"113":0,"114":0,"115":0,"116":0,"117":0,"118":0,"119":0,"120":0,"121":0,"122":0,"123":0,"124":0,"125":0,"126":0,"127":0,"128":0,"129":0,"130":0,"131":0,"132":0,"133":0,"134":0,"135":0,"136":0,"137":0,"138":0,"139":0,"140":0,"141":0,"142":0,"143":0,"144":0,"145":0,"146":0,"147":0,"148":0,"149":0,"150":0,"151":0,"152":0,"153":0,"154":0,"155":0,"156":0,"157":0,"158":0,"159":0,"160":0,"161":0,"162":0,"163":0,"164":0,"165":0,"166":0,"167":0,"168":0,"169":0,"170":0},"f":{"0":0,"1":0,"2":0,"3":0,"4":0,"5":0,"6":0,"7":0,"8":0,"9":0,"10":0,"11":0,"12":0,"13":0,"14":0,"15":0,"16":0,"17":0,"18":0,"19":0,"20":0,"21":0,"22":0,"23":0,"24":0,"25":0,"26":0,"27":0,"28":0,"29":0,"30":0,"31":0,"32":0,"33":0,"34":0,"35":0,"36":0,"37":0,"38":0,"39":0,"40":0,"41":0,"42":0,"43":0,"44":0,"45":0,"46":0,"47":0,"48":0},"b":{"0":[0,0],"1":[0,0],"2":[0,0],"3":[0,0],"4":[0,0],"5":[0,0],"6":[0,0],"7":[0,0,0],"8":[0,0],"9":[0,0],"10":[0,0],"11":[0,0],"12":[0,0],"13":[0,0],"14":[0,0],"15":[0,0],"16":[0,0],"17":[0,0],"18":[0,0],"19":[0,0],"20":[0,0],"21":[0,0],"22":[0,0],"23":[0,0],"24":[0,0],"25":[0,0],"26":[0,0],"27":[0,0],"28":[0,0,0,0],"29":[0,0],"30":[0,0],"31":[0,0],"32":[0,0],"33":[0,0],"34":[0,0],"35":[0,0],"36":[0,0],"37":[0,0],"38":[0,0],"39":[0,0],"40":[0,0],"41":[0,0],"42":[0,0,0],"43":[0,0],"44":[0,0],"45":[0,0],"46":[0,0],"47":[0,0],"48":[0,0],"49":[0,0],"50":[0,0],"51":[0,0],"52":[0,0],"53":[0,0],"54":[0,0],"55":[0,0],"56":[0,0],"57":[0,0],"58":[0,0],"59":[0,0],"60":[0,0],"61":[0,0],"62":[0,0],"63":[0,0],"64":[0,0],"65":[0,0],"66":[0,0],"67":[0,0],"68":[0,0,0,0],"69":[0,0],"70":[0,0],"71":[0,0],"72":[0,0],"73":[0,0],"74":[0,0],"75":[0,0],"76":[0,0]},"meta":{"lastBranch":77,"lastFunction":49,"lastStatement":171,"seen":{"s:187:23:244:3":0,"f:178:2:178:13":0,"s:179:4:179:Infinity":1,"s:180:4:180:Infinity":2,"s:181:4:181:Infinity":3,"f:251:2:251:10":1,"s:252:18:252:44":4,"b:253:4:253:Infinity:undefined:undefined:undefined:undefined":0,"s:253:4:253:Infinity":5,"s:253:26:253:Infinity":6,"s:255:20:255:80":7,"f:255:44:255:45":2,"s:255:49:255:79":8,"s:256:17:256:19":9,"s:258:4:287:Infinity":10,"s:258:17:258:18":11,"s:259:19:259:34":12,"b:260:6:260:Infinity:undefined:undefined:undefined:undefined":1,"s:260:6:260:Infinity":13,"s:260:17:260:Infinity":14,"s:263:21:263:23":15,"s:264:20:264:22":16,"s:265:21:265:26":17,"s:266:6:276:Infinity":18,"s:266:19:266:20":19,"s:267:19:267:26":20,"b:268:8:275:Infinity:270:15:275:Infinity":2,"s:268:8:275:Infinity":21,"s:269:10:269:Infinity":22,"b:270:15:275:Infinity:273:15:275:Infinity":3,"s:270:15:275:Infinity":23,"b:270:19:270:29:270:33:270:42":4,"s:271:10:271:Infinity":24,"s:272:10:272:Infinity":25,"s:274:10:274:Infinity":26,"s:277:6:277:Infinity":27,"s:279:18:279:20":28,"s:280:6:285:Infinity":29,"f:280:22:280:23":3,"s:281:20:281:37":30,"b:281:20:281:31:281:35:281:37":5,"s:283:20:283:31":31,"s:284:8:284:Infinity":32,"b:284:59:284:62:284:65:284:68":6,"b:284:17:284:27:284:31:284:42:284:46:284:56":7,"s:286:6:286:Infinity":33,"s:288:4:288:Infinity":34,"f:297:8:297:15":4,"s:298:17:300:5":35,"b:301:4:303:Infinity:undefined:undefined:undefined:undefined":8,"s:301:4:303:Infinity":36,"s:302:6:302:Infinity":37,"s:305:4:315:Infinity":38,"s:306:6:314:Infinity":39,"s:307:25:307:41":40,"b:308:8:308:Infinity:undefined:undefined:undefined:undefined":9,"s:308:8:308:Infinity":41,"s:308:26:308:Infinity":42,"s:309:21:309:42":43,"s:310:21:310:40":44,"b:311:8:311:Infinity:undefined:undefined:undefined:undefined":10,"s:311:8:311:Infinity":45,"s:311:29:311:Infinity":46,"s:313:8:313:Infinity":47,"s:317:4:317:Infinity":48,"s:318:4:318:Infinity":49,"f:326:8:326:16":5,"s:327:17:329:5":50,"s:331:4:339:Infinity":51,"s:332:6:338:Infinity":52,"s:333:25:333:41":53,"b:334:8:334:Infinity:undefined:undefined:undefined:undefined":11,"s:334:8:334:Infinity":54,"s:334:26:334:Infinity":55,"s:335:8:335:Infinity":56,"s:337:8:337:Infinity":57,"s:340:4:340:Infinity":58,"f:347:8:347:29":6,"s:348:79:354:6":59,"s:357:22:357:90":60,"f:357:40:357:41":7,"s:357:45:357:89":61,"s:358:21:358:61":62,"b:358:33:358:55:358:58:358:61":12,"s:361:27:361:70":63,"s:362:26:362:104":64,"f:362:50:362:51":8,"s:362:55:362:62":65,"f:362:71:362:72":9,"s:362:76:362:102":66,"s:363:25:363:48":67,"b:363:25:363:43:363:47:363:48":13,"s:366:21:366:69":68,"f:366:40:366:41":10,"s:366:45:366:68":69,"s:367:20:367:70":70,"f:367:39:367:40":11,"s:367:44:367:69":71,"s:368:20:368:67":72,"f:368:39:368:40":12,"s:368:44:368:66":73,"s:369:21:369:84":74,"f:369:37:369:38":13,"s:369:49:369:80":75,"b:369:56:369:74:369:78:369:79":14,"s:370:18:370:80":76,"f:370:33:370:34":14,"s:370:45:370:76":77,"b:370:52:370:70:370:74:370:75":15,"s:371:18:371:80":78,"f:371:33:371:34":15,"s:371:45:371:76":79,"b:371:52:371:70:371:74:371:75":16,"s:374:27:376:10":80,"b:375:8:375:Infinity:376:8:376:10":17,"f:375:26:375:27":16,"s:375:38:375:69":81,"b:375:45:375:63:375:67:375:68":18,"s:379:25:381:10":82,"b:380:8:380:Infinity:381:8:381:10":19,"s:384:24:384:46":83,"s:385:27:385:80":84,"f:385:45:385:46":17,"s:385:50:385:79":85,"s:386:26:388:10":86,"b:387:8:387:Infinity:388:8:388:10":20,"f:387:41:387:42":18,"s:387:51:387:84":87,"b:387:56:387:78:387:82:387:83":21,"s:390:4:427:Infinity":88,"b:410:24:410:48:410:52:410:53":22,"b:411:28:411:55:411:59:411:60":23,"b:417:41:417:51:417:54:417:60":24,"b:419:49:419:55:419:58:419:Infinity":25,"f:433:8:433:28":19,"s:434:4:434:Infinity":89,"f:441:8:441:28":20,"s:442:45:446:6":90,"s:449:27:449:70":91,"s:450:30:450:87":92,"f:450:49:450:50":21,"s:450:54:450:86":93,"s:453:23:453:25":94,"s:454:4:458:Infinity":95,"f:454:20:454:21":22,"b:455:6:457:Infinity:undefined:undefined:undefined:undefined":26,"s:455:6:457:Infinity":96,"s:456:8:456:Infinity":97,"s:461:27:461:29":98,"s:462:4:469:Infinity":99,"f:463:14:463:15":23,"s:463:19:463:51":100,"f:464:15:464:16":24,"b:465:8:468:Infinity:undefined:undefined:undefined:undefined":27,"s:465:8:468:Infinity":101,"b:465:12:465:36:465:40:465:77:466:13:466:52:466:56:466:99":28,"s:467:10:467:Infinity":102,"s:472:20:472:82":103,"s:474:20:502:6":104,"f:474:42:474:43":25,"s:475:16:475:41":105,"b:475:16:475:35:475:39:475:41":29,"s:476:18:476:47":106,"b:476:18:476:41:476:45:476:47":30,"s:478:6:501:Infinity":107,"b:480:19:480:31:480:35:480:42":31,"b:483:17:483:33:483:37:483:38":32,"b:485:23:485:39:485:43:485:44":33,"b:486:29:486:50:486:54:486:55":34,"b:487:28:487:47:487:51:487:52":35,"b:488:23:488:37:488:41:488:Infinity":36,"b:491:22:491:45:491:49:491:50":37,"b:492:25:492:49:492:53:492:54":38,"b:493:25:493:41:493:45:493:Infinity":39,"b:496:25:496:44:496:48:496:56":40,"b:497:26:497:54:497:58:497:66":41,"b:498:28:498:47:498:51:498:70:498:74:498:Infinity":42,"s:505:4:505:Infinity":108,"f:505:17:505:18":26,"s:505:27:505:74":109,"b:505:28:505:43:505:47:505:48":43,"b:505:53:505:68:505:72:505:73":44,"s:507:4:513:Infinity":110,"f:520:8:520:28":27,"s:521:37:524:6":111,"s:527:20:527:22":112,"s:528:4:530:Infinity":113,"f:528:24:528:25":28,"s:529:6:529:Infinity":114,"s:533:19:536:19":115,"f:534:14:534:16":29,"s:534:20:534:46":116,"f:535:12:535:13":30,"s:535:22:535:81":117,"b:535:23:535:44:535:48:535:49":45,"b:535:54:535:75:535:79:535:80":46,"s:538:21:556:6":118,"f:538:32:538:33":31,"s:539:19:539:46":119,"b:539:19:539:40:539:44:539:46":47,"s:540:6:555:Infinity":120,"b:543:19:543:32:543:36:543:38":48,"b:544:18:544:30:544:34:544:36":49,"b:545:15:545:23:545:27:545:29":50,"b:547:12:547:Infinity:548:12:548:14":51,"f:547:90:547:91":32,"s:547:95:547:110":121,"b:549:24:549:46:549:50:549:51":52,"b:550:28:550:50:550:54:550:55":53,"b:551:30:551:54:551:58:551:60":54,"b:552:19:552:34:552:38:552:40":55,"b:553:19:553:34:553:38:553:39":56,"s:558:4:565:Infinity":122,"f:572:8:572:28":33,"s:573:37:576:6":123,"s:579:24:579:26":124,"s:580:4:582:Infinity":125,"f:580:21:580:22":34,"s:581:6:581:Infinity":126,"b:581:27:581:43:581:47:581:48":57,"s:585:23:600:8":127,"f:586:14:586:15":35,"s:586:19:586:58":128,"b:586:19:586:35:586:39:586:58":58,"f:587:11:587:12":36,"s:588:21:588:67":129,"s:589:8:599:Infinity":130,"b:592:23:592:38:592:42:592:43":59,"b:593:46:593:81:593:84:593:85":60,"b:594:30:594:47:594:51:594:52":61,"b:595:29:595:49:595:53:595:55":62,"b:597:22:597:42:597:46:597:51":63,"s:603:18:607:7":131,"f:603:33:603:34":37,"s:603:39:607:5":132,"s:610:18:610:20":133,"s:611:4:623:Infinity":134,"s:611:17:611:18":135,"s:612:6:622:Infinity":136,"s:612:19:612:24":137,"b:612:26:612:47:612:51:612:68":64,"b:613:8:621:Infinity:undefined:undefined:undefined:undefined":65,"s:613:8:621:Infinity":138,"b:613:12:613:79:614:12:614:58":66,"s:615:10:620:Infinity":139,"s:625:4:633:Infinity":140,"f:641:8:641:26":38,"s:642:41:645:6":141,"s:647:27:647:70":142,"s:648:19:648:33":143,"s:649:23:649:138":144,"s:652:26:652:28":145,"s:653:4:660:Infinity":146,"f:654:14:654:15":39,"s:654:19:654:51":147,"f:655:15:655:16":40,"b:656:8:659:Infinity:undefined:undefined:undefined:undefined":67,"s:656:8:659:Infinity":148,"b:656:12:656:35:656:39:656:75:657:13:657:51:657:55:657:97":68,"s:658:10:658:Infinity":149,"s:663:28:671:6":150,"f:663:39:663:41":41,"s:664:18:664:73":151,"b:664:38:664:68:664:71:664:73":69,"s:665:6:670:Infinity":152,"f:665:24:665:26":42,"b:666:8:666:Infinity:undefined:undefined:undefined:undefined":70,"s:666:8:666:Infinity":153,"s:666:23:666:Infinity":154,"s:667:20:667:75":155,"b:667:40:667:70:667:73:667:75":71,"s:669:8:669:Infinity":156,"s:674:30:685:39":157,"f:674:49:674:54":43,"s:675:25:675:67":158,"f:675:44:675:45":44,"s:675:49:675:66":159,"s:676:23:676:68":160,"f:676:39:676:40":45,"s:676:44:676:67":161,"s:677:20:677:81":162,"f:677:38:677:39":46,"s:677:48:677:77":163,"b:677:53:677:71:677:75:677:76":72,"s:678:24:678:64":164,"b:678:35:678:60:678:63:678:64":73,"s:679:28:679:91":165,"b:679:40:679:87:679:90:679:91":74,"s:680:6:684:Infinity":166,"b:683:36:683:48:683:51:683:Infinity":75,"b:683:72:683:80:683:83:683:Infinity":76,"f:685:14:685:15":47,"s:685:19:685:38":167,"s:687:4:696:Infinity":168,"f:703:8:703:15":48,"s:705:6:712:8":169,"s:714:4:721:Infinity":170}}}
,"/home/runner/work/riksdagsmonitor/riksdagsmonitor/dashboard/i18n-translations.js": {"path":"/home/runner/work/riksdagsmonitor/riksdagsmonitor/dashboard/i18n-translations.js","statementMap":{"0":{"start":{"line":45,"column":28},"end":{"line":536,"column":1}},"1":{"start":{"line":543,"column":19},"end":{"line":543,"column":48}},"2":{"start":{"line":544,"column":2},"end":{"line":544,"column":null}},"3":{"start":{"line":554,"column":15},"end":{"line":554,"column":29}},"4":{"start":{"line":555,"column":14},"end":{"line":555,"column":51}},"5":{"start":{"line":557,"column":2},"end":{"line":563,"column":null}},"6":{"start":{"line":558,"column":4},"end":{"line":558,"column":null}},"7":{"start":{"line":559,"column":4},"end":{"line":562,"column":null}},"8":{"start":{"line":560,"column":6},"end":{"line":560,"column":null}},"9":{"start":{"line":561,"column":6},"end":{"line":561,"column":17}},"10":{"start":{"line":565,"column":2},"end":{"line":565,"column":null}},"11":{"start":{"line":571,"column":19},"end":{"line":586,"column":1}},"12":{"start":{"line":595,"column":17},"end":{"line":595,"column":44}},"13":{"start":{"line":596,"column":18},"end":{"line":596,"column":62}},"14":{"start":{"line":598,"column":2},"end":{"line":602,"column":null}},"15":{"start":{"line":613,"column":17},"end":{"line":613,"column":44}},"16":{"start":{"line":614,"column":2},"end":{"line":614,"column":null}},"17":{"start":{"line":624,"column":2},"end":{"line":628,"column":null}},"18":{"start":{"line":638,"column":17},"end":{"line":638,"column":44}},"19":{"start":{"line":639,"column":2},"end":{"line":642,"column":null}}},"fnMap":{"0":{"name":"detectLanguage","decl":{"start":{"line":542,"column":16},"end":{"line":542,"column":30}},"loc":{"start":{"line":542,"column":33},"end":{"line":545,"column":null}},"line":542},"1":{"name":"t","decl":{"start":{"line":553,"column":16},"end":{"line":553,"column":17}},"loc":{"start":{"line":553,"column":48},"end":{"line":566,"column":null}},"line":553},"2":{"name":"formatDate","decl":{"start":{"line":594,"column":16},"end":{"line":594,"column":26}},"loc":{"start":{"line":594,"column":58},"end":{"line":603,"column":null}},"line":594},"3":{"name":"formatNumber","decl":{"start":{"line":612,"column":16},"end":{"line":612,"column":28}},"loc":{"start":{"line":612,"column":73},"end":{"line":615,"column":null}},"line":612},"4":{"name":"formatPercentage","decl":{"start":{"line":623,"column":16},"end":{"line":623,"column":32}},"loc":{"start":{"line":623,"column":63},"end":{"line":629,"column":null}},"line":623},"5":{"name":"formatCurrency","decl":{"start":{"line":637,"column":16},"end":{"line":637,"column":30}},"loc":{"start":{"line":637,"column":64},"end":{"line":643,"column":null}},"line":637}},"branchMap":{"0":{"loc":{"start":{"line":544,"column":9},"end":{"line":544,"column":61}},"type":"cond-expr","locations":[{"start":{"line":544,"column":46},"end":{"line":544,"column":54}},{"start":{"line":544,"column":57},"end":{"line":544,"column":61}}],"line":544},"1":{"loc":{"start":{"line":544,"column":9},"end":{"line":544,"column":43}},"type":"binary-expr","locations":[{"start":{"line":544,"column":9},"end":{"line":544,"column":17}},{"start":{"line":544,"column":21},"end":{"line":544,"column":43}}],"line":544},"2":{"loc":{"start":{"line":553,"column":23},"end":{"line":553,"column":46}},"type":"default-arg","locations":[{"start":{"line":553,"column":30},"end":{"line":553,"column":46}}],"line":553},"3":{"loc":{"start":{"line":555,"column":14},"end":{"line":555,"column":51}},"type":"binary-expr","locations":[{"start":{"line":555,"column":14},"end":{"line":555,"column":32}},{"start":{"line":555,"column":36},"end":{"line":555,"column":51}}],"line":555},"4":{"loc":{"start":{"line":559,"column":4},"end":{"line":562,"column":null}},"type":"if","locations":[{"start":{"line":559,"column":4},"end":{"line":562,"column":null}},{"start":{},"end":{}}],"line":559},"5":{"loc":{"start":{"line":594,"column":33},"end":{"line":594,"column":56}},"type":"default-arg","locations":[{"start":{"line":594,"column":40},"end":{"line":594,"column":56}}],"line":594},"6":{"loc":{"start":{"line":595,"column":17},"end":{"line":595,"column":44}},"type":"binary-expr","locations":[{"start":{"line":595,"column":17},"end":{"line":595,"column":33}},{"start":{"line":595,"column":37},"end":{"line":595,"column":44}}],"line":595},"7":{"loc":{"start":{"line":596,"column":18},"end":{"line":596,"column":62}},"type":"cond-expr","locations":[{"start":{"line":596,"column":41},"end":{"line":596,"column":45}},{"start":{"line":596,"column":48},"end":{"line":596,"column":62}}],"line":596},"8":{"loc":{"start":{"line":612,"column":34},"end":{"line":612,"column":57}},"type":"default-arg","locations":[{"start":{"line":612,"column":41},"end":{"line":612,"column":57}}],"line":612},"9":{"loc":{"start":{"line":612,"column":59},"end":{"line":612,"column":71}},"type":"default-arg","locations":[{"start":{"line":612,"column":69},"end":{"line":612,"column":71}}],"line":612},"10":{"loc":{"start":{"line":613,"column":17},"end":{"line":613,"column":44}},"type":"binary-expr","locations":[{"start":{"line":613,"column":17},"end":{"line":613,"column":33}},{"start":{"line":613,"column":37},"end":{"line":613,"column":44}}],"line":613},"11":{"loc":{"start":{"line":623,"column":38},"end":{"line":623,"column":61}},"type":"default-arg","locations":[{"start":{"line":623,"column":45},"end":{"line":623,"column":61}}],"line":623},"12":{"loc":{"start":{"line":637,"column":39},"end":{"line":637,"column":62}},"type":"default-arg","locations":[{"start":{"line":637,"column":46},"end":{"line":637,"column":62}}],"line":637},"13":{"loc":{"start":{"line":638,"column":17},"end":{"line":638,"column":44}},"type":"binary-expr","locations":[{"start":{"line":638,"column":17},"end":{"line":638,"column":33}},{"start":{"line":638,"column":37},"end":{"line":638,"column":44}}],"line":638}},"s":{"0":0,"1":0,"2":0,"3":0,"4":0,"5":0,"6":0,"7":0,"8":0,"9":0,"10":0,"11":0,"12":0,"13":0,"14":0,"15":0,"16":0,"17":0,"18":0,"19":0},"f":{"0":0,"1":0,"2":0,"3":0,"4":0,"5":0},"b":{"0":[0,0],"1":[0,0],"2":[0],"3":[0,0],"4":[0,0],"5":[0],"6":[0,0],"7":[0,0],"8":[0],"9":[0],"10":[0,0],"11":[0],"12":[0],"13":[0,0]},"meta":{"lastBranch":14,"lastFunction":6,"lastStatement":20,"seen":{"s:45:28:536:1":0,"f:542:16:542:30":0,"s:543:19:543:48":1,"s:544:2:544:Infinity":2,"b:544:46:544:54:544:57:544:61":0,"b:544:9:544:17:544:21:544:43":1,"f:553:16:553:17":1,"b:553:30:553:46":2,"s:554:15:554:29":3,"s:555:14:555:51":4,"b:555:14:555:32:555:36:555:51":3,"s:557:2:563:Infinity":5,"s:558:4:558:Infinity":6,"b:559:4:562:Infinity:undefined:undefined:undefined:undefined":4,"s:559:4:562:Infinity":7,"s:560:6:560:Infinity":8,"s:561:6:561:17":9,"s:565:2:565:Infinity":10,"s:571:19:586:1":11,"f:594:16:594:26":2,"b:594:40:594:56":5,"s:595:17:595:44":12,"b:595:17:595:33:595:37:595:44":6,"s:596:18:596:62":13,"b:596:41:596:45:596:48:596:62":7,"s:598:2:602:Infinity":14,"f:612:16:612:28":3,"b:612:41:612:57":8,"b:612:69:612:71":9,"s:613:17:613:44":15,"b:613:17:613:33:613:37:613:44":10,"s:614:2:614:Infinity":16,"f:623:16:623:32":4,"b:623:45:623:61":11,"s:624:2:628:Infinity":17,"f:637:16:637:30":5,"b:637:46:637:62":12,"s:638:17:638:44":18,"b:638:17:638:33:638:37:638:44":13,"s:639:2:642:Infinity":19}}}
,"/home/runner/work/riksdagsmonitor/riksdagsmonitor/js/back-to-top.js": {"path":"/home/runner/work/riksdagsmonitor/riksdagsmonitor/js/back-to-top.js","statementMap":{"0":{"start":{"line":94,"column":0},"end":{"line":118,"column":null}},"1":{"start":{"line":97,"column":26},"end":{"line":97,"column":64}},"2":{"start":{"line":99,"column":2},"end":{"line":117,"column":null}},"3":{"start":{"line":101,"column":4},"end":{"line":107,"column":null}},"4":{"start":{"line":102,"column":6},"end":{"line":106,"column":null}},"5":{"start":{"line":103,"column":8},"end":{"line":103,"column":null}},"6":{"start":{"line":105,"column":8},"end":{"line":105,"column":null}},"7":{"start":{"line":110,"column":4},"end":{"line":116,"column":null}},"8":{"start":{"line":111,"column":35},"end":{"line":111,"column":96}},"9":{"start":{"line":112,"column":6},"end":{"line":115,"column":null}}},"fnMap":{"0":{"name":"(anonymous_0)","decl":{"start":{"line":94,"column":1},"end":{"line":94,"column":9}},"loc":{"start":{"line":94,"column":12},"end":{"line":118,"column":1}},"line":94},"1":{"name":"(anonymous_1)","decl":{"start":{"line":101,"column":38},"end":{"line":101,"column":46}},"loc":{"start":{"line":101,"column":49},"end":{"line":107,"column":5}},"line":101},"2":{"name":"(anonymous_2)","decl":{"start":{"line":110,"column":46},"end":{"line":110,"column":54}},"loc":{"start":{"line":110,"column":57},"end":{"line":116,"column":5}},"line":110}},"branchMap":{"0":{"loc":{"start":{"line":99,"column":2},"end":{"line":117,"column":null}},"type":"if","locations":[{"start":{"line":99,"column":2},"end":{"line":117,"column":null}},{"start":{},"end":{}}],"line":99},"1":{"loc":{"start":{"line":102,"column":6},"end":{"line":106,"column":null}},"type":"if","locations":[{"start":{"line":102,"column":6},"end":{"line":106,"column":null}},{"start":{"line":104,"column":13},"end":{"line":106,"column":null}}],"line":102},"2":{"loc":{"start":{"line":114,"column":18},"end":{"line":114,"column":null}},"type":"cond-expr","locations":[{"start":{"line":114,"column":41},"end":{"line":114,"column":47}},{"start":{"line":114,"column":50},"end":{"line":114,"column":null}}],"line":114}},"s":{"0":0,"1":0,"2":0,"3":0,"4":0,"5":0,"6":0,"7":0,"8":0,"9":0},"f":{"0":0,"1":0,"2":0},"b":{"0":[0,0],"1":[0,0],"2":[0,0]},"meta":{"lastBranch":3,"lastFunction":3,"lastStatement":10,"seen":{"s:94:0:118:Infinity":0,"f:94:1:94:9":0,"s:97:26:97:64":1,"b:99:2:117:Infinity:undefined:undefined:undefined:undefined":0,"s:99:2:117:Infinity":2,"s:101:4:107:Infinity":3,"f:101:38:101:46":1,"b:102:6:106:Infinity:104:13:106:Infinity":1,"s:102:6:106:Infinity":4,"s:103:8:103:Infinity":5,"s:105:8:105:Infinity":6,"s:110:4:116:Infinity":7,"f:110:46:110:54":2,"s:111:35:111:96":8,"s:112:6:115:Infinity":9,"b:114:41:114:47:114:50:114:Infinity":2}}}
,"/home/runner/work/riksdagsmonitor/riksdagsmonitor/js/chart-utils.js": {"path":"/home/runner/work/riksdagsmonitor/riksdagsmonitor/js/chart-utils.js","statementMap":{"0":{"start":{"line":48,"column":0},"end":{"line":663,"column":null}},"1":{"start":{"line":59,"column":23},"end":{"line":83,"column":3}},"2":{"start":{"line":88,"column":22},"end":{"line":93,"column":3}},"3":{"start":{"line":107,"column":21},"end":{"line":107,"column":59}},"4":{"start":{"line":109,"column":24},"end":{"line":152,"column":5}},"5":{"start":{"line":137,"column":26},"end":{"line":137,"column":53}},"6":{"start":{"line":138,"column":14},"end":{"line":140,"column":null}},"7":{"start":{"line":139,"column":16},"end":{"line":139,"column":null}},"8":{"start":{"line":142,"column":14},"end":{"line":146,"column":null}},"9":{"start":{"line":143,"column":16},"end":{"line":143,"column":null}},"10":{"start":{"line":144,"column":21},"end":{"line":146,"column":null}},"11":{"start":{"line":145,"column":16},"end":{"line":145,"column":null}},"12":{"start":{"line":147,"column":14},"end":{"line":147,"column":null}},"13":{"start":{"line":155,"column":4},"end":{"line":189,"column":null}},"14":{"start":{"line":156,"column":6},"end":{"line":188,"column":null}},"15":{"start":{"line":165,"column":14},"end":{"line":165,"column":null}},"16":{"start":{"line":192,"column":4},"end":{"line":192,"column":null}},"17":{"start":{"line":205,"column":22},"end":{"line":205,"column":58}},"18":{"start":{"line":206,"column":4},"end":{"line":209,"column":null}},"19":{"start":{"line":207,"column":6},"end":{"line":207,"column":null}},"20":{"start":{"line":208,"column":6},"end":{"line":208,"column":null}},"21":{"start":{"line":212,"column":25},"end":{"line":212,"column":54}},"22":{"start":{"line":213,"column":4},"end":{"line":213,"column":null}},"23":{"start":{"line":214,"column":4},"end":{"line":214,"column":null}},"24":{"start":{"line":215,"column":4},"end":{"line":215,"column":null}},"25":{"start":{"line":216,"column":4},"end":{"line":216,"column":null}},"26":{"start":{"line":218,"column":20},"end":{"line":218,"column":49}},"27":{"start":{"line":219,"column":4},"end":{"line":219,"column":null}},"28":{"start":{"line":220,"column":4},"end":{"line":220,"column":null}},"29":{"start":{"line":222,"column":20},"end":{"line":222,"column":47}},"30":{"start":{"line":223,"column":4},"end":{"line":223,"column":null}},"31":{"start":{"line":225,"column":4},"end":{"line":225,"column":null}},"32":{"start":{"line":226,"column":4},"end":{"line":226,"column":null}},"33":{"start":{"line":229,"column":4},"end":{"line":231,"column":null}},"34":{"start":{"line":230,"column":6},"end":{"line":230,"column":null}},"35":{"start":{"line":234,"column":4},"end":{"line":234,"column":null}},"36":{"start":{"line":244,"column":22},"end":{"line":244,"column":58}},"37":{"start":{"line":245,"column":4},"end":{"line":248,"column":null}},"38":{"start":{"line":246,"column":6},"end":{"line":246,"column":null}},"39":{"start":{"line":247,"column":6},"end":{"line":247,"column":null}},"40":{"start":{"line":251,"column":25},"end":{"line":251,"column":57}},"41":{"start":{"line":252,"column":4},"end":{"line":254,"column":null}},"42":{"start":{"line":253,"column":6},"end":{"line":253,"column":null}},"43":{"start":{"line":257,"column":23},"end":{"line":257,"column":52}},"44":{"start":{"line":258,"column":4},"end":{"line":258,"column":null}},"45":{"start":{"line":259,"column":4},"end":{"line":259,"column":null}},"46":{"start":{"line":260,"column":4},"end":{"line":260,"column":null}},"47":{"start":{"line":262,"column":16},"end":{"line":262,"column":77}},"48":{"start":{"line":263,"column":4},"end":{"line":263,"column":null}},"49":{"start":{"line":264,"column":4},"end":{"line":264,"column":null}},"50":{"start":{"line":265,"column":4},"end":{"line":265,"column":null}},"51":{"start":{"line":266,"column":4},"end":{"line":266,"column":null}},"52":{"start":{"line":267,"column":4},"end":{"line":267,"column":null}},"53":{"start":{"line":268,"column":4},"end":{"line":268,"column":null}},"54":{"start":{"line":269,"column":4},"end":{"line":269,"column":null}},"55":{"start":{"line":271,"column":18},"end":{"line":271,"column":80}},"56":{"start":{"line":272,"column":4},"end":{"line":272,"column":null}},"57":{"start":{"line":273,"column":4},"end":{"line":273,"column":null}},"58":{"start":{"line":275,"column":18},"end":{"line":275,"column":80}},"59":{"start":{"line":276,"column":4},"end":{"line":276,"column":null}},"60":{"start":{"line":277,"column":4},"end":{"line":277,"column":null}},"61":{"start":{"line":279,"column":18},"end":{"line":279,"column":80}},"62":{"start":{"line":280,"column":4},"end":{"line":280,"column":null}},"63":{"start":{"line":281,"column":4},"end":{"line":281,"column":null}},"64":{"start":{"line":283,"column":18},"end":{"line":283,"column":80}},"65":{"start":{"line":284,"column":4},"end":{"line":284,"column":null}},"66":{"start":{"line":285,"column":4},"end":{"line":285,"column":null}},"67":{"start":{"line":287,"column":20},"end":{"line":287,"column":48}},"68":{"start":{"line":288,"column":4},"end":{"line":288,"column":null}},"69":{"start":{"line":290,"column":24},"end":{"line":290,"column":51}},"70":{"start":{"line":292,"column":4},"end":{"line":292,"column":null}},"71":{"start":{"line":294,"column":21},"end":{"line":294,"column":48}},"72":{"start":{"line":295,"column":4},"end":{"line":295,"column":null}},"73":{"start":{"line":296,"column":4},"end":{"line":296,"column":null}},"74":{"start":{"line":298,"column":24},"end":{"line":298,"column":51}},"75":{"start":{"line":299,"column":4},"end":{"line":299,"column":null}},"76":{"start":{"line":300,"column":4},"end":{"line":300,"column":null}},"77":{"start":{"line":301,"column":4},"end":{"line":301,"column":null}},"78":{"start":{"line":302,"column":4},"end":{"line":302,"column":null}},"79":{"start":{"line":304,"column":4},"end":{"line":304,"column":null}},"80":{"start":{"line":305,"column":4},"end":{"line":305,"column":null}},"81":{"start":{"line":306,"column":4},"end":{"line":306,"column":null}},"82":{"start":{"line":307,"column":4},"end":{"line":307,"column":null}},"83":{"start":{"line":310,"column":4},"end":{"line":312,"column":null}},"84":{"start":{"line":311,"column":6},"end":{"line":311,"column":null}},"85":{"start":{"line":314,"column":4},"end":{"line":314,"column":null}},"86":{"start":{"line":324,"column":22},"end":{"line":324,"column":58}},"87":{"start":{"line":325,"column":4},"end":{"line":328,"column":null}},"88":{"start":{"line":326,"column":6},"end":{"line":326,"column":null}},"89":{"start":{"line":327,"column":6},"end":{"line":327,"column":null}},"90":{"start":{"line":331,"column":25},"end":{"line":331,"column":57}},"91":{"start":{"line":332,"column":4},"end":{"line":334,"column":null}},"92":{"start":{"line":333,"column":6},"end":{"line":333,"column":null}},"93":{"start":{"line":337,"column":23},"end":{"line":337,"column":52}},"94":{"start":{"line":338,"column":4},"end":{"line":338,"column":null}},"95":{"start":{"line":339,"column":4},"end":{"line":339,"column":null}},"96":{"start":{"line":340,"column":4},"end":{"line":340,"column":null}},"97":{"start":{"line":342,"column":16},"end":{"line":342,"column":77}},"98":{"start":{"line":343,"column":4},"end":{"line":343,"column":null}},"99":{"start":{"line":344,"column":4},"end":{"line":344,"column":null}},"100":{"start":{"line":345,"column":4},"end":{"line":345,"column":null}},"101":{"start":{"line":346,"column":4},"end":{"line":346,"column":null}},"102":{"start":{"line":347,"column":4},"end":{"line":347,"column":null}},"103":{"start":{"line":348,"column":4},"end":{"line":348,"column":null}},"104":{"start":{"line":349,"column":4},"end":{"line":349,"column":null}},"105":{"start":{"line":351,"column":19},"end":{"line":351,"column":83}},"106":{"start":{"line":352,"column":4},"end":{"line":352,"column":null}},"107":{"start":{"line":353,"column":4},"end":{"line":353,"column":null}},"108":{"start":{"line":354,"column":4},"end":{"line":354,"column":null}},"109":{"start":{"line":355,"column":4},"end":{"line":355,"column":null}},"110":{"start":{"line":357,"column":18},"end":{"line":357,"column":80}},"111":{"start":{"line":358,"column":4},"end":{"line":358,"column":null}},"112":{"start":{"line":359,"column":4},"end":{"line":359,"column":null}},"113":{"start":{"line":360,"column":4},"end":{"line":360,"column":null}},"114":{"start":{"line":361,"column":4},"end":{"line":361,"column":null}},"115":{"start":{"line":362,"column":4},"end":{"line":362,"column":null}},"116":{"start":{"line":364,"column":18},"end":{"line":364,"column":80}},"117":{"start":{"line":365,"column":4},"end":{"line":365,"column":null}},"118":{"start":{"line":366,"column":4},"end":{"line":366,"column":null}},"119":{"start":{"line":367,"column":4},"end":{"line":367,"column":null}},"120":{"start":{"line":368,"column":4},"end":{"line":368,"column":null}},"121":{"start":{"line":369,"column":4},"end":{"line":369,"column":null}},"122":{"start":{"line":371,"column":20},"end":{"line":371,"column":48}},"123":{"start":{"line":372,"column":4},"end":{"line":372,"column":null}},"124":{"start":{"line":374,"column":24},"end":{"line":374,"column":51}},"125":{"start":{"line":376,"column":4},"end":{"line":376,"column":null}},"126":{"start":{"line":378,"column":24},"end":{"line":378,"column":56}},"127":{"start":{"line":379,"column":4},"end":{"line":379,"column":null}},"128":{"start":{"line":380,"column":4},"end":{"line":380,"column":null}},"129":{"start":{"line":382,"column":4},"end":{"line":384,"column":null}},"130":{"start":{"line":383,"column":6},"end":{"line":383,"column":null}},"131":{"start":{"line":386,"column":4},"end":{"line":386,"column":null}},"132":{"start":{"line":387,"column":4},"end":{"line":387,"column":null}},"133":{"start":{"line":388,"column":4},"end":{"line":388,"column":null}},"134":{"start":{"line":389,"column":4},"end":{"line":389,"column":null}},"135":{"start":{"line":392,"column":4},"end":{"line":394,"column":null}},"136":{"start":{"line":393,"column":6},"end":{"line":393,"column":null}},"137":{"start":{"line":396,"column":4},"end":{"line":396,"column":null}},"138":{"start":{"line":405,"column":22},"end":{"line":405,"column":58}},"139":{"start":{"line":406,"column":4},"end":{"line":406,"column":null}},"140":{"start":{"line":406,"column":20},"end":{"line":406,"column":null}},"141":{"start":{"line":409,"column":19},"end":{"line":409,"column":84}},"142":{"start":{"line":410,"column":4},"end":{"line":415,"column":null}},"143":{"start":{"line":411,"column":22},"end":{"line":411,"column":54}},"144":{"start":{"line":412,"column":6},"end":{"line":414,"column":null}},"145":{"start":{"line":413,"column":8},"end":{"line":413,"column":null}},"146":{"start":{"line":418,"column":4},"end":{"line":418,"column":null}},"147":{"start":{"line":432,"column":32},"end":{"line":432,"column":33}},"148":{"start":{"line":434,"column":4},"end":{"line":434,"column":null}},"149":{"start":{"line":435,"column":4},"end":{"line":435,"column":null}},"150":{"start":{"line":437,"column":4},"end":{"line":451,"column":null}},"151":{"start":{"line":438,"column":28},"end":{"line":438,"column":62}},"152":{"start":{"line":440,"column":6},"end":{"line":450,"column":null}},"153":{"start":{"line":441,"column":8},"end":{"line":441,"column":null}},"154":{"start":{"line":442,"column":8},"end":{"line":442,"column":null}},"155":{"start":{"line":443,"column":8},"end":{"line":443,"column":null}},"156":{"start":{"line":444,"column":8},"end":{"line":444,"column":null}},"157":{"start":{"line":445,"column":13},"end":{"line":450,"column":null}},"158":{"start":{"line":446,"column":8},"end":{"line":446,"column":null}},"159":{"start":{"line":447,"column":8},"end":{"line":447,"column":null}},"160":{"start":{"line":448,"column":8},"end":{"line":448,"column":null}},"161":{"start":{"line":449,"column":8},"end":{"line":449,"column":null}},"162":{"start":{"line":461,"column":18},"end":{"line":461,"column":42}},"163":{"start":{"line":462,"column":18},"end":{"line":462,"column":52}},"164":{"start":{"line":463,"column":25},"end":{"line":463,"column":59}},"165":{"start":{"line":466,"column":21},"end":{"line":466,"column":65}},"166":{"start":{"line":467,"column":4},"end":{"line":474,"column":null}},"167":{"start":{"line":468,"column":6},"end":{"line":468,"column":null}},"168":{"start":{"line":469,"column":6},"end":{"line":469,"column":null}},"169":{"start":{"line":470,"column":6},"end":{"line":470,"column":null}},"170":{"start":{"line":471,"column":6},"end":{"line":471,"column":null}},"171":{"start":{"line":472,"column":6},"end":{"line":472,"column":null}},"172":{"start":{"line":473,"column":6},"end":{"line":473,"column":null}},"173":{"start":{"line":476,"column":4},"end":{"line":476,"column":null}},"174":{"start":{"line":487,"column":20},"end":{"line":487,"column":33}},"175":{"start":{"line":488,"column":4},"end":{"line":490,"column":null}},"176":{"start":{"line":489,"column":6},"end":{"line":489,"column":null}},"177":{"start":{"line":492,"column":17},"end":{"line":492,"column":40}},"178":{"start":{"line":493,"column":20},"end":{"line":493,"column":57}},"179":{"start":{"line":494,"column":4},"end":{"line":496,"column":null}},"180":{"start":{"line":495,"column":6},"end":{"line":495,"column":null}},"181":{"start":{"line":499,"column":21},"end":{"line":501,"column":38}},"182":{"start":{"line":504,"column":4},"end":{"line":507,"column":null}},"183":{"start":{"line":508,"column":4},"end":{"line":508,"column":null}},"184":{"start":{"line":523,"column":4},"end":{"line":525,"column":null}},"185":{"start":{"line":524,"column":6},"end":{"line":524,"column":null}},"186":{"start":{"line":527,"column":4},"end":{"line":530,"column":null}},"187":{"start":{"line":540,"column":4},"end":{"line":542,"column":null}},"188":{"start":{"line":541,"column":6},"end":{"line":541,"column":null}},"189":{"start":{"line":544,"column":4},"end":{"line":548,"column":null}},"190":{"start":{"line":564,"column":4},"end":{"line":571,"column":null}},"191":{"start":{"line":565,"column":20},"end":{"line":568,"column":7}},"192":{"start":{"line":566,"column":8},"end":{"line":566,"column":null}},"193":{"start":{"line":567,"column":8},"end":{"line":567,"column":null}},"194":{"start":{"line":569,"column":6},"end":{"line":569,"column":null}},"195":{"start":{"line":570,"column":6},"end":{"line":570,"column":null}},"196":{"start":{"line":581,"column":4},"end":{"line":590,"column":null}},"197":{"start":{"line":582,"column":23},"end":{"line":582,"column":61}},"198":{"start":{"line":584,"column":6},"end":{"line":589,"column":null}},"199":{"start":{"line":585,"column":8},"end":{"line":588,"column":null}},"200":{"start":{"line":586,"column":10},"end":{"line":586,"column":null}},"201":{"start":{"line":587,"column":10},"end":{"line":587,"column":null}},"202":{"start":{"line":605,"column":19},"end":{"line":605,"column":44}},"203":{"start":{"line":606,"column":4},"end":{"line":618,"column":null}},"204":{"start":{"line":607,"column":6},"end":{"line":617,"column":null}},"205":{"start":{"line":608,"column":8},"end":{"line":616,"column":null}},"206":{"start":{"line":609,"column":10},"end":{"line":613,"column":null}},"207":{"start":{"line":610,"column":12},"end":{"line":610,"column":null}},"208":{"start":{"line":612,"column":12},"end":{"line":612,"column":null}},"209":{"start":{"line":615,"column":10},"end":{"line":615,"column":null}},"210":{"start":{"line":619,"column":4},"end":{"line":619,"column":null}},"211":{"start":{"line":629,"column":4},"end":{"line":629,"column":null}},"212":{"start":{"line":636,"column":2},"end":{"line":661,"column":null}}},"fnMap":{"0":{"name":"(anonymous_0)","decl":{"start":{"line":48,"column":1},"end":{"line":48,"column":9}},"loc":{"start":{"line":48,"column":18},"end":{"line":663,"column":1}},"line":48},"1":{"name":"getResponsiveOptions","decl":{"start":{"line":106,"column":11},"end":{"line":106,"column":31}},"loc":{"start":{"line":106,"column":71},"end":{"line":193,"column":null}},"line":106},"2":{"name":"(anonymous_2)","decl":{"start":{"line":136,"column":12},"end":{"line":136,"column":17}},"loc":{"start":{"line":136,"column":37},"end":{"line":148,"column":null}},"line":136},"3":{"name":"(anonymous_3)","decl":{"start":{"line":164,"column":12},"end":{"line":164,"column":20}},"loc":{"start":{"line":164,"column":38},"end":{"line":166,"column":null}},"line":164},"4":{"name":"showLoadingState","decl":{"start":{"line":204,"column":11},"end":{"line":204,"column":27}},"loc":{"start":{"line":204,"column":41},"end":{"line":235,"column":null}},"line":204},"5":{"name":"showEmptyState","decl":{"start":{"line":243,"column":11},"end":{"line":243,"column":25}},"loc":{"start":{"line":243,"column":70},"end":{"line":315,"column":null}},"line":243},"6":{"name":"showErrorState","decl":{"start":{"line":323,"column":11},"end":{"line":323,"column":25}},"loc":{"start":{"line":323,"column":70},"end":{"line":397,"column":null}},"line":323},"7":{"name":"(anonymous_7)","decl":{"start":{"line":382,"column":42},"end":{"line":382,"column":50}},"loc":{"start":{"line":382,"column":53},"end":{"line":384,"column":5}},"line":382},"8":{"name":"hideStateOverlays","decl":{"start":{"line":404,"column":11},"end":{"line":404,"column":28}},"loc":{"start":{"line":404,"column":42},"end":{"line":419,"column":null}},"line":404},"9":{"name":"(anonymous_9)","decl":{"start":{"line":410,"column":19},"end":{"line":410,"column":29}},"loc":{"start":{"line":410,"column":33},"end":{"line":415,"column":5}},"line":410},"10":{"name":"addKeyboardNavigation","decl":{"start":{"line":431,"column":11},"end":{"line":431,"column":32}},"loc":{"start":{"line":431,"column":48},"end":{"line":452,"column":null}},"line":431},"11":{"name":"(anonymous_11)","decl":{"start":{"line":437,"column":39},"end":{"line":437,"column":40}},"loc":{"start":{"line":437,"column":46},"end":{"line":451,"column":5}},"line":437},"12":{"name":"announceDataPoint","decl":{"start":{"line":460,"column":11},"end":{"line":460,"column":28}},"loc":{"start":{"line":460,"column":43},"
[...]
206,"column":67}},"type":"default-arg","locations":[{"start":{"line":206,"column":63},"end":{"line":206,"column":67}}],"line":206},"5":{"loc":{"start":{"line":220,"column":4},"end":{"line":223,"column":null}},"type":"if","locations":[{"start":{"line":220,"column":4},"end":{"line":223,"column":null}},{"start":{},"end":{}}],"line":220},"6":{"loc":{"start":{"line":263,"column":6},"end":{"line":266,"column":null}},"type":"if","locations":[{"start":{"line":263,"column":6},"end":{"line":266,"column":null}},{"start":{},"end":{}}],"line":263},"7":{"loc":{"start":{"line":351,"column":9},"end":{"line":351,"column":34}},"type":"binary-expr","locations":[{"start":{"line":351,"column":9},"end":{"line":351,"column":21}},{"start":{"line":351,"column":25},"end":{"line":351,"column":34}}],"line":351},"8":{"loc":{"start":{"line":363,"column":12},"end":{"line":363,"column":null}},"type":"binary-expr","locations":[{"start":{"line":363,"column":12},"end":{"line":363,"column":27}},{"start":{"line":363,"column":31},"end":{"line":363,"column":48}},{"start":{"line":363,"column":52},"end":{"line":363,"column":null}}],"line":363},"9":{"loc":{"start":{"line":368,"column":2},"end":{"line":368,"column":null}},"type":"if","locations":[{"start":{"line":368,"column":2},"end":{"line":368,"column":null}},{"start":{},"end":{}}],"line":368},"10":{"loc":{"start":{"line":368,"column":6},"end":{"line":368,"column":34}},"type":"binary-expr","locations":[{"start":{"line":368,"column":6},"end":{"line":368,"column":14}},{"start":{"line":368,"column":18},"end":{"line":368,"column":34}}],"line":368},"11":{"loc":{"start":{"line":369,"column":9},"end":{"line":370,"column":61}},"type":"binary-expr","locations":[{"start":{"line":369,"column":9},"end":{"line":369,"column":62}},{"start":{"line":370,"column":9},"end":{"line":370,"column":61}}],"line":369},"12":{"loc":{"start":{"line":374,"column":2},"end":{"line":374,"column":null}},"type":"if","locations":[{"start":{"line":374,"column":2},"end":{"line":374,"column":null}},{"start":{},"end":{}}],"line":374},"13":{"loc":{"start":{"line":374,"column":6},"end":{"line":374,"column":34}},"type":"binary-expr","locations":[{"start":{"line":374,"column":6},"end":{"line":374,"column":14}},{"start":{"line":374,"column":18},"end":{"line":374,"column":34}}],"line":374},"14":{"loc":{"start":{"line":375,"column":9},"end":{"line":375,"column":68}},"type":"cond-expr","locations":[{"start":{"line":375,"column":42},"end":{"line":375,"column":64}},{"start":{"line":375,"column":67},"end":{"line":375,"column":68}}],"line":375},"15":{"loc":{"start":{"line":379,"column":2},"end":{"line":379,"column":null}},"type":"if","locations":[{"start":{"line":379,"column":2},"end":{"line":379,"column":null}},{"start":{},"end":{}}],"line":379},"16":{"loc":{"start":{"line":379,"column":6},"end":{"line":379,"column":34}},"type":"binary-expr","locations":[{"start":{"line":379,"column":6},"end":{"line":379,"column":14}},{"start":{"line":379,"column":18},"end":{"line":379,"column":34}}],"line":379}},"s":{"0":1,"1":4,"2":6,"3":6,"4":6,"5":6,"6":6,"7":6,"8":6,"9":5,"10":5,"11":5,"12":1,"13":1,"14":4,"15":4,"16":4,"17":4,"18":6,"19":6,"20":6,"21":6,"22":6,"23":6,"24":6,"25":6,"26":6,"27":6,"28":0,"29":0,"30":4,"31":1,"32":1,"33":6,"34":6,"35":1,"36":1,"37":1,"38":1,"39":1,"40":0,"41":1,"42":1,"43":0,"44":1,"45":1,"46":0,"47":1,"48":1,"49":4},"f":{"0":4,"1":6,"2":6,"3":1,"4":1,"5":1,"6":1,"7":4},"b":{"0":[4],"1":[6],"2":[6],"3":[6],"4":[6],"5":[1,4],"6":[0,6],"7":[6,0],"8":[1,1,1],"9":[0,1],"10":[1,1],"11":[1,0],"12":[0,1],"13":[1,1],"14":[1,0],"15":[0,1],"16":[1,1]},"meta":{"lastBranch":17,"lastFunction":8,"lastStatement":50,"seen":{"s:191:30:193:1":0,"f:198:16:198:33":0,"b:198:41:198:51":0,"s:199:2:199:Infinity":1,"f:205:22:205:42":1,"b:205:53:205:55":1,"s:206:72:206:79":2,"b:206:22:206:34":2,"b:206:44:206:46":3,"b:206:63:206:67":4,"s:208:2:208:Infinity":3,"s:210:19:210:21":4,"s:212:2:288:Infinity":5,"s:213:19:213:34":6,"s:215:4:215:Infinity":7,"s:216:25:216:62":8,"s:217:4:217:Infinity":9,"s:218:4:218:Infinity":10,"b:220:4:223:Infinity:undefined:undefined:undefined:undefined":5,"s:220:4:223:Infinity":11,"s:221:6:221:Infinity":12,"s:222:6:222:Infinity":13,"s:225:18:225:28":14,"s:226:17:226:70":15,"s:227:21:227:23":16,"s:229:4:267:Infinity":17,"s:230:6:230:Infinity":18,"s:232:21:232:84":19,"s:233:25:233:68":20,"s:234:22:234:79":21,"s:235:22:235:49":22,"s:236:21:236:60":23,"s:238:21:238:57":24,"s:240:18:254:8":25,"s:256:6:261:Infinity":26,"b:263:6:266:Infinity:undefined:undefined:undefined:undefined":6,"s:263:6:266:Infinity":27,"s:264:8:264:Infinity":28,"s:265:8:265:Infinity":29,"s:269:4:279:Infinity":30,"s:282:4:282:Infinity":31,"s:283:4:287:Infinity":32,"f:291:9:291:18":2,"s:292:17:349:3":33,"s:351:2:351:Infinity":34,"b:351:9:351:21:351:25:351:34":7,"f:354:16:354:36":3,"s:355:26:355:52":35,"s:356:28:356:54":36,"s:357:28:357:56":37,"s:359:2:364:Infinity":38,"b:363:12:363:27:363:31:363:48:363:52:363:Infinity":8,"f:367:9:367:26":4,"b:368:2:368:Infinity:undefined:undefined:undefined:undefined":9,"s:368:2:368:Infinity":39,"b:368:6:368:14:368:18:368:34":10,"s:368:36:368:Infinity":40,"s:369:2:370:Infinity":41,"b:369:9:369:62:370:9:370:61":11,"f:373:9:373:21":5,"b:374:2:374:Infinity:undefined:undefined:undefined:undefined":12,"s:374:2:374:Infinity":42,"b:374:6:374:14:374:18:374:34":13,"s:374:36:374:Infinity":43,"s:375:2:375:Infinity":44,"b:375:42:375:64:375:67:375:68":14,"f:378:9:378:28":6,"b:379:2:379:Infinity:undefined:undefined:undefined:undefined":15,"s:379:2:379:Infinity":45,"b:379:6:379:14:379:18:379:34":16,"s:379:36:379:Infinity":46,"s:380:19:380:68":47,"s:381:2:383:Infinity":48,"f:381:23:381:30":7,"s:382:4:382:Infinity":49}}}
,"/home/runner/work/riksdagsmonitor/riksdagsmonitor/scripts/news-types/week-ahead.js": {"path":"/home/runner/work/riksdagsmonitor/riksdagsmonitor/scripts/news-types/week-ahead.js","statementMap":{"0":{"start":{"line":202,"column":30},"end":{"line":204,"column":1}},"1":{"start":{"line":211,"column":16},"end":{"line":211,"column":26}},"2":{"start":{"line":214,"column":19},"end":{"line":214,"column":83}},"3":{"start":{"line":215,"column":19},"end":{"line":215,"column":51}},"4":{"start":{"line":216,"column":17},"end":{"line":216,"column":53}},"5":{"start":{"line":218,"column":2},"end":{"line":221,"column":null}},"6":{"start":{"line":228,"column":2},"end":{"line":228,"column":null}},"7":{"start":{"line":241,"column":78},"end":{"line":241,"column":85}},"8":{"start":{"line":243,"column":2},"end":{"line":243,"column":null}},"9":{"start":{"line":246,"column":19},"end":{"line":246,"column":21}},"10":{"start":{"line":248,"column":2},"end":{"line":336,"column":null}},"11":{"start":{"line":249,"column":19},"end":{"line":249,"column":34}},"12":{"start":{"line":250,"column":18},"end":{"line":250,"column":54}},"13":{"start":{"line":252,"column":4},"end":{"line":252,"column":null}},"14":{"start":{"line":255,"column":4},"end":{"line":255,"column":null}},"15":{"start":{"line":256,"column":19},"end":{"line":256,"column":75}},"16":{"start":{"line":257,"column":4},"end":{"line":257,"column":null}},"17":{"start":{"line":258,"column":4},"end":{"line":258,"column":null}},"18":{"start":{"line":263,"column":18},"end":{"line":263,"column":28}},"19":{"start":{"line":264,"column":17},"end":{"line":264,"column":57}},"20":{"start":{"line":265,"column":21},"end":{"line":265,"column":23}},"21":{"start":{"line":268,"column":4},"end":{"line":312,"column":null}},"22":{"start":{"line":269,"column":6},"end":{"line":269,"column":null}},"23":{"start":{"line":272,"column":23},"end":{"line":272,"column":66}},"24":{"start":{"line":273,"column":21},"end":{"line":273,"column":92}},"25":{"start":{"line":274,"column":25},"end":{"line":274,"column":62}},"26":{"start":{"line":275,"column":22},"end":{"line":275,"column":71}},"27":{"start":{"line":276,"column":22},"end":{"line":276,"column":49}},"28":{"start":{"line":277,"column":21},"end":{"line":277,"column":62}},"29":{"start":{"line":280,"column":21},"end":{"line":280,"column":43}},"30":{"start":{"line":283,"column":18},"end":{"line":298,"column":8}},"31":{"start":{"line":300,"column":6},"end":{"line":305,"column":null}},"32":{"start":{"line":308,"column":6},"end":{"line":311,"column":null}},"33":{"start":{"line":309,"column":8},"end":{"line":309,"column":null}},"34":{"start":{"line":310,"column":8},"end":{"line":310,"column":null}},"35":{"start":{"line":314,"column":4},"end":{"line":314,"column":null}},"36":{"start":{"line":316,"column":4},"end":{"line":326,"column":null}},"37":{"start":{"line":329,"column":4},"end":{"line":329,"column":null}},"38":{"start":{"line":330,"column":4},"end":{"line":330,"column":null}},"39":{"start":{"line":331,"column":4},"end":{"line":335,"column":null}},"40":{"start":{"line":343,"column":17},"end":{"line":400,"column":3}},"41":{"start":{"line":402,"column":2},"end":{"line":402,"column":null}},"42":{"start":{"line":412,"column":28},"end":{"line":412,"column":56}},"43":{"start":{"line":413,"column":28},"end":{"line":413,"column":54}},"44":{"start":{"line":414,"column":29},"end":{"line":414,"column":58}},"45":{"start":{"line":415,"column":27},"end":{"line":415,"column":57}},"46":{"start":{"line":417,"column":2},"end":{"line":423,"column":null}},"47":{"start":{"line":427,"column":2},"end":{"line":427,"column":null}},"48":{"start":{"line":427,"column":36},"end":{"line":427,"column":null}},"49":{"start":{"line":428,"column":2},"end":{"line":429,"column":null}},"50":{"start":{"line":433,"column":2},"end":{"line":433,"column":null}},"51":{"start":{"line":433,"column":36},"end":{"line":433,"column":null}},"52":{"start":{"line":434,"column":2},"end":{"line":434,"column":null}},"53":{"start":{"line":438,"column":2},"end":{"line":438,"column":null}},"54":{"start":{"line":438,"column":36},"end":{"line":438,"column":null}},"55":{"start":{"line":439,"column":30},"end":{"line":439,"column":88}},"56":{"start":{"line":440,"column":2},"end":{"line":442,"column":null}},"57":{"start":{"line":441,"column":4},"end":{"line":441,"column":null}},"58":{"start":{"line":446,"column":2},"end":{"line":446,"column":null}},"59":{"start":{"line":446,"column":36},"end":{"line":446,"column":null}},"60":{"start":{"line":448,"column":2},"end":{"line":448,"column":14}}},"fnMap":{"0":{"name":"getWeekAheadDateRange","decl":{"start":{"line":210,"column":16},"end":{"line":210,"column":37}},"loc":{"start":{"line":210,"column":40},"end":{"line":222,"column":null}},"line":210},"1":{"name":"formatDateForSlug","decl":{"start":{"line":227,"column":16},"end":{"line":227,"column":33}},"loc":{"start":{"line":227,"column":53},"end":{"line":229,"column":null}},"line":227},"2":{"name":"generateWeekAhead","decl":{"start":{"line":240,"column":22},"end":{"line":240,"column":39}},"loc":{"start":{"line":240,"column":54},"end":{"line":337,"column":null}},"line":240},"3":{"name":"getTitles","decl":{"start":{"line":342,"column":9},"end":{"line":342,"column":18}},"loc":{"start":{"line":342,"column":36},"end":{"line":403,"column":null}},"line":342},"4":{"name":"validateWeekAhead","decl":{"start":{"line":411,"column":16},"end":{"line":411,"column":33}},"loc":{"start":{"line":411,"column":43},"end":{"line":424,"column":null}},"line":411},"5":{"name":"checkCalendarEvents","decl":{"start":{"line":426,"column":9},"end":{"line":426,"column":28}},"loc":{"start":{"line":426,"column":38},"end":{"line":430,"column":null}},"line":426},"6":{"name":"countSources","decl":{"start":{"line":432,"column":9},"end":{"line":432,"column":21}},"loc":{"start":{"line":432,"column":31},"end":{"line":435,"column":null}},"line":432},"7":{"name":"checkProspectiveTone","decl":{"start":{"line":437,"column":9},"end":{"line":437,"column":29}},"loc":{"start":{"line":437,"column":39},"end":{"line":443,"column":null}},"line":437},"8":{"name":"(anonymous_8)","decl":{"start":{"line":440,"column":34},"end":{"line":440,"column":41}},"loc":{"start":{"line":441,"column":4},"end":{"line":441,"column":null}},"line":441},"9":{"name":"checkDailyCoverage","decl":{"start":{"line":445,"column":9},"end":{"line":445,"column":27}},"loc":{"start":{"line":445,"column":47},"end":{"line":449,"column":null}},"line":445}},"branchMap":{"0":{"loc":{"start":{"line":227,"column":34},"end":{"line":227,"column":51}},"type":"default-arg","locations":[{"start":{"line":227,"column":41},"end":{"line":227,"column":51}}],"line":227},"1":{"loc":{"start":{"line":240,"column":40},"end":{"line":240,"column":52}},"type":"default-arg","locations":[{"start":{"line":240,"column":50},"end":{"line":240,"column":52}}],"line":240},"2":{"loc":{"start":{"line":241,"column":10},"end":{"line":241,"column":34}},"type":"default-arg","locations":[{"start":{"line":241,"column":22},"end":{"line":241,"column":34}}],"line":241},"3":{"loc":{"start":{"line":241,"column":36},"end":{"line":241,"column":52}},"type":"default-arg","locations":[{"start":{"line":241,"column":48},"end":{"line":241,"column":52}}],"line":241},"4":{"loc":{"start":{"line":241,"column":54},"end":{"line":241,"column":73}},"type":"default-arg","locations":[{"start":{"line":241,"column":69},"end":{"line":241,"column":73}}],"line":241},"5":{"loc":{"start":{"line":250,"column":18},"end":{"line":250,"column":54}},"type":"binary-expr","locations":[{"start":{"line":250,"column":18},"end":{"line":250,"column":27}},{"start":{"line":250,"column":31},"end":{"line":250,"column":54}}],"line":250},"6":{"loc":{"start":{"line":308,"column":6},"end":{"line":311,"column":null}},"type":"if","locations":[{"start":{"line":308,"column":6},"end":{"line":311,"column":null}},{"start":{},"end":{}}],"line":308},"7":{"loc":{"start":{"line":402,"column":9},"end":{"line":402,"column":34}},"type":"binary-expr","locations":[{"start":{"line":402,"column":9},"end":{"line":402,"column":21}},{"start":{"line":402,"column":25},"end":{"line":402,"column":34}}],"line":402},"8":{"loc":{"start":{"line":422,"column":12},"end":{"line":422,"column":null}},"type":"binary-expr","locations":[{"start":{"line":422,"column":12},"end":{"line":422,"column":29}},{"start":{"line":422,"column":33},"end":{"line":422,"column":50}},{"start":{"line":422,"column":54},"end":{"line":422,"column":72}},{"start":{"line":422,"column":76},"end":{"line":422,"column":null}}],"line":422},"9":{"loc":{"start":{"line":427,"column":2},"end":{"line":427,"column":null}},"type":"if","locations":[{"start":{"line":427,"column":2},"end":{"line":427,"column":null}},{"start":{},"end":{}}],"line":427},"10":{"loc":{"start":{"line":427,"column":6},"end":{"line":427,"column":34}},"type":"binary-expr","locations":[{"start":{"line":427,"column":6},"end":{"line":427,"column":14}},{"start":{"line":427,"column":18},"end":{"line":427,"column":34}}],"line":427},"11":{"loc":{"start":{"line":428,"column":9},"end":{"line":429,"column":56}},"type":"binary-expr","locations":[{"start":{"line":428,"column":9},"end":{"line":428,"column":59}},{"start":{"line":429,"column":9},"end":{"line":429,"column":56}}],"line":428},"12":{"loc":{"start":{"line":433,"column":2},"end":{"line":433,"column":null}},"type":"if","locations":[{"start":{"line":433,"column":2},"end":{"line":433,"column":null}},{"start":{},"end":{}}],"line":433},"13":{"loc":{"start":{"line":433,"column":6},"end":{"line":433,"column":34}},"type":"binary-expr","locations":[{"start":{"line":433,"column":6},"end":{"line":433,"column":14}},{"start":{"line":433,"column":18},"end":{"line":433,"column":34}}],"line":433},"14":{"loc":{"start":{"line":434,"column":9},"end":{"line":434,"column":68}},"type":"cond-expr","locations":[{"start":{"line":434,"column":42},"end":{"line":434,"column":64}},{"start":{"line":434,"column":67},"end":{"line":434,"column":68}}],"line":434},"15":{"loc":{"start":{"line":438,"column":2},"end":{"line":438,"column":null}},"type":"if","locations":[{"start":{"line":438,"column":2},"end":{"line":438,"column":null}},{"start":{},"end":{}}],"line":438},"16":{"loc":{"start":{"line":438,"column":6},"end":{"line":438,"column":34}},"type":"binary-expr","locations":[{"start":{"line":438,"column":6},"end":{"line":438,"column":14}},{"start":{"line":438,"column":18},"end":{"line":438,"column":34}}],"line":438},"17":{"loc":{"start":{"line":445,"column":37},"end":{"line":445,"column":45}},"type":"default-arg","locations":[{"start":{"line":445,"column":44},"end":{"line":445,"column":45}}],"line":445},"18":{"loc":{"start":{"line":446,"column":2},"end":{"line":446,"column":null}},"type":"if","locations":[{"start":{"line":446,"column":2},"end":{"line":446,"column":null}},{"start":{},"end":{}}],"line":446},"19":{"loc":{"start":{"line":446,"column":6},"end":{"line":446,"column":34}},"type":"binary-expr","locations":[{"start":{"line":446,"column":6},"end":{"line":446,"column":14}},{"start":{"line":446,"column":18},"end":{"line":446,"column":34}}],"line":446}},"s":{"0":1,"1":25,"2":25,"3":25,"4":25,"5":25,"6":18,"7":22,"8":22,"9":22,"10":22,"11":22,"12":22,"13":22,"14":22,"15":22,"16":18,"17":18,"18":18,"19":18,"20":18,"21":18,"22":37,"23":37,"24":37,"25":37,"26":37,"27":37,"28":37,"29":37,"30":37,"31":37,"32":37,"33":2,"34":2,"35":18,"36":18,"37":4,"38":4,"39":4,"40":37,"41":37,"42":4,"43":4,"44":4,"45":4,"46":4,"47":4,"48":0,"49":4,"50":4,"51":0,"52":4,"53":4,"54":0,"55":4,"56":4,"57":15,"58":4,"59":0,"60":4},"f":{"0":25,"1":18,"2":22,"3":37,"4":4,"5":4,"6":4,"7":4,"8":15,"9":4},"b":{"0":[18],"1":[22],"2":[22],"3":[22],"4":[22],"5":[22,22],"6":[2,35],"7":[37,0],"8":[4,1,0,0],"9":[0,4],"10":[4,4],"11":[4,3],"12":[0,4],"13":[4,4],"14":[4,0],"15":[0,4],"16":[4,4],"17":[4],"18":[0,4],"19":[4,4]},"meta":{"lastBranch":20,"lastFunction":10,"lastStatement":61,"seen":{"s:202:30:204:1":0,"f:210:16:210:37":0,"s:211:16:211:26":1,"s:214:19:214:83":2,"s:215:19:215:51":3,"s:216:17:216:53":4,"s:218:2:221:Infinity":5,"f:227:16:227:33":1,"b:227:41:227:51":0,"s:228:2:228:Infinity":6,"f:240:22:240:39":2,"b:240:50:240:52":1,"s:241:78:241:85":7,"b:241:22:241:34":2,"b:241:48:241:52":3,"b:241:69:241:73":4,"s:243:2:243:Infinity":8,"s:246:19:246:21":9,"s:248:2:336:Infinity":10,"s:249:19:249:34":11,"s:250:18:250:54":12,"b:250:18:250:27:250:31:250:54":5,"s:252:4:252:Infinity":13,"s:255:4:255:Infinity":14,"s:256:19:256:75":15,"s:257:4:257:Infinity":16,"s:258:4:258:Infinity":17,"s:263:18:263:28":18,"s:264:17:264:57":19,"s:265:21:265:23":20,"s:268:4:312:Infinity":21,"s:269:6:269:Infinity":22,"s:272:23:272:66":23,"s:273:21:273:92":24,"s:274:25:274:62":25,"s:275:22:275:71":26,"s:276:22:276:49":27,"s:277:21:277:62":28,"s:280:21:280:43":29,"s:283:18:298:8":30,"s:300:6:305:Infinity":31,"b:308:6:311:Infinity:undefined:undefined:undefined:undefined":6,"s:308:6:311:Infinity":32,"s:309:8:309:Infinity":33,"s:310:8:310:Infinity":34,"s:314:4:314:Infinity":35,"s:316:4:326:Infinity":36,"s:329:4:329:Infinity":37,"s:330:4:330:Infinity":38,"s:331:4:335:Infinity":39,"f:342:9:342:18":3,"s:343:17:400:3":40,"s:402:2:402:Infinity":41,"b:402:9:402:21:402:25:402:34":7,"f:411:16:411:33":4,"s:412:28:412:56":42,"s:413:28:413:54":43,"s:414:29:414:58":44,"s:415:27:415:57":45,"s:417:2:423:Infinity":46,"b:422:12:422:29:422:33:422:50:422:54:422:72:422:76:422:Infinity":8,"f:426:9:426:28":5,"b:427:2:427:Infinity:undefined:undefined:undefined:undefined":9,"s:427:2:427:Infinity":47,"b:427:6:427:14:427:18:427:34":10,"s:427:36:427:Infinity":48,"s:428:2:429:Infinity":49,"b:428:9:428:59:429:9:429:56":11,"f:432:9:432:21":6,"b:433:2:433:Infinity:undefined:undefined:undefined:undefined":12,"s:433:2:433:Infinity":50,"b:433:6:433:14:433:18:433:34":13,"s:433:36:433:Infinity":51,"s:434:2:434:Infinity":52,"b:434:42:434:64:434:67:434:68":14,"f:437:9:437:29":7,"b:438:2:438:Infinity:undefined:undefined:undefined:undefined":15,"s:438:2:438:Infinity":53,"b:438:6:438:14:438:18:438:34":16,"s:438:36:438:Infinity":54,"s:439:30:439:88":55,"s:440:2:442:Infinity":56,"f:440:34:440:41":8,"s:441:4:441:Infinity":57,"f:445:9:445:27":9,"b:445:44:445:45":17,"b:446:2:446:Infinity:undefined:undefined:undefined:undefined":18,"s:446:2:446:Infinity":58,"b:446:6:446:14:446:18:446:34":19,"s:446:36:446:Infinity":59,"s:448:2:448:14":60}}}
}
