TN:
SF:dashboard/cia-data-loader.js
FN:178,(anonymous_0)
FN:251,(anonymous_1)
FN:255,(anonymous_2)
FN:280,(anonymous_3)
FN:297,(anonymous_4)
FN:326,(anonymous_5)
FN:347,(anonymous_6)
FN:357,(anonymous_7)
FN:362,(anonymous_8)
FN:362,(anonymous_9)
FN:366,(anonymous_10)
FN:367,(anonymous_11)
FN:368,(anonymous_12)
FN:369,(anonymous_13)
FN:370,(anonymous_14)
FN:371,(anonymous_15)
FN:375,(anonymous_16)
FN:385,(anonymous_17)
FN:387,(anonymous_18)
FN:433,(anonymous_19)
FN:441,(anonymous_20)
FN:450,(anonymous_21)
FN:454,(anonymous_22)
FN:463,(anonymous_23)
FN:464,(anonymous_24)
FN:474,(anonymous_25)
FN:505,(anonymous_26)
FN:520,(anonymous_27)
FN:528,(anonymous_28)
FN:534,(anonymous_29)
FN:535,(anonymous_30)
FN:538,(anonymous_31)
FN:547,(anonymous_32)
FN:572,(anonymous_33)
FN:580,(anonymous_34)
FN:586,(anonymous_35)
FN:587,(anonymous_36)
FN:603,(anonymous_37)
FN:641,(anonymous_38)
FN:654,(anonymous_39)
FN:655,(anonymous_40)
FN:663,(anonymous_41)
FN:665,(anonymous_42)
FN:674,(anonymous_43)
FN:675,(anonymous_44)
FN:676,(anonymous_45)
FN:677,(anonymous_46)
FN:685,(anonymous_47)
FN:703,(anonymous_48)
FNF:49
FNH:0
FNDA:0,(anonymous_0)
FNDA:0,(anonymous_1)
FNDA:0,(anonymous_2)
FNDA:0,(anonymous_3)
FNDA:0,(anonymous_4)
FNDA:0,(anonymous_5)
FNDA:0,(anonymous_6)
FNDA:0,(anonymous_7)
FNDA:0,(anonymous_8)
FNDA:0,(anonymous_9)
FNDA:0,(anonymous_10)
FNDA:0,(anonymous_11)
FNDA:0,(anonymous_12)
FNDA:0,(anonymous_13)
FNDA:0,(anonymous_14)
FNDA:0,(anonymous_15)
FNDA:0,(anonymous_16)
FNDA:0,(anonymous_17)
FNDA:0,(anonymous_18)
FNDA:0,(anonymous_19)
FNDA:0,(anonymous_20)
FNDA:0,(anonymous_21)
FNDA:0,(anonymous_22)
FNDA:0,(anonymous_23)
FNDA:0,(anonymous_24)
FNDA:0,(anonymous_25)
FNDA:0,(anonymous_26)
FNDA:0,(anonymous_27)
FNDA:0,(anonymous_28)
FNDA:0,(anonymous_29)
FNDA:0,(anonymous_30)
FNDA:0,(anonymous_31)
FNDA:0,(anonymous_32)
FNDA:0,(anonymous_33)
FNDA:0,(anonymous_34)
FNDA:0,(anonymous_35)
FNDA:0,(anonymous_36)
FNDA:0,(anonymous_37)
FNDA:0,(anonymous_38)
FNDA:0,(anonymous_39)
FNDA:0,(anonymous_40)
FNDA:0,(anonymous_41)
FNDA:0,(anonymous_42)
FNDA:0,(anonymous_43)
FNDA:0,(anonymous_44)
FNDA:0,(anonymous_45)
FNDA:0,(anonymous_46)
FNDA:0,(anonymous_47)
FNDA:0,(anonymous_48)
DA:179,0
DA:180,0
DA:181,0
DA:187,0
DA:252,0
DA:253,0
DA:255,0
DA:256,0
DA:258,0
DA:259,0
DA:260,0
DA:263,0
DA:264,0
DA:265,0
DA:266,0
DA:267,0
DA:268,0
DA:269,0
DA:270,0
DA:271,0
DA:272,0
DA:274,0
DA:277,0
DA:279,0
DA:280,0
DA:281,0
DA:283,0
DA:284,0
DA:286,0
DA:288,0
DA:298,0
DA:301,0
DA:302,0
DA:305,0
DA:306,0
DA:307,0
DA:308,0
DA:309,0
DA:310,0
DA:311,0
DA:313,0
DA:317,0
DA:318,0
DA:327,0
DA:331,0
DA:332,0
DA:333,0
DA:334,0
DA:335,0
DA:337,0
DA:340,0
DA:348,0
DA:357,0
DA:358,0
DA:361,0
DA:362,0
DA:363,0
DA:366,0
DA:367,0
DA:368,0
DA:369,0
DA:370,0
DA:371,0
DA:374,0
DA:375,0
DA:379,0
DA:384,0
DA:385,0
DA:386,0
DA:387,0
DA:390,0
DA:434,0
DA:442,0
DA:449,0
DA:450,0
DA:453,0
DA:454,0
DA:455,0
DA:456,0
DA:461,0
DA:462,0
DA:463,0
DA:465,0
DA:467,0
DA:472,0
DA:474,0
DA:475,0
DA:476,0
DA:478,0
DA:505,0
DA:507,0
DA:521,0
DA:527,0
DA:528,0
DA:529,0
DA:533,0
DA:534,0
DA:535,0
DA:538,0
DA:539,0
DA:540,0
DA:547,0
DA:558,0
DA:573,0
DA:579,0
DA:580,0
DA:581,0
DA:585,0
DA:586,0
DA:588,0
DA:589,0
DA:603,0
DA:610,0
DA:611,0
DA:612,0
DA:613,0
DA:615,0
DA:625,0
DA:642,0
DA:647,0
DA:648,0
DA:649,0
DA:652,0
DA:653,0
DA:654,0
DA:656,0
DA:658,0
DA:663,0
DA:664,0
DA:665,0
DA:666,0
DA:667,0
DA:669,0
DA:674,0
DA:675,0
DA:676,0
DA:677,0
DA:678,0
DA:679,0
DA:680,0
DA:685,0
DA:687,0
DA:705,0
DA:714,0
LF:144
LH:0
BRDA:253,0,0,0
BRDA:253,0,1,0
BRDA:260,1,0,0
BRDA:260,1,1,0
BRDA:268,2,0,0
BRDA:268,2,1,0
BRDA:270,3,0,0
BRDA:270,3,1,0
BRDA:270,4,0,0
BRDA:270,4,1,0
BRDA:281,5,0,0
BRDA:281,5,1,0
BRDA:284,6,0,0
BRDA:284,6,1,0
BRDA:284,7,0,0
BRDA:284,7,1,0
BRDA:284,7,2,0
BRDA:301,8,0,0
BRDA:301,8,1,0
BRDA:308,9,0,0
BRDA:308,9,1,0
BRDA:311,10,0,0
BRDA:311,10,1,0
BRDA:334,11,0,0
BRDA:334,11,1,0
BRDA:358,12,0,0
BRDA:358,12,1,0
BRDA:363,13,0,0
BRDA:363,13,1,0
BRDA:369,14,0,0
BRDA:369,14,1,0
BRDA:370,15,0,0
BRDA:370,15,1,0
BRDA:371,16,0,0
BRDA:371,16,1,0
BRDA:374,17,0,0
BRDA:374,17,1,0
BRDA:375,18,0,0
BRDA:375,18,1,0
BRDA:379,19,0,0
BRDA:379,19,1,0
BRDA:386,20,0,0
BRDA:386,20,1,0
BRDA:387,21,0,0
BRDA:387,21,1,0
BRDA:410,22,0,0
BRDA:410,22,1,0
BRDA:411,23,0,0
BRDA:411,23,1,0
BRDA:417,24,0,0
BRDA:417,24,1,0
BRDA:419,25,0,0
BRDA:419,25,1,0
BRDA:455,26,0,0
BRDA:455,26,1,0
BRDA:465,27,0,0
BRDA:465,27,1,0
BRDA:465,28,0,0
BRDA:465,28,1,0
BRDA:465,28,2,0
BRDA:465,28,3,0
BRDA:475,29,0,0
BRDA:475,29,1,0
BRDA:476,30,0,0
BRDA:476,30,1,0
BRDA:480,31,0,0
BRDA:480,31,1,0
BRDA:483,32,0,0
BRDA:483,32,1,0
BRDA:485,33,0,0
BRDA:485,33,1,0
BRDA:486,34,0,0
BRDA:486,34,1,0
BRDA:487,35,0,0
BRDA:487,35,1,0
BRDA:488,36,0,0
BRDA:488,36,1,0
BRDA:491,37,0,0
BRDA:491,37,1,0
BRDA:492,38,0,0
BRDA:492,38,1,0
BRDA:493,39,0,0
BRDA:493,39,1,0
BRDA:496,40,0,0
BRDA:496,40,1,0
BRDA:497,41,0,0
BRDA:497,41,1,0
BRDA:498,42,0,0
BRDA:498,42,1,0
BRDA:498,42,2,0
BRDA:505,43,0,0
BRDA:505,43,1,0
BRDA:505,44,0,0
BRDA:505,44,1,0
BRDA:535,45,0,0
BRDA:535,45,1,0
BRDA:535,46,0,0
BRDA:535,46,1,0
BRDA:539,47,0,0
BRDA:539,47,1,0
BRDA:543,48,0,0
BRDA:543,48,1,0
BRDA:544,49,0,0
BRDA:544,49,1,0
BRDA:545,50,0,0
BRDA:545,50,1,0
BRDA:546,51,0,0
BRDA:546,51,1,0
BRDA:549,52,0,0
BRDA:549,52,1,0
BRDA:550,53,0,0
BRDA:550,53,1,0
BRDA:551,54,0,0
BRDA:551,54,1,0
BRDA:552,55,0,0
BRDA:552,55,1,0
BRDA:553,56,0,0
BRDA:553,56,1,0
BRDA:581,57,0,0
BRDA:581,57,1,0
BRDA:586,58,0,0
BRDA:586,58,1,0
BRDA:592,59,0,0
BRDA:592,59,1,0
BRDA:593,60,0,0
BRDA:593,60,1,0
BRDA:594,61,0,0
BRDA:594,61,1,0
BRDA:595,62,0,0
BRDA:595,62,1,0
BRDA:597,63,0,0
BRDA:597,63,1,0
BRDA:612,64,0,0
BRDA:612,64,1,0
BRDA:613,65,0,0
BRDA:613,65,1,0
BRDA:613,66,0,0
BRDA:613,66,1,0
BRDA:656,67,0,0
BRDA:656,67,1,0
BRDA:656,68,0,0
BRDA:656,68,1,0
BRDA:656,68,2,0
BRDA:656,68,3,0
BRDA:664,69,0,0
BRDA:664,69,1,0
BRDA:666,70,0,0
BRDA:666,70,1,0
BRDA:667,71,0,0
BRDA:667,71,1,0
BRDA:677,72,0,0
BRDA:677,72,1,0
BRDA:678,73,0,0
BRDA:678,73,1,0
BRDA:679,74,0,0
BRDA:679,74,1,0
BRDA:683,75,0,0
BRDA:683,75,1,0
BRDA:683,76,0,0
BRDA:683,76,1,0
BRF:160
BRH:0
end_of_record
TN:
SF:dashboard/i18n-translations.js
FN:542,detectLanguage
FN:553,t
FN:594,formatDate
FN:612,formatNumber
FN:623,formatPercentage
FN:637,formatCurrency
FNF:6
FNH:0
FNDA:0,detectLanguage
FNDA:0,t
FNDA:0,formatDate
FNDA:0,formatNumber
FNDA:0,formatPercentage
FNDA:0,formatCurrency
DA:45,0
DA:543,0
DA:544,0
DA:554,0
DA:555,0
DA:557,0
DA:558,0
DA:559,0
DA:560,0
DA:561,0
DA:565,0
DA:571,0
DA:595,0
DA:596,0
DA:598,0
DA:613,0
DA:614,0
DA:624,0
DA:638,0
DA:639,0
LF:20
LH:0
BRDA:544,0,0,0
BRDA:544,0,1,0
BRDA:544,1,0,0
BRDA:544,1,1,0
BRDA:553,2,0,0
BRDA:555,3,0,0
BRDA:555,3,1,0
BRDA:559,4,0,0
BRDA:559,4,1,0
BRDA:594,5,0,0
BRDA:595,6,0,0
BRDA:595,6,1,0
BRDA:596,7,0,0
BRDA:596,7,1,0
BRDA:612,8,0,0
BRDA:612,9,0,0
BRDA:613,10,0,0
BRDA:613,10,1,0
BRDA:623,11,0,0
BRDA:637,12,0,0
BRDA:638,13,0,0
BRDA:638,13,1,0
BRF:22
BRH:0
end_of_record
TN:
SF:js/back-to-top.js
FN:94,(anonymous_0)
FN:101,(anonymous_1)
FN:110,(anonymous_2)
FNF:3
FNH:0
FNDA:0,(anonymous_0)
FNDA:0,(anonymous_1)
FNDA:0,(anonymous_2)
DA:94,0
DA:97,0
DA:99,0
DA:101,0
DA:102,0
DA:103,0
DA:105,0
DA:110,0
DA:111,0
DA:112,0
LF:10
LH:0
BRDA:99,0,0,0
BRDA:99,0,1,0
BRDA:102,1,0,0
BRDA:102,1,1,0
BRDA:114,2,0,0
BRDA:114,2,1,0
BRF:6
BRH:0
end_of_record
TN:
SF:js/chart-utils.js
FN:48,(anonymous_0)
FN:106,getResponsiveOptions
FN:136,(anonymous_2)
FN:164,(anonymous_3)
FN:204,showLoadingState
FN:243,showEmptyState
FN:323,showErrorState
FN:382,(anonymous_7)
FN:404,hideStateOverlays
FN:410,(anonymous_9)
FN:431,addKeyboardNavigation
FN:437,(anonymous_11)
FN:460,announceDataPoint
FN:485,highlightDataPoint
FN:522,formatNumber
FN:539,formatPercent
FN:562,debounce
FN:564,executedFunction
FN:565,(anonymous_18)
FN:580,createResizeHandler
FN:581,(anonymous_20)
FN:584,(anonymous_21)
FN:604,deepMerge
FN:607,(anonymous_23)
FN:628,isObject
FNF:25
FNH:0
FNDA:0,(anonymous_0)
FNDA:0,getResponsiveOptions
FNDA:0,(anonymous_2)
FNDA:0,(anonymous_3)
FNDA:0,showLoadingState
FNDA:0,showEmptyState
FNDA:0,showErrorState
FNDA:0,(anonymous_7)
FNDA:0,hideStateOverlays
FNDA:0,(anonymous_9)
FNDA:0,addKeyboardNavigation
FNDA:0,(anonymous_11)
FNDA:0,announceDataPoint
FNDA:0,highlightDataPoint
FNDA:0,formatNumber
FNDA:0,formatPercent
FNDA:0,debounce
FNDA:0,executedFunction
FNDA:0,(anonymous_18)
FNDA:0,createResizeHandler
FNDA:0,(anonymous_20)
FNDA:0,(anonymous_21)
FNDA:0,deepMerge
FNDA:0,(anonymous_23)
FNDA:0,isObject
DA:48,0
DA:59,0
DA:88,0
DA:107,0
DA:109,0
DA:137,0
DA:138,0
DA:139,0
DA:142,0
DA:143,0
DA:144,0
DA:145,0
DA:147,0
DA:155,0
DA:156,0
DA:165,0
DA:192,0
DA:205,0
DA:206,0
DA:207,0
DA:208,0
DA:212,0
DA:213,0
DA:214,0
DA:215,0
DA:216,0
DA:218,0
DA:219,0
DA:220,0
DA:222,0
DA:223,0
DA:225,0
DA:226,0
DA:229,0
DA:230,0
DA:234,0
DA:244,0
DA:245,0
DA:246,0
DA:247,0
DA:251,0
DA:252,0
DA:253,0
DA:257,0
DA:258,0
DA:259,0
DA:260,0
DA:262,0
DA:263,0
DA:264,0
DA:265,0
DA:266,0
DA:267,0
DA:268,0
DA:269,0
DA:271,0
DA:272,0
DA:273,0
DA:275,0
DA:276,0
DA:277,0
DA:279,0
DA:280,0
DA:281,0
DA:283,0
DA:284,0
DA:285,0
DA:287,0
DA:288,0
DA:290,0
DA:292,0
DA:294,0
DA:295,0
DA:296,0
DA:298,0
DA:299,0
DA:300,0
DA:301,0
DA:302,0
DA:304,0
DA:305,0
DA:306,0
DA:307,0
DA:310,0
DA:311,0
DA:314,0
DA:324,0
DA:325,0
DA:326,0
DA:327,0
DA:331,0
DA:332,0
DA:333,0
DA:337,0
DA:338,0
DA:339,0
DA:340,0
DA:342,0
DA:343,0
DA:344,0
DA:345,0
DA:346,0
DA:347,0
DA:348,0
DA:349,0
DA:351,0
DA:352,0
DA:353,0
DA:354,0
DA:355,0
DA:357,0
DA:358,0
DA:359,0
DA:360,0
DA:361,0
DA:362,0
DA:364,0
DA:365,0
DA:366,0
DA:367,0
DA:368,0
DA:369,0
DA:371,0
DA:372,0
DA:374,0
DA:376,0
DA:378,0
DA:379,0
DA:380,0
DA:382,0
DA:383,0
DA:386,0
DA:387,0
DA:388,0
DA:389,0
DA:392,0
DA:393,0
DA:396,0
DA:405,0
DA:406,0
DA:409,0
DA:410,0
DA:411,0
DA:412,0
DA:413,0
DA:418,0
DA:432,0
DA:434,0
DA:435,0
DA:437,0
DA:438,0
DA:440,0
DA:441,0
DA:442,0
DA:443,0
DA:444,0
DA:445,0
DA:446,0
DA:447,0
DA:448,0
DA:449,0
DA:461,0
DA:462,0
DA:463,0
DA:466,0
DA:467,0
DA:468,0
DA:469,0
DA:470,0
DA:471,0
DA:472,0
DA:473,0
DA:476,0
DA:487,0
DA:488,0
DA:489,0
DA:492,0
DA:493,0
DA:494,0
DA:495,0
DA:499,0
DA:504,0
DA:508,0
DA:523,0
DA:524,0
DA:527,0
DA:540,0
DA:541,0
DA:544,0
DA:564,0
DA:565,0
DA:566,0
DA:567,0
DA:569,0
DA:570,0
DA:581,0
DA:582,0
DA:584,0
DA:585,0
DA:586,0
DA:587,0
DA:605,0
DA:606,0
DA:607,0
DA:608,0
DA:609,0
DA:610,0
DA:612,0
DA:615,0
DA:619,0
DA:629,0
DA:636,0
LF:212
LH:0
BRDA:61,0,0,0
BRDA:61,0,1,0
BRDA:62,1,0,0
BRDA:62,1,1,0
BRDA:63,2,0,0
BRDA:63,2,1,0
BRDA:66,3,0,0
BRDA:66,3,1,0
BRDA:67,4,0,0
BRDA:67,4,1,0
BRDA:70,5,0,0
BRDA:70,5,1,0
BRDA:106,6,0,0
BRDA:106,7,0,0
BRDA:114,8,0,0
BRDA:114,8,1,0
BRDA:118,9,0,0
BRDA:118,9,1,0
BRDA:121,10,0,0
BRDA:121,10,1,0
BRDA:123,11,0,0
BRDA:123,11,1,0
BRDA:124,12,0,0
BRDA:124,12,1,0
BRDA:137,13,0,0
BRDA:137,13,1,0
BRDA:138,14,0,0
BRDA:138,14,1,0
BRDA:142,15,0,0
BRDA:142,15,1,0
BRDA:144,16,0,0
BRDA:144,16,1,0
BRDA:155,17,0,0
BRDA:155,17,1,0
BRDA:162,18,0,0
BRDA:162,18,1,0
BRDA:178,19,0,0
BRDA:178,19,1,0
BRDA:180,20,0,0
BRDA:180,20,1,0
BRDA:181,21,0,0
BRDA:181,21,1,0
BRDA:206,22,0,0
BRDA:206,22,1,0
BRDA:229,23,0,0
BRDA:229,23,1,0
BRDA:243,24,0,0
BRDA:245,25,0,0
BRDA:245,25,1,0
BRDA:252,26,0,0
BRDA:252,26,1,0
BRDA:252,27,0,0
BRDA:252,27,1,0
BRDA:310,28,0,0
BRDA:310,28,1,0
BRDA:323,29,0,0
BRDA:325,30,0,0
BRDA:325,30,1,0
BRDA:332,31,0,0
BRDA:332,31,1,0
BRDA:332,32,0,0
BRDA:332,32,1,0
BRDA:392,33,0,0
BRDA:392,33,1,0
BRDA:406,34,0,0
BRDA:406,34,1,0
BRDA:412,35,0,0
BRDA:412,35,1,0
BRDA:412,36,0,0
BRDA:412,36,1,0
BRDA:440,37,0,0
BRDA:440,37,1,0
BRDA:445,38,0,0
BRDA:445,38,1,0
BRDA:467,39,0,0
BRDA:467,39,1,0
BRDA:488,40,0,0
BRDA:488,40,1,0
BRDA:493,41,0,0
BRDA:493,41,1,0
BRDA:493,41,2,0
BRDA:494,42,0,0
BRDA:494,42,1,0
BRDA:499,43,0,0
BRDA:499,43,1,0
BRDA:522,44,0,0
BRDA:523,45,0,0
BRDA:523,45,1,0
BRDA:523,46,0,0
BRDA:523,46,1,0
BRDA:523,46,2,0
BRDA:540,47,0,0
BRDA:540,47,1,0
BRDA:540,48,0,0
BRDA:540,48,1,0
BRDA:540,48,2,0
BRDA:562,49,0,0
BRDA:585,50,0,0
BRDA:585,50,1,0
BRDA:585,51,0,0
BRDA:585,51,1,0
BRDA:585,51,2,0
BRDA:585,51,3,0
BRDA:586,52,0,0
BRDA:586,52,1,0
BRDA:606,53,0,0
BRDA:606,53,1,0
BRDA:606,54,0,0
BRDA:606,54,1,0
BRDA:608,55,0,0
BRDA:608,55,1,0
BRDA:609,56,0,0
BRDA:609,56,1,0
BRDA:629,57,0,0
BRDA:629,57,1,0
BRDA:629,57,2,0
BRF:116
BRH:0
end_of_record
TN:
SF:js/coalition-loader.js
FN:146,(anonymous_0)
FN:447,getCurrentLanguage
FN:453,getTranslations
FN:463,parseCSV
FN:467,(anonymous_4)
FN:475,(anonymous_5)
FN:489,isCacheFresh
FN:508,getCachedData
FN:524,setCachedData
FN:542,fetchCSV
FN:555,(anonymous_10)
FN:567,loadPartySummary
FN:580,(anonymous_12)
FN:590,loadPartyRoles
FN:603,(anonymous_14)
FN:616,loadPoliticianData
FN:636,loadExperienceData
FN:658,getPartyLeader
FN:660,(anonymous_18)
FN:672,(anonymous_19)
FN:694,getEnhancedLeaderInfo
FN:698,(anonymous_21)
FN:735,renderCoalition
FN:753,(anonymous_23)
FN:756,(anonymous_24)
FN:763,(anonymous_25)
FN:768,(anonymous_26)
FN:889,showLoading
FN:904,showError
FN:923,init
FN:931,(anonymous_30)
FN:935,(anonymous_31)
FN:966,(anonymous_32)
FN:967,(anonymous_33)
FNF:34
FNH:0
FNDA:0,(anonymous_0)
FNDA:0,getCurrentLanguage
FNDA:0,getTranslations
FNDA:0,parseCSV
FNDA:0,(anonymous_4)
FNDA:0,(anonymous_5)
FNDA:0,isCacheFresh
FNDA:0,getCachedData
FNDA:0,setCachedData
FNDA:0,fetchCSV
FNDA:0,(anonymous_10)
FNDA:0,loadPartySummary
FNDA:0,(anonymous_12)
FNDA:0,loadPartyRoles
FNDA:0,(anonymous_14)
FNDA:0,loadPoliticianData
FNDA:0,loadExperienceData
FNDA:0,getPartyLeader
FNDA:0,(anonymous_18)
FNDA:0,(anonymous_19)
FNDA:0,getEnhancedLeaderInfo
FNDA:0,(anonymous_21)
FNDA:0,renderCoalition
FNDA:0,(anonymous_23)
FNDA:0,(anonymous_24)
FNDA:0,(anonymous_25)
FNDA:0,(anonymous_26)
FNDA:0,showLoading
FNDA:0,showError
FNDA:0,init
FNDA:0,(anonymous_30)
FNDA:0,(anonymous_31)
FNDA:0,(anonymous_32)
FNDA:0,(anonymous_33)
DA:146,0
DA:150,0
DA:165,0
DA:177,0
DA:448,0
DA:449,0
DA:454,0
DA:455,0
DA:464,0
DA:465,0
DA:467,0
DA:468,0
DA:470,0
DA:471,0
DA:472,0
DA:474,0
DA:475,0
DA:476,0
DA:478,0
DA:481,0
DA:490,0
DA:491,0
DA:492,0
DA:494,0
DA:495,0
DA:496,0
DA:498,0
DA:499,0
DA:509,0
DA:510,0
DA:511,0
DA:512,0
DA:514,0
DA:515,0
DA:525,0
DA:526,0
DA:530,0
DA:532,0
DA:543,0
DA:545,0
DA:546,0
DA:547,0
DA:548,0
DA:550,0
DA:552,0
DA:554,0
DA:555,0
DA:556,0
DA:559,0
DA:568,0
DA:569,0
DA:570,0
DA:571,0
DA:572,0
DA:575,0
DA:576,0
DA:577,0
DA:580,0
DA:582,0
DA:583,0
DA:591,0
DA:592,0
DA:593,0
DA:594,0
DA:595,0
DA:598,0
DA:599,0
DA:600,0
DA:603,0
DA:604,0
DA:608,0
DA:609,0
DA:617,0
DA:618,0
DA:619,0
DA:620,0
DA:621,0
DA:624,0
DA:625,0
DA:626,0
DA:628,0
DA:629,0
DA:637,0
DA:638,0
DA:639,0
DA:640,0
DA:641,0
DA:644,0
DA:645,0
DA:646,0
DA:648,0
DA:649,0
DA:660,0
DA:661,0
DA:664,0
DA:665,0
DA:672,0
DA:673,0
DA:676,0
DA:677,0
DA:684,0
DA:695,0
DA:698,0
DA:699,0
DA:702,0
DA:703,0
DA:706,0
DA:707,0
DA:710,0
DA:711,0
DA:712,0
DA:713,0
DA:714,0
DA:715,0
DA:716,0
DA:719,0
DA:736,0
DA:737,0
DA:738,0
DA:739,0
DA:742,0
DA:743,0
DA:744,0
DA:745,0
DA:746,0
DA:750,0
DA:753,0
DA:756,0
DA:757,0
DA:758,0
DA:759,0
DA:763,0
DA:764,0
DA:768,0
DA:769,0
DA:770,0
DA:771,0
DA:773,0
DA:774,0
DA:775,0
DA:777,0
DA:778,0
DA:779,0
DA:782,0
DA:783,0
DA:786,0
DA:787,0
DA:788,0
DA:791,0
DA:792,0
DA:793,0
DA:796,0
DA:797,0
DA:800,0
DA:801,0
DA:802,0
DA:803,0
DA:804,0
DA:807,0
DA:808,0
DA:809,0
DA:810,0
DA:814,0
DA:815,0
DA:816,0
DA:818,0
DA:821,0
DA:822,0
DA:824,0
DA:825,0
DA:826,0
DA:827,0
DA:828,0
DA:829,0
DA:832,0
DA:833,0
DA:834,0
DA:835,0
DA:836,0
DA:839,0
DA:840,0
DA:841,0
DA:842,0
DA:845,0
DA:846,0
DA:847,0
DA:848,0
DA:849,0
DA:853,0
DA:854,0
DA:855,0
DA:856,0
DA:857,0
DA:861,0
DA:862,0
DA:863,0
DA:864,0
DA:865,0
DA:866,0
DA:869,0
DA:872,0
DA:874,0
DA:878,0
DA:879,0
DA:880,0
DA:883,0
DA:890,0
DA:891,0
DA:893,0
DA:894,0
DA:895,0
DA:896,0
DA:905,0
DA:906,0
DA:908,0
DA:909,0
DA:910,0
DA:911,0
DA:912,0
DA:913,0
DA:914,0
DA:915,0
DA:917,0
DA:924,0
DA:925,0
DA:928,0
DA:932,0
DA:933,0
DA:936,0
DA:937,0
DA:941,0
DA:949,0
DA:952,0
DA:957,0
DA:958,0
DA:960,0
DA:964,0
DA:967,0
DA:968,0
DA:969,0
DA:972,0
LF:241
LH:0
BRDA:448,0,0,0
BRDA:448,0,1,0
BRDA:455,1,0,0
BRDA:455,1,1,0
BRDA:465,2,0,0
BRDA:465,2,1,0
BRDA:472,3,0,0
BRDA:472,3,1,0
BRDA:492,4,0,0
BRDA:492,4,1,0
BRDA:510,5,0,0
BRDA:510,5,1,0
BRDA:512,6,0,0
BRDA:512,6,1,0
BRDA:542,7,0,0
BRDA:547,8,0,0
BRDA:547,8,1,0
BRDA:554,9,0,0
BRDA:554,9,1,0
BRDA:570,10,0,0
BRDA:570,10,1,0
BRDA:593,11,0,0
BRDA:593,11,1,0
BRDA:604,12,0,0
BRDA:604,12,1,0
BRDA:604,12,2,0
BRDA:619,13,0,0
BRDA:619,13,1,0
BRDA:639,14,0,0
BRDA:639,14,1,0
BRDA:661,15,0,0
BRDA:661,15,1,0
BRDA:664,16,0,0
BRDA:664,16,1,0
BRDA:673,17,0,0
BRDA:673,17,1,0
BRDA:676,18,0,0
BRDA:676,18,1,0
BRDA:695,19,0,0
BRDA:695,19,1,0
BRDA:699,20,0,0
BRDA:699,20,1,0
BRDA:706,21,0,0
BRDA:706,21,1,0
BRDA:707,22,0,0
BRDA:707,22,1,0
BRDA:710,23,0,0
BRDA:710,23,1,0
BRDA:711,24,0,0
BRDA:711,24,1,0
BRDA:713,25,0,0
BRDA:713,25,1,0
BRDA:715,26,0,0
BRDA:715,26,1,0
BRDA:735,27,0,0
BRDA:735,28,0,0
BRDA:737,29,0,0
BRDA:737,29,1,0
BRDA:744,30,0,0
BRDA:744,30,1,0
BRDA:757,31,0,0
BRDA:757,31,1,0
BRDA:758,32,0,0
BRDA:758,32,1,0
BRDA:764,33,0,0
BRDA:764,33,1,0
BRDA:771,34,0,0
BRDA:771,34,1,0
BRDA:773,35,0,0
BRDA:773,35,1,0
BRDA:774,36,0,0
BRDA:774,36,1,0
BRDA:775,37,0,0
BRDA:775,37,1,0
BRDA:779,38,0,0
BRDA:779,38,1,0
BRDA:807,39,0,0
BRDA:807,39,1,0
BRDA:832,40,0,0
BRDA:832,40,1,0
BRDA:845,41,0,0
BRDA:845,41,1,0
BRDA:853,42,0,0
BRDA:853,42,1,0
BRDA:853,43,0,0
BRDA:853,43,1,0
BRDA:861,44,0,0
BRDA:861,44,1,0
BRDA:861,45,0,0
BRDA:861,45,1,0
BRDA:863,46,0,0
BRDA:863,46,1,0
BRDA:879,47,0,0
BRDA:879,47,1,0
BRDA:891,48,0,0
BRDA:891,48,1,0
BRDA:894,49,0,0
BRDA:894,49,1,0
BRDA:906,50,0,0
BRDA:906,50,1,0
BRDA:909,51,0,0
BRDA:909,51,1,0
BRDA:957,52,0,0
BRDA:957,52,1,0
BRDA:968,53,0,0
BRDA:968,53,1,0
BRF:106
BRH:0
end_of_record
TN:
SF:js/dashboard-integration-example.js
FN:123,example1_SimpleBarChart
FN:130,(anonymous_1)
FN:169,example2_LineChartWithError
FN:176,(anonymous_3)
FN:212,example3_MultipleChartsWithResize
FN:216,(anonymous_5)
FN:219,(anonymous_6)
FN:229,(anonymous_7)
FN:256,example4_D3HeatmapWithThemeColors
FN:261,(anonymous_9)
FN:284,(anonymous_10)
FN:295,(anonymous_11)
FN:296,(anonymous_12)
FN:299,(anonymous_13)
FN:303,(anonymous_14)
FN:324,runCompleteDashboardExample
FN:343,initDashboard
FN:345,(anonymous_17)
FN:365,(anonymous_18)
FN:374,fetchData
FN:385,createEffectivenessChart
FN:398,(anonymous_21)
FN:401,(anonymous_22)
FN:411,(anonymous_23)
FN:427,createComparisonChart
FN:440,(anonymous_25)
FN:443,(anonymous_26)
FN:457,createMomentumChart
FN:470,(anonymous_28)
FN:473,(anonymous_29)
FNF:30
FNH:0
FNDA:0,example1_SimpleBarChart
FNDA:0,(anonymous_1)
FNDA:0,example2_LineChartWithError
FNDA:0,(anonymous_3)
FNDA:0,example3_MultipleChartsWithResize
FNDA:0,(anonymous_5)
FNDA:0,(anonymous_6)
FNDA:0,(anonymous_7)
FNDA:0,example4_D3HeatmapWithThemeColors
FNDA:0,(anonymous_9)
FNDA:0,(anonymous_10)
FNDA:0,(anonymous_11)
FNDA:0,(anonymous_12)
FNDA:0,(anonymous_13)
FNDA:0,(anonymous_14)
FNDA:0,runCompleteDashboardExample
FNDA:0,initDashboard
FNDA:0,(anonymous_17)
FNDA:0,(anonymous_18)
FNDA:0,fetchData
FNDA:0,createEffectivenessChart
FNDA:0,(anonymous_21)
FNDA:0,(anonymous_22)
FNDA:0,(anonymous_23)
FNDA:0,createComparisonChart
FNDA:0,(anonymous_25)
FNDA:0,(anonymous_26)
FNDA:0,createMomentumChart
FNDA:0,(anonymous_28)
FNDA:0,(anonymous_29)
DA:124,0
DA:127,0
DA:130,0
DA:131,0
DA:137,0
DA:140,0
DA:141,0
DA:142,0
DA:146,0
DA:147,0
DA:161,0
DA:170,0
DA:173,0
DA:176,0
DA:177,0
DA:179,0
DA:181,0
DA:182,0
DA:186,0
DA:188,0
DA:189,0
DA:204,0
DA:213,0
DA:216,0
DA:217,0
DA:219,0
DA:220,0
DA:222,0
DA:223,0
DA:229,0
DA:243,0
DA:244,0
DA:249,0
DA:257,0
DA:259,0
DA:261,0
DA:262,0
DA:264,0
DA:265,0
DA:266,0
DA:269,0
DA:276,0
DA:284,0
DA:290,0
DA:292,0
DA:295,0
DA:296,0
DA:299,0
DA:305,0
DA:328,0
DA:338,0
DA:345,0
DA:346,0
DA:349,0
DA:351,0
DA:354,0
DA:355,0
DA:356,0
DA:359,0
DA:364,0
DA:365,0
DA:366,0
DA:375,0
DA:376,0
DA:377,0
DA:379,0
DA:386,0
DA:387,0
DA:389,0
DA:390,0
DA:391,0
DA:394,0
DA:395,0
DA:398,0
DA:401,0
DA:412,0
DA:420,0
DA:421,0
DA:428,0
DA:429,0
DA:431,0
DA:432,0
DA:433,0
DA:436,0
DA:437,0
DA:440,0
DA:443,0
DA:450,0
DA:451,0
DA:458,0
DA:459,0
DA:461,0
DA:462,0
DA:463,0
DA:466,0
DA:467,0
DA:470,0
DA:473,0
DA:484,0
DA:485,0
DA:489,0
DA:490,0
DA:492,0
DA:500,0
DA:501,0
DA:518,0
DA:521,0
DA:522,0
LF:108
LH:0
BRDA:140,0,0,0
BRDA:140,0,1,0
BRDA:140,1,0,0
BRDA:140,1,1,0
BRDA:179,2,0,0
BRDA:179,2,1,0
BRDA:224,3,0,0
BRDA:224,3,1,0
BRDA:224,4,0,0
BRDA:224,4,1,0
BRDA:239,5,0,0
BRDA:239,5,1,0
BRDA:239,6,0,0
BRDA:239,6,1,0
BRDA:376,7,0,0
BRDA:376,7,1,0
BRDA:389,8,0,0
BRDA:389,8,1,0
BRDA:389,9,0,0
BRDA:389,9,1,0
BRDA:431,10,0,0
BRDA:431,10,1,0
BRDA:431,11,0,0
BRDA:431,11,1,0
BRDA:461,12,0,0
BRDA:461,12,1,0
BRDA:461,13,0,0
BRDA:461,13,1,0
BRDA:489,14,0,0
BRDA:489,14,1,0
BRDA:500,15,0,0
BRDA:500,15,1,0
BRDA:500,16,0,0
BRDA:500,16,1,0
BRDA:518,17,0,0
BRDA:518,17,1,0
BRDA:518,18,0,0
BRDA:518,18,1,0
BRDA:521,19,0,0
BRDA:521,19,1,0
BRDA:521,20,0,0
BRDA:521,20,1,0
BRF:42
BRH:0
end_of_record
TN:
SF:js/logger.js
FN:34,(anonymous_0)
FN:44,(anonymous_1)
FN:54,(anonymous_2)
FN:62,(anonymous_3)
FNF:4
FNH:0
FNDA:0,(anonymous_0)
FNDA:0,(anonymous_1)
FNDA:0,(anonymous_2)
FNDA:0,(anonymous_3)
DA:22,0
DA:29,0
DA:35,0
DA:36,0
DA:45,0
DA:46,0
DA:55,0
DA:63,0
LF:8
LH:0
BRDA:22,0,0,0
BRDA:22,0,1,0
BRDA:35,1,0,0
BRDA:35,1,1,0
BRDA:45,2,0,0
BRDA:45,2,1,0
BRF:6
BRH:0
end_of_record
TN:
SF:js/risk-dashboard.js
FN:116,(anonymous_0)
FN:123,(anonymous_1)
FN:124,(anonymous_2)
FN:125,(anonymous_3)
FN:126,(anonymous_4)
FN:171,classifyRiskLevel
FN:178,getRiskColor
FN:183,parseCSV
FN:188,fetchCIAData
FN:200,loadCIAData
FN:233,(anonymous_10)
FN:243,(anonymous_11)
FN:264,calculatePercentile
FN:265,(anonymous_13)
FN:274,updateEarlyWarnings
FN:275,(anonymous_15)
FN:276,(anonymous_16)
FN:281,(anonymous_17)
FN:317,createHeatMap
FN:349,(anonymous_19)
FN:350,(anonymous_20)
FN:371,(anonymous_21)
FN:378,(anonymous_22)
FN:388,(anonymous_23)
FN:389,(anonymous_24)
FN:392,(anonymous_25)
FN:397,(anonymous_26)
FN:399,(anonymous_27)
FN:406,(anonymous_28)
FN:416,(anonymous_29)
FN:421,(anonymous_30)
FN:425,(anonymous_31)
FN:466,(anonymous_32)
FN:484,(anonymous_33)
FN:498,(anonymous_34)
FN:503,(anonymous_35)
FN:508,(anonymous_36)
FN:512,(anonymous_37)
FN:517,(anonymous_38)
FN:523,(anonymous_39)
FN:525,(anonymous_40)
FN:533,(anonymous_41)
FN:540,(anonymous_42)
FN:544,(anonymous_43)
FN:549,createLegend
FN:560,(anonymous_45)
FN:586,createRiskDistributionChart
FN:591,(anonymous_47)
FN:592,(anonymous_48)
FN:593,(anonymous_49)
FN:594,(anonymous_50)
FN:623,(anonymous_51)
FN:624,(anonymous_52)
FN:650,createAnomalyDetectionChart
FN:675,(anonymous_54)
FN:680,(anonymous_55)
FN:691,(anonymous_56)
FN:698,(anonymous_57)
FN:705,(anonymous_58)
FN:748,(anonymous_59)
FN:762,(anonymous_60)
FN:780,createCrisisResilienceChart
FN:786,(anonymous_62)
FN:797,(anonymous_63)
FN:801,(anonymous_64)
FN:821,(anonymous_65)
FN:831,createRiskEvolutionChart
FN:847,(anonymous_67)
FN:849,(anonymous_68)
FN:894,(anonymous_69)
FN:915,createTop10Lists
FN:919,(anonymous_71)
FN:920,(anonymous_72)
FN:929,(anonymous_73)
FN:939,(anonymous_74)
FN:948,(anonymous_75)
FN:961,initDashboard
FNF:77
FNH:0
FNDA:0,(anonymous_0)
FNDA:0,(anonymous_1)
FNDA:0,(anonymous_2)
FNDA:0,(anonymous_3)
FNDA:0,(anonymous_4)
FNDA:0,classifyRiskLevel
FNDA:0,getRiskColor
FNDA:0,parseCSV
FNDA:0,fetchCIAData
FNDA:0,loadCIAData
FNDA:0,(anonymous_10)
FNDA:0,(anonymous_11)
FNDA:0,calculatePercentile
FNDA:0,(anonymous_13)
FNDA:0,updateEarlyWarnings
FNDA:0,(anonymous_15)
FNDA:0,(anonymous_16)
FNDA:0,(anonymous_17)
FNDA:0,createHeatMap
FNDA:0,(anonymous_19)
FNDA:0,(anonymous_20)
FNDA:0,(anonymous_21)
FNDA:0,(anonymous_22)
FNDA:0,(anonymous_23)
FNDA:0,(anonymous_24)
FNDA:0,(anonymous_25)
FNDA:0,(anonymous_26)
FNDA:0,(anonymous_27)
FNDA:0,(anonymous_28)
FNDA:0,(anonymous_29)
FNDA:0,(anonymous_30)
FNDA:0,(anonymous_31)
FNDA:0,(anonymous_32)
FNDA:0,(anonymous_33)
FNDA:0,(anonymous_34)
FNDA:0,(anonymous_35)
FNDA:0,(anonymous_36)
FNDA:0,(anonymous_37)
FNDA:0,(anonymous_38)
FNDA:0,(anonymous_39)
FNDA:0,(anonymous_40)
FNDA:0,(anonymous_41)
FNDA:0,(anonymous_42)
FNDA:0,(anonymous_43)
FNDA:0,createLegend
FNDA:0,(anonymous_45)
FNDA:0,createRiskDistributionChart
FNDA:0,(anonymous_47)
FNDA:0,(anonymous_48)
FNDA:0,(anonymous_49)
FNDA:0,(anonymous_50)
FNDA:0,(anonymous_51)
FNDA:0,(anonymous_52)
FNDA:0,createAnomalyDetectionChart
FNDA:0,(anonymous_54)
FNDA:0,(anonymous_55)
FNDA:0,(anonymous_56)
FNDA:0,(anonymous_57)
FNDA:0,(anonymous_58)
FNDA:0,(anonymous_59)
FNDA:0,(anonymous_60)
FNDA:0,createCrisisResilienceChart
FNDA:0,(anonymous_62)
FNDA:0,(anonymous_63)
FNDA:0,(anonymous_64)
FNDA:0,(anonymous_65)
FNDA:0,createRiskEvolutionChart
FNDA:0,(anonymous_67)
FNDA:0,(anonymous_68)
FNDA:0,(anonymous_69)
FNDA:0,createTop10Lists
FNDA:0,(anonymous_71)
FNDA:0,(anonymous_72)
FNDA:0,(anonymous_73)
FNDA:0,(anonymous_74)
FNDA:0,(anonymous_75)
FNDA:0,initDashboard
DA:116,0
DA:120,0
DA:122,0
DA:123,0
DA:124,0
DA:125,0
DA:126,0
DA:133,0
DA:140,0
DA:151,0
DA:172,0
DA:173,0
DA:174,0
DA:175,0
DA:179,0
DA:180,0
DA:185,0
DA:189,0
DA:190,0
DA:191,0
DA:192,0
DA:193,0
DA:195,0
DA:196,0
DA:201,0
DA:204,0
DA:206,0
DA:207,0
DA:208,0
DA:211,0
DA:215,0
DA:216,0
DA:233,0
DA:234,0
DA:235,0
DA:236,0
DA:237,0
DA:238,0
DA:239,0
DA:243,0
DA:245,0
DA:246,0
DA:248,0
DA:260,0
DA:261,0
DA:265,0
DA:266,0
DA:267,0
DA:275,0
DA:276,0
DA:278,0
DA:280,0
DA:281,0
DA:282,0
DA:285,0
DA:286,0
DA:287,0
DA:288,0
DA:290,0
DA:291,0
DA:292,0
DA:293,0
DA:295,0
DA:296,0
DA:297,0
DA:298,0
DA:302,0
DA:304,0
DA:305,0
DA:309,0
DA:318,0
DA:319,0
DA:322,0
DA:323,0
DA:324,0
DA:325,0
DA:326,0
DA:329,0
DA:336,0
DA:349,0
DA:350,0
DA:353,0
DA:358,0
DA:364,0
DA:368,0
DA:372,0
DA:375,0
DA:378,0
DA:379,0
DA:383,0
DA:388,0
DA:389,0
DA:392,0
DA:397,0
DA:400,0
DA:401,0
DA:403,0
DA:407,0
DA:414,0
DA:417,0
DA:422,0
DA:423,0
DA:426,0
DA:428,0
DA:429,0
DA:431,0
DA:448,0
DA:452,0
DA:455,0
DA:461,0
DA:463,0
DA:464,0
DA:466,0
DA:467,0
DA:468,0
DA:469,0
DA:470,0
DA:471,0
DA:472,0
DA:475,0
DA:476,0
DA:477,0
DA:478,0
DA:479,0
DA:481,0
DA:484,0
DA:485,0
DA:486,0
DA:489,0
DA:493,0
DA:498,0
DA:503,0
DA:506,0
DA:508,0
DA:512,0
DA:517,0
DA:520,0
DA:523,0
DA:524,0
DA:525,0
DA:527,0
DA:532,0
DA:533,0
DA:534,0
DA:535,0
DA:536,0
DA:537,0
DA:540,0
DA:541,0
DA:542,0
DA:544,0
DA:550,0
DA:551,0
DA:553,0
DA:560,0
DA:561,0
DA:562,0
DA:563,0
DA:564,0
DA:566,0
DA:567,0
DA:568,0
DA:569,0
DA:570,0
DA:571,0
DA:573,0
DA:574,0
DA:576,0
DA:577,0
DA:578,0
DA:587,0
DA:590,0
DA:591,0
DA:592,0
DA:593,0
DA:594,0
DA:597,0
DA:624,0
DA:625,0
DA:626,0
DA:651,0
DA:655,0
DA:656,0
DA:657,0
DA:659,0
DA:660,0
DA:661,0
DA:662,0
DA:665,0
DA:666,0
DA:667,0
DA:668,0
DA:675,0
DA:676,0
DA:677,0
DA:680,0
DA:681,0
DA:682,0
DA:685,0
DA:691,0
DA:698,0
DA:705,0
DA:749,0
DA:763,0
DA:764,0
DA:781,0
DA:785,0
DA:786,0
DA:791,0
DA:797,0
DA:801,0
DA:822,0
DA:832,0
DA:835,0
DA:836,0
DA:838,0
DA:839,0
DA:840,0
DA:841,0
DA:846,0
DA:847,0
DA:848,0
DA:849,0
DA:850,0
DA:851,0
DA:852,0
DA:853,0
DA:856,0
DA:867,0
DA:895,0
DA:917,0
DA:918,0
DA:919,0
DA:920,0
DA:923,0
DA:924,0
DA:925,0
DA:926,0
DA:927,0
DA:929,0
DA:930,0
DA:931,0
DA:932,0
DA:937,0
DA:938,0
DA:939,0
DA:942,0
DA:943,0
DA:944,0
DA:945,0
DA:946,0
DA:948,0
DA:949,0
DA:950,0
DA:951,0
DA:952,0
DA:962,0
DA:965,0
DA:967,0
DA:968,0
DA:971,0
DA:972,0
DA:975,0
DA:976,0
DA:979,0
DA:982,0
DA:983,0
DA:984,0
DA:996,0
DA:997,0
DA:1001,0
DA:1004,0
DA:1005,0
DA:1006,0
DA:1007,0
DA:1008,0
DA:1009,0
DA:1010,0
DA:1012,0
DA:1016,0
DA:1017,0
DA:1019,0
LF:282
LH:0
BRDA:120,0,0,0
BRDA:120,0,1,0
BRDA:123,1,0,0
BRDA:123,1,1,0
BRDA:124,2,0,0
BRDA:124,2,1,0
BRDA:172,3,0,0
BRDA:172,3,1,0
BRDA:173,4,0,0
BRDA:173,4,1,0
BRDA:174,5,0,0
BRDA:174,5,1,0
BRDA:191,6,0,0
BRDA:191,6,1,0
BRDA:206,7,0,0
BRDA:206,7,1,0
BRDA:206,8,0,0
BRDA:206,8,1,0
BRDA:234,9,0,0
BRDA:234,9,1,0
BRDA:235,10,0,0
BRDA:235,10,1,0
BRDA:236,11,0,0
BRDA:236,11,1,0
BRDA:237,12,0,0
BRDA:237,12,1,0
BRDA:238,13,0,0
BRDA:238,13,1,0
BRDA:239,14,0,0
BRDA:239,14,1,0
BRDA:280,15,0,0
BRDA:280,15,1,0
BRDA:296,16,0,0
BRDA:296,16,1,0
BRDA:400,17,0,0
BRDA:400,17,1,0
BRDA:400,18,0,0
BRDA:400,18,1,0
BRDA:429,19,0,0
BRDA:429,19,1,0
BRDA:503,20,0,0
BRDA:503,20,1,0
BRDA:524,21,0,0
BRDA:524,21,1,0
BRDA:525,22,0,0
BRDA:525,22,1,0
BRDA:536,23,0,0
BRDA:536,23,1,0
BRDA:541,24,0,0
BRDA:541,24,1,0
BRDA:544,25,0,0
BRDA:544,25,1,0
BRDA:592,26,0,0
BRDA:592,26,1,0
BRDA:593,27,0,0
BRDA:593,27,1,0
BRDA:666,28,0,0
BRDA:666,28,1,0
BRDA:682,29,0,0
BRDA:682,29,1,0
BRDA:691,30,0,0
BRDA:691,30,1,0
BRDA:840,31,0,0
BRDA:840,31,1,0
BRDA:840,32,0,0
BRDA:840,32,1,0
BRDA:919,33,0,0
BRDA:919,33,1,0
BRDA:919,34,0,0
BRDA:919,34,1,0
BRDA:923,35,0,0
BRDA:923,35,1,0
BRDA:942,36,0,0
BRDA:942,36,1,0
BRDA:971,37,0,0
BRDA:971,37,1,0
BRDA:971,38,0,0
BRDA:971,38,1,0
BRDA:971,38,2,0
BRDA:983,39,0,0
BRDA:983,39,1,0
BRDA:1016,40,0,0
BRDA:1016,40,1,0
BRF:83
BRH:0
end_of_record
TN:
SF:scripts/article-quality-enhancer.ts
FN:64,stripHtml
FN:81,assessAnalyticalDepth
FN:87,(anonymous_2)
FN:92,(anonymous_3)
FN:97,(anonymous_4)
FN:102,(anonymous_5)
FN:122,countPartyPerspectives
FN:127,(anonymous_7)
FN:147,countCrossReferences
FN:150,(anonymous_9)
FN:152,(anonymous_10)
FN:164,hasWhyThisMatters
FN:173,(anonymous_12)
FN:182,hasHistoricalContext
FN:192,(anonymous_14)
FN:201,hasInternationalComparison
FN:211,(anonymous_16)
FN:238,calculateQualityScore
FN:274,enhanceArticleQuality
FN:355,batchEnhanceQuality
FNF:20
FNH:19
FNDA:13,stripHtml
FNDA:6,assessAnalyticalDepth
FNDA:42,(anonymous_2)
FNDA:36,(anonymous_3)
FNDA:36,(anonymous_4)
FNDA:36,(anonymous_5)
FNDA:6,countPartyPerspectives
FNDA:48,(anonymous_7)
FNDA:6,countCrossReferences
FNDA:36,(anonymous_9)
FNDA:7,(anonymous_10)
FNDA:5,hasWhyThisMatters
FNDA:16,(anonymous_12)
FNDA:5,hasHistoricalContext
FNDA:10,(anonymous_14)
FNDA:2,hasInternationalComparison
FNDA:10,(anonymous_16)
FNDA:6,calculateQualityScore
FNDA:3,enhanceArticleQuality
FNDA:0,batchEnhanceQuality
DA:25,1
DA:39,1
DA:51,1
DA:65,13
DA:82,6
DA:83,6
DA:86,6
DA:87,42
DA:88,6
DA:91,6
DA:92,36
DA:93,6
DA:96,6
DA:97,36
DA:98,6
DA:101,6
DA:102,36
DA:103,6
DA:106,6
DA:108,6
DA:110,6
DA:123,6
DA:124,6
DA:127,6
DA:129,48
DA:130,125
DA:131,125
DA:132,26
DA:133,26
DA:138,6
DA:148,6
DA:150,6
DA:151,36
DA:152,36
DA:155,6
DA:165,5
DA:173,16
DA:183,5
DA:184,5
DA:192,10
DA:202,2
DA:203,2
DA:211,10
DA:239,6
DA:248,6
DA:251,6
DA:254,6
DA:257,6
DA:260,6
DA:261,6
DA:262,6
DA:264,6
DA:278,3
DA:280,3
DA:281,1
DA:288,2
DA:291,2
DA:301,2
DA:304,2
DA:306,2
DA:307,1
DA:310,2
DA:311,1
DA:314,2
DA:315,0
DA:318,2
DA:319,2
DA:322,2
DA:323,0
DA:327,2
DA:329,2
DA:330,0
DA:333,2
DA:334,0
DA:337,2
DA:359,0
DA:361,0
DA:362,0
DA:363,0
DA:366,0
LF:80
LH:71
BRDA:106,0,0,6
BRDA:106,0,1,6
BRDA:107,1,0,6
BRDA:107,1,1,4
BRDA:131,2,0,26
BRDA:131,2,1,99
BRDA:152,3,0,36
BRDA:152,3,1,33
BRDA:260,4,0,4
BRDA:260,4,1,2
BRDA:261,5,0,4
BRDA:261,5,1,2
BRDA:262,6,0,2
BRDA:262,6,1,4
BRDA:276,7,0,3
BRDA:280,8,0,1
BRDA:280,8,1,2
BRDA:306,9,0,1
BRDA:306,9,1,1
BRDA:310,10,0,1
BRDA:310,10,1,1
BRDA:314,11,0,0
BRDA:314,11,1,2
BRDA:318,12,0,2
BRDA:318,12,1,0
BRDA:322,13,0,0
BRDA:322,13,1,2
BRDA:322,14,0,2
BRDA:322,14,1,1
BRDA:329,15,0,0
BRDA:329,15,1,2
BRDA:329,16,0,2
BRDA:329,16,1,2
BRDA:333,17,0,0
BRDA:333,17,1,2
BRDA:333,18,0,2
BRDA:333,18,1,0
BRDA:357,19,0,0
BRF:38
BRH:31
end_of_record
TN:
SF:scripts/article-template.ts
FN:180,getBreadcrumbName
FN:204,getFooterLabel
FN:208,getNewsIndexFilename
FN:217,sanitizeArticleBody
FN:257,generateArticleHTML
FN:337,(anonymous_5)
FN:353,(anonymous_6)
FN:421,(anonymous_7)
FN:551,generateEventCalendar
FN:561,(anonymous_9)
FN:565,(anonymous_10)
FN:595,generateWatchSection
FN:602,(anonymous_12)
FN:623,formatDate
FN:636,formatDateRange
FNF:15
FNH:15
FNDA:514,getBreadcrumbName
FNDA:1799,getFooterLabel
FNDA:257,getNewsIndexFilename
FNDA:257,sanitizeArticleBody
FNDA:257,generateArticleHTML
FNDA:462,(anonymous_5)
FNDA:3598,(anonymous_6)
FNDA:462,(anonymous_7)
FNDA:106,generateEventCalendar
FNDA:107,(anonymous_9)
FNDA:212,(anonymous_10)
FNDA:155,generateWatchSection
FNDA:155,(anonymous_12)
FNDA:257,formatDate
FNDA:106,formatDateRange
DA:160,14
DA:181,514
DA:187,14
DA:205,1799
DA:209,257
DA:210,144
DA:218,257
DA:228,14
DA:248,14
DA:273,257
DA:276,257
DA:278,257
DA:279,257
DA:280,257
DA:283,257
DA:301,257
DA:304,257
DA:305,257
DA:306,257
DA:307,257
DA:308,257
DA:309,257
DA:311,257
DA:337,462
DA:353,3598
DA:421,462
DA:534,14
DA:552,106
DA:553,106
DA:554,106
DA:557,106
DA:561,107
DA:565,212
DA:578,14
DA:596,155
DA:598,155
DA:602,155
DA:614,14
DA:624,257
DA:625,257
DA:626,257
DA:627,257
DA:629,0
DA:637,106
DA:639,106
DA:640,106
DA:642,106
DA:644,106
DA:646,106
DA:647,106
DA:648,106
DA:650,106
DA:651,106
DA:652,106
DA:653,106
DA:655,0
DA:656,0
DA:657,0
LF:58
LH:54
BRDA:181,0,0,514
BRDA:181,0,1,6
BRDA:205,1,0,1799
BRDA:205,1,1,21
BRDA:209,2,0,113
BRDA:209,2,1,144
BRDA:264,3,0,257
BRDA:265,4,0,257
BRDA:268,5,0,257
BRDA:269,6,0,257
BRDA:270,7,0,257
BRDA:271,8,0,257
BRDA:272,9,0,257
BRDA:276,10,0,257
BRDA:276,10,1,257
BRDA:276,10,2,3
BRDA:280,11,0,257
BRDA:280,11,1,0
BRDA:301,12,0,257
BRDA:301,12,1,4
BRDA:301,12,2,1
BRDA:305,13,0,257
BRDA:305,13,1,245
BRDA:306,14,0,19
BRDA:306,14,1,238
BRDA:308,15,0,113
BRDA:308,15,1,144
BRDA:420,16,0,248
BRDA:420,16,1,9
BRDA:487,17,0,257
BRDA:487,17,1,3
BRDA:498,18,0,106
BRDA:498,18,1,151
BRDA:507,19,0,155
BRDA:507,19,1,102
BRDA:551,20,0,106
BRDA:552,21,0,106
BRDA:552,21,1,3
BRDA:554,22,0,106
BRDA:554,22,1,0
BRDA:554,23,0,106
BRDA:554,23,1,106
BRDA:559,24,0,106
BRDA:559,24,1,0
BRDA:561,25,0,0
BRDA:561,25,1,107
BRDA:595,26,0,155
BRDA:596,27,0,155
BRDA:596,27,1,3
BRDA:623,28,0,257
BRDA:624,29,0,257
BRDA:624,29,1,3
BRDA:636,30,0,106
BRDA:637,31,0,0
BRDA:637,31,1,106
BRDA:642,32,0,0
BRDA:642,32,1,106
BRDA:642,33,0,106
BRDA:642,33,1,106
BRDA:644,34,0,0
BRDA:644,34,1,106
BRDA:644,35,0,106
BRDA:644,35,1,106
BRDA:646,36,0,106
BRDA:646,36,1,3
BRF:65
BRH:58
end_of_record
TN:
SF:scripts/data-transformers.ts
FN:204,sanitizeUrl
FN:232,svSpan
FN:382,(anonymous_2)
FN:384,(anonymous_3)
FN:397,(anonymous_4)
FN:400,(anonymous_5)
FN:403,(anonymous_6)
FN:417,(anonymous_7)
FN:418,(anonymous_8)
FN:419,(anonymous_9)
FN:421,(anonymous_10)
FN:422,(anonymous_11)
FN:423,(anonymous_12)
FN:424,(anonymous_13)
FN:425,(anonymous_14)
FN:426,(anonymous_15)
FN:427,(anonymous_16)
FN:430,(anonymous_17)
FN:455,(anonymous_18)
FN:457,(anonymous_19)
FN:470,(anonymous_20)
FN:473,(anonymous_21)
FN:476,(anonymous_22)
FN:490,(anonymous_23)
FN:491,(anonymous_24)
FN:492,(anonymous_25)
FN:494,(anonymous_26)
FN:495,(anonymous_27)
FN:496,(anonymous_28)
FN:497,(anonymous_29)
FN:498,(anonymous_30)
FN:499,(anonymous_31)
FN:500,(anonymous_32)
FN:503,(anonymous_33)
FN:528,(anonymous_34)
FN:530,(anonymous_35)
FN:543,(anonymous_36)
FN:546,(anonymous_37)
FN:549,(anonymous_38)
FN:563,(anonymous_39)
FN:564,(anonymous_40)
FN:565,(anonymous_41)
FN:567,(anonymous_42)
FN:568,(anonymous_43)
FN:569,(anonymous_44)
FN:570,(anonymous_45)
FN:571,(anonymous_46)
FN:572,(anonymous_47)
FN:573,(anonymous_48)
FN:576,(anonymous_49)
FN:601,(anonymous_50)
FN:603,(anonymous_51)
FN:616,(anonymous_52)
FN:619,(anonymous_53)
FN:622,(anonymous_54)
FN:636,(anonymous_55)
FN:637,(anonymous_56)
FN:638,(anonymous_57)
FN:640,(anonymous_58)
FN:641,(anonymous_59)
FN:642,(anonymous_60)
FN:643,(anonymous_61)
FN:644,(anonymous_62)
FN:645,(anonymous_63)
FN:646,(anonymous_64)
FN:649,(anonymous_65)
FN:674,(anonymous_66)
FN:676,(anonymous_67)
FN:689,(anonymous_68)
FN:692,(anonymous_69)
FN:695,(anonymous_70)
FN:709,(anonymous_71)
FN:710,(anonymous_72)
FN:711,(anonymous_73)
FN:713,(anonymous_74)
FN:714,(anonymous_75)
FN:715,(anonymous_76)
FN:716,(anonymous_77)
FN:717,(anonymous_78)
FN:718,(anonymous_79)
FN:719,(anonymous_80)
FN:722,(anonymous_81)
FN:747,(anonymous_82)
FN:749,(anonymous_83)
FN:762,(anonymous_84)
FN:765,(anonymous_85)
FN:768,(anonymous_86)
FN:782,(anonymous_87)
FN:783,(anonymous_88)
FN:784,(anonymous_89)
FN:786,(anonymous_90)
FN:787,(anonymous_91)
FN:788,(anonymous_92)
FN:789,(anonymous_93)
FN:790,(anonymous_94)
FN:791,(anonymous_95)
FN:792,(anonymous_96)
FN:795,(anonymous_97)
FN:820,(anonymous_98)
FN:822,(anonymous_99)
FN:835,(anonymous_100)
FN:838,(anonymous_101)
FN:841,(anonymous_102)
FN:855,(anonymous_103)
FN:856,(anonymous_104)
FN:857,(anonymous_105)
FN:859,(anonymous_106)
FN:860,(anonymous_107)
FN:861,(anonymous_108)
FN:862,(anonymous_109)
FN:863,(anonymous_110)
FN:864,(anonymous_111)
FN:865,(anonymous_112)
FN:868,(anonymous_113)
FN:893,(anonymous_114)
FN:895,(anonymous_115)
FN:908,(anonymous_116)
FN:911,(anonymous_117)
FN:914,(anonymous_118)
FN:928,(anonymous_119)
FN:929,(anonymous_120)
FN:930,(anonymous_121)
FN:932,(anonymous_122)
FN:933,(anonymous_123)
FN:934,(anonymous_124)
FN:935,(anonymous_125)
FN:936,(anonymous_126)
FN:937,(anonymous_127)
FN:938,(anonymous_128)
FN:941,(anonymous_129)
FN:966,(anonymous_130)
FN:968,(anonymous_131)
FN:981,(anonymous_132)
FN:984,(anonymous_133)
FN:987,(anonymous_134)
FN:1001,(anonymous_135)
FN:1002,(anonymous_136)
FN:1003,(anonymous_137)
FN:1005,(anonymous_138)
FN:1006,(anonymous_139)
FN:1007,(anonymous_140)
FN:1008,(anonymous_141)
FN:1009,(anonymous_142)
FN:1010,(anonymous_143)
FN:1011,(anonymous_144)
FN:1014,(anonymous_145)
FN:1039,(anonymous_146)
FN:1041,(anonymous_147)
FN:1054,(anonymous_148)
FN:1057,(anonymous_149)
FN:1060,(anonymous_150)
FN:1074,(anonymous_151)
FN:1075,(anonymous_152)
FN:1076,(anonymous_153)
FN:1078,(anonymous_154)
FN:1079,(anonymous_155)
FN:1080,(anonymous_156)
FN:1081,(anonymous_157)
FN:1082,(anonymous_158)
FN:1083,(anonymous_159)
FN:1084,(anonymous_160)
FN:1087,(anonymous_161)
FN:1112,(anonymous_162)
FN:1114,(anonymous_163)
FN:1127,(anonymous_164)
FN:1130,(anonymous_165)
FN:1133,(anonymous_166)
FN:1147,(anonymous_167)
FN:1148,(anonymous_168)
FN:1149,(anonymous_169)
FN:1151,(anonymous_170)
FN:1152,(anonymous_171)
FN:1153,(anonymous_172)
FN:1154,(anonymous_173)
FN:1155,(anonymous_174)
FN:1156,(anonymous_175)
FN:1157,(anonymous_176)
FN:1160,(anonymous_177)
FN:1185,(anonymous_178)
FN:1187,(anonymous_179)
FN:1200,(anonymous_180)
FN:1203,(anonymous_181)
FN:1206,(anonymous_182)
FN:1220,(anonymous_183)
FN:1221,(anonymous_184)
FN:1222,(anonymous_185)
FN:1224,(anonymous_186)
FN:1225,(anonymous_187)
FN:1226,(anonymous_188)
FN:1227,(anonymous_189)
FN:1228,(anonymous_190)
FN:1229,(anonymous_191)
FN:1230,(anonymous_192)
FN:1233,(anonymous_193)
FN:1258,(anonymous_194)
FN:1260,(anonymous_195)
FN:1273,(anonymous_196)
FN:1276,(anonymous_197)
FN:1279,(anonymous_198)
FN:1293,(anonymous_199)
FN:1294,(anonymous_200)
FN:1295,(anonymous_201)
FN:1297,(anonymous_202)
FN:1298,(anonymous_203)
FN:1299,(anonymous_204)
FN:1300,(anonymous_205)
FN:1301,(anonymous_206)
FN:1302,(anonymous_207)
FN:1303,(anonymous_208)
FN:1306,(anonymous_209)
FN:1331,(anonymous_210)
FN:1333,(anonymous_211)
FN:1346,(anonymous_212)
FN:1349,(anonymous_213)
FN:1352,(anonymous_214)
FN:1366,(anonymous_215)
FN:1367,(anonymous_216)
FN:1368,(anonymous_217)
FN:1370,(anonymous_218)
FN:1371,(anonymous_219)
FN:1372,(anonymous_220)
FN:1373,(anonymous_221)
FN:1374,(anonymous_222)
FN:1375,(anonymous_223)
FN:1376,(anonymous_224)
FN:1379,(anonymous_225)
FN:1394,isTodayDate
FN:1404,formatDayName
FN:1416,formatDayLabel
FN:1432,isHighPriority
FN:1449,parseMotionAuthorParty
FN:1460,cleanMotionText
FN:1494,isPersonProfileText
FN:1523,propSummaryFromOrgan
FN:1545,generateEnhancedSummary
FN:1631,getCommitteeName
FN:1649,generateWeekAheadContent
FN:1667,(anonymous_237)
FN:1672,(anonymous_238)
FN:1713,(anonymous_239)
FN:1714,(anonymous_240)
FN:1715,(anonymous_241)
FN:1721,(anonymous_242)
FN:1760,(anonymous_243)
FN:1790,(anonymous_244)
FN:1823,(anonymous_245)
FN:1836,generateCommitteeContent
FN:1848,(anonymous_247)
FN:1867,(anonymous_248)
FN:1882,(anonymous_249)
FN:1919,(anonymous_250)
FN:1934,(anonymous_251)
FN:1934,(anonymous_252)
FN:1952,generatePropositionsContent
FN:1976,(anonymous_254)
FN:1985,(anonymous_255)
FN:2028,(anonymous_256)
FN:2028,(anonymous_257)
FN:2033,(anonymous_258)
FN:2046,(anonymous_259)
FN:2047,(anonymous_260)
FN:2074,extractPropRef
FN:2083,groupMotionsByProposition
FN:2106,groupPropositionsByCommittee
FN:2119,generateMotionsContent
FN:2138,(anonymous_265)
FN:2145,(anonymous_266)
FN:2162,(anonymous_267)
FN:2171,(anonymous_268)
FN:2190,(anonymous_269)
FN:2203,(anonymous_270)
FN:2205,(anonymous_271)
FN:2216,(anonymous_272)
FN:2224,(anonymous_273)
FN:2242,renderMotionEntry
FN:2301,detectPolicyDomains
FN:2522,getDomainSpecificAnalysis
FN:2541,generatePolicySignificance
FN:2570,generateDeepPolicyAnalysis
FN:2596,normalizePartyKey
FN:2606,generateOppositionStrategySection
FN:2608,(anonymous_281)
FN:2615,(anonymous_282)
FN:2616,(anonymous_283)
FN:2624,(anonymous_284)
FN:2625,(anonymous_285)
FN:2660,extractKeyPassage
FN:2674,partyMotionSuccessRate
FN:2676,(anonymous_288)
FN:2685,generateDocumentIntelligenceAnalysis
FN:2720,(anonymous_290)
FN:2761,generateGenericContent
FN:2779,(anonymous_292)
FN:2789,(anonymous_293)
FN:2832,(anonymous_294)
FN:2847,(anonymous_295)
FN:2848,(anonymous_296)
FN:2849,(anonymous_297)
FN:2878,L
FN:2888,transformCalendarToEventGrid
FN:2893,(anonymous_300)
FN:2912,(anonymous_301)
FN:2922,(anonymous_302)
FN:2935,extractTopics
FN:2938,(anonymous_304)
FN:2971,generateArticleContent
FN:2994,extractWatchPoints
FN:3000,(anonymous_307)
FN:3047,generateMetadata
FN:3137,calculateReadTime
FN:3246,extractPolicyDomains
FN:3251,(anonymous_311)
FN:3257,(anonymous_312)
FN:3259,(anonymous_313)
FN:3275,generateContentTitle
FN:3306,generateSources
FNF:316
FNH:181
FNDA:257,sanitizeUrl
FNDA:158,svSpan
FNDA:19,(anonymous_2)
FNDA:8,(anonymous_3)
FNDA:0,(anonymous_4)
FNDA:0,(anonymous_5)
FNDA:0,(anonymous_6)
FNDA:45,(anonymous_7)
FNDA:15,(anonymous_8)
FNDA:37,(anonymous_9)
FNDA:1,(anonymous_10)
FNDA:45,(anonymous_11)
FNDA:45,(anonymous_12)
FNDA:12,(anonymous_13)
FNDA:15,(anonymous_14)
FNDA:19,(anonymous_15)
FNDA:37,(anonymous_16)
FNDA:188,(anonymous_17)
FNDA:7,(anonymous_18)
FNDA:6,(anonymous_19)
FNDA:0,(anonymous_20)
FNDA:0,(anonymous_21)
FNDA:0,(anonymous_22)
FNDA:8,(anonymous_23)
FNDA:5,(anonymous_24)
FNDA:8,(anonymous_25)
FNDA:0,(anonymous_26)
FNDA:8,(anonymous_27)
FNDA:8,(anonymous_28)
FNDA:1,(anonymous_29)
FNDA:5,(anonymous_30)
FNDA:5,(anonymous_31)
FNDA:4,(anonymous_32)
FNDA:49,(anonymous_33)
FNDA:2,(anonymous_34)
FNDA:1,(anonymous_35)
FNDA:0,(anonymous_36)
FNDA:0,(anonymous_37)
FNDA:0,(anonymous_38)
FNDA:1,(anonymous_39)
FNDA:0,(anonymous_40)
FNDA:0,(anonymous_41)
FNDA:0,(anonymous_42)
FNDA:1,(anonymous_43)
FNDA:1,(anonymous_44)
FNDA:0,(anonymous_45)
FNDA:0,(anonymous_46)
FNDA:0,(anonymous_47)
FNDA:0,(anonymous_48)
FNDA:3,(anonymous_49)
FNDA:2,(anonymous_50)
FNDA:1,(anonymous_51)
FNDA:0,(anonymous_52)
FNDA:0,(anonymous_53)
FNDA:0,(anonymous_54)
FNDA:1,(anonymous_55)
FNDA:0,(anonymous_56)
FNDA:0,(anonymous_57)
FNDA:0,(anonymous_58)
FNDA:1,(anonymous_59)
FNDA:1,(anonymous_60)
FNDA:0,(anonymous_61)
FNDA:0,(anonymous_62)
FNDA:0,(anonymous_63)
FNDA:0,(anonymous_64)
FNDA:3,(anonymous_65)
FNDA:2,(anonymous_66)
FNDA:1,(anonymous_67)
FNDA:0,(anonymous_68)
FNDA:0,(anonymous_69)
FNDA:0,(anonymous_70)
FNDA:1,(anonymous_71)
FNDA:0,(anonymous_72)
FNDA:0,(anonymous_73)
FNDA:0,(anonymous_74)
FNDA:1,(anonymous_75)
FNDA:1,(anonymous_76)
FNDA:0,(anonymous_77)
FNDA:0,(anonymous_78)
FNDA:0,(anonymous_79)
FNDA:0,(anonymous_80)
FNDA:3,(anonymous_81)
FNDA:3,(anonymous_82)
FNDA:1,(anonymous_83)
FNDA:0,(anonymous_84)
FNDA:0,(anonymous_85)
FNDA:0,(anonymous_86)
FNDA:4,(anonymous_87)
FNDA:0,(anonymous_88)
FNDA:0,(anonymous_89)
FNDA:0,(anonymous_90)
FNDA:4,(anonymous_91)
FNDA:4,(anonymous_92)
FNDA:0,(anonymous_93)
FNDA:0,(anonymous_94)
FNDA:2,(anonymous_95)
FNDA:0,(anonymous_96)
FNDA:14,(anonymous_97)
FNDA:2,(anonymous_98)
FNDA:1,(anonymous_99)
FNDA:0,(anonymous_100)
FNDA:0,(anonymous_101)
FNDA:0,(anonymous_102)
FNDA:1,(anonymous_103)
FNDA:0,(anonymous_104)
FNDA:0,(anonymous_105)
FNDA:0,(anonymous_106)
FNDA:1,(anonymous_107)
FNDA:1,(anonymous_108)
FNDA:0,(anonymous_109)
FNDA:0,(anonymous_110)
FNDA:0,(anonymous_111)
FNDA:0,(anonymous_112)
FNDA:3,(anonymous_113)
FNDA:2,(anonymous_114)
FNDA:1,(anonymous_115)
FNDA:0,(anonymous_116)
FNDA:0,(anonymous_117)
FNDA:0,(anonymous_118)
FNDA:1,(anonymous_119)
FNDA:0,(anonymous_120)
FNDA:0,(anonymous_121)
FNDA:0,(anonymous_122)
FNDA:1,(anonymous_123)
FNDA:1,(anonymous_124)
FNDA:0,(anonymous_125)
FNDA:0,(anonymous_126)
FNDA:0,(anonymous_127)
FNDA:0,(anonymous_128)
FNDA:3,(anonymous_129)
FNDA:2,(anonymous_130)
FNDA:1,(anonymous_131)
FNDA:0,(anonymous_132)
FNDA:0,(anonymous_133)
FNDA:0,(anonymous_134)
FNDA:1,(anonymous_135)
FNDA:0,(anonymous_136)
FNDA:0,(anonymous_137)
FNDA:0,(anonymous_138)
FNDA:1,(anonymous_139)
FNDA:1,(anonymous_140)
FNDA:0,(anonymous_141)
FNDA:0,(anonymous_142)
FNDA:0,(anonymous_143)
FNDA:0,(anonymous_144)
FNDA:3,(anonymous_145)
FNDA:2,(anonymous_146)
FNDA:1,(anonymous_147)
FNDA:0,(anonymous_148)
FNDA:0,(anonymous_149)
FNDA:0,(anonymous_150)
FNDA:1,(anonymous_151)
FNDA:0,(anonymous_152)
FNDA:0,(anonymous_153)
FNDA:0,(anonymous_154)
FNDA:1,(anonymous_155)
FNDA:1,(anonymous_156)
FNDA:0,(anonymous_157)
FNDA:0,(anonymous_158)
FNDA:0,(anonymous_159)
FNDA:0,(anonymous_160)
FNDA:3,(anonymous_161)
FNDA:2,(anonymous_162)
FNDA:1,(anonymous_163)
FNDA:0,(anonymous_164)
FNDA:0,(anonymous_165)
FNDA:0,(anonymous_166)
FNDA:1,(anonymous_167)
FNDA:0,(anonymous_168)
FNDA:0,(anonymous_169)
FNDA:0,(anonymous_170)
FNDA:1,(anonymous_171)
FNDA:1,(anonymous_172)
FNDA:0,(anonymous_173)
FNDA:0,(anonymous_174)
FNDA:0,(anonymous_175)
FNDA:0,(anonymous_176)
FNDA:3,(anonymous_177)
FNDA:2,(anonymous_178)
FNDA:1,(anonymous_179)
FNDA:0,(anonymous_180)
FNDA:0,(anonymous_181)
FNDA:0,(anonymous_182)
FNDA:1,(anonymous_183)
FNDA:0,(anonymous_184)
FNDA:0,(anonymous_185)
FNDA:0,(anonymous_186)
FNDA:1,(anonymous_187)
FNDA:1,(anonymous_188)
FNDA:0,(anonymous_189)
FNDA:0,(anonymous_190)
FNDA:0,(anonymous_191)
FNDA:0,(anonymous_192)
FNDA:3,(anonymous_193)
FNDA:2,(anonymous_194)
FNDA:1,(anonymous_195)
FNDA:0,(anonymous_196)
FNDA:0,(anonymous_197)
FNDA:0,(anonymous_198)
FNDA:1,(anonymous_199)
FNDA:0,(anonymous_200)
FNDA:0,(anonymous_201)
FNDA:0,(anonymous_202)
FNDA:1,(anonymous_203)
FNDA:1,(anonymous_204)
FNDA:0,(anonymous_205)
FNDA:0,(anonymous_206)
FNDA:0,(anonymous_207)
FNDA:0,(anonymous_208)
FNDA:3,(anonymous_209)
FNDA:2,(anonymous_210)
FNDA:1,(anonymous_211)
FNDA:0,(anonymous_212)
FNDA:0,(anonymous_213)
FNDA:0,(anonymous_214)
FNDA:1,(anonymous_215)
FNDA:0,(anonymous_216)
FNDA:0,(anonymous_217)
FNDA:0,(anonymous_218)
FNDA:1,(anonymous_219)
FNDA:1,(anonymous_220)
FNDA:0,(anonymous_221)
FNDA:0,(anonymous_222)
FNDA:0,(anonymous_223)
FNDA:0,(anonymous_224)
FNDA:3,(anonymous_225)
FNDA:53,isTodayDate
FNDA:131,formatDayName
FNDA:53,formatDayLabel
FNDA:407,isHighPriority
FNDA:53,parseMotionAuthorParty
FNDA:2,cleanMotionText
FNDA:172,isPersonProfileText
FNDA:7,propSummaryFromOrgan
FNDA:293,generateEnhancedSummary
FNDA:285,getCommitteeName
FNDA:84,generateWeekAheadContent
FNDA:228,(anonymous_237)
FNDA:20,(anonymous_238)
FNDA:0,(anonymous_239)
FNDA:0,(anonymous_240)
FNDA:0,(anonymous_241)
FNDA:0,(anonymous_242)
FNDA:0,(anonymous_243)
FNDA:0,(anonymous_244)
FNDA:4,(anonymous_245)
FNDA:71,generateCommitteeContent
FNDA:138,(anonymous_247)
FNDA:138,(anonymous_248)
FNDA:138,(anonymous_249)
FNDA:138,(anonymous_250)
FNDA:138,(anonymous_251)
FNDA:133,(anonymous_252)
FNDA:22,generatePropositionsContent
FNDA:21,(anonymous_254)
FNDA:36,(anonymous_255)
FNDA:36,(anonymous_256)
FNDA:35,(anonymous_257)
FNDA:36,(anonymous_258)
FNDA:21,(anonymous_259)
FNDA:1,(anonymous_260)
FNDA:72,extractPropRef
FNDA:45,groupMotionsByProposition
FNDA:20,groupPropositionsByCommittee
FNDA:47,generateMotionsContent
FNDA:72,(anonymous_265)
FNDA:58,(anonymous_266)
FNDA:4,(anonymous_267)
FNDA:6,(anonymous_268)
FNDA:66,(anonymous_269)
FNDA:42,(anonymous_270)
FNDA:42,(anonymous_271)
FNDA:24,(anonymous_272)
FNDA:41,(anonymous_273)
FNDA:72,renderMotionEntry
FNDA:649,detectPolicyDomains
FNDA:284,getDomainSpecificAnalysis
FNDA:320,generatePolicySignificance
FNDA:246,generateDeepPolicyAnalysis
FNDA:100,normalizePartyKey
FNDA:13,generateOppositionStrategySection
FNDA:28,(anonymous_281)
FNDA:26,(anonymous_282)
FNDA:13,(anonymous_283)
FNDA:15,(anonymous_284)
FNDA:15,(anonymous_285)
FNDA:74,extractKeyPassage
FNDA:0,partyMotionSuccessRate
FNDA:0,(anonymous_288)
FNDA:74,generateDocumentIntelligenceAnalysis
FNDA:0,(anonymous_290)
FNDA:36,generateGenericContent
FNDA:74,(anonymous_292)
FNDA:3,(anonymous_293)
FNDA:29,(anonymous_294)
FNDA:74,(anonymous_295)
FNDA:74,(anonymous_296)
FNDA:69,(anonymous_297)
FNDA:3239,L
FNDA:74,transformCalendarToEventGrid
FNDA:196,(anonymous_300)
FNDA:53,(anonymous_301)
FNDA:53,(anonymous_302)
FNDA:2,extractTopics
FNDA:6,(anonymous_304)
FNDA:260,generateArticleContent
FNDA:156,extractWatchPoints
FNDA:5,(anonymous_307)
FNDA:157,generateMetadata
FNDA:155,calculateReadTime
FNDA:95,extractPolicyDomains
FNDA:14904,(anonymous_311)
FNDA:50,(anonymous_312)
FNDA:98,(anonymous_313)
FNDA:95,generateContentTitle
FNDA:154,generateSources
DA:205,257
DA:206,104
DA:208,104
DA:210,101
DA:212,101
DA:233,158
DA:234,12
DA:236,146
DA:334,14
DA:343,14
DA:362,14
DA:382,19
DA:384,8
DA:397,0
DA:400,0
DA:403,0
DA:417,45
DA:418,15
DA:419,37
DA:421,1
DA:422,45
DA:423,45
DA:424,12
DA:425,15
DA:426,19
DA:427,37
DA:430,188
DA:455,7
DA:457,6
DA:470,0
DA:473,0
DA:476,0
DA:490,8
DA:491,5
DA:492,8
DA:494,0
DA:495,8
DA:496,8
DA:497,1
DA:498,5
DA:499,5
DA:500,4
DA:503,49
DA:528,2
DA:530,1
DA:543,0
DA:546,0
DA:549,0
DA:563,1
DA:564,0
DA:565,0
DA:567,0
DA:568,1
DA:569,1
DA:570,0
DA:571,0
DA:572,0
DA:573,0
DA:576,3
DA:601,2
DA:603,1
DA:616,0
DA:619,0
DA:622,0
DA:636,1
DA:637,0
DA:638,0
DA:640,0
DA:641,1
DA:642,1
DA:643,0
DA:644,0
DA:645,0
DA:646,0
DA:649,3
DA:674,2
DA:676,1
DA:689,0
DA:692,0
DA:695,0
DA:709,1
DA:710,0
DA:711,0
DA:713,0
DA:714,1
DA:715,1
DA:716,0
DA:717,0
DA:718,0
DA:719,0
DA:722,3
DA:747,3
DA:749,1
DA:762,0
DA:765,0
DA:768,0
DA:782,4
DA:783,0
DA:784,0
DA:786,0
DA:787,4
DA:788,4
DA:789,0
DA:790,0
DA:791,2
DA:792,0
DA:795,14
DA:820,2
DA:822,1
DA:835,0
DA:838,0
DA:841,0
DA:855,1
DA:856,0
DA:857,0
DA:859,0
DA:860,1
DA:861,1
DA:862,0
DA:863,0
DA:864,0
DA:865,0
DA:868,3
DA:893,2
DA:895,1
DA:908,0
DA:911,0
DA:914,0
DA:928,1
DA:929,0
DA:930,0
DA:932,0
DA:933,1
DA:934,1
DA:935,0
DA:936,0
DA:937,0
DA:938,0
DA:941,3
DA:966,2
DA:968,1
DA:981,0
DA:984,0
DA:987,0
DA:1001,1
DA:1002,0
DA:1003,0
DA:1005,0
DA:1006,1
DA:1007,1
DA:1008,0
DA:1009,0
DA:1010,0
DA:1011,0
DA:1014,3
DA:1039,2
DA:1041,1
DA:1054,0
DA:1057,0
DA:1060,0
DA:1074,1
DA:1075,0
DA:1076,0
DA:1078,0
DA:1079,1
DA:1080,1
DA:1081,0
DA:1082,0
DA:1083,0
DA:1084,0
DA:1087,3
DA:1112,2
DA:1114,1
DA:1127,0
DA:1130,0
DA:1133,0
DA:1147,1
DA:1148,0
DA:1149,0
DA:1151,0
DA:1152,1
DA:1153,1
DA:1154,0
DA:1155,0
DA:1156,0
DA:1157,0
DA:1160,3
DA:1185,2
DA:1187,1
DA:1200,0
DA:1203,0
DA:1206,0
DA:1220,1
DA:1221,0
DA:1222,0
DA:1224,0
DA:1225,1
DA:1226,1
DA:1227,0
DA:1228,0
DA:1229,0
DA:1230,0
DA:1233,3
DA:1258,2
DA:1260,1
DA:1273,0
DA:1276,0
DA:1279,0
DA:1293,1
DA:1294,0
DA:1295,0
DA:1297,0
DA:1298,1
DA:1299,1
DA:1300,0
DA:1301,0
DA:1302,0
DA:1303,0
DA:1306,3
DA:1331,2
DA:1333,1
DA:1346,0
DA:1349,0
DA:1352,0
DA:1366,1
DA:1367,0
DA:1368,0
DA:1370,0
DA:1371,1
DA:1372,1
DA:1373,0
DA:1374,0
DA:1375,0
DA:1376,0
DA:1379,3
DA:1395,53
DA:1396,53
DA:1405,131
DA:1406,131
DA:1407,131
DA:1409,0
DA:1417,53
DA:1418,53
DA:1419,53
DA:1420,53
DA:1421,53
DA:1423,0
DA:1424,0
DA:1425,0
DA:1433,407
DA:1434,407
DA:1450,53
DA:1451,53
DA:1452,49
DA:1462,2
DA:1463,2
DA:1464,2
DA:1466,2
DA:1468,2
DA:1470,2
DA:1471,2
DA:1495,172
DA:1496,53
DA:1498,53
DA:1524,7
DA:1536,7
DA:1537,7
DA:1538,0
DA:1547,293
DA:1548,2
DA:1550,2
DA:1551,2
DA:1552,2
DA:1554,0
DA:1559,291
DA:1560,3
DA:1561,3
DA:1562,3
DA:1567,288
DA:1568,293
DA:1569,293
DA:1572,293
DA:1574,293
DA:1575,130
DA:1576,130
DA:1577,130
DA:1578,0
DA:1579,0
DA:1581,158
DA:1583,38
DA:1584,38
DA:1585,0
DA:1587,38
DA:1588,38
DA:1589,38
DA:1590,7
DA:1591,7
DA:1593,120
DA:1594,74
DA:1595,74
DA:1596,74
DA:1597,19
DA:1598,19
DA:1599,55
DA:1600,0
DA:1601,0
DA:1603,55
DA:1604,55
DA:1606,74
DA:1607,0
DA:1608,0
DA:1613,288
DA:1614,8
DA:1618,288
DA:1619,45
DA:1622,45
DA:1625,243
DA:1632,285
DA:1633,0
DA:1634,0
DA:1636,285
DA:1637,12
DA:1638,12
DA:1640,273
DA:1641,273
DA:1643,63
DA:1650,84
DA:1652,84
DA:1653,84
DA:1654,84
DA:1656,84
DA:1659,84
DA:1667,228
DA:1669,84
DA:1670,20
DA:1672,20
DA:1674,20
DA:1675,20
DA:1676,20
DA:1679,20
DA:1680,20
DA:1684,20
DA:1692,84
DA:1693,0
DA:1709,0
DA:1712,0
DA:1713,0
DA:1714,0
DA:1716,0
DA:1717,0
DA:1721,0
DA:1722,0
DA:1723,0
DA:1724,0
DA:1725,0
DA:1729,0
DA:1730,0
DA:1731,0
DA:1732,0
DA:1734,0
DA:1735,0
DA:1736,0
DA:1737,0
DA:1739,0
DA:1744,84
DA:1745,0
DA:1759,0
DA:1760,0
DA:1761,0
DA:1762,0
DA:1763,0
DA:1764,0
DA:1765,0
DA:1766,0
DA:1767,0
DA:1768,0
DA:1769,0
DA:1774,84
DA:1775,0
DA:1789,0
DA:1790,0
DA:1791,0
DA:1792,0
DA:1793,0
DA:1794,0
DA:1795,0
DA:1797,0
DA:1799,0
DA:1800,0
DA:1805,0
DA:1811,0
DA:1812,0
DA:1813,0
DA:1814,0
DA:1815,0
DA:1820,84
DA:1821,3
DA:1823,3
DA:1824,4
DA:1827,3
DA:1830,84
DA:1837,71
DA:1839,71
DA:1841,71
DA:1842,3
DA:1843,3
DA:1847,68
DA:1848,68
DA:1849,138
DA:1850,138
DA:1851,138
DA:1854,68
DA:1857,68
DA:1858,68
DA:1861,71
DA:1864,71
DA:1867,71
DA:1868,138
DA:1871,138
DA:1874,138
DA:1875,0
DA:1876,0
DA:1879,0
DA:1882,138
DA:1883,138
DA:1884,138
DA:1885,138
DA:1888,138
DA:1891,138
DA:1892,138
DA:1893,138
DA:1894,138
DA:1898,138
DA:1899,138
DA:1900,138
DA:1902,138
DA:1915,71
DA:1916,71
DA:1919,138
DA:1920,71
DA:1921,71
DA:1924,71
DA:1925,71
DA:1929,71
DA:1930,71
DA:1933,71
DA:1934,138
DA:1935,71
DA:1936,63
DA:1937,63
DA:1938,63
DA:1941,63
DA:1944,68
DA:1946,68
DA:1953,22
DA:1955,22
DA:1957,22
DA:1958,2
DA:1959,2
DA:1963,20
DA:1964,20
DA:1967,22
DA:1970,22
DA:1973,22
DA:1974,22
DA:1976,22
DA:1977,21
DA:1978,2
DA:1981,2
DA:1983,21
DA:1985,21
DA:1986,36
DA:1987,36
DA:1988,36
DA:1991,36
DA:1994,36
DA:1995,36
DA:1996,36
DA:1997,36
DA:2002,36
DA:2003,36
DA:2007,36
DA:2008,36
DA:2009,36
DA:2011,36
DA:2023,22
DA:2024,22
DA:2027,22
DA:2028,36
DA:2029,22
DA:2032,22
DA:2033,22
DA:2034,36
DA:2035,36
DA:2038,22
DA:2039,22
DA:2042,22
DA:2045,22
DA:2046,21
DA:2047,1
DA:2048,22
DA:2049,3
DA:2050,3
DA:2051,3
DA:2052,3
DA:2055,3
DA:2058,20
DA:2060,20
DA:2064,14
DA:2067,14
DA:2075,72
DA:2076,72
DA:2087,45
DA:2088,45
DA:2089,45
DA:2090,72
DA:2091,72
DA:2092,72
DA:2093,6
DA:2094,6
DA:2096,66
DA:2099,45
DA:2107,20
DA:2108,20
DA:2109,36
DA:2110,36
DA:2111,36
DA:2113,20
DA:2120,47
DA:2122,47
DA:2124,47
DA:2125,2
DA:2126,2
DA:2130,45
DA:2131,45
DA:2134,47
DA:2137,47
DA:2138,47
DA:2139,72
DA:2140,72
DA:2141,72
DA:2145,58
DA:2146,47
DA:2147,13
DA:2148,13
DA:2149,13
DA:2152,13
DA:2154,13
DA:2158,45
DA:2160,45
DA:2161,4
DA:2162,4
DA:2164,4
DA:2165,4
DA:2166,4
DA:2167,4
DA:2168,4
DA:2169,4
DA:2171,4
DA:2172,6
DA:2173,6
DA:2181,45
DA:2183,47
DA:2184,43
DA:2185,2
DA:2189,43
DA:2190,43
DA:2191,66
DA:2192,66
DA:2193,66
DA:2194,66
DA:2196,43
DA:2198,43
DA:2202,20
DA:2203,20
DA:2204,42
DA:2205,42
DA:2207,42
DA:2208,42
DA:2211,42
DA:2216,24
DA:2221,45
DA:2222,28
DA:2223,28
DA:2224,28
DA:2225,41
DA:2226,41
DA:2227,41
DA:2230,41
DA:2233,28
DA:2236,45
DA:2243,72
DA:2244,72
DA:2245,72
DA:2248,72
DA:2253,72
DA:2254,72
DA:2257,72
DA:2260,72
DA:2261,53
DA:2262,53
DA:2263,53
DA:2264,4
DA:2265,4
DA:2268,72
DA:2269,72
DA:2274,72
DA:2275,72
DA:2277,72
DA:2279,72
DA:2283,72
DA:2284,72
DA:2286,72
DA:2302,649
DA:2303,649
DA:2304,649
DA:2305,649
DA:2307,649
DA:2310,218
DA:2311,649
DA:2313,147
DA:2314,649
DA:2318,26
DA:2319,649
DA:2321,48
DA:2322,649
DA:2324,106
DA:2325,649
DA:2327,18
DA:2328,649
DA:2330,2
DA:2331,649
DA:2333,0
DA:2334,649
DA:2336,0
DA:2337,649
DA:2340,12
DA:2341,649
DA:2343,4
DA:2344,649
DA:2346,0
DA:2348,649
DA:2354,14
DA:2502,14
DA:2523,284
DA:2525,284
DA:2526,284
DA:2527,284
DA:2529,284
DA:2530,284
DA:2531,284
DA:2542,320
DA:2544,320
DA:2545,284
DA:2546,284
DA:2547,284
DA:2551,284
DA:2552,284
DA:2553,284
DA:2557,36
DA:2558,36
DA:2571,246
DA:2572,246
DA:2573,246
DA:2574,0
DA:2577,0
DA:2578,0
DA:2579,0
DA:2580,0
DA:2583,0
DA:2586,246
DA:2597,100
DA:2598,100
DA:2607,13
DA:2608,13
DA:2609,28
DA:2610,28
DA:2611,28
DA:2614,13
DA:2615,26
DA:2616,13
DA:2618,13
DA:2620,13
DA:2623,13
DA:2624,13
DA:2625,15
DA:2627,13
DA:2629,13
DA:2630,13
DA:2631,13
DA:2633,13
DA:2634,1
DA:2635,1
DA:2636,1
DA:2637,1
DA:2639,12
DA:2640,12
DA:2641,12
DA:2642,12
DA:2645,13
DA:2646,13
DA:2647,13
DA:2648,13
DA:2653,13
DA:2661,74
DA:2663,27
DA:2664,27
DA:2666,0
DA:2667,0
DA:2675,0
DA:2676,0
DA:2677,0
DA:2686,74
DA:2689,74
DA:2695,74
DA:2698,74
DA:2700,74
DA:2703,74
DA:2704,74
DA:2705,27
DA:2706,27
DA:2710,47
DA:2714,74
DA:2715,74
DA:2718,74
DA:2719,74
DA:2720,0
DA:2721,0
DA:2722,0
DA:2724,0
DA:2731,74
DA:2733,0
DA:2734,0
DA:2735,0
DA:2736,0
DA:2737,0
DA:2739,0
DA:2740,0
DA:2741,0
DA:2752,74
DA:2762,36
DA:2763,36
DA:2764,10
DA:2767,26
DA:2768,26
DA:2771,26
DA:2772,26
DA:2775,36
DA:2778,36
DA:2779,36
DA:2780,74
DA:2781,74
DA:2782,74
DA:2785,36
DA:2788,36
DA:2789,36
DA:2790,3
DA:2791,3
DA:2794,36
DA:2795,29
DA:2796,29
DA:2797,29
DA:2798,29
DA:2805,29
DA:2808,29
DA:2809,74
DA:2810,74
DA:2811,74
DA:2815,74
DA:2817,74
DA:2818,74
DA:2819,74
DA:2820,74
DA:2821,11
DA:2823,74
DA:2828,26
DA:2829,26
DA:2832,26
DA:2833,29
DA:2834,29
DA:2839,29
DA:2841,26
DA:2842,26
DA:2846,26
DA:2847,74
DA:2848,26
DA:2849,74
DA:2851,26
DA:2852,22
DA:2853,22
DA:2855,26
DA:2856,18
DA:2861,26
DA:2862,18
DA:2866,26
DA:2868,26
DA:2879,3239
DA:2880,3239
DA:2881,3239
DA:2882,1
DA:2889,74
DA:2892,71
DA:2893,71
DA:2895,196
DA:2896,196
DA:2898,53
DA:2900,196
DA:2902,53
DA:2903,53
DA:2905,53
DA:2909,71
DA:2912,71
DA:2913,53
DA:2914,53
DA:2916,53
DA:2922,53
DA:2929,71
DA:2936,2
DA:2938,2
DA:2940,6
DA:2941,0
DA:2942,0
DA:2943,0
DA:2944,0
DA:2945,0
DA:2950,6
DA:2951,6
DA:2955,6
DA:2956,6
DA:2957,6
DA:2958,6
DA:2959,6
DA:2960,6
DA:2961,6
DA:2962,6
DA:2965,2
DA:2972,260
DA:2974,73
DA:2976,11
DA:2978,71
DA:2980,22
DA:2982,47
DA:2987,36
DA:2995,156
DA:2998,156
DA:2999,68
DA:3000,68
DA:3002,5
DA:3003,5
DA:3004,5
DA:3005,5
DA:3008,5
DA:3009,5
DA:3013,5
DA:3014,5
DA:3022,156
DA:3023,37
DA:3024,37
DA:3025,37
DA:3032,156
DA:3033,12
DA:3034,12
DA:3035,12
DA:3041,156
DA:3048,157
DA:3049,157
DA:3050,157
DA:3053,157
DA:3055,56
DA:3056,56
DA:3058,56
DA:3059,56
DA:3061,56
DA:3063,37
DA:3064,37
DA:3066,37
DA:3067,37
DA:3069,37
DA:3071,12
DA:3072,12
DA:3074,12
DA:3075,12
DA:3077,12
DA:3079,12
DA:3080,12
DA:3082,12
DA:3083,12
DA:3085,12
DA:3087,10
DA:3088,10
DA:3090,10
DA:3091,10
DA:3093,10
DA:3095,10
DA:3096,10
DA:3098,10
DA:3099,10
DA:3101,10
DA:3103,10
DA:3104,10
DA:3106,10
DA:3107,10
DA:3109,10
DA:3111,10
DA:3112,10
DA:3113,10
DA:3117,157
DA:3118,66
DA:3120,157
DA:3121,37
DA:3125,157
DA:3127,157
DA:3139,155
DA:3140,155
DA:3143,155
DA:3145,155
DA:3152,14
DA:3169,14
DA:3189,14
DA:3247,95
DA:3248,95
DA:3249,219
DA:3250,219
DA:3251,14904
DA:3252,100
DA:3256,95
DA:3257,50
DA:3259,98
DA:3280,95
DA:3281,95
DA:3283,48
DA:3284,48
DA:3285,48
DA:3286,48
DA:3287,95
DA:3288,95
DA:3290,48
DA:3291,48
DA:3292,95
DA:3294,48
DA:3307,154
DA:3309,154
DA:3310,65
DA:3312,154
DA:3313,57
DA:3315,154
DA:3316,31
DA:3318,154
DA:3319,31
DA:3321,154
DA:3322,72
DA:3324,154
DA:3325,36
DA:3328,154
LF:954
LH:729
BRDA:205,0,0,153
BRDA:205,0,1,104
BRDA:205,1,0,257
BRDA:205,1,1,104
BRDA:208,2,0,3
BRDA:208,2,1,101
BRDA:210,3,0,0
BRDA:210,3,1,101
BRDA:210,4,0,101
BRDA:210,4,1,59
BRDA:233,5,0,12
BRDA:233,5,1,146
BRDA:422,6,0,0
BRDA:422,6,1,45
BRDA:425,7,0,9
BRDA:425,7,1,6
BRDA:427,8,0,2
BRDA:427,8,1,35
BRDA:495,9,0,0
BRDA:495,9,1,8
BRDA:498,10,0,5
BRDA:498,10,1,0
BRDA:500,11,0,0
BRDA:500,11,1,4
BRDA:568,12,0,0
BRDA:568,12,1,1
BRDA:571,13,0,0
BRDA:571,13,1,0
BRDA:641,14,0,0
BRDA:641,14,1,1
BRDA:644,15,0,0
BRDA:644,15,1,0
BRDA:714,16,0,0
BRDA:714,16,1,1
BRDA:787,17,0,0
BRDA:787,17,1,4
BRDA:790,18,0,0
BRDA:790,18,1,0
BRDA:792,19,0,0
BRDA:792,19,1,0
BRDA:860,20,0,0
BRDA:860,20,1,1
BRDA:863,21,0,0
BRDA:863,21,1,0
BRDA:863,22,0,0
BRDA:863,22,1,0
BRDA:865,23,0,0
BRDA:865,23,1,0
BRDA:865,24,0,0
BRDA:865,24,1,0
BRDA:933,25,0,0
BRDA:933,25,1,1
BRDA:936,26,0,0
BRDA:936,26,1,0
BRDA:936,27,0,0
BRDA:936,27,1,0
BRDA:938,28,0,0
BRDA:938,28,1,0
BRDA:938,29,0,0
BRDA:938,29,1,0
BRDA:1006,30,0,0
BRDA:1006,30,1,1
BRDA:1009,31,0,0
BRDA:1009,31,1,0
BRDA:1011,32,0,0
BRDA:1011,32,1,0
BRDA:1079,33,0,0
BRDA:1079,33,1,1
BRDA:1082,34,0,0
BRDA:1082,34,1,0
BRDA:1082,35,0,0
BRDA:1082,35,1,0
BRDA:1084,36,0,0
BRDA:1084,36,1,0
BRDA:1152,37,0,0
BRDA:1152,37,1,1
BRDA:1155,38,0,0
BRDA:1155,38,1,0
BRDA:1157,39,0,0
BRDA:1157,39,1,0
BRDA:1157,40,0,0
BRDA:1157,40,1,0
BRDA:1225,41,0,0
BRDA:1225,41,1,1
BRDA:1298,42,0,0
BRDA:1298,42,1,1
BRDA:1371,43,0,0
BRDA:1371,43,1,1
BRDA:1396,44,0,53
BRDA:1396,44,1,0
BRDA:1396,44,2,0
BRDA:1404,45,0,131
BRDA:1405,46,0,131
BRDA:1405,46,1,0
BRDA:1416,47,0,53
BRDA:1417,48,0,53
BRDA:1417,48,1,0
BRDA:1433,49,0,407
BRDA:1433,49,1,4
BRDA:1433,49,2,1
BRDA:1435,50,0,407
BRDA:1435,50,1,407
BRDA:1435,50,2,407
BRDA:1435,50,3,407
BRDA:1435,50,4,406
BRDA:1435,50,5,406
BRDA:1435,50,6,382
BRDA:1451,51,0,4
BRDA:1451,51,1,49
BRDA:1471,52,0,0
BRDA:1471,52,1,2
BRDA:1495,53,0,119
BRDA:1495,53,1,53
BRDA:1499,54,0,53
BRDA:1499,54,1,53
BRDA:1499,54,2,53
BRDA:1499,54,3,53
BRDA:1499,54,4,53
BRDA:1499,54,5,53
BRDA:1499,54,6,53
BRDA:1499,54,7,53
BRDA:1499,54,8,53
BRDA:1499,54,9,53
BRDA:1499,54,10,53
BRDA:1499,54,11,53
BRDA:1499,54,12,53
BRDA:1499,54,13,53
BRDA:1537,55,0,7
BRDA:1537,55,1,0
BRDA:1538,56,0,0
BRDA:1538,56,1,0
BRDA:1547,57,0,2
BRDA:1547,57,1,291
BRDA:1547,58,0,293
BRDA:1547,58,1,76
BRDA:1547,58,2,76
BRDA:1548,59,0,2
BRDA:1548,59,1,2
BRDA:1548,59,2,0
BRDA:1550,60,0,2
BRDA:1550,60,1,0
BRDA:1551,61,0,2
BRDA:1551,61,1,0
BRDA:1551,62,0,2
BRDA:1551,62,1,0
BRDA:1559,63,0,3
BRDA:1559,63,1,288
BRDA:1559,64,0,291
BRDA:1559,64,1,288
BRDA:1560,65,0,3
BRDA:1560,65,1,0
BRDA:1560,65,2,0
BRDA:1561,66,0,3
BRDA:1561,66,1,0
BRDA:1567,67,0,288
BRDA:1567,67,1,254
BRDA:1568,68,0,293
BRDA:1568,68,1,288
BRDA:1569,69,0,293
BRDA:1569,69,1,279
BRDA:1574,70,0,130
BRDA:1574,70,1,158
BRDA:1574,71,0,293
BRDA:1574,71,1,137
BRDA:1576,72,0,130
BRDA:1576,72,1,0
BRDA:1577,73,0,0
BRDA:1577,73,1,130
BRDA:1579,74,0,0
BRDA:1579,74,1,0
BRDA:1581,75,0,38
BRDA:1581,75,1,120
BRDA:1583,76,0,7
BRDA:1583,76,1,31
BRDA:1584,77,0,0
BRDA:1584,77,1,38
BRDA:1588,78,0,38
BRDA:1588,78,1,0
BRDA:1589,79,0,7
BRDA:1589,79,1,31
BRDA:1591,80,0,7
BRDA:1591,80,1,0
BRDA:1593,81,0,74
BRDA:1593,81,1,46
BRDA:1594,82,0,74
BRDA:1594,82,1,55
BRDA:1594,83,0,72
BRDA:1594,83,1,2
BRDA:1595,84,0,72
BRDA:1595,84,1,2
BRDA:1596,85,0,19
BRDA:1596,85,1,55
BRDA:1596,86,0,74
BRDA:1596,86,1,19
BRDA:1598,87,0,19
BRDA:1598,87,1,0
BRDA:1599,88,0,0
BRDA:1599,88,1,55
BRDA:1601,89,0,0
BRDA:1601,89,1,0
BRDA:1604,90,0,55
BRDA:1604,90,1,0
BRDA:1606,91,0,0
BRDA:1606,91,1,74
BRDA:1608,92,0,0
BRDA:1608,92,1,0
BRDA:1613,93,0,8
BRDA:1613,93,1,280
BRDA:1613,94,0,288
BRDA:1613,94,1,9
BRDA:1618,95,0,45
BRDA:1618,95,1,243
BRDA:1619,96,0,6
BRDA:1619,96,1,39
BRDA:1620,97,0,0
BRDA:1620,97,1,39
BRDA:1622,98,0,45
BRDA:1622,98,1,0
BRDA:1632,99,0,0
BRDA:1632,99,1,285
BRDA:1634,100,0,0
BRDA:1634,100,1,0
BRDA:1636,101,0,12
BRDA:1636,101,1,273
BRDA:1638,102,0,12
BRDA:1638,102,1,0
BRDA:1641,103,0,210
BRDA:1641,103,1,63
BRDA:1643,104,0,4
BRDA:1643,104,1,59
BRDA:1652,105,0,84
BRDA:1652,105,1,31
BRDA:1653,106,0,84
BRDA:1653,106,1,31
BRDA:1654,107,0,84
BRDA:1654,107,1,31
BRDA:1662,108,0,84
BRDA:1662,108,1,84
BRDA:1669,109,0,20
BRDA:1669,109,1,64
BRDA:1674,110,0,20
BRDA:1674,110,1,20
BRDA:1674,111,0,20
BRDA:1674,111,1,0
BRDA:1674,112,0,20
BRDA:1674,112,1,18
BRDA:1674,112,2,18
BRDA:1674,113,0,20
BRDA:1674,113,1,18
BRDA:1674,113,2,18
BRDA:1674,113,3,0
BRDA:1675,114,0,20
BRDA:1675,114,1,20
BRDA:1675,114,2,20
BRDA:1676,115,0,20
BRDA:1676,115,1,1
BRDA:1676,115,2,0
BRDA:1680,116,0,1
BRDA:1680,116,1,19
BRDA:1680,117,0,20
BRDA:1680,117,1,1
BRDA:1685,118,0,20
BRDA:1685,118,1,0
BRDA:1686,119,0,20
BRDA:1686,119,1,20
BRDA:1686,120,0,20
BRDA:1686,120,1,20
BRDA:1692,121,0,0
BRDA:1692,121,1,84
BRDA:1693,122,0,0
BRDA:1693,122,1,0
BRDA:1695,123,0,0
BRDA:1695,123,1,0
BRDA:1696,124,0,0
BRDA:1696,124,1,0
BRDA:1697,125,0,0
BRDA:1697,125,1,0
BRDA:1698,126,0,0
BRDA:1698,126,1,0
BRDA:1699,127,0,0
BRDA:1699,127,1,0
BRDA:1700,128,0,0
BRDA:1700,128,1,0
BRDA:1701,129,0,0
BRDA:1701,129,1,0
BRDA:1702,130,0,0
BRDA:1702,130,1,0
BRDA:1703,131,0,0
BRDA:1703,131,1,0
BRDA:1704,132,0,0
BRDA:1704,132,1,0
BRDA:1705,133,0,0
BRDA:1705,133,1,0
BRDA:1706,134,0,0
BRDA:1706,134,1,0
BRDA:1713,135,0,0
BRDA:1713,135,1,0
BRDA:1714,136,0,0
BRDA:1714,136,1,0
BRDA:1717,137,0,0
BRDA:1717,137,1,0
BRDA:1717,137,2,0
BRDA:1717,137,3,0
BRDA:1723,138,0,0
BRDA:1723,138,1,0
BRDA:1723,138,2,0
BRDA:1723,138,3,0
BRDA:1725,139,0,0
BRDA:1725,139,1,0
BRDA:1725,140,0,0
BRDA:1725,140,1,0
BRDA:1730,141,0,0
BRDA:1730,141,1,0
BRDA:1730,141,2,0
BRDA:1732,142,0,0
BRDA:1732,142,1,0
BRDA:1735,143,0,0
BRDA:1735,143,1,0
BRDA:1735,144,0,0
BRDA:1735,144,1,0
BRDA:1736,145,0,0
BRDA:1736,145,1,0
BRDA:1744,146,0,0
BRDA:1744,146,1,84
BRDA:1745,147,0,0
BRDA:1745,147,1,0
BRDA:1746,148,0,0
BRDA:1746,148,1,0
BRDA:1747,149,0,0
BRDA:1747,149,1,0
BRDA:1748,150,0,0
BRDA:1748,150,1,0
BRDA:1749,151,0,0
BRDA:1749,151,1,0
BRDA:1750,152,0,0
BRDA:1750,152,1,0
BRDA:1751,153,0,0
BRDA:1751,153,1,0
BRDA:1752,154,0,0
BRDA:1752,154,1,0
BRDA:1753,155,0,0
BRDA:1753,155,1,0
BRDA:1754,156,0,0
BRDA:1754,156,1,0
BRDA:1755,157,0,0
BRDA:1755,157,1,0
BRDA:1756,158,0,0
BRDA:1756,158,1,0
BRDA:1757,159,0,0
BRDA:1757,159,1,0
BRDA:1762,160,0,0
BRDA:1762,160,1,0
BRDA:1762,160,2,0
BRDA:1763,161,0,0
BRDA:1763,161,1,0
BRDA:1764,162,0,0
BRDA:1764,162,1,0
BRDA:1765,163,0,0
BRDA:1765,163,1,0
BRDA:1767,164,0,0
BRDA:1767,164,1,0
BRDA:1767,165,0,0
BRDA:1767,165,1,0
BRDA:1768,166,0,0
BRDA:1768,166,1,0
BRDA:1774,167,0,0
BRDA:1774,167,1,84
BRDA:1775,168,0,0
BRDA:1775,168,1,0
BRDA:1776,169,0,0
BRDA:1776,169,1,0
BRDA:1777,170,0,0
BRDA:1777,170,1,0
BRDA:1778,171,0,0
BRDA:1778,171,1,0
BRDA:1779,172,0,0
BRDA:1779,172,1,0
BRDA:1780,173,0,0
BRDA:1780,173,1,0
BRDA:1781,174,0,0
BRDA:1781,174,1,0
BRDA:1782,175,0,0
BRDA:1782,175,1,0
BRDA:1783,176,0,0
BRDA:1783,176,1,0
BRDA:1784,177,0,0
BRDA:1784,177,1,0
BRDA:1785,178,0,0
BRDA:1785,178,1,0
BRDA:1786,179,0,0
BRDA:1786,179,1,0
BRDA:1787,180,0,0
BRDA:1787,180,1,0
BRDA:1792,181,0,0
BRDA:1792,181,1,0
BRDA:1792,181,2,0
BRDA:1793,182,0,0
BRDA:1793,182,1,0
BRDA:1794,183,0,0
BRDA:1794,183,1,0
BRDA:1795,184,0,0
BRDA:1795,184,1,0
BRDA:1797,185,0,0
BRDA:1797,185,1,0
BRDA:1800,186,0,0
BRDA:1800,186,1,0
BRDA:1802,187,0,0
BRDA:1802,187,1,0
BRDA:1805,188,0,0
BRDA:1805,188,1,0
BRDA:1812,189,0,0
BRDA:1812,189,1,0
BRDA:1812,190,0,0
BRDA:1812,190,1,0
BRDA:1813,191,0,0
BRDA:1813,191,1,0
BRDA:1814,192,0,0
BRDA:1814,192,1,0
BRDA:1820,193,0,3
BRDA:1820,193,1,81
BRDA:1820,194,0,84
BRDA:1820,194,1,74
BRDA:1837,195,0,71
BRDA:1837,195,1,1
BRDA:1841,196,0,3
BRDA:1841,196,1,68
BRDA:1849,197,0,138
BRDA:1849,197,1,111
BRDA:1849,197,2,6
BRDA:1850,198,0,138
BRDA:1850,198,1,0
BRDA:1858,199,0,68
BRDA:1858,199,1,0
BRDA:1874,200,0,0
BRDA:1874,200,1,138
BRDA:1876,201,0,0
BRDA:1876,201,1,0
BRDA:1883,202,0,138
BRDA:1883,202,1,106
BRDA:1883,202,2,0
BRDA:1885,203,0,32
BRDA:1885,203,1,106
BRDA:1885,204,0,138
BRDA:1885,204,1,32
BRDA:1888,205,0,138
BRDA:1888,205,1,136
BRDA:1888,205,2,115
BRDA:1892,206,0,138
BRDA:1892,206,1,135
BRDA:1894,207,0,3
BRDA:1894,207,1,135
BRDA:1894,208,0,138
BRDA:1894,208,1,32
BRDA:1894,208,2,32
BRDA:1894,208,3,3
BRDA:1921,209,0,68
BRDA:1921,209,1,0
BRDA:1922,210,0,0
BRDA:1922,210,1,68
BRDA:1925,211,0,68
BRDA:1925,211,1,0
BRDA:1935,212,0,63
BRDA:1935,212,1,8
BRDA:1938,213,0,8
BRDA:1938,213,1,55
BRDA:1953,214,0,22
BRDA:1953,214,1,1
BRDA:1957,215,0,2
BRDA:1957,215,1,20
BRDA:1964,216,0,20
BRDA:1964,216,1,0
BRDA:1977,217,0,2
BRDA:1977,217,1,19
BRDA:1978,218,0,2
BRDA:1978,218,1,0
BRDA:1983,219,0,2
BRDA:1983,219,1,19
BRDA:1986,220,0,36
BRDA:1986,220,1,25
BRDA:1986,220,2,0
BRDA:1988,221,0,11
BRDA:1988,221,1,25
BRDA:1988,222,0,36
BRDA:1988,222,1,11
BRDA:1991,223,0,36
BRDA:1991,223,1,35
BRDA:1991,223,2,26
BRDA:1995,224,0,36
BRDA:1995,224,1,36
BRDA:1997,225,0,0
BRDA:1997,225,1,36
BRDA:1997,226,0,36
BRDA:1997,226,1,11
BRDA:1997,226,2,11
BRDA:1997,226,3,0
BRDA:2002,227,0,36
BRDA:2002,227,1,29
BRDA:2003,228,0,4
BRDA:2003,228,1,32
BRDA:2003,229,0,36
BRDA:2003,229,1,33
BRDA:2034,230,0,36
BRDA:2034,230,1,29
BRDA:2034,230,2,29
BRDA:2035,231,0,36
BRDA:2035,231,1,21
BRDA:2039,232,0,20
BRDA:2039,232,1,0
BRDA:2048,233,0,3
BRDA:2048,233,1,19
BRDA:2052,234,0,0
BRDA:2052,234,1,3
BRDA:2076,235,0,72
BRDA:2076,235,1,66
BRDA:2090,236,0,72
BRDA:2090,236,1,25
BRDA:2090,236,2,0
BRDA:2092,237,0,6
BRDA:2092,237,1,66
BRDA:2093,238,0,4
BRDA:2093,238,1,2
BRDA:2109,239,0,36
BRDA:2109,239,1,29
BRDA:2109,239,2,29
BRDA:2110,240,0,21
BRDA:2110,240,1,15
BRDA:2120,241,0,47
BRDA:2120,241,1,1
BRDA:2124,242,0,2
BRDA:2124,242,1,45
BRDA:2131,243,0,45
BRDA:2131,243,1,0
BRDA:2140,244,0,58
BRDA:2140,244,1,14
BRDA:2146,245,0,13
BRDA:2146,245,1,34
BRDA:2149,246,0,13
BRDA:2149,246,1,0
BRDA:2160,247,0,4
BRDA:2160,247,1,41
BRDA:2164,248,0,4
BRDA:2164,248,1,0
BRDA:2164,248,2,0
BRDA:2166,249,0,4
BRDA:2166,249,1,0
BRDA:2181,250,0,4
BRDA:2181,250,1,41
BRDA:2183,251,0,43
BRDA:2183,251,1,4
BRDA:2184,252,0,2
BRDA:2184,252,1,41
BRDA:2192,253,0,66
BRDA:2192,253,1,23
BRDA:2193,254,0,65
BRDA:2193,254,1,1
BRDA:2198,255,0,20
BRDA:2198,255,1,23
BRDA:2198,256,0,43
BRDA:2198,256,1,20
BRDA:2221,257,0,28
BRDA:2221,257,1,17
BRDA:2225,258,0,41
BRDA:2225,258,1,0
BRDA:2227,259,0,41
BRDA:2227,259,1,0
BRDA:2243,260,0,72
BRDA:2243,260,1,25
BRDA:2243,260,2,0
BRDA:2245,261,0,47
BRDA:2245,261,1,25
BRDA:2245,262,0,72
BRDA:2245,262,1,47
BRDA:2248,263,0,72
BRDA:2248,263,1,71
BRDA:2248,263,2,27
BRDA:2254,264,0,72
BRDA:2254,264,1,52
BRDA:2254,264,2,52
BRDA:2257,265,0,72
BRDA:2257,265,1,29
BRDA:2257,266,0,68
BRDA:2257,266,1,4
BRDA:2260,267,0,53
BRDA:2260,267,1,19
BRDA:2260,268,0,72
BRDA:2260,268,1,20
BRDA:2261,269,0,53
BRDA:2261,269,1,53
BRDA:2261,269,2,53
BRDA:2261,269,3,51
BRDA:2261,269,4,51
BRDA:2261,269,5,24
BRDA:2261,269,6,24
BRDA:2263,270,0,4
BRDA:2263,270,1,49
BRDA:2264,271,0,3
BRDA:2264,271,1,1
BRDA:2264,272,0,4
BRDA:2264,272,1,4
BRDA:2265,273,0,4
BRDA:2265,273,1,0
BRDA:2265,274,0,4
BRDA:2265,274,1,4
BRDA:2268,275,0,49
BRDA:2268,275,1,23
BRDA:2268,276,0,49
BRDA:2268,276,1,0
BRDA:2269,277,0,47
BRDA:2269,277,1,25
BRDA:2277,278,0,72
BRDA:2277,278,1,47
BRDA:2277,278,2,25
BRDA:2278,279,0,25
BRDA:2278,279,1,25
BRDA:2278,279,2,25
BRDA:2279,280,0,47
BRDA:2279,280,1,25
BRDA:2279,281,0,72
BRDA:2279,281,1,72
BRDA:2279,281,2,72
BRDA:2281,282,0,25
BRDA:2281,282,1,0
BRDA:2281,283,0,0
BRDA:2281,283,1,0
BRDA:2301,284,0,649
BRDA:2302,285,0,649
BRDA:2302,285,1,438
BRDA:2302,285,2,0
BRDA:2303,286,0,649
BRDA:2303,286,1,575
BRDA:2303,286,2,365
BRDA:2307,287,0,218
BRDA:2307,287,1,431
BRDA:2307,288,0,649
BRDA:2307,288,1,603
BRDA:2307,288,2,529
BRDA:2307,288,3,453
BRDA:2307,288,4,453
BRDA:2307,288,5,451
BRDA:2307,288,6,451
BRDA:2307,288,7,451
BRDA:2310,289,0,34
BRDA:2310,289,1,184
BRDA:2311,290,0,147
BRDA:2311,290,1,502
BRDA:2311,291,0,649
BRDA:2311,291,1,626
BRDA:2311,291,2,504
BRDA:2311,291,3,504
BRDA:2311,291,4,504
BRDA:2313,292,0,29
BRDA:2313,292,1,118
BRDA:2314,293,0,26
BRDA:2314,293,1,623
BRDA:2314,294,0,649
BRDA:2314,294,1,637
BRDA:2314,294,2,631
BRDA:2314,294,3,631
BRDA:2314,294,4,631
BRDA:2314,294,5,623
BRDA:2314,294,6,623
BRDA:2314,294,7,623
BRDA:2314,294,8,623
BRDA:2314,294,9,623
BRDA:2318,295,0,0
BRDA:2318,295,1,26
BRDA:2319,296,0,48
BRDA:2319,296,1,601
BRDA:2319,297,0,649
BRDA:2319,297,1,643
BRDA:2319,297,2,601
BRDA:2319,297,3,601
BRDA:2319,297,4,601
BRDA:2321,298,0,14
BRDA:2321,298,1,34
BRDA:2322,299,0,106
BRDA:2322,299,1,543
BRDA:2322,300,0,649
BRDA:2322,300,1,643
BRDA:2322,300,2,643
BRDA:2322,300,3,549
BRDA:2322,300,4,549
BRDA:2324,301,0,18
BRDA:2324,301,1,88
BRDA:2325,302,0,18
BRDA:2325,302,1,631
BRDA:2325,303,0,649
BRDA:2325,303,1,631
BRDA:2325,303,2,631
BRDA:2325,303,3,631
BRDA:2325,303,4,631
BRDA:2327,304,0,4
BRDA:2327,304,1,14
BRDA:2328,305,0,2
BRDA:2328,305,1,647
BRDA:2328,306,0,649
BRDA:2328,306,1,647
BRDA:2328,306,2,647
BRDA:2328,306,3,647
BRDA:2328,306,4,647
BRDA:2330,307,0,0
BRDA:2330,307,1,2
BRDA:2331,308,0,0
BRDA:2331,308,1,649
BRDA:2331,309,0,649
BRDA:2331,309,1,649
BRDA:2331,309,2,649
BRDA:2331,309,3,649
BRDA:2331,309,4,649
BRDA:2331,309,5,649
BRDA:2333,310,0,0
BRDA:2333,310,1,0
BRDA:2334,311,0,0
BRDA:2334,311,1,649
BRDA:2334,312,0,649
BRDA:2334,312,1,649
BRDA:2334,312,2,649
BRDA:2334,312,3,649
BRDA:2334,312,4,649
BRDA:2336,313,0,0
BRDA:2336,313,1,0
BRDA:2337,314,0,12
BRDA:2337,314,1,637
BRDA:2337,315,0,649
BRDA:2337,315,1,637
BRDA:2337,315,2,637
BRDA:2337,315,3,637
BRDA:2337,315,4,637
BRDA:2337,315,5,637
BRDA:2337,315,6,637
BRDA:2340,316,0,0
BRDA:2340,316,1,12
BRDA:2341,317,0,4
BRDA:2341,317,1,645
BRDA:2341,318,0,649
BRDA:2341,318,1,649
BRDA:2341,318,2,645
BRDA:2341,318,3,645
BRDA:2341,318,4,645
BRDA:2343,319,0,0
BRDA:2343,319,1,4
BRDA:2344,320,0,0
BRDA:2344,320,1,649
BRDA:2344,321,0,649
BRDA:2344,321,1,649
BRDA:2344,321,2,649
BRDA:2344,321,3,649
BRDA:2344,321,4,649
BRDA:2344,321,5,649
BRDA:2346,322,0,0
BRDA:2346,322,1,0
BRDA:2525,323,0,284
BRDA:2525,323,1,235
BRDA:2527,324,0,0
BRDA:2527,324,1,284
BRDA:2529,325,0,49
BRDA:2529,325,1,235
BRDA:2530,326,0,187
BRDA:2530,326,1,97
BRDA:2530,327,0,284
BRDA:2530,327,1,232
BRDA:2531,328,0,284
BRDA:2531,328,1,0
BRDA:2531,328,2,0
BRDA:2544,329,0,284
BRDA:2544,329,1,36
BRDA:2547,330,0,284
BRDA:2547,330,1,0
BRDA:2551,331,0,284
BRDA:2551,331,1,278
BRDA:2551,331,2,278
BRDA:2551,331,3,0
BRDA:2552,332,0,284
BRDA:2552,332,1,0
BRDA:2553,333,0,284
BRDA:2553,333,1,0
BRDA:2558,334,0,36
BRDA:2558,334,1,0
BRDA:2571,335,0,246
BRDA:2571,335,1,246
BRDA:2571,335,2,246
BRDA:2571,335,3,0
BRDA:2572,336,0,246
BRDA:2572,336,1,246
BRDA:2572,336,2,246
BRDA:2573,337,0,0
BRDA:2573,337,1,246
BRDA:2573,338,0,246
BRDA:2573,338,1,0
BRDA:2574,339,0,0
BRDA:2574,339,1,0
BRDA:2574,340,0,0
BRDA:2574,340,1,0
BRDA:2578,341,0,0
BRDA:2578,341,1,0
BRDA:2579,342,0,0
BRDA:2579,342,1,0
BRDA:2580,343,0,0
BRDA:2580,343,1,0
BRDA:2597,344,0,75
BRDA:2597,344,1,25
BRDA:2598,345,0,29
BRDA:2598,345,1,71
BRDA:2598,346,0,100
BRDA:2598,346,1,75
BRDA:2610,347,0,26
BRDA:2610,347,1,2
BRDA:2618,348,0,0
BRDA:2618,348,1,13
BRDA:2633,349,0,1
BRDA:2633,349,1,12
BRDA:2635,350,0,0
BRDA:2635,350,1,1
BRDA:2636,351,0,1
BRDA:2636,351,1,0
BRDA:2640,352,0,2
BRDA:2640,352,1,10
BRDA:2641,353,0,12
BRDA:2641,353,1,0
BRDA:2645,354,0,13
BRDA:2645,354,1,0
BRDA:2648,355,0,1
BRDA:2648,355,1,12
BRDA:2649,356,0,0
BRDA:2649,356,1,1
BRDA:2650,357,0,0
BRDA:2650,357,1,12
BRDA:2660,358,0,74
BRDA:2661,359,0,47
BRDA:2661,359,1,27
BRDA:2664,360,0,27
BRDA:2664,360,1,0
BRDA:2667,361,0,0
BRDA:2667,361,1,0
BRDA:2675,362,0,0
BRDA:2675,362,1,0
BRDA:2675,363,0,0
BRDA:2675,363,1,0
BRDA:2676,364,0,0
BRDA:2676,364,1,0
BRDA:2677,365,0,0
BRDA:2677,365,1,0
BRDA:2689,366,0,2
BRDA:2689,366,1,72
BRDA:2690,367,0,2
BRDA:2690,367,1,70
BRDA:2691,368,0,4
BRDA:2691,368,1,66
BRDA:2695,369,0,74
BRDA:2695,369,1,47
BRDA:2695,369,2,47
BRDA:2695,369,3,47
BRDA:2695,369,4,47
BRDA:2698,370,0,0
BRDA:2698,370,1,74
BRDA:2700,371,0,0
BRDA:2700,371,1,74
BRDA:2700,372,0,74
BRDA:2700,372,1,4
BRDA:2704,373,0,27
BRDA:2704,373,1,47
BRDA:2705,374,0,27
BRDA:2705,374,1,0
BRDA:2706,375,0,0
BRDA:2706,375,1,27
BRDA:2718,376,0,74
BRDA:2718,376,1,74
BRDA:2719,377,0,0
BRDA:2719,377,1,74
BRDA:2721,378,0,0
BRDA:2721,378,1,0
BRDA:2722,379,0,0
BRDA:2722,379,1,0
BRDA:2731,380,0,0
BRDA:2731,380,1,74
BRDA:2731,381,0,74
BRDA:2731,381,1,4
BRDA:2734,382,0,0
BRDA:2734,382,1,0
BRDA:2735,383,0,0
BRDA:2735,383,1,0
BRDA:2735,383,2,0
BRDA:2735,383,3,0
BRDA:2737,384,0,0
BRDA:2737,384,1,0
BRDA:2740,385,0,0
BRDA:2740,385,1,0
BRDA:2740,386,0,0
BRDA:2740,386,1,0
BRDA:2762,387,0,36
BRDA:2762,387,1,10
BRDA:2763,388,0,10
BRDA:2763,388,1,26
BRDA:2772,389,0,26
BRDA:2772,389,1,0
BRDA:2780,390,0,74
BRDA:2780,390,1,65
BRDA:2780,390,2,65
BRDA:2781,391,0,29
BRDA:2781,391,1,45
BRDA:2791,392,0,0
BRDA:2791,392,1,3
BRDA:2791,393,0,0
BRDA:2791,393,1,3
BRDA:2795,394,0,29
BRDA:2795,394,1,0
BRDA:2797,395,0,29
BRDA:2797,395,1,0
BRDA:2798,396,0,4
BRDA:2798,396,1,25
BRDA:2798,397,0,1
BRDA:2798,397,1,3
BRDA:2799,398,0,2
BRDA:2799,398,1,23
BRDA:2799,399,0,0
BRDA:2799,399,1,2
BRDA:2800,400,0,2
BRDA:2800,400,1,21
BRDA:2800,401,0,0
BRDA:2800,401,1,2
BRDA:2801,402,0,0
BRDA:2801,402,1,21
BRDA:2801,403,0,0
BRDA:2801,403,1,0
BRDA:2802,404,0,21
BRDA:2802,404,1,0
BRDA:2809,405,0,74
BRDA:2809,405,1,63
BRDA:2809,405,2,0
BRDA:2811,406,0,11
BRDA:2811,406,1,63
BRDA:2811,407,0,74
BRDA:2811,407,1,11
BRDA:2820,408,0,11
BRDA:2820,408,1,63
BRDA:2821,409,0,11
BRDA:2821,409,1,11
BRDA:2821,409,2,2
BRDA:2833,410,0,29
BRDA:2833,410,1,0
BRDA:2834,411,0,4
BRDA:2834,411,1,25
BRDA:2835,412,0,2
BRDA:2835,412,1,23
BRDA:2836,413,0,2
BRDA:2836,413,1,21
BRDA:2837,414,0,0
BRDA:2837,414,1,21
BRDA:2841,415,0,26
BRDA:2841,415,1,0
BRDA:2851,416,0,22
BRDA:2851,416,1,4
BRDA:2855,417,0,18
BRDA:2855,417,1,8
BRDA:2861,418,0,18
BRDA:2861,418,1,8
BRDA:2861,419,0,26
BRDA:2861,419,1,18
BRDA:2881,420,0,3238
BRDA:2881,420,1,1
BRDA:2888,421,0,74
BRDA:2889,422,0,3
BRDA:2889,422,1,71
BRDA:2889,423,0,74
BRDA:2889,423,1,72
BRDA:2895,424,0,196
BRDA:2895,424,1,195
BRDA:2895,424,2,194
BRDA:2896,425,0,53
BRDA:2896,425,1,143
BRDA:2900,426,0,143
BRDA:2900,426,1,53
BRDA:2902,427,0,53
BRDA:2902,427,1,0
BRDA:2922,428,0,53
BRDA:2922,428,1,0
BRDA:2923,429,0,53
BRDA:2923,429,1,53
BRDA:2923,429,2,53
BRDA:2924,430,0,53
BRDA:2924,430,1,52
BRDA:2924,430,2,51
BRDA:2924,430,3,0
BRDA:2940,431,0,0
BRDA:2940,431,1,6
BRDA:2941,432,0,0
BRDA:2941,432,1,0
BRDA:2941,432,2,0
BRDA:2941,432,3,0
BRDA:2950,433,0,6
BRDA:2950,433,1,0
BRDA:2955,434,0,6
BRDA:2955,434,1,6
BRDA:2955,434,2,6
BRDA:2956,435,0,0
BRDA:2956,435,1,6
BRDA:2957,436,0,0
BRDA:2957,436,1,6
BRDA:2958,437,0,0
BRDA:2958,437,1,6
BRDA:2959,438,0,0
BRDA:2959,438,1,6
BRDA:2960,439,0,0
BRDA:2960,439,1,6
BRDA:2961,440,0,0
BRDA:2961,440,1,6
BRDA:2962,441,0,0
BRDA:2962,441,1,6
BRDA:2971,442,0,260
BRDA:2972,443,0,73
BRDA:2972,443,1,11
BRDA:2972,443,2,71
BRDA:2972,443,3,22
BRDA:2972,443,4,47
BRDA:2972,443,5,15
BRDA:2972,443,6,26
BRDA:2972,443,7,35
BRDA:2972,443,8,36
BRDA:2994,444,0,156
BRDA:2998,445,0,68
BRDA:2998,445,1,88
BRDA:3002,446,0,5
BRDA:3002,446,1,2
BRDA:3002,446,2,2
BRDA:3003,447,0,5
BRDA:3003,447,1,0
BRDA:3003,448,0,5
BRDA:3003,448,1,0
BRDA:3004,449,0,5
BRDA:3004,449,1,5
BRDA:3004,450,0,5
BRDA:3004,450,1,0
BRDA:3005,451,0,5
BRDA:3005,451,1,2
BRDA:3005,451,2,0
BRDA:3009,452,0,2
BRDA:3009,452,1,3
BRDA:3009,453,0,5
BRDA:3009,453,1,2
BRDA:3015,454,0,5
BRDA:3015,454,1,0
BRDA:3016,455,0,5
BRDA:3016,455,1,5
BRDA:3016,456,0,5
BRDA:3016,456,1,0
BRDA:3022,457,0,37
BRDA:3022,457,1,119
BRDA:3022,458,0,156
BRDA:3022,458,1,37
BRDA:3026,459,0,37
BRDA:3026,459,1,0
BRDA:3027,460,0,37
BRDA:3027,460,1,0
BRDA:3032,461,0,12
BRDA:3032,461,1,144
BRDA:3032,462,0,156
BRDA:3032,462,1,12
BRDA:3036,463,0,12
BRDA:3036,463,1,0
BRDA:3037,464,0,12
BRDA:3037,464,1,0
BRDA:3047,465,0,157
BRDA:3053,466,0,56
BRDA:3053,466,1,37
BRDA:3053,466,2,12
BRDA:3053,466,3,12
BRDA:3053,466,4,10
BRDA:3053,466,5,10
BRDA:3053,466,6,10
BRDA:3053,466,7,10
BRDA:3059,467,0,56
BRDA:3059,467,1,0
BRDA:3067,468,0,37
BRDA:3067,468,1,0
BRDA:3075,469,0,12
BRDA:3075,469,1,0
BRDA:3083,470,0,12
BRDA:3083,470,1,0
BRDA:3091,471,0,10
BRDA:3091,471,1,0
BRDA:3099,472,0,10
BRDA:3099,472,1,0
BRDA:3107,473,0,10
BRDA:3107,473,1,0
BRDA:3117,474,0,66
BRDA:3117,474,1,91
BRDA:3120,475,0,37
BRDA:3120,475,1,120
BRDA:3249,476,0,219
BRDA:3249,476,1,117
BRDA:3249,477,0,219
BRDA:3249,477,1,117
BRDA:3249,478,0,219
BRDA:3249,478,1,219
BRDA:3249,479,0,219
BRDA:3249,479,1,219
BRDA:3251,480,0,100
BRDA:3251,480,1,2747
BRDA:3252,481,0,100
BRDA:3252,481,1,98
BRDA:3281,482,0,47
BRDA:3281,482,1,48
BRDA:3286,483,0,48
BRDA:3286,483,1,2
BRDA:3287,484,0,95
BRDA:3287,484,1,2
BRDA:3288,485,0,0
BRDA:3288,485,1,95
BRDA:3288,486,0,95
BRDA:3288,486,1,48
BRDA:3291,487,0,48
BRDA:3291,487,1,2
BRDA:3292,488,0,0
BRDA:3292,488,1,95
BRDA:3306,489,0,154
BRDA:3309,490,0,65
BRDA:3309,490,1,89
BRDA:3312,491,0,57
BRDA:3312,491,1,97
BRDA:3315,492,0,31
BRDA:3315,492,1,123
BRDA:3318,493,0,31
BRDA:3318,493,1,123
BRDA:3321,494,0,72
BRDA:3321,494,1,82
BRDA:3324,495,0,36
BRDA:3324,495,1,118
BRF:1127
BRH:727
end_of_record
TN:
SF:scripts/editorial-pillars.ts
FN:109,detectArticleLanguage
FN:130,getLocalizedHeading
FNF:2
FNH:2
FNDA:50,detectArticleLanguage
FNDA:175,getLocalizedHeading
DA:16,2
DA:110,50
DA:111,2
DA:113,48
DA:114,48
DA:115,46
DA:116,46
DA:117,44
DA:120,4
DA:132,175
DA:133,175
LF:11
LH:11
BRDA:110,0,0,2
BRDA:110,0,1,48
BRDA:114,1,0,46
BRDA:114,1,1,2
BRDA:116,2,0,44
BRDA:116,2,1,2
BRDA:132,3,0,175
BRDA:132,3,1,4
BRF:8
BRH:8
end_of_record
TN:
SF:scripts/extract-news-metadata.ts
FN:59,extractMetadata
[...]
BRDA:158,2,1,0
BRDA:175,3,0,0
BRDA:175,3,1,0
BRDA:190,4,0,0
BRDA:190,4,1,0
BRDA:190,5,0,0
BRDA:190,5,1,0
BRDA:202,6,0,0
BRDA:202,6,1,0
BRDA:203,7,0,0
BRDA:203,7,1,0
BRDA:204,8,0,0
BRDA:204,8,1,0
BRDA:205,9,0,0
BRDA:205,9,1,0
BRDA:206,10,0,0
BRDA:206,10,1,0
BRDA:206,11,0,0
BRDA:206,11,1,0
BRDA:249,12,0,0
BRDA:249,12,1,0
BRDA:251,13,0,0
BRDA:251,13,1,0
BRDA:270,14,0,0
BRDA:270,14,1,0
BRDA:366,15,0,0
BRDA:366,15,1,0
BRDA:391,16,0,0
BRDA:391,16,1,0
BRDA:391,17,0,0
BRDA:391,17,1,0
BRDA:420,18,0,0
BRDA:420,18,1,0
BRDA:491,19,0,0
BRDA:491,19,1,0
BRDA:512,20,0,0
BRDA:512,20,1,0
BRDA:515,21,0,0
BRDA:515,21,1,0
BRDA:516,22,0,0
BRDA:516,22,1,0
BRDA:525,23,0,0
BRDA:525,23,1,0
BRDA:529,24,0,0
BRDA:529,24,1,0
BRDA:535,25,0,0
BRDA:535,25,1,0
BRDA:538,26,0,0
BRDA:538,26,1,0
BRDA:546,27,0,0
BRDA:546,27,1,0
BRDA:584,28,0,0
BRDA:584,28,1,0
BRDA:589,29,0,0
BRDA:589,29,1,0
BRDA:590,30,0,0
BRDA:590,30,1,0
BRDA:643,31,0,0
BRDA:643,31,1,0
BRDA:656,32,0,0
BRDA:656,32,1,0
BRDA:672,33,0,0
BRDA:672,33,1,0
BRDA:681,34,0,0
BRDA:681,34,1,0
BRDA:766,35,0,0
BRDA:766,35,1,0
BRDA:787,36,0,0
BRDA:787,36,1,0
BRDA:818,37,0,0
BRDA:818,37,1,0
BRDA:826,38,0,0
BRDA:826,38,1,0
BRDA:826,39,0,0
BRDA:826,39,1,0
BRDA:846,40,0,0
BRDA:846,40,1,0
BRDA:847,41,0,0
BRDA:847,41,1,0
BRDA:893,42,0,0
BRDA:893,42,1,0
BRDA:895,43,0,0
BRDA:895,43,1,0
BRDA:895,44,0,0
BRDA:895,44,1,0
BRDA:899,45,0,0
BRDA:899,45,1,0
BRDA:915,46,0,0
BRDA:915,46,1,0
BRDA:920,47,0,0
BRDA:920,47,1,0
BRDA:959,48,0,0
BRDA:959,48,1,0
BRDA:959,49,0,0
BRDA:959,49,1,0
BRDA:959,49,2,0
BRDA:970,50,0,0
BRDA:970,50,1,0
BRDA:989,51,0,0
BRDA:989,51,1,0
BRDA:995,52,0,0
BRDA:995,52,1,0
BRF:107
BRH:0
end_of_record
TN:
SF:src/browser/dashboards/seasonal-patterns.ts
FN:208,(anonymous_0)
FN:211,(anonymous_1)
FN:250,(anonymous_2)
FN:257,(anonymous_3)
FN:259,(anonymous_4)
FN:273,(anonymous_5)
FN:276,(anonymous_6)
FN:278,(anonymous_7)
FN:288,(anonymous_8)
FN:298,(anonymous_9)
FN:303,(anonymous_10)
FN:306,(anonymous_11)
FN:309,(anonymous_12)
FN:312,(anonymous_13)
FN:313,(anonymous_14)
FN:314,(anonymous_15)
FN:320,(anonymous_16)
FN:322,(anonymous_17)
FN:328,(anonymous_18)
FN:336,(anonymous_19)
FN:338,(anonymous_20)
FN:354,mean
FN:354,(anonymous_22)
FN:355,stddev
FN:355,(anonymous_24)
FN:366,(anonymous_25)
FN:371,(anonymous_26)
FN:372,(anonymous_27)
FN:375,(anonymous_28)
FN:386,(anonymous_29)
FN:396,(anonymous_30)
FN:400,(anonymous_31)
FN:405,(anonymous_32)
FN:405,(anonymous_33)
FN:407,(anonymous_34)
FN:408,(anonymous_35)
FN:413,(anonymous_36)
FN:415,(anonymous_37)
FN:415,(anonymous_38)
FN:417,(anonymous_39)
FN:419,(anonymous_40)
FN:425,(anonymous_41)
FN:430,(anonymous_42)
FN:431,(anonymous_43)
FN:435,(anonymous_44)
FN:436,(anonymous_45)
FN:437,(anonymous_46)
FN:439,(anonymous_47)
FN:443,(anonymous_48)
FN:450,(anonymous_49)
FN:451,(anonymous_50)
FN:454,(anonymous_51)
FN:454,(anonymous_52)
FN:454,(anonymous_53)
FN:455,(anonymous_54)
FN:459,(anonymous_55)
FN:462,(anonymous_56)
FN:464,(anonymous_57)
FN:466,(anonymous_58)
FN:472,(anonymous_59)
FN:476,(anonymous_60)
FN:478,(anonymous_61)
FN:484,(anonymous_62)
FN:485,(anonymous_63)
FN:500,(anonymous_64)
FN:504,(anonymous_65)
FN:504,(anonymous_66)
FN:505,(anonymous_67)
FN:506,(anonymous_68)
FN:507,(anonymous_69)
FN:511,(anonymous_70)
FN:527,(anonymous_71)
FN:534,(anonymous_72)
FN:551,(anonymous_73)
FN:558,(anonymous_74)
FN:559,(anonymous_75)
FN:559,(anonymous_76)
FN:560,(anonymous_77)
FN:562,(anonymous_78)
FN:563,(anonymous_79)
FN:565,(anonymous_80)
FN:567,(anonymous_81)
FN:568,(anonymous_82)
FN:576,(anonymous_83)
FN:581,(anonymous_84)
FN:586,(anonymous_85)
FN:591,(anonymous_86)
FN:606,init
FNF:88
FNH:0
FNDA:0,(anonymous_0)
FNDA:0,(anonymous_1)
FNDA:0,(anonymous_2)
FNDA:0,(anonymous_3)
FNDA:0,(anonymous_4)
FNDA:0,(anonymous_5)
FNDA:0,(anonymous_6)
FNDA:0,(anonymous_7)
FNDA:0,(anonymous_8)
FNDA:0,(anonymous_9)
FNDA:0,(anonymous_10)
FNDA:0,(anonymous_11)
FNDA:0,(anonymous_12)
FNDA:0,(anonymous_13)
FNDA:0,(anonymous_14)
FNDA:0,(anonymous_15)
FNDA:0,(anonymous_16)
FNDA:0,(anonymous_17)
FNDA:0,(anonymous_18)
FNDA:0,(anonymous_19)
FNDA:0,(anonymous_20)
FNDA:0,mean
FNDA:0,(anonymous_22)
FNDA:0,stddev
FNDA:0,(anonymous_24)
FNDA:0,(anonymous_25)
FNDA:0,(anonymous_26)
FNDA:0,(anonymous_27)
FNDA:0,(anonymous_28)
FNDA:0,(anonymous_29)
FNDA:0,(anonymous_30)
FNDA:0,(anonymous_31)
FNDA:0,(anonymous_32)
FNDA:0,(anonymous_33)
FNDA:0,(anonymous_34)
FNDA:0,(anonymous_35)
FNDA:0,(anonymous_36)
FNDA:0,(anonymous_37)
FNDA:0,(anonymous_38)
FNDA:0,(anonymous_39)
FNDA:0,(anonymous_40)
FNDA:0,(anonymous_41)
FNDA:0,(anonymous_42)
FNDA:0,(anonymous_43)
FNDA:0,(anonymous_44)
FNDA:0,(anonymous_45)
FNDA:0,(anonymous_46)
FNDA:0,(anonymous_47)
FNDA:0,(anonymous_48)
FNDA:0,(anonymous_49)
FNDA:0,(anonymous_50)
FNDA:0,(anonymous_51)
FNDA:0,(anonymous_52)
FNDA:0,(anonymous_53)
FNDA:0,(anonymous_54)
FNDA:0,(anonymous_55)
FNDA:0,(anonymous_56)
FNDA:0,(anonymous_57)
FNDA:0,(anonymous_58)
FNDA:0,(anonymous_59)
FNDA:0,(anonymous_60)
FNDA:0,(anonymous_61)
FNDA:0,(anonymous_62)
FNDA:0,(anonymous_63)
FNDA:0,(anonymous_64)
FNDA:0,(anonymous_65)
FNDA:0,(anonymous_66)
FNDA:0,(anonymous_67)
FNDA:0,(anonymous_68)
FNDA:0,(anonymous_69)
FNDA:0,(anonymous_70)
FNDA:0,(anonymous_71)
FNDA:0,(anonymous_72)
FNDA:0,(anonymous_73)
FNDA:0,(anonymous_74)
FNDA:0,(anonymous_75)
FNDA:0,(anonymous_76)
FNDA:0,(anonymous_77)
FNDA:0,(anonymous_78)
FNDA:0,(anonymous_79)
FNDA:0,(anonymous_80)
FNDA:0,(anonymous_81)
FNDA:0,(anonymous_82)
FNDA:0,(anonymous_83)
FNDA:0,(anonymous_84)
FNDA:0,(anonymous_85)
FNDA:0,(anonymous_86)
FNDA:0,init
DA:32,0
DA:33,0
DA:34,0
DA:128,0
DA:161,0
DA:209,0
DA:212,0
DA:213,0
DA:215,0
DA:216,0
DA:217,0
DA:218,0
DA:219,0
DA:220,0
DA:221,0
DA:222,0
DA:223,0
DA:224,0
DA:225,0
DA:226,0
DA:227,0
DA:228,0
DA:230,0
DA:231,0
DA:236,0
DA:237,0
DA:238,0
DA:239,0
DA:240,0
DA:241,0
DA:242,0
DA:243,0
DA:247,0
DA:251,0
DA:252,0
DA:253,0
DA:255,0
DA:256,0
DA:257,0
DA:258,0
DA:259,0
DA:260,0
DA:261,0
DA:262,0
DA:264,0
DA:267,0
DA:272,0
DA:273,0
DA:274,0
DA:275,0
DA:276,0
DA:277,0
DA:278,0
DA:279,0
DA:280,0
DA:281,0
DA:283,0
DA:285,0
DA:289,0
DA:290,0
DA:291,0
DA:292,0
DA:293,0
DA:294,0
DA:295,0
DA:299,0
DA:300,0
DA:304,0
DA:305,0
DA:306,0
DA:308,0
DA:309,0
DA:310,0
DA:311,0
DA:312,0
DA:313,0
DA:314,0
DA:315,0
DA:317,0
DA:321,0
DA:322,0
DA:323,0
DA:324,0
DA:325,0
DA:326,0
DA:328,0
DA:329,0
DA:330,0
DA:331,0
DA:333,0
DA:337,0
DA:338,0
DA:339,0
DA:340,0
DA:341,0
DA:342,0
DA:343,0
DA:344,0
DA:346,0
DA:347,0
DA:349,0
DA:354,0
DA:355,0
DA:362,0
DA:367,0
DA:368,0
DA:372,0
DA:376,0
DA:377,0
DA:378,0
DA:379,0
DA:380,0
DA:381,0
DA:382,0
DA:383,0
DA:387,0
DA:388,0
DA:389,0
DA:391,0
DA:392,0
DA:393,0
DA:395,0
DA:396,0
DA:397,0
DA:398,0
DA:399,0
DA:400,0
DA:401,0
DA:403,0
DA:404,0
DA:405,0
DA:407,0
DA:409,0
DA:410,0
DA:413,0
DA:414,0
DA:415,0
DA:417,0
DA:419,0
DA:420,0
DA:421,0
DA:422,0
DA:426,0
DA:427,0
DA:428,0
DA:429,0
DA:430,0
DA:431,0
DA:433,0
DA:435,0
DA:436,0
DA:437,0
DA:439,0
DA:444,0
DA:445,0
DA:446,0
DA:447,0
DA:448,0
DA:449,0
DA:450,0
DA:451,0
DA:453,0
DA:454,0
DA:455,0
DA:460,0
DA:461,0
DA:462,0
DA:463,0
DA:464,0
DA:465,0
DA:466,0
DA:467,0
DA:469,0
DA:473,0
DA:474,0
DA:475,0
DA:476,0
DA:477,0
DA:478,0
DA:479,0
DA:480,0
DA:481,0
DA:482,0
DA:484,0
DA:485,0
DA:486,0
DA:487,0
DA:488,0
DA:489,0
DA:490,0
DA:491,0
DA:494,0
DA:501,0
DA:502,0
DA:503,0
DA:504,0
DA:505,0
DA:506,0
DA:507,0
DA:509,0
DA:511,0
DA:521,0
DA:522,0
DA:525,0
DA:528,0
DA:529,0
DA:530,0
DA:531,0
DA:535,0
DA:536,0
DA:537,0
DA:538,0
DA:539,0
DA:540,0
DA:541,0
DA:542,0
DA:543,0
DA:544,0
DA:546,0
DA:547,0
DA:552,0
DA:553,0
DA:554,0
DA:555,0
DA:557,0
DA:558,0
DA:559,0
DA:560,0
DA:562,0
DA:563,0
DA:564,0
DA:565,0
DA:566,0
DA:567,0
DA:568,0
DA:569,0
DA:570,0
DA:571,0
DA:577,0
DA:578,0
DA:582,0
DA:583,0
DA:587,0
DA:588,0
DA:592,0
DA:593,0
DA:594,0
DA:595,0
DA:596,0
DA:597,0
DA:607,0
DA:608,0
DA:609,0
DA:610,0
LF:254
LH:0
BRDA:213,0,0,0
BRDA:213,0,1,0
BRDA:220,1,0,0
BRDA:220,1,1,0
BRDA:222,2,0,0
BRDA:222,2,1,0
BRDA:227,3,0,0
BRDA:227,3,1,0
BRDA:230,4,0,0
BRDA:230,4,1,0
BRDA:231,5,0,0
BRDA:231,5,1,0
BRDA:237,6,0,0
BRDA:237,6,1,0
BRDA:240,7,0,0
BRDA:240,7,1,0
BRDA:240,8,0,0
BRDA:240,8,1,0
BRDA:240,8,2,0
BRDA:247,9,0,0
BRDA:247,9,1,0
BRDA:251,10,0,0
BRDA:251,10,1,0
BRDA:255,11,0,0
BRDA:255,11,1,0
BRDA:255,12,0,0
BRDA:255,12,1,0
BRDA:261,13,0,0
BRDA:261,13,1,0
BRDA:261,14,0,0
BRDA:261,14,1,0
BRDA:280,15,0,0
BRDA:280,15,1,0
BRDA:291,16,0,0
BRDA:291,16,1,0
BRDA:293,17,0,0
BRDA:293,17,1,0
BRDA:304,18,0,0
BRDA:304,18,1,0
BRDA:306,19,0,0
BRDA:306,19,1,0
BRDA:311,20,0,0
BRDA:311,20,1,0
BRDA:312,21,0,0
BRDA:312,21,1,0
BRDA:313,22,0,0
BRDA:313,22,1,0
BRDA:314,23,0,0
BRDA:314,23,1,0
BRDA:320,24,0,0
BRDA:321,25,0,0
BRDA:321,25,1,0
BRDA:323,26,0,0
BRDA:323,26,1,0
BRDA:324,27,0,0
BRDA:324,27,1,0
BRDA:325,28,0,0
BRDA:325,28,1,0
BRDA:326,29,0,0
BRDA:326,29,1,0
BRDA:326,29,2,0
BRDA:329,30,0,0
BRDA:329,30,1,0
BRDA:329,31,0,0
BRDA:329,31,1,0
BRDA:329,32,0,0
BRDA:329,32,1,0
BRDA:330,33,0,0
BRDA:330,33,1,0
BRDA:330,34,0,0
BRDA:330,34,1,0
BRDA:330,35,0,0
BRDA:330,35,1,0
BRDA:337,36,0,0
BRDA:337,36,1,0
BRDA:339,37,0,0
BRDA:339,37,1,0
BRDA:339,38,0,0
BRDA:339,38,1,0
BRDA:339,38,2,0
BRDA:340,39,0,0
BRDA:340,39,1,0
BRDA:340,40,0,0
BRDA:340,40,1,0
BRDA:340,40,2,0
BRDA:341,41,0,0
BRDA:341,41,1,0
BRDA:341,42,0,0
BRDA:341,42,1,0
BRDA:342,43,0,0
BRDA:342,43,1,0
BRDA:343,44,0,0
BRDA:343,44,1,0
BRDA:343,45,0,0
BRDA:343,45,1,0
BRDA:344,46,0,0
BRDA:344,46,1,0
BRDA:344,47,0,0
BRDA:344,47,1,0
BRDA:346,48,0,0
BRDA:346,48,1,0
BRDA:346,49,0,0
BRDA:346,49,1,0
BRDA:347,50,0,0
BRDA:347,50,1,0
BRDA:347,51,0,0
BRDA:347,51,1,0
BRDA:354,52,0,0
BRDA:354,52,1,0
BRDA:355,53,0,0
BRDA:355,53,1,0
BRDA:366,54,0,0
BRDA:368,55,0,0
BRDA:368,55,1,0
BRDA:372,56,0,0
BRDA:372,56,1,0
BRDA:375,57,0,0
BRDA:376,58,0,0
BRDA:376,58,1,0
BRDA:377,59,0,0
BRDA:377,59,1,0
BRDA:377,60,0,0
BRDA:377,60,1,0
BRDA:388,61,0,0
BRDA:388,61,1,0
BRDA:388,62,0,0
BRDA:388,62,1,0
BRDA:400,63,0,0
BRDA:400,63,1,0
BRDA:407,64,0,0
BRDA:407,64,1,0
BRDA:409,65,0,0
BRDA:409,65,1,0
BRDA:409,65,2,0
BRDA:409,65,3,0
BRDA:410,66,0,0
BRDA:410,66,1,0
BRDA:413,67,0,0
BRDA:413,67,1,0
BRDA:417,68,0,0
BRDA:417,68,1,0
BRDA:421,69,0,0
BRDA:421,69,1,0
BRDA:422,70,0,0
BRDA:422,70,1,0
BRDA:427,71,0,0
BRDA:427,71,1,0
BRDA:430,72,0,0
BRDA:430,72,1,0
BRDA:435,73,0,0
BRDA:435,73,1,0
BRDA:436,74,0,0
BRDA:436,74,1,0
BRDA:437,75,0,0
BRDA:437,75,1,0
BRDA:439,76,0,0
BRDA:439,76,1,0
BRDA:439,77,0,0
BRDA:439,77,1,0
BRDA:439,78,0,0
BRDA:439,78,1,0
BRDA:445,79,0,0
BRDA:445,79,1,0
BRDA:448,80,0,0
BRDA:448,80,1,0
BRDA:450,81,0,0
BRDA:450,81,1,0
BRDA:451,82,0,0
BRDA:451,82,1,0
BRDA:454,83,0,0
BRDA:454,83,1,0
BRDA:454,84,0,0
BRDA:454,84,1,0
BRDA:460,85,0,0
BRDA:460,85,1,0
BRDA:462,86,0,0
BRDA:462,86,1,0
BRDA:465,87,0,0
BRDA:465,87,1,0
BRDA:466,88,0,0
BRDA:466,88,1,0
BRDA:474,89,0,0
BRDA:474,89,1,0
BRDA:479,90,0,0
BRDA:479,90,1,0
BRDA:480,91,0,0
BRDA:480,91,1,0
BRDA:481,92,0,0
BRDA:481,92,1,0
BRDA:485,93,0,0
BRDA:485,93,1,0
BRDA:487,94,0,0
BRDA:487,94,1,0
BRDA:487,95,0,0
BRDA:487,95,1,0
BRDA:488,96,0,0
BRDA:488,96,1,0
BRDA:488,97,0,0
BRDA:488,97,1,0
BRDA:489,98,0,0
BRDA:489,98,1,0
BRDA:489,99,0,0
BRDA:489,99,1,0
BRDA:491,100,0,0
BRDA:491,100,1,0
BRDA:502,101,0,0
BRDA:502,101,1,0
BRDA:504,102,0,0
BRDA:504,102,1,0
BRDA:504,103,0,0
BRDA:504,103,1,0
BRDA:506,104,0,0
BRDA:506,104,1,0
BRDA:507,105,0,0
BRDA:507,105,1,0
BRDA:507,106,0,0
BRDA:507,106,1,0
BRDA:529,107,0,0
BRDA:529,107,1,0
BRDA:530,108,0,0
BRDA:530,108,1,0
BRDA:531,109,0,0
BRDA:531,109,1,0
BRDA:539,110,0,0
BRDA:539,110,1,0
BRDA:557,111,0,0
BRDA:557,111,1,0
BRDA:562,112,0,0
BRDA:562,112,1,0
BRDA:563,113,0,0
BRDA:563,113,1,0
BRDA:564,114,0,0
BRDA:564,114,1,0
BRDA:567,115,0,0
BRDA:567,115,1,0
BRDA:567,116,0,0
BRDA:567,116,1,0
BRDA:570,117,0,0
BRDA:570,117,1,0
BRDA:570,117,2,0
BRDA:583,118,0,0
BRDA:583,118,1,0
BRDA:588,119,0,0
BRDA:588,119,1,0
BRDA:593,120,0,0
BRDA:593,120,1,0
BRDA:596,121,0,0
BRDA:596,121,1,0
BRDA:608,122,0,0
BRDA:608,122,1,0
BRF:250
BRH:0
end_of_record
TN:
SF:src/browser/dashboards/stats-loader.ts
FN:99,formatDisplayValue
FN:116,updateStat
FN:131,(anonymous_2)
FN:139,buildLookup
FN:159,init
FNF:5
FNH:0
FNDA:0,formatDisplayValue
FNDA:0,updateStat
FNDA:0,(anonymous_2)
FNDA:0,buildLookup
FNDA:0,init
DA:54,0
DA:59,0
DA:66,0
DA:100,0
DA:101,0
DA:103,0
DA:104,0
DA:105,0
DA:107,0
DA:117,0
DA:119,0
DA:122,0
DA:123,0
DA:124,0
DA:128,0
DA:131,0
DA:132,0
DA:140,0
DA:141,0
DA:142,0
DA:143,0
DA:146,0
DA:160,0
DA:161,0
DA:162,0
DA:164,0
DA:165,0
DA:166,0
DA:169,0
DA:171,0
DA:172,0
DA:173,0
DA:174,0
DA:175,0
DA:179,0
DA:183,0
DA:184,0
LF:37
LH:0
BRDA:100,0,0,0
BRDA:100,0,1,0
BRDA:104,1,0,0
BRDA:104,1,1,0
BRDA:117,2,0,0
BRDA:117,2,1,0
BRDA:117,3,0,0
BRDA:117,3,1,0
BRDA:123,4,0,0
BRDA:123,4,1,0
BRDA:142,5,0,0
BRDA:142,5,1,0
BRDA:142,6,0,0
BRDA:142,6,1,0
BRDA:142,6,2,0
BRDA:164,7,0,0
BRDA:164,7,1,0
BRDA:173,8,0,0
BRDA:173,8,1,0
BRDA:183,9,0,0
BRDA:183,9,1,0
BRF:21
BRH:0
end_of_record
TN:
SF:src/browser/shared/chart-factory.ts
FN:29,getChart
FN:38,getResponsiveOptions
FN:97,createChart
FN:141,initDashboardSection
FN:169,addChartKeyboardNav
FN:176,(anonymous_5)
FN:201,createResizeHandler
FN:205,(anonymous_7)
FN:207,(anonymous_8)
FN:217,(anonymous_9)
FN:220,getBreakpoint
FN:231,deepMerge
FNF:12
FNH:0
FNDA:0,getChart
FNDA:0,getResponsiveOptions
FNDA:0,createChart
FNDA:0,initDashboardSection
FNDA:0,addChartKeyboardNav
FNDA:0,(anonymous_5)
FNDA:0,createResizeHandler
FNDA:0,(anonymous_7)
FNDA:0,(anonymous_8)
FNDA:0,(anonymous_9)
FNDA:0,getBreakpoint
FNDA:0,deepMerge
DA:30,0
DA:31,0
DA:32,0
DA:39,0
DA:40,0
DA:41,0
DA:43,0
DA:102,0
DA:103,0
DA:107,0
DA:108,0
DA:112,0
DA:113,0
DA:118,0
DA:122,0
DA:123,0
DA:126,0
DA:127,0
DA:129,0
DA:130,0
DA:131,0
DA:133,0
DA:146,0
DA:147,0
DA:148,0
DA:149,0
DA:152,0
DA:154,0
DA:155,0
DA:156,0
DA:158,0
DA:159,0
DA:173,0
DA:174,0
DA:176,0
DA:177,0
DA:178,0
DA:179,0
DA:180,0
DA:182,0
DA:183,0
DA:184,0
DA:185,0
DA:186,0
DA:187,0
DA:188,0
DA:191,0
DA:192,0
DA:193,0
DA:202,0
DA:205,0
DA:206,0
DA:207,0
DA:208,0
DA:209,0
DA:210,0
DA:211,0
DA:216,0
DA:217,0
DA:221,0
DA:222,0
DA:223,0
DA:224,0
DA:225,0
DA:235,0
DA:236,0
DA:237,0
DA:238,0
DA:239,0
DA:247,0
DA:252,0
DA:255,0
LF:72
LH:0
BRDA:31,0,0,0
BRDA:31,0,1,0
BRDA:41,1,0,0
BRDA:41,1,1,0
BRDA:46,2,0,0
BRDA:46,2,1,0
BRDA:49,3,0,0
BRDA:49,3,1,0
BRDA:51,4,0,0
BRDA:51,4,1,0
BRDA:52,5,0,0
BRDA:52,5,1,0
BRDA:53,6,0,0
BRDA:53,6,1,0
BRDA:53,7,0,0
BRDA:53,7,1,0
BRDA:63,8,0,0
BRDA:63,8,1,0
BRDA:64,9,0,0
BRDA:64,9,1,0
BRDA:65,10,0,0
BRDA:65,10,1,0
BRDA:73,11,0,0
BRDA:73,11,1,0
BRDA:74,12,0,0
BRDA:74,12,1,0
BRDA:81,13,0,0
BRDA:81,13,1,0
BRDA:103,14,0,0
BRDA:103,14,1,0
BRDA:107,15,0,0
BRDA:107,15,1,0
BRDA:115,16,0,0
BRDA:115,16,1,0
BRDA:118,17,0,0
BRDA:118,17,1,0
BRDA:122,18,0,0
BRDA:122,18,1,0
BRDA:130,19,0,0
BRDA:130,19,1,0
BRDA:144,20,0,0
BRDA:147,21,0,0
BRDA:147,21,1,0
BRDA:178,22,0,0
BRDA:178,22,1,0
BRDA:179,23,0,0
BRDA:179,23,1,0
BRDA:180,24,0,0
BRDA:180,24,1,0
BRDA:183,25,0,0
BRDA:183,25,1,0
BRDA:183,26,0,0
BRDA:183,26,1,0
BRDA:186,27,0,0
BRDA:186,27,1,0
BRDA:186,28,0,0
BRDA:186,28,1,0
BRDA:191,29,0,0
BRDA:191,29,1,0
BRDA:191,30,0,0
BRDA:191,30,1,0
BRDA:209,31,0,0
BRDA:209,31,1,0
BRDA:222,32,0,0
BRDA:222,32,1,0
BRDA:223,33,0,0
BRDA:223,33,1,0
BRDA:224,34,0,0
BRDA:224,34,1,0
BRDA:239,35,0,0
BRDA:239,35,1,0
BRDA:240,36,0,0
BRDA:240,36,1,0
BRDA:240,36,2,0
BRDA:240,36,3,0
BRDA:240,36,4,0
BRDA:240,36,5,0
BRF:77
BRH:0
end_of_record
TN:
SF:src/browser/shared/data-loader.ts
FN:36,fetchWithRetry
FN:50,(anonymous_1)
FN:59,getFromCache
FN:77,setCache
FN:89,loadText
FN:133,loadCSV
FN:144,loadJSON
FN:156,parseCSV
FN:168,(anonymous_8)
FN:169,(anonymous_9)
FN:170,(anonymous_10)
FN:172,(anonymous_11)
FN:182,createDataSource
FNF:13
FNH:0
FNDA:0,fetchWithRetry
FNDA:0,(anonymous_1)
FNDA:0,getFromCache
FNDA:0,setCache
FNDA:0,loadText
FNDA:0,loadCSV
FNDA:0,loadJSON
FNDA:0,parseCSV
FNDA:0,(anonymous_8)
FNDA:0,(anonymous_9)
FNDA:0,(anonymous_10)
FNDA:0,(anonymous_11)
FNDA:0,createDataSource
DA:24,0
DA:25,0
DA:26,0
DA:41,0
DA:42,0
DA:43,0
DA:44,0
DA:45,0
DA:47,0
DA:49,0
DA:50,0
DA:53,0
DA:60,0
DA:61,0
DA:62,0
DA:63,0
DA:64,0
DA:65,0
DA:66,0
DA:68,0
DA:70,0
DA:78,0
DA:79,0
DA:80,0
DA:82,0
DA:98,0
DA:101,0
DA:102,0
DA:103,0
DA:104,0
DA:105,0
DA:110,0
DA:111,0
DA:113,0
DA:114,0
DA:115,0
DA:116,0
DA:117,0
DA:118,0
DA:119,0
DA:121,0
DA:122,0
DA:126,0
DA:137,0
DA:138,0
DA:148,0
DA:149,0
DA:158,0
DA:161,0
DA:162,0
DA:166,0
DA:167,0
DA:168,0
DA:169,0
DA:170,0
DA:171,0
DA:172,0
DA:173,0
DA:175,0
DA:186,0
DA:187,0
DA:188,0
DA:192,0
LF:63
LH:0
BRDA:44,0,0,0
BRDA:44,0,1,0
BRDA:49,1,0,0
BRDA:49,1,1,0
BRDA:62,2,0,0
BRDA:62,2,1,0
BRDA:64,3,0,0
BRDA:64,3,1,0
BRDA:91,4,0,0
BRDA:95,5,0,0
BRDA:96,6,0,0
BRDA:97,7,0,0
BRDA:101,8,0,0
BRDA:101,8,1,0
BRDA:103,9,0,0
BRDA:103,9,1,0
BRDA:110,10,0,0
BRDA:110,10,1,0
BRDA:117,11,0,0
BRDA:117,11,1,0
BRDA:121,12,0,0
BRDA:121,12,1,0
BRDA:126,13,0,0
BRDA:126,13,1,0
BRDA:135,14,0,0
BRDA:146,15,0,0
BRDA:161,16,0,0
BRDA:161,16,1,0
BRDA:167,17,0,0
BRDA:167,17,1,0
BRDA:173,18,0,0
BRDA:173,18,1,0
BRDA:187,19,0,0
BRDA:187,19,1,0
BRF:34
BRH:0
end_of_record
TN:
SF:src/browser/shared/dom-utils.ts
FN:17,showLoadingState
FN:37,showEmptyState
FN:53,showErrorState
FN:70,hideStateOverlays
FN:80,formatNumber
FN:87,formatPercent
FN:94,debounce
FN:99,(anonymous_7)
FN:101,(anonymous_8)
FN:108,detectLanguage
FN:123,showDataSourceDisclaimer
FN:167,announceToScreenReader
FNF:12
FNH:1
FNDA:0,showLoadingState
FNDA:0,showEmptyState
FNDA:0,showErrorState
FNDA:0,hideStateOverlays
FNDA:0,formatNumber
FNDA:0,formatPercent
FNDA:0,debounce
FNDA:0,(anonymous_7)
FNDA:0,(anonymous_8)
FNDA:0,detectLanguage
FNDA:20,showDataSourceDisclaimer
FNDA:0,announceToScreenReader
DA:18,0
DA:19,0
DA:20,0
DA:21,0
DA:22,0
DA:23,0
DA:24,0
DA:25,0
DA:27,0
DA:31,0
DA:38,0
DA:39,0
DA:40,0
DA:41,0
DA:42,0
DA:43,0
DA:44,0
DA:46,0
DA:47,0
DA:54,0
DA:55,0
DA:56,0
DA:57,0
DA:58,0
DA:59,0
DA:60,0
DA:61,0
DA:63,0
DA:64,0
DA:71,0
DA:72,0
DA:73,0
DA:81,0
DA:88,0
DA:99,0
DA:100,0
DA:101,0
DA:109,0
DA:128,20
DA:129,20
DA:131,20
DA:132,20
DA:133,20
DA:138,20
DA:140,10
DA:141,10
DA:142,10
DA:144,5
DA:145,5
DA:146,5
DA:148,5
DA:149,5
DA:150,5
DA:153,20
DA:156,20
DA:157,20
DA:158,19
DA:160,1
DA:168,0
DA:169,0
DA:170,0
DA:171,0
DA:172,0
DA:173,0
DA:174,0
DA:175,0
DA:177,0
LF:67
LH:20
BRDA:17,0,0,0
BRDA:19,1,0,0
BRDA:19,1,1,0
BRDA:37,2,0,0
BRDA:39,3,0,0
BRDA:39,3,1,0
BRDA:53,4,0,0
BRDA:55,5,0,0
BRDA:55,5,1,0
BRDA:72,6,0,0
BRDA:72,6,1,0
BRDA:80,7,0,0
BRDA:87,8,0,0
BRDA:109,9,0,0
BRDA:109,9,1,0
BRDA:129,10,0,4
BRDA:129,10,1,16
BRDA:138,11,0,10
BRDA:138,11,1,5
BRDA:138,11,2,5
BRDA:157,12,0,19
BRDA:157,12,1,1
BRDA:169,13,0,0
BRDA:169,13,1,0
BRF:24
BRH:7
end_of_record
TN:
SF:src/browser/shared/index.ts
FNF:0
FNH:0
LF:0
LH:0
BRF:0
BRH:0
end_of_record
TN:
SF:src/browser/shared/logger.ts
FN:18,(anonymous_0)
FN:21,(anonymous_1)
FN:24,(anonymous_2)
FN:27,(anonymous_3)
FNF:4
FNH:0
FNDA:0,(anonymous_0)
FNDA:0,(anonymous_1)
FNDA:0,(anonymous_2)
FNDA:0,(anonymous_3)
DA:14,0
DA:17,0
DA:19,0
DA:22,0
DA:25,0
DA:28,0
LF:6
LH:0
BRDA:14,0,0,0
BRDA:14,0,1,0
BRDA:19,1,0,0
BRDA:19,1,1,0
BRDA:22,2,0,0
BRDA:22,2,1,0
BRF:6
BRH:0
end_of_record
TN:
SF:src/browser/shared/register-globals.ts
FNF:0
FNH:0
DA:20,0
DA:21,0
DA:22,0
LF:3
LH:0
BRF:0
BRH:0
end_of_record
TN:
SF:src/browser/shared/theme.ts
FN:68,getPartyColor
FNF:1
FNH:0
FNDA:0,getPartyColor
DA:20,0
DA:44,0
DA:54,0
DA:69,0
LF:4
LH:0
BRDA:69,0,0,0
BRDA:69,0,1,0
BRF:2
BRH:0
end_of_record
TN:
SF:src/browser/shared/types.ts
FNF:0
FNH:0
LF:0
LH:0
BRF:0
BRH:0
end_of_record
TN:
SF:src/browser/ui/back-to-top.ts
FN:13,initBackToTop
FN:19,(anonymous_1)
FN:27,(anonymous_2)
FN:29,(anonymous_3)
FN:37,(anonymous_4)
FN:44,(anonymous_5)
FNF:6
FNH:0
FNDA:0,initBackToTop
FNDA:0,(anonymous_1)
FNDA:0,(anonymous_2)
FNDA:0,(anonymous_3)
FNDA:0,(anonymous_4)
FNDA:0,(anonymous_5)
DA:14,0
DA:15,0
DA:17,0
DA:19,0
DA:20,0
DA:21,0
DA:22,0
DA:23,0
DA:26,0
DA:27,0
DA:28,0
DA:29,0
DA:30,0
DA:31,0
DA:33,0
DA:37,0
DA:38,0
DA:44,0
DA:45,0
DA:46,0
DA:47,0
DA:52,0
LF:22
LH:0
BRDA:15,0,0,0
BRDA:15,0,1,0
BRDA:23,1,0,0
BRDA:23,1,1,0
BRDA:28,2,0,0
BRDA:28,2,1,0
BRDA:40,3,0,0
BRDA:40,3,1,0
BRDA:45,4,0,0
BRDA:45,4,1,0
BRDA:45,5,0,0
BRDA:45,5,1,0
BRF:12
BRH:0
end_of_record
