TN:
SF:dashboard/cia-data-loader.js
FN:178,(anonymous_0)
FN:251,(anonymous_1)
FN:255,(anonymous_2)
FN:280,(anonymous_3)
FN:297,(anonymous_4)
FN:326,(anonymous_5)
FN:347,(anonymous_6)
FN:357,(anonymous_7)
FN:362,(anonymous_8)
FN:362,(anonymous_9)
FN:366,(anonymous_10)
FN:367,(anonymous_11)
FN:368,(anonymous_12)
FN:369,(anonymous_13)
FN:370,(anonymous_14)
FN:371,(anonymous_15)
FN:375,(anonymous_16)
FN:385,(anonymous_17)
FN:387,(anonymous_18)
FN:433,(anonymous_19)
FN:441,(anonymous_20)
FN:450,(anonymous_21)
FN:454,(anonymous_22)
FN:463,(anonymous_23)
FN:464,(anonymous_24)
FN:474,(anonymous_25)
FN:505,(anonymous_26)
FN:520,(anonymous_27)
FN:528,(anonymous_28)
FN:534,(anonymous_29)
FN:535,(anonymous_30)
FN:538,(anonymous_31)
FN:547,(anonymous_32)
FN:572,(anonymous_33)
FN:580,(anonymous_34)
FN:586,(anonymous_35)
FN:587,(anonymous_36)
FN:603,(anonymous_37)
FN:641,(anonymous_38)
FN:654,(anonymous_39)
FN:655,(anonymous_40)
FN:663,(anonymous_41)
FN:665,(anonymous_42)
FN:674,(anonymous_43)
FN:675,(anonymous_44)
FN:676,(anonymous_45)
FN:677,(anonymous_46)
FN:685,(anonymous_47)
FN:703,(anonymous_48)
FNF:49
FNH:0
FNDA:0,(anonymous_0)
FNDA:0,(anonymous_1)
FNDA:0,(anonymous_2)
FNDA:0,(anonymous_3)
FNDA:0,(anonymous_4)
FNDA:0,(anonymous_5)
FNDA:0,(anonymous_6)
FNDA:0,(anonymous_7)
FNDA:0,(anonymous_8)
FNDA:0,(anonymous_9)
FNDA:0,(anonymous_10)
FNDA:0,(anonymous_11)
FNDA:0,(anonymous_12)
FNDA:0,(anonymous_13)
FNDA:0,(anonymous_14)
FNDA:0,(anonymous_15)
FNDA:0,(anonymous_16)
FNDA:0,(anonymous_17)
FNDA:0,(anonymous_18)
FNDA:0,(anonymous_19)
FNDA:0,(anonymous_20)
FNDA:0,(anonymous_21)
FNDA:0,(anonymous_22)
FNDA:0,(anonymous_23)
FNDA:0,(anonymous_24)
FNDA:0,(anonymous_25)
FNDA:0,(anonymous_26)
FNDA:0,(anonymous_27)
FNDA:0,(anonymous_28)
FNDA:0,(anonymous_29)
FNDA:0,(anonymous_30)
FNDA:0,(anonymous_31)
FNDA:0,(anonymous_32)
FNDA:0,(anonymous_33)
FNDA:0,(anonymous_34)
FNDA:0,(anonymous_35)
FNDA:0,(anonymous_36)
FNDA:0,(anonymous_37)
FNDA:0,(anonymous_38)
FNDA:0,(anonymous_39)
FNDA:0,(anonymous_40)
FNDA:0,(anonymous_41)
FNDA:0,(anonymous_42)
FNDA:0,(anonymous_43)
FNDA:0,(anonymous_44)
FNDA:0,(anonymous_45)
FNDA:0,(anonymous_46)
FNDA:0,(anonymous_47)
FNDA:0,(anonymous_48)
DA:179,0
DA:180,0
DA:181,0
DA:187,0
DA:252,0
DA:253,0
DA:255,0
DA:256,0
DA:258,0
DA:259,0
DA:260,0
DA:263,0
DA:264,0
DA:265,0
DA:266,0
DA:267,0
DA:268,0
DA:269,0
DA:270,0
DA:271,0
DA:272,0
DA:274,0
DA:277,0
DA:279,0
DA:280,0
DA:281,0
DA:283,0
DA:284,0
DA:286,0
DA:288,0
DA:298,0
DA:301,0
DA:302,0
DA:305,0
DA:306,0
DA:307,0
DA:308,0
DA:309,0
DA:310,0
DA:311,0
DA:313,0
DA:317,0
DA:318,0
DA:327,0
DA:331,0
DA:332,0
DA:333,0
DA:334,0
DA:335,0
DA:337,0
DA:340,0
DA:348,0
DA:357,0
DA:358,0
DA:361,0
DA:362,0
DA:363,0
DA:366,0
DA:367,0
DA:368,0
DA:369,0
DA:370,0
DA:371,0
DA:374,0
DA:375,0
DA:379,0
DA:384,0
DA:385,0
DA:386,0
DA:387,0
DA:390,0
DA:434,0
DA:442,0
DA:449,0
DA:450,0
DA:453,0
DA:454,0
DA:455,0
DA:456,0
DA:461,0
DA:462,0
DA:463,0
DA:465,0
DA:467,0
DA:472,0
DA:474,0
DA:475,0
DA:476,0
DA:478,0
DA:505,0
DA:507,0
DA:521,0
DA:527,0
DA:528,0
DA:529,0
DA:533,0
DA:534,0
DA:535,0
DA:538,0
DA:539,0
DA:540,0
DA:547,0
DA:558,0
DA:573,0
DA:579,0
DA:580,0
DA:581,0
DA:585,0
DA:586,0
DA:588,0
DA:589,0
DA:603,0
DA:610,0
DA:611,0
DA:612,0
DA:613,0
DA:615,0
DA:625,0
DA:642,0
DA:647,0
DA:648,0
DA:649,0
DA:652,0
DA:653,0
DA:654,0
DA:656,0
DA:658,0
DA:663,0
DA:664,0
DA:665,0
DA:666,0
DA:667,0
DA:669,0
DA:674,0
DA:675,0
DA:676,0
DA:677,0
DA:678,0
DA:679,0
DA:680,0
DA:685,0
DA:687,0
DA:705,0
DA:714,0
LF:144
LH:0
BRDA:253,0,0,0
BRDA:253,0,1,0
BRDA:260,1,0,0
BRDA:260,1,1,0
BRDA:268,2,0,0
BRDA:268,2,1,0
BRDA:270,3,0,0
BRDA:270,3,1,0
BRDA:270,4,0,0
BRDA:270,4,1,0
BRDA:281,5,0,0
BRDA:281,5,1,0
BRDA:284,6,0,0
BRDA:284,6,1,0
BRDA:284,7,0,0
BRDA:284,7,1,0
BRDA:284,7,2,0
BRDA:301,8,0,0
BRDA:301,8,1,0
BRDA:308,9,0,0
BRDA:308,9,1,0
BRDA:311,10,0,0
BRDA:311,10,1,0
BRDA:334,11,0,0
BRDA:334,11,1,0
BRDA:358,12,0,0
BRDA:358,12,1,0
BRDA:363,13,0,0
BRDA:363,13,1,0
BRDA:369,14,0,0
BRDA:369,14,1,0
BRDA:370,15,0,0
BRDA:370,15,1,0
BRDA:371,16,0,0
BRDA:371,16,1,0
BRDA:374,17,0,0
BRDA:374,17,1,0
BRDA:375,18,0,0
BRDA:375,18,1,0
BRDA:379,19,0,0
BRDA:379,19,1,0
BRDA:386,20,0,0
BRDA:386,20,1,0
BRDA:387,21,0,0
BRDA:387,21,1,0
BRDA:410,22,0,0
BRDA:410,22,1,0
BRDA:411,23,0,0
BRDA:411,23,1,0
BRDA:417,24,0,0
BRDA:417,24,1,0
BRDA:419,25,0,0
BRDA:419,25,1,0
BRDA:455,26,0,0
BRDA:455,26,1,0
BRDA:465,27,0,0
BRDA:465,27,1,0
BRDA:465,28,0,0
BRDA:465,28,1,0
BRDA:465,28,2,0
BRDA:465,28,3,0
BRDA:475,29,0,0
BRDA:475,29,1,0
BRDA:476,30,0,0
BRDA:476,30,1,0
BRDA:480,31,0,0
BRDA:480,31,1,0
BRDA:483,32,0,0
BRDA:483,32,1,0
BRDA:485,33,0,0
BRDA:485,33,1,0
BRDA:486,34,0,0
BRDA:486,34,1,0
BRDA:487,35,0,0
BRDA:487,35,1,0
BRDA:488,36,0,0
BRDA:488,36,1,0
BRDA:491,37,0,0
BRDA:491,37,1,0
BRDA:492,38,0,0
BRDA:492,38,1,0
BRDA:493,39,0,0
BRDA:493,39,1,0
BRDA:496,40,0,0
BRDA:496,40,1,0
BRDA:497,41,0,0
BRDA:497,41,1,0
BRDA:498,42,0,0
BRDA:498,42,1,0
BRDA:498,42,2,0
BRDA:505,43,0,0
BRDA:505,43,1,0
BRDA:505,44,0,0
BRDA:505,44,1,0
BRDA:535,45,0,0
BRDA:535,45,1,0
BRDA:535,46,0,0
BRDA:535,46,1,0
BRDA:539,47,0,0
BRDA:539,47,1,0
BRDA:543,48,0,0
BRDA:543,48,1,0
BRDA:544,49,0,0
BRDA:544,49,1,0
BRDA:545,50,0,0
BRDA:545,50,1,0
BRDA:546,51,0,0
BRDA:546,51,1,0
BRDA:549,52,0,0
BRDA:549,52,1,0
BRDA:550,53,0,0
BRDA:550,53,1,0
BRDA:551,54,0,0
BRDA:551,54,1,0
BRDA:552,55,0,0
BRDA:552,55,1,0
BRDA:553,56,0,0
BRDA:553,56,1,0
BRDA:581,57,0,0
BRDA:581,57,1,0
BRDA:586,58,0,0
BRDA:586,58,1,0
BRDA:592,59,0,0
BRDA:592,59,1,0
BRDA:593,60,0,0
BRDA:593,60,1,0
BRDA:594,61,0,0
BRDA:594,61,1,0
BRDA:595,62,0,0
BRDA:595,62,1,0
BRDA:597,63,0,0
BRDA:597,63,1,0
BRDA:612,64,0,0
BRDA:612,64,1,0
BRDA:613,65,0,0
BRDA:613,65,1,0
BRDA:613,66,0,0
BRDA:613,66,1,0
BRDA:656,67,0,0
BRDA:656,67,1,0
BRDA:656,68,0,0
BRDA:656,68,1,0
BRDA:656,68,2,0
BRDA:656,68,3,0
BRDA:664,69,0,0
BRDA:664,69,1,0
BRDA:666,70,0,0
BRDA:666,70,1,0
BRDA:667,71,0,0
BRDA:667,71,1,0
BRDA:677,72,0,0
BRDA:677,72,1,0
BRDA:678,73,0,0
BRDA:678,73,1,0
BRDA:679,74,0,0
BRDA:679,74,1,0
BRDA:683,75,0,0
BRDA:683,75,1,0
BRDA:683,76,0,0
BRDA:683,76,1,0
BRF:160
BRH:0
end_of_record
TN:
SF:dashboard/i18n-translations.js
FN:542,detectLanguage
FN:553,t
FN:594,formatDate
FN:612,formatNumber
FN:623,formatPercentage
FN:637,formatCurrency
FNF:6
FNH:0
FNDA:0,detectLanguage
FNDA:0,t
FNDA:0,formatDate
FNDA:0,formatNumber
FNDA:0,formatPercentage
FNDA:0,formatCurrency
DA:45,0
DA:543,0
DA:544,0
DA:554,0
DA:555,0
DA:557,0
DA:558,0
DA:559,0
DA:560,0
DA:561,0
DA:565,0
DA:571,0
DA:595,0
DA:596,0
DA:598,0
DA:613,0
DA:614,0
DA:624,0
DA:638,0
DA:639,0
LF:20
LH:0
BRDA:544,0,0,0
BRDA:544,0,1,0
BRDA:544,1,0,0
BRDA:544,1,1,0
BRDA:553,2,0,0
BRDA:555,3,0,0
BRDA:555,3,1,0
BRDA:559,4,0,0
BRDA:559,4,1,0
BRDA:594,5,0,0
BRDA:595,6,0,0
BRDA:595,6,1,0
BRDA:596,7,0,0
BRDA:596,7,1,0
BRDA:612,8,0,0
BRDA:612,9,0,0
BRDA:613,10,0,0
BRDA:613,10,1,0
BRDA:623,11,0,0
BRDA:637,12,0,0
BRDA:638,13,0,0
BRDA:638,13,1,0
BRF:22
BRH:0
end_of_record
TN:
SF:js/back-to-top.js
FN:94,(anonymous_0)
FN:101,(anonymous_1)
FN:110,(anonymous_2)
FNF:3
FNH:0
FNDA:0,(anonymous_0)
FNDA:0,(anonymous_1)
FNDA:0,(anonymous_2)
DA:94,0
DA:97,0
DA:99,0
DA:101,0
DA:102,0
DA:103,0
DA:105,0
DA:110,0
DA:111,0
DA:112,0
LF:10
LH:0
BRDA:99,0,0,0
BRDA:99,0,1,0
BRDA:102,1,0,0
BRDA:102,1,1,0
BRDA:114,2,0,0
BRDA:114,2,1,0
BRF:6
BRH:0
end_of_record
TN:
SF:js/chart-utils.js
FN:48,(anonymous_0)
FN:106,getResponsiveOptions
FN:136,(anonymous_2)
FN:164,(anonymous_3)
FN:204,showLoadingState
FN:243,showEmptyState
FN:323,showErrorState
FN:382,(anonymous_7)
FN:404,hideStateOverlays
FN:410,(anonymous_9)
FN:431,addKeyboardNavigation
FN:437,(anonymous_11)
FN:460,announceDataPoint
FN:485,highlightDataPoint
FN:522,formatNumber
FN:539,formatPercent
FN:562,debounce
FN:564,executedFunction
FN:565,(anonymous_18)
FN:580,createResizeHandler
FN:581,(anonymous_20)
FN:584,(anonymous_21)
FN:604,deepMerge
FN:607,(anonymous_23)
FN:628,isObject
FNF:25
FNH:0
FNDA:0,(anonymous_0)
FNDA:0,getResponsiveOptions
FNDA:0,(anonymous_2)
FNDA:0,(anonymous_3)
FNDA:0,showLoadingState
FNDA:0,showEmptyState
FNDA:0,showErrorState
FNDA:0,(anonymous_7)
FNDA:0,hideStateOverlays
FNDA:0,(anonymous_9)
FNDA:0,addKeyboardNavigation
FNDA:0,(anonymous_11)
FNDA:0,announceDataPoint
FNDA:0,highlightDataPoint
FNDA:0,formatNumber
FNDA:0,formatPercent
FNDA:0,debounce
FNDA:0,executedFunction
FNDA:0,(anonymous_18)
FNDA:0,createResizeHandler
FNDA:0,(anonymous_20)
FNDA:0,(anonymous_21)
FNDA:0,deepMerge
FNDA:0,(anonymous_23)
FNDA:0,isObject
DA:48,0
DA:59,0
DA:88,0
DA:107,0
DA:109,0
DA:137,0
DA:138,0
DA:139,0
DA:142,0
DA:143,0
DA:144,0
DA:145,0
DA:147,0
DA:155,0
DA:156,0
DA:165,0
DA:192,0
DA:205,0
DA:206,0
DA:207,0
DA:208,0
DA:212,0
DA:213,0
DA:214,0
DA:215,0
DA:216,0
DA:218,0
DA:219,0
DA:220,0
DA:222,0
DA:223,0
DA:225,0
DA:226,0
DA:229,0
DA:230,0
DA:234,0
DA:244,0
DA:245,0
DA:246,0
DA:247,0
DA:251,0
DA:252,0
DA:253,0
DA:257,0
DA:258,0
DA:259,0
DA:260,0
DA:262,0
DA:263,0
DA:264,0
DA:265,0
DA:266,0
DA:267,0
DA:268,0
DA:269,0
DA:271,0
DA:272,0
DA:273,0
DA:275,0
DA:276,0
DA:277,0
DA:279,0
DA:280,0
DA:281,0
DA:283,0
DA:284,0
DA:285,0
DA:287,0
DA:288,0
DA:290,0
DA:292,0
DA:294,0
DA:295,0
DA:296,0
DA:298,0
DA:299,0
DA:300,0
DA:301,0
DA:302,0
DA:304,0
DA:305,0
DA:306,0
DA:307,0
DA:310,0
DA:311,0
DA:314,0
DA:324,0
DA:325,0
DA:326,0
DA:327,0
DA:331,0
DA:332,0
DA:333,0
DA:337,0
DA:338,0
DA:339,0
DA:340,0
DA:342,0
DA:343,0
DA:344,0
DA:345,0
DA:346,0
DA:347,0
DA:348,0
DA:349,0
DA:351,0
DA:352,0
DA:353,0
DA:354,0
DA:355,0
DA:357,0
DA:358,0
DA:359,0
DA:360,0
DA:361,0
DA:362,0
DA:364,0
DA:365,0
DA:366,0
DA:367,0
DA:368,0
DA:369,0
DA:371,0
DA:372,0
DA:374,0
DA:376,0
DA:378,0
DA:379,0
DA:380,0
DA:382,0
DA:383,0
DA:386,0
DA:387,0
DA:388,0
DA:389,0
DA:392,0
DA:393,0
DA:396,0
DA:405,0
DA:406,0
DA:409,0
DA:410,0
DA:411,0
DA:412,0
DA:413,0
DA:418,0
DA:432,0
DA:434,0
DA:435,0
DA:437,0
DA:438,0
DA:440,0
DA:441,0
DA:442,0
DA:443,0
DA:444,0
DA:445,0
DA:446,0
DA:447,0
DA:448,0
DA:449,0
DA:461,0
DA:462,0
DA:463,0
DA:466,0
DA:467,0
DA:468,0
DA:469,0
DA:470,0
DA:471,0
DA:472,0
DA:473,0
DA:476,0
DA:487,0
DA:488,0
DA:489,0
DA:492,0
DA:493,0
DA:494,0
DA:495,0
DA:499,0
DA:504,0
DA:508,0
DA:523,0
DA:524,0
DA:527,0
DA:540,0
DA:541,0
DA:544,0
DA:564,0
DA:565,0
DA:566,0
DA:567,0
DA:569,0
DA:570,0
DA:581,0
DA:582,0
DA:584,0
DA:585,0
DA:586,0
DA:587,0
DA:605,0
DA:606,0
DA:607,0
DA:608,0
DA:609,0
DA:610,0
DA:612,0
DA:615,0
DA:619,0
DA:629,0
DA:636,0
LF:212
LH:0
BRDA:61,0,0,0
BRDA:61,0,1,0
BRDA:62,1,0,0
BRDA:62,1,1,0
BRDA:63,2,0,0
BRDA:63,2,1,0
BRDA:66,3,0,0
BRDA:66,3,1,0
BRDA:67,4,0,0
BRDA:67,4,1,0
BRDA:70,5,0,0
BRDA:70,5,1,0
BRDA:106,6,0,0
BRDA:106,7,0,0
BRDA:114,8,0,0
BRDA:114,8,1,0
BRDA:118,9,0,0
BRDA:118,9,1,0
BRDA:121,10,0,0
BRDA:121,10,1,0
BRDA:123,11,0,0
BRDA:123,11,1,0
BRDA:124,12,0,0
BRDA:124,12,1,0
BRDA:137,13,0,0
BRDA:137,13,1,0
BRDA:138,14,0,0
BRDA:138,14,1,0
BRDA:142,15,0,0
BRDA:142,15,1,0
BRDA:144,16,0,0
BRDA:144,16,1,0
BRDA:155,17,0,0
BRDA:155,17,1,0
BRDA:162,18,0,0
BRDA:162,18,1,0
BRDA:178,19,0,0
BRDA:178,19,1,0
BRDA:180,20,0,0
BRDA:180,20,1,0
BRDA:181,21,0,0
BRDA:181,21,1,0
BRDA:206,22,0,0
BRDA:206,22,1,0
BRDA:229,23,0,0
BRDA:229,23,1,0
BRDA:243,24,0,0
BRDA:245,25,0,0
BRDA:245,25,1,0
BRDA:252,26,0,0
BRDA:252,26,1,0
BRDA:252,27,0,0
BRDA:252,27,1,0
BRDA:310,28,0,0
BRDA:310,28,1,0
BRDA:323,29,0,0
BRDA:325,30,0,0
BRDA:325,30,1,0
BRDA:332,31,0,0
BRDA:332,31,1,0
BRDA:332,32,0,0
BRDA:332,32,1,0
BRDA:392,33,0,0
BRDA:392,33,1,0
BRDA:406,34,0,0
BRDA:406,34,1,0
BRDA:412,35,0,0
BRDA:412,35,1,0
BRDA:412,36,0,0
BRDA:412,36,1,0
BRDA:440,37,0,0
BRDA:440,37,1,0
BRDA:445,38,0,0
BRDA:445,38,1,0
BRDA:467,39,0,0
BRDA:467,39,1,0
BRDA:488,40,0,0
BRDA:488,40,1,0
BRDA:493,41,0,0
BRDA:493,41,1,0
BRDA:493,41,2,0
BRDA:494,42,0,0
BRDA:494,42,1,0
BRDA:499,43,0,0
BRDA:499,43,1,0
BRDA:522,44,0,0
BRDA:523,45,0,0
BRDA:523,45,1,0
BRDA:523,46,0,0
BRDA:523,46,1,0
BRDA:523,46,2,0
BRDA:540,47,0,0
BRDA:540,47,1,0
BRDA:540,48,0,0
BRDA:540,48,1,0
BRDA:540,48,2,0
BRDA:562,49,0,0
BRDA:585,50,0,0
BRDA:585,50,1,0
BRDA:585,51,0,0
BRDA:585,51,1,0
BRDA:585,51,2,0
BRDA:585,51,3,0
BRDA:586,52,0,0
BRDA:586,52,1,0
BRDA:606,53,0,0
BRDA:606,53,1,0
BRDA:606,54,0,0
BRDA:606,54,1,0
BRDA:608,55,0,0
BRDA:608,55,1,0
BRDA:609,56,0,0
BRDA:609,56,1,0
BRDA:629,57,0,0
BRDA:629,57,1,0
BRDA:629,57,2,0
BRF:116
BRH:0
end_of_record
TN:
SF:js/coalition-loader.js
FN:146,(anonymous_0)
FN:447,getCurrentLanguage
FN:453,getTranslations
FN:463,parseCSV
FN:467,(anonymous_4)
FN:475,(anonymous_5)
FN:489,isCacheFresh
FN:508,getCachedData
FN:524,setCachedData
FN:542,fetchCSV
FN:555,(anonymous_10)
FN:567,loadPartySummary
FN:580,(anonymous_12)
FN:590,loadPartyRoles
FN:603,(anonymous_14)
FN:616,loadPoliticianData
FN:636,loadExperienceData
FN:658,getPartyLeader
FN:660,(anonymous_18)
FN:672,(anonymous_19)
FN:694,getEnhancedLeaderInfo
FN:698,(anonymous_21)
FN:735,renderCoalition
FN:753,(anonymous_23)
FN:756,(anonymous_24)
FN:763,(anonymous_25)
FN:768,(anonymous_26)
FN:889,showLoading
FN:904,showError
FN:923,init
FN:931,(anonymous_30)
FN:935,(anonymous_31)
FN:966,(anonymous_32)
FN:967,(anonymous_33)
FNF:34
FNH:0
FNDA:0,(anonymous_0)
FNDA:0,getCurrentLanguage
FNDA:0,getTranslations
FNDA:0,parseCSV
FNDA:0,(anonymous_4)
FNDA:0,(anonymous_5)
FNDA:0,isCacheFresh
FNDA:0,getCachedData
FNDA:0,setCachedData
FNDA:0,fetchCSV
FNDA:0,(anonymous_10)
FNDA:0,loadPartySummary
FNDA:0,(anonymous_12)
FNDA:0,loadPartyRoles
FNDA:0,(anonymous_14)
FNDA:0,loadPoliticianData
FNDA:0,loadExperienceData
FNDA:0,getPartyLeader
FNDA:0,(anonymous_18)
FNDA:0,(anonymous_19)
FNDA:0,getEnhancedLeaderInfo
FNDA:0,(anonymous_21)
FNDA:0,renderCoalition
FNDA:0,(anonymous_23)
FNDA:0,(anonymous_24)
FNDA:0,(anonymous_25)
FNDA:0,(anonymous_26)
FNDA:0,showLoading
FNDA:0,showError
FNDA:0,init
FNDA:0,(anonymous_30)
FNDA:0,(anonymous_31)
FNDA:0,(anonymous_32)
FNDA:0,(anonymous_33)
DA:146,0
DA:150,0
DA:165,0
DA:177,0
DA:448,0
DA:449,0
DA:454,0
DA:455,0
DA:464,0
DA:465,0
DA:467,0
DA:468,0
DA:470,0
DA:471,0
DA:472,0
DA:474,0
DA:475,0
DA:476,0
DA:478,0
DA:481,0
DA:490,0
DA:491,0
DA:492,0
DA:494,0
DA:495,0
DA:496,0
DA:498,0
DA:499,0
DA:509,0
DA:510,0
DA:511,0
DA:512,0
DA:514,0
DA:515,0
DA:525,0
DA:526,0
DA:530,0
DA:532,0
DA:543,0
DA:545,0
DA:546,0
DA:547,0
DA:548,0
DA:550,0
DA:552,0
DA:554,0
DA:555,0
DA:556,0
DA:559,0
DA:568,0
DA:569,0
DA:570,0
DA:571,0
DA:572,0
DA:575,0
DA:576,0
DA:577,0
DA:580,0
DA:582,0
DA:583,0
DA:591,0
DA:592,0
DA:593,0
DA:594,0
DA:595,0
DA:598,0
DA:599,0
DA:600,0
DA:603,0
DA:604,0
DA:608,0
DA:609,0
DA:617,0
DA:618,0
DA:619,0
DA:620,0
DA:621,0
DA:624,0
DA:625,0
DA:626,0
DA:628,0
DA:629,0
DA:637,0
DA:638,0
DA:639,0
DA:640,0
DA:641,0
DA:644,0
DA:645,0
DA:646,0
DA:648,0
DA:649,0
DA:660,0
DA:661,0
DA:664,0
DA:665,0
DA:672,0
DA:673,0
DA:676,0
DA:677,0
DA:684,0
DA:695,0
DA:698,0
DA:699,0
DA:702,0
DA:703,0
DA:706,0
DA:707,0
DA:710,0
DA:711,0
DA:712,0
DA:713,0
DA:714,0
DA:715,0
DA:716,0
DA:719,0
DA:736,0
DA:737,0
DA:738,0
DA:739,0
DA:742,0
DA:743,0
DA:744,0
DA:745,0
DA:746,0
DA:750,0
DA:753,0
DA:756,0
DA:757,0
DA:758,0
DA:759,0
DA:763,0
DA:764,0
DA:768,0
DA:769,0
DA:770,0
DA:771,0
DA:773,0
DA:774,0
DA:775,0
DA:777,0
DA:778,0
DA:779,0
DA:782,0
DA:783,0
DA:786,0
DA:787,0
DA:788,0
DA:791,0
DA:792,0
DA:793,0
DA:796,0
DA:797,0
DA:800,0
DA:801,0
DA:802,0
DA:803,0
DA:804,0
DA:807,0
DA:808,0
DA:809,0
DA:810,0
DA:814,0
DA:815,0
DA:816,0
DA:818,0
DA:821,0
DA:822,0
DA:824,0
DA:825,0
DA:826,0
DA:827,0
DA:828,0
DA:829,0
DA:832,0
DA:833,0
DA:834,0
DA:835,0
DA:836,0
DA:839,0
DA:840,0
DA:841,0
DA:842,0
DA:845,0
DA:846,0
DA:847,0
DA:848,0
DA:849,0
DA:853,0
DA:854,0
DA:855,0
DA:856,0
DA:857,0
DA:861,0
DA:862,0
DA:863,0
DA:864,0
DA:865,0
DA:866,0
DA:869,0
DA:872,0
DA:874,0
DA:878,0
DA:879,0
DA:880,0
DA:883,0
DA:890,0
DA:891,0
DA:893,0
DA:894,0
DA:895,0
DA:896,0
DA:905,0
DA:906,0
DA:908,0
DA:909,0
DA:910,0
DA:911,0
DA:912,0
DA:913,0
DA:914,0
DA:915,0
DA:917,0
DA:924,0
DA:925,0
DA:928,0
DA:932,0
DA:933,0
DA:936,0
DA:937,0
DA:941,0
DA:949,0
DA:952,0
DA:957,0
DA:958,0
DA:960,0
DA:964,0
DA:967,0
DA:968,0
DA:969,0
DA:972,0
LF:241
LH:0
BRDA:448,0,0,0
BRDA:448,0,1,0
BRDA:455,1,0,0
BRDA:455,1,1,0
BRDA:465,2,0,0
BRDA:465,2,1,0
BRDA:472,3,0,0
BRDA:472,3,1,0
BRDA:492,4,0,0
BRDA:492,4,1,0
BRDA:510,5,0,0
BRDA:510,5,1,0
BRDA:512,6,0,0
BRDA:512,6,1,0
BRDA:542,7,0,0
BRDA:547,8,0,0
BRDA:547,8,1,0
BRDA:554,9,0,0
BRDA:554,9,1,0
BRDA:570,10,0,0
BRDA:570,10,1,0
BRDA:593,11,0,0
BRDA:593,11,1,0
BRDA:604,12,0,0
BRDA:604,12,1,0
BRDA:604,12,2,0
BRDA:619,13,0,0
BRDA:619,13,1,0
BRDA:639,14,0,0
BRDA:639,14,1,0
BRDA:661,15,0,0
BRDA:661,15,1,0
BRDA:664,16,0,0
BRDA:664,16,1,0
BRDA:673,17,0,0
BRDA:673,17,1,0
BRDA:676,18,0,0
BRDA:676,18,1,0
BRDA:695,19,0,0
BRDA:695,19,1,0
BRDA:699,20,0,0
BRDA:699,20,1,0
BRDA:706,21,0,0
BRDA:706,21,1,0
BRDA:707,22,0,0
BRDA:707,22,1,0
BRDA:710,23,0,0
BRDA:710,23,1,0
BRDA:711,24,0,0
BRDA:711,24,1,0
BRDA:713,25,0,0
BRDA:713,25,1,0
BRDA:715,26,0,0
BRDA:715,26,1,0
BRDA:735,27,0,0
BRDA:735,28,0,0
BRDA:737,29,0,0
BRDA:737,29,1,0
BRDA:744,30,0,0
BRDA:744,30,1,0
BRDA:757,31,0,0
BRDA:757,31,1,0
BRDA:758,32,0,0
BRDA:758,32,1,0
BRDA:764,33,0,0
BRDA:764,33,1,0
BRDA:771,34,0,0
BRDA:771,34,1,0
BRDA:773,35,0,0
BRDA:773,35,1,0
BRDA:774,36,0,0
BRDA:774,36,1,0
BRDA:775,37,0,0
BRDA:775,37,1,0
BRDA:779,38,0,0
BRDA:779,38,1,0
BRDA:807,39,0,0
BRDA:807,39,1,0
BRDA:832,40,0,0
BRDA:832,40,1,0
BRDA:845,41,0,0
BRDA:845,41,1,0
BRDA:853,42,0,0
BRDA:853,42,1,0
BRDA:853,43,0,0
BRDA:853,43,1,0
BRDA:861,44,0,0
BRDA:861,44,1,0
BRDA:861,45,0,0
BRDA:861,45,1,0
BRDA:863,46,0,0
BRDA:863,46,1,0
BRDA:879,47,0,0
BRDA:879,47,1,0
BRDA:891,48,0,0
BRDA:891,48,1,0
BRDA:894,49,0,0
BRDA:894,49,1,0
BRDA:906,50,0,0
BRDA:906,50,1,0
BRDA:909,51,0,0
BRDA:909,51,1,0
BRDA:957,52,0,0
BRDA:957,52,1,0
BRDA:968,53,0,0
BRDA:968,53,1,0
BRF:106
BRH:0
end_of_record
TN:
SF:js/dashboard-integration-example.js
FN:123,example1_SimpleBarChart
FN:130,(anonymous_1)
FN:169,example2_LineChartWithError
FN:176,(anonymous_3)
FN:212,example3_MultipleChartsWithResize
FN:216,(anonymous_5)
FN:219,(anonymous_6)
FN:229,(anonymous_7)
FN:256,example4_D3HeatmapWithThemeColors
FN:261,(anonymous_9)
FN:284,(anonymous_10)
FN:295,(anonymous_11)
FN:296,(anonymous_12)
FN:299,(anonymous_13)
FN:303,(anonymous_14)
FN:324,runCompleteDashboardExample
FN:343,initDashboard
FN:345,(anonymous_17)
FN:365,(anonymous_18)
FN:374,fetchData
FN:385,createEffectivenessChart
FN:398,(anonymous_21)
FN:401,(anonymous_22)
FN:411,(anonymous_23)
FN:427,createComparisonChart
FN:440,(anonymous_25)
FN:443,(anonymous_26)
FN:457,createMomentumChart
FN:470,(anonymous_28)
FN:473,(anonymous_29)
FNF:30
FNH:0
FNDA:0,example1_SimpleBarChart
FNDA:0,(anonymous_1)
FNDA:0,example2_LineChartWithError
FNDA:0,(anonymous_3)
FNDA:0,example3_MultipleChartsWithResize
FNDA:0,(anonymous_5)
FNDA:0,(anonymous_6)
FNDA:0,(anonymous_7)
FNDA:0,example4_D3HeatmapWithThemeColors
FNDA:0,(anonymous_9)
FNDA:0,(anonymous_10)
FNDA:0,(anonymous_11)
FNDA:0,(anonymous_12)
FNDA:0,(anonymous_13)
FNDA:0,(anonymous_14)
FNDA:0,runCompleteDashboardExample
FNDA:0,initDashboard
FNDA:0,(anonymous_17)
FNDA:0,(anonymous_18)
FNDA:0,fetchData
FNDA:0,createEffectivenessChart
FNDA:0,(anonymous_21)
FNDA:0,(anonymous_22)
FNDA:0,(anonymous_23)
FNDA:0,createComparisonChart
FNDA:0,(anonymous_25)
FNDA:0,(anonymous_26)
FNDA:0,createMomentumChart
FNDA:0,(anonymous_28)
FNDA:0,(anonymous_29)
DA:124,0
DA:127,0
DA:130,0
DA:131,0
DA:137,0
DA:140,0
DA:141,0
DA:142,0
DA:146,0
DA:147,0
DA:161,0
DA:170,0
DA:173,0
DA:176,0
DA:177,0
DA:179,0
DA:181,0
DA:182,0
DA:186,0
DA:188,0
DA:189,0
DA:204,0
DA:213,0
DA:216,0
DA:217,0
DA:219,0
DA:220,0
DA:222,0
DA:223,0
DA:229,0
DA:243,0
DA:244,0
DA:249,0
DA:257,0
DA:259,0
DA:261,0
DA:262,0
DA:264,0
DA:265,0
DA:266,0
DA:269,0
DA:276,0
DA:284,0
DA:290,0
DA:292,0
DA:295,0
DA:296,0
DA:299,0
DA:305,0
DA:328,0
DA:338,0
DA:345,0
DA:346,0
DA:349,0
DA:351,0
DA:354,0
DA:355,0
DA:356,0
DA:359,0
DA:364,0
DA:365,0
DA:366,0
DA:375,0
DA:376,0
DA:377,0
DA:379,0
DA:386,0
DA:387,0
DA:389,0
DA:390,0
DA:391,0
DA:394,0
DA:395,0
DA:398,0
DA:401,0
DA:412,0
DA:420,0
DA:421,0
DA:428,0
DA:429,0
DA:431,0
DA:432,0
DA:433,0
DA:436,0
DA:437,0
DA:440,0
DA:443,0
DA:450,0
DA:451,0
DA:458,0
DA:459,0
DA:461,0
DA:462,0
DA:463,0
DA:466,0
DA:467,0
DA:470,0
DA:473,0
DA:484,0
DA:485,0
DA:489,0
DA:490,0
DA:492,0
DA:500,0
DA:501,0
DA:518,0
DA:521,0
DA:522,0
LF:108
LH:0
BRDA:140,0,0,0
BRDA:140,0,1,0
BRDA:140,1,0,0
BRDA:140,1,1,0
BRDA:179,2,0,0
BRDA:179,2,1,0
BRDA:224,3,0,0
BRDA:224,3,1,0
BRDA:224,4,0,0
BRDA:224,4,1,0
BRDA:239,5,0,0
BRDA:239,5,1,0
BRDA:239,6,0,0
BRDA:239,6,1,0
BRDA:376,7,0,0
BRDA:376,7,1,0
BRDA:389,8,0,0
BRDA:389,8,1,0
BRDA:389,9,0,0
BRDA:389,9,1,0
BRDA:431,10,0,0
BRDA:431,10,1,0
BRDA:431,11,0,0
BRDA:431,11,1,0
BRDA:461,12,0,0
BRDA:461,12,1,0
BRDA:461,13,0,0
BRDA:461,13,1,0
BRDA:489,14,0,0
BRDA:489,14,1,0
BRDA:500,15,0,0
BRDA:500,15,1,0
BRDA:500,16,0,0
BRDA:500,16,1,0
BRDA:518,17,0,0
BRDA:518,17,1,0
BRDA:518,18,0,0
BRDA:518,18,1,0
BRDA:521,19,0,0
BRDA:521,19,1,0
BRDA:521,20,0,0
BRDA:521,20,1,0
BRF:42
BRH:0
end_of_record
TN:
SF:js/logger.js
FN:34,(anonymous_0)
FN:44,(anonymous_1)
FN:54,(anonymous_2)
FN:62,(anonymous_3)
FNF:4
FNH:0
FNDA:0,(anonymous_0)
FNDA:0,(anonymous_1)
FNDA:0,(anonymous_2)
FNDA:0,(anonymous_3)
DA:22,0
DA:29,0
DA:35,0
DA:36,0
DA:45,0
DA:46,0
DA:55,0
DA:63,0
LF:8
LH:0
BRDA:22,0,0,0
BRDA:22,0,1,0
BRDA:35,1,0,0
BRDA:35,1,1,0
BRDA:45,2,0,0
BRDA:45,2,1,0
BRF:6
BRH:0
end_of_record
TN:
SF:js/risk-dashboard.js
FN:116,(anonymous_0)
FN:123,(anonymous_1)
FN:124,(anonymous_2)
FN:125,(anonymous_3)
FN:126,(anonymous_4)
FN:171,classifyRiskLevel
FN:178,getRiskColor
FN:183,parseCSV
FN:188,fetchCIAData
FN:200,loadCIAData
FN:233,(anonymous_10)
FN:243,(anonymous_11)
FN:264,calculatePercentile
FN:265,(anonymous_13)
FN:274,updateEarlyWarnings
FN:275,(anonymous_15)
FN:276,(anonymous_16)
FN:281,(anonymous_17)
FN:317,createHeatMap
FN:349,(anonymous_19)
FN:350,(anonymous_20)
FN:371,(anonymous_21)
FN:378,(anonymous_22)
FN:388,(anonymous_23)
FN:389,(anonymous_24)
FN:392,(anonymous_25)
FN:397,(anonymous_26)
FN:399,(anonymous_27)
FN:406,(anonymous_28)
FN:416,(anonymous_29)
FN:421,(anonymous_30)
FN:425,(anonymous_31)
FN:466,(anonymous_32)
FN:484,(anonymous_33)
FN:498,(anonymous_34)
FN:503,(anonymous_35)
FN:508,(anonymous_36)
FN:512,(anonymous_37)
FN:517,(anonymous_38)
FN:523,(anonymous_39)
FN:525,(anonymous_40)
FN:533,(anonymous_41)
FN:540,(anonymous_42)
FN:544,(anonymous_43)
FN:549,createLegend
FN:560,(anonymous_45)
FN:586,createRiskDistributionChart
FN:591,(anonymous_47)
FN:592,(anonymous_48)
FN:593,(anonymous_49)
FN:594,(anonymous_50)
FN:623,(anonymous_51)
FN:624,(anonymous_52)
FN:650,createAnomalyDetectionChart
FN:675,(anonymous_54)
FN:680,(anonymous_55)
FN:691,(anonymous_56)
FN:698,(anonymous_57)
FN:705,(anonymous_58)
FN:748,(anonymous_59)
FN:762,(anonymous_60)
FN:780,createCrisisResilienceChart
FN:786,(anonymous_62)
FN:797,(anonymous_63)
FN:801,(anonymous_64)
FN:821,(anonymous_65)
FN:831,createRiskEvolutionChart
FN:847,(anonymous_67)
FN:849,(anonymous_68)
FN:894,(anonymous_69)
FN:915,createTop10Lists
FN:919,(anonymous_71)
FN:920,(anonymous_72)
FN:929,(anonymous_73)
FN:939,(anonymous_74)
FN:948,(anonymous_75)
FN:961,initDashboard
FNF:77
FNH:0
FNDA:0,(anonymous_0)
FNDA:0,(anonymous_1)
FNDA:0,(anonymous_2)
FNDA:0,(anonymous_3)
FNDA:0,(anonymous_4)
FNDA:0,classifyRiskLevel
FNDA:0,getRiskColor
FNDA:0,parseCSV
FNDA:0,fetchCIAData
FNDA:0,loadCIAData
FNDA:0,(anonymous_10)
FNDA:0,(anonymous_11)
FNDA:0,calculatePercentile
FNDA:0,(anonymous_13)
FNDA:0,updateEarlyWarnings
FNDA:0,(anonymous_15)
FNDA:0,(anonymous_16)
FNDA:0,(anonymous_17)
FNDA:0,createHeatMap
FNDA:0,(anonymous_19)
FNDA:0,(anonymous_20)
FNDA:0,(anonymous_21)
FNDA:0,(anonymous_22)
FNDA:0,(anonymous_23)
FNDA:0,(anonymous_24)
FNDA:0,(anonymous_25)
FNDA:0,(anonymous_26)
FNDA:0,(anonymous_27)
FNDA:0,(anonymous_28)
FNDA:0,(anonymous_29)
FNDA:0,(anonymous_30)
FNDA:0,(anonymous_31)
FNDA:0,(anonymous_32)
FNDA:0,(anonymous_33)
FNDA:0,(anonymous_34)
FNDA:0,(anonymous_35)
FNDA:0,(anonymous_36)
FNDA:0,(anonymous_37)
FNDA:0,(anonymous_38)
FNDA:0,(anonymous_39)
FNDA:0,(anonymous_40)
FNDA:0,(anonymous_41)
FNDA:0,(anonymous_42)
FNDA:0,(anonymous_43)
FNDA:0,createLegend
FNDA:0,(anonymous_45)
FNDA:0,createRiskDistributionChart
FNDA:0,(anonymous_47)
FNDA:0,(anonymous_48)
FNDA:0,(anonymous_49)
FNDA:0,(anonymous_50)
FNDA:0,(anonymous_51)
FNDA:0,(anonymous_52)
FNDA:0,createAnomalyDetectionChart
FNDA:0,(anonymous_54)
FNDA:0,(anonymous_55)
FNDA:0,(anonymous_56)
FNDA:0,(anonymous_57)
FNDA:0,(anonymous_58)
FNDA:0,(anonymous_59)
FNDA:0,(anonymous_60)
FNDA:0,createCrisisResilienceChart
FNDA:0,(anonymous_62)
FNDA:0,(anonymous_63)
FNDA:0,(anonymous_64)
FNDA:0,(anonymous_65)
FNDA:0,createRiskEvolutionChart
FNDA:0,(anonymous_67)
FNDA:0,(anonymous_68)
FNDA:0,(anonymous_69)
FNDA:0,createTop10Lists
FNDA:0,(anonymous_71)
FNDA:0,(anonymous_72)
FNDA:0,(anonymous_73)
FNDA:0,(anonymous_74)
FNDA:0,(anonymous_75)
FNDA:0,initDashboard
DA:116,0
DA:120,0
DA:122,0
DA:123,0
DA:124,0
DA:125,0
DA:126,0
DA:133,0
DA:140,0
DA:151,0
DA:172,0
DA:173,0
DA:174,0
DA:175,0
DA:179,0
DA:180,0
DA:185,0
DA:189,0
DA:190,0
DA:191,0
DA:192,0
DA:193,0
DA:195,0
DA:196,0
DA:201,0
DA:204,0
DA:206,0
DA:207,0
DA:208,0
DA:211,0
DA:215,0
DA:216,0
DA:233,0
DA:234,0
DA:235,0
DA:236,0
DA:237,0
DA:238,0
DA:239,0
DA:243,0
DA:245,0
DA:246,0
DA:248,0
DA:260,0
DA:261,0
DA:265,0
DA:266,0
DA:267,0
DA:275,0
DA:276,0
DA:278,0
DA:280,0
DA:281,0
DA:282,0
DA:285,0
DA:286,0
DA:287,0
DA:288,0
DA:290,0
DA:291,0
DA:292,0
DA:293,0
DA:295,0
DA:296,0
DA:297,0
DA:298,0
DA:302,0
DA:304,0
DA:305,0
DA:309,0
DA:318,0
DA:319,0
DA:322,0
DA:323,0
DA:324,0
DA:325,0
DA:326,0
DA:329,0
DA:336,0
DA:349,0
DA:350,0
DA:353,0
DA:358,0
DA:364,0
DA:368,0
DA:372,0
DA:375,0
DA:378,0
DA:379,0
DA:383,0
DA:388,0
DA:389,0
DA:392,0
DA:397,0
DA:400,0
DA:401,0
DA:403,0
DA:407,0
DA:414,0
DA:417,0
DA:422,0
DA:423,0
DA:426,0
DA:428,0
DA:429,0
DA:431,0
DA:448,0
DA:452,0
DA:455,0
DA:461,0
DA:463,0
DA:464,0
DA:466,0
DA:467,0
DA:468,0
DA:469,0
DA:470,0
DA:471,0
DA:472,0
DA:475,0
DA:476,0
DA:477,0
DA:478,0
DA:479,0
DA:481,0
DA:484,0
DA:485,0
DA:486,0
DA:489,0
DA:493,0
DA:498,0
DA:503,0
DA:506,0
DA:508,0
DA:512,0
DA:517,0
DA:520,0
DA:523,0
DA:524,0
DA:525,0
DA:527,0
DA:532,0
DA:533,0
DA:534,0
DA:535,0
DA:536,0
DA:537,0
DA:540,0
DA:541,0
DA:542,0
DA:544,0
DA:550,0
DA:551,0
DA:553,0
DA:560,0
DA:561,0
DA:562,0
DA:563,0
DA:564,0
DA:566,0
DA:567,0
DA:568,0
DA:569,0
DA:570,0
DA:571,0
DA:573,0
DA:574,0
DA:576,0
DA:577,0
DA:578,0
DA:587,0
DA:590,0
DA:591,0
DA:592,0
DA:593,0
DA:594,0
DA:597,0
DA:624,0
DA:625,0
DA:626,0
DA:651,0
DA:655,0
DA:656,0
DA:657,0
DA:659,0
DA:660,0
DA:661,0
DA:662,0
DA:665,0
DA:666,0
DA:667,0
DA:668,0
DA:675,0
DA:676,0
DA:677,0
DA:680,0
DA:681,0
DA:682,0
DA:685,0
DA:691,0
DA:698,0
DA:705,0
DA:749,0
DA:763,0
DA:764,0
DA:781,0
DA:785,0
DA:786,0
DA:791,0
DA:797,0
DA:801,0
DA:822,0
DA:832,0
DA:835,0
DA:836,0
DA:838,0
DA:839,0
DA:840,0
DA:841,0
DA:846,0
DA:847,0
DA:848,0
DA:849,0
DA:850,0
DA:851,0
DA:852,0
DA:853,0
DA:856,0
DA:867,0
DA:895,0
DA:917,0
DA:918,0
DA:919,0
DA:920,0
DA:923,0
DA:924,0
DA:925,0
DA:926,0
DA:927,0
DA:929,0
DA:930,0
DA:931,0
DA:932,0
DA:937,0
DA:938,0
DA:939,0
DA:942,0
DA:943,0
DA:944,0
DA:945,0
DA:946,0
DA:948,0
DA:949,0
DA:950,0
DA:951,0
DA:952,0
DA:962,0
DA:965,0
DA:967,0
DA:968,0
DA:971,0
DA:972,0
DA:975,0
DA:976,0
DA:979,0
DA:982,0
DA:983,0
DA:984,0
DA:996,0
DA:997,0
DA:1001,0
DA:1004,0
DA:1005,0
DA:1006,0
DA:1007,0
DA:1008,0
DA:1009,0
DA:1010,0
DA:1012,0
DA:1016,0
DA:1017,0
DA:1019,0
LF:282
LH:0
BRDA:120,0,0,0
BRDA:120,0,1,0
BRDA:123,1,0,0
BRDA:123,1,1,0
BRDA:124,2,0,0
BRDA:124,2,1,0
BRDA:172,3,0,0
BRDA:172,3,1,0
BRDA:173,4,0,0
BRDA:173,4,1,0
BRDA:174,5,0,0
BRDA:174,5,1,0
BRDA:191,6,0,0
BRDA:191,6,1,0
BRDA:206,7,0,0
BRDA:206,7,1,0
BRDA:206,8,0,0
BRDA:206,8,1,0
BRDA:234,9,0,0
BRDA:234,9,1,0
BRDA:235,10,0,0
BRDA:235,10,1,0
BRDA:236,11,0,0
BRDA:236,11,1,0
BRDA:237,12,0,0
BRDA:237,12,1,0
BRDA:238,13,0,0
BRDA:238,13,1,0
BRDA:239,14,0,0
BRDA:239,14,1,0
BRDA:280,15,0,0
BRDA:280,15,1,0
BRDA:296,16,0,0
BRDA:296,16,1,0
BRDA:400,17,0,0
BRDA:400,17,1,0
BRDA:400,18,0,0
BRDA:400,18,1,0
BRDA:429,19,0,0
BRDA:429,19,1,0
BRDA:503,20,0,0
BRDA:503,20,1,0
BRDA:524,21,0,0
BRDA:524,21,1,0
BRDA:525,22,0,0
BRDA:525,22,1,0
BRDA:536,23,0,0
BRDA:536,23,1,0
BRDA:541,24,0,0
BRDA:541,24,1,0
BRDA:544,25,0,0
BRDA:544,25,1,0
BRDA:592,26,0,0
BRDA:592,26,1,0
BRDA:593,27,0,0
BRDA:593,27,1,0
BRDA:666,28,0,0
BRDA:666,28,1,0
BRDA:682,29,0,0
BRDA:682,29,1,0
BRDA:691,30,0,0
BRDA:691,30,1,0
BRDA:840,31,0,0
BRDA:840,31,1,0
BRDA:840,32,0,0
BRDA:840,32,1,0
BRDA:919,33,0,0
BRDA:919,33,1,0
BRDA:919,34,0,0
BRDA:919,34,1,0
BRDA:923,35,0,0
BRDA:923,35,1,0
BRDA:942,36,0,0
BRDA:942,36,1,0
BRDA:971,37,0,0
BRDA:971,37,1,0
BRDA:971,38,0,0
BRDA:971,38,1,0
BRDA:971,38,2,0
BRDA:983,39,0,0
BRDA:983,39,1,0
BRDA:1016,40,0,0
BRDA:1016,40,1,0
BRF:83
BRH:0
end_of_record
TN:
SF:js/theme-init.js
FN:12,(anonymous_0)
FNF:1
FNH:0
FNDA:0,(anonymous_0)
DA:12,0
DA:13,0
DA:14,0
DA:15,0
DA:16,0
DA:17,0
DA:18,0
DA:20,0
LF:8
LH:0
BRDA:16,0,0,0
BRDA:16,0,1,0
BRDA:16,1,0,0
BRDA:16,1,1,0
BRDA:17,2,0,0
BRDA:17,2,1,0
BRDA:18,3,0,0
BRDA:18,3,1,0
BRDA:18,4,0,0
BRDA:18,4,1,0
BRF:10
BRH:0
end_of_record
TN:
SF:js/theme-toggle.js
FN:11,(anonymous_0)
FN:28,applyTheme
FN:42,getStoredTheme
FN:68,(anonymous_3)
FNF:4
FNH:0
FNDA:0,(anonymous_0)
FNDA:0,applyTheme
FNDA:0,getStoredTheme
FNDA:0,(anonymous_3)
DA:11,0
DA:12,0
DA:13,0
DA:14,0
DA:16,0
DA:17,0
DA:18,0
DA:29,0
DA:31,0
DA:32,0
DA:33,0
DA:36,0
DA:37,0
DA:38,0
DA:43,0
DA:44,0
DA:45,0
DA:46,0
DA:51,0
DA:60,0
DA:62,0
DA:66,0
DA:68,0
DA:69,0
DA:70,0
DA:71,0
DA:72,0
LF:27
LH:0
BRDA:17,0,0,0
BRDA:17,0,1,0
BRDA:33,1,0,0
BRDA:33,1,1,0
BRDA:36,2,0,0
BRDA:36,2,1,0
BRDA:45,3,0,0
BRDA:45,3,1,0
BRDA:45,4,0,0
BRDA:45,4,1,0
BRDA:62,5,0,0
BRDA:62,5,1,0
BRDA:62,5,2,0
BRDA:69,6,0,0
BRDA:69,6,1,0
BRF:15
BRH:0
end_of_record
TN:
SF:scripts/article-quality-enhancer.ts
FN:70,stripHtml
FN:87,assessAnalyticalDepth
FN:93,(anonymous_2)
FN:98,(anonymous_3)
FN:103,(anonymous_4)
FN:108,(anonymous_5)
FN:128,countPartyPerspectives
FN:133,(anonymous_7)
FN:153,countCrossReferences
FN:156,(anonymous_9)
FN:158,(anonymous_10)
FN:170,hasWhyThisMatters
FN:179,(anonymous_12)
FN:188,hasHistoricalContext
FN:198,(anonymous_14)
FN:207,hasInternationalComparison
FN:217,(anonymous_16)
FN:226,hasLanguageSwitcher
FN:236,hasArticleTopNav
FN:246,hasBackToNews
FN:274,calculateQualityScore
FN:310,enhanceArticleQuality
FN:425,batchEnhanceQuality
FN:453,fixArticleHtmlNesting
FN:483,fixHtmlNestingInFile
FNF:25
FNH:23
FNDA:22,stripHtml
FNDA:9,assessAnalyticalDepth
FNDA:63,(anonymous_2)
FNDA:54,(anonymous_3)
FNDA:54,(anonymous_4)
FNDA:54,(anonymous_5)
FNDA:9,countPartyPerspectives
FNDA:72,(anonymous_7)
FNDA:9,countCrossReferences
FNDA:54,(anonymous_9)
FNDA:7,(anonymous_10)
FNDA:8,hasWhyThisMatters
FNDA:31,(anonymous_12)
FNDA:8,hasHistoricalContext
FNDA:25,(anonymous_14)
FNDA:5,hasInternationalComparison
FNDA:25,(anonymous_16)
FNDA:13,hasLanguageSwitcher
FNDA:10,hasArticleTopNav
FNDA:11,hasBackToNews
FNDA:10,calculateQualityScore
FNDA:6,enhanceArticleQuality
FNDA:0,batchEnhanceQuality
FNDA:8,fixArticleHtmlNesting
FNDA:0,fixHtmlNestingInFile
DA:28,2
DA:42,2
DA:54,2
DA:71,22
DA:88,9
DA:89,9
DA:92,9
DA:93,63
DA:94,9
DA:97,9
DA:98,54
DA:99,9
DA:102,9
DA:103,54
DA:104,9
DA:107,9
DA:108,54
DA:109,9
DA:112,9
DA:114,9
DA:116,9
DA:129,9
DA:130,9
DA:133,9
DA:135,72
DA:136,197
DA:137,197
DA:138,26
DA:139,26
DA:144,9
DA:154,9
DA:156,9
DA:157,54
DA:158,54
DA:161,9
DA:171,8
DA:179,31
DA:189,8
DA:190,8
DA:198,25
DA:208,5
DA:209,5
DA:217,25
DA:227,13
DA:237,10
DA:247,11
DA:275,10
DA:284,10
DA:287,10
DA:290,10
DA:293,10
DA:296,10
DA:297,10
DA:298,10
DA:300,10
DA:314,6
DA:316,6
DA:317,1
DA:324,5
DA:327,5
DA:343,5
DA:346,5
DA:348,5
DA:349,1
DA:352,5
DA:353,4
DA:356,5
DA:357,3
DA:360,5
DA:361,5
DA:364,5
DA:365,3
DA:368,5
DA:369,3
DA:373,5
DA:376,5
DA:377,0
DA:380,5
DA:381,0
DA:384,5
DA:385,3
DA:388,5
DA:389,5
DA:392,5
DA:393,3
DA:397,5
DA:398,3
DA:400,5
DA:401,3
DA:403,5
DA:404,3
DA:407,5
DA:429,0
DA:431,0
DA:432,0
DA:433,0
DA:436,0
DA:454,8
DA:457,8
DA:460,8
DA:463,8
DA:466,8
DA:469,8
DA:472,8
DA:474,8
DA:484,0
DA:485,0
DA:487,0
DA:488,0
DA:489,0
DA:490,0
DA:491,0
DA:493,0
DA:497,2
DA:498,0
DA:499,0
DA:500,0
DA:501,0
DA:502,0
DA:503,0
DA:504,0
DA:505,0
DA:506,0
DA:507,0
DA:510,0
LF:125
LH:99
BRDA:112,0,0,9
BRDA:112,0,1,9
BRDA:113,1,0,9
BRDA:113,1,1,7
BRDA:137,2,0,26
BRDA:137,2,1,171
BRDA:158,3,0,54
BRDA:158,3,1,51
BRDA:296,4,0,4
BRDA:296,4,1,6
BRDA:297,5,0,4
BRDA:297,5,1,6
BRDA:298,6,0,2
BRDA:298,6,1,8
BRDA:312,7,0,6
BRDA:316,8,0,1
BRDA:316,8,1,5
BRDA:348,9,0,1
BRDA:348,9,1,4
BRDA:352,10,0,4
BRDA:352,10,1,1
BRDA:356,11,0,3
BRDA:356,11,1,2
BRDA:360,12,0,5
BRDA:360,12,1,0
BRDA:364,13,0,3
BRDA:364,13,1,2
BRDA:364,14,0,5
BRDA:364,14,1,4
BRDA:368,15,0,3
BRDA:368,15,1,2
BRDA:368,16,0,5
BRDA:368,16,1,5
BRDA:376,17,0,0
BRDA:376,17,1,5
BRDA:376,18,0,5
BRDA:376,18,1,5
BRDA:376,18,2,0
BRDA:380,19,0,0
BRDA:380,19,1,5
BRDA:380,20,0,5
BRDA:380,20,1,0
BRDA:384,21,0,3
BRDA:384,21,1,2
BRDA:384,22,0,5
BRDA:384,22,1,4
BRDA:388,23,0,5
BRDA:388,23,1,0
BRDA:388,24,0,5
BRDA:388,24,1,5
BRDA:392,25,0,3
BRDA:392,25,1,2
BRDA:397,26,0,3
BRDA:397,26,1,2
BRDA:400,27,0,3
BRDA:400,27,1,2
BRDA:403,28,0,3
BRDA:403,28,1,2
BRDA:427,29,0,0
BRDA:484,30,0,0
BRDA:484,30,1,0
BRDA:489,31,0,0
BRDA:489,31,1,0
BRDA:497,32,0,0
BRDA:497,32,1,2
BRDA:498,33,0,0
BRDA:498,33,1,0
BRDA:500,34,0,0
BRDA:500,34,1,0
BRDA:500,35,0,0
BRDA:500,35,1,0
BRDA:505,36,0,0
BRDA:505,36,1,0
BRF:73
BRH:53
end_of_record
TN:
SF:scripts/article-template.ts
FNF:0
FNH:0
LF:0
LH:0
BRF:0
BRH:0
end_of_record
TN:
SF:scripts/data-transformers.ts
FNF:0
FNH:0
LF:0
LH:0
BRF:0
BRH:0
end_of_record
TN:
SF:scripts/editorial-framework.ts
FN:393,getArticleTypeProfile
FN:410,resolveAiIterations
FN:439,isValidAnalysisDepth
FNF:3
FNH:0
FNDA:0,getArticleTypeProfile
FNDA:0,resolveAiIterations
FNDA:0,isValidAnalysisDepth
DA:99,1
DA:397,0
DA:398,0
DA:400,0
DA:414,0
DA:415,0
DA:418,0
DA:421,0
DA:424,0
DA:427,0
DA:428,0
DA:440,0
DA:448,1
DA:457,1
LF:14
LH:3
BRDA:397,0,0,0
BRDA:397,0,1,0
BRDA:415,1,0,0
BRDA:415,1,1,0
BRDA:415,1,2,0
BRDA:415,1,3,0
BRDA:440,2,0,0
BRDA:440,2,1,0
BRDA:440,2,2,0
BRF:9
BRH:0
end_of_record
TN:
SF:scripts/editorial-pillars.ts
FN:109,detectArticleLanguage
FN:130,getLocalizedHeading
FN:220,getPillarTransition
FNF:3
FNH:3
FNDA:50,detectArticleLanguage
FNDA:175,getLocalizedHeading
FNDA:546,getPillarTransition
DA:16,24
DA:110,50
DA:111,2
DA:113,48
DA:114,48
DA:115,46
DA:116,46
DA:117,44
DA:120,4
DA:132,175
DA:133,175
DA:140,24
DA:222,546
DA:223,546
LF:14
LH:14
BRDA:110,0,0,2
BRDA:110,0,1,48
BRDA:114,1,0,46
BRDA:114,1,1,2
BRDA:116,2,0,44
BRDA:116,2,1,2
BRDA:132,3,0,175
BRDA:132,3,1,4
BRDA:222,4,0,546
BRDA:222,4,1,0
BRDA:223,5,0,546
BRDA:223,5,1,0
BRDA:223,5,2,0
BRF:13
BRH:10
end_of_record
TN:
SF:scripts/extract-news-metadata.ts
FN:59,collectNewsFiles
FN:71,extractMetadata
FN:74,(anonymous_2)
FN:123,(anonymous_3)
FN:125,(anonymous_4)
FN:135,(anonymous_5)
FN:145,(anonymous_6)
FN:146,(anonymous_7)
FNF:8
FNH:0
FNDA:0,collectNewsFiles
FNDA:0,extractMetadata
FNDA:0,(anonymous_2)
FNDA:0,(anonymous_3)
FNDA:0,(anonymous_4)
FNDA:0,(anonymous_5)
FNDA:0,(anonymous_6)
FNDA:0,(anonymous_7)
DA:12,0
DA:13,0
DA:14,0
DA:16,0
DA:17,0
DA:18,0
DA:60,0
DA:61,0
DA:62,0
DA:63,0
DA:64,0
DA:65,0
DA:68,0
DA:72,0
DA:73,0
DA:74,0
DA:76,0
DA:78,0
DA:79,0
DA:82,0
DA:84,0
DA:86,0
DA:87,0
DA:88,0
DA:89,0
DA:90,0
DA:91,0
DA:98,0
DA:99,0
DA:100,0
DA:104,0
DA:105,0
DA:108,0
DA:109,0
DA:112,0
DA:114,0
DA:124,0
DA:125,0
DA:135,0
DA:136,0
DA:137,0
DA:138,0
DA:141,0
DA:145,0
DA:146,0
DA:150,0
DA:151,0
DA:153,0
DA:154,0
DA:155,0
DA:156,0
DA:157,0
DA:160,0
LF:53
LH:0
BRDA:62,0,0,0
BRDA:62,0,1,0
BRDA:64,1,0,0
BRDA:64,1,1,0
BRDA:64,2,0,0
BRDA:64,2,1,0
BRDA:89,3,0,0
BRDA:89,3,1,0
BRDA:98,4,0,0
BRDA:98,4,1,0
BRDA:105,5,0,0
BRDA:105,5,1,0
BRDA:109,6,0,0
BRDA:109,6,1,0
BRDA:118,7,0,0
BRDA:118,7,1,0
BRDA:119,8,0,0
BRDA:119,8,1,0
BRDA:120,9,0,0
BRDA:120,9,1,0
BRDA:121,10,0,0
BRDA:121,10,1,0
BRDA:122,11,0,0
BRDA:122,11,1,0
BRDA:123,12,0,0
BRDA:123,12,1,0
BRDA:127,13,0,0
BRDA:127,13,1,0
BRDA:128,14,0,0
BRDA:128,14,1,0
BRDA:130,15,0,0
BRDA:130,15,1,0
BRDA:137,16,0,0
BRDA:137,16,1,0
BRF:34
BRH:0
end_of_record
TN:
SF:scripts/extract-vocabulary.ts
FN:68,extractTerms
FN:123,analyzeArticles
FN:135,(anonymous_2)
FN:195,generateReport
FN:224,(anonymous_4)
FN:226,(anonymous_5)
FN:227,(anonymous_6)
FN:250,(anonymous_7)
FN:252,(anonymous_8)
FNF:9
FNH:0
FNDA:0,extractTerms
FNDA:0,analyzeArticles
FNDA:0,(anonymous_2)
FNDA:0,generateReport
FNDA:0,(anonymous_4)
FNDA:0,(anonymous_5)
FNDA:0,(anonymous_6)
FNDA:0,(anonymous_7)
FNDA:0,(anonymous_8)
DA:15,0
DA:16,0
DA:25,0
DA:59,0
DA:69,0
DA:72,0
DA:73,0
DA:75,0
DA:76,0
DA:77,0
DA:79,0
DA:82,0
DA:83,0
DA:85,0
DA:86,0
DA:87,0
DA:88,0
DA:91,0
DA:92,0
DA:96,0
DA:97,0
DA:99,0
DA:100,0
DA:101,0
DA:102,0
DA:106,0
DA:107,0
DA:110,0
DA:111,0
DA:113,0
DA:124,0
DA:126,0
DA:127,0
DA:134,0
DA:135,0
DA:136,0
DA:137,0
DA:138,0
DA:141,0
DA:142,0
DA:143,0
DA:146,0
DA:147,0
DA:148,0
DA:149,0
DA:150,0
DA:153,0
DA:154,0
DA:155,0
DA:156,0
DA:159,0
DA:160,0
DA:161,0
DA:164,0
DA:165,0
DA:166,0
DA:167,0
DA:168,0
DA:169,0
DA:171,0
DA:177,0
DA:181,0
DA:182,0
DA:185,0
DA:196,0
DA:197,0
DA:198,0
DA:200,0
DA:201,0
DA:203,0
DA:204,0
DA:207,0
DA:208,0
DA:209,0
DA:210,0
DA:212,0
DA:213,0
DA:214,0
DA:215,0
DA:216,0
DA:219,0
DA:220,0
DA:221,0
DA:224,0
DA:226,0
DA:227,0
DA:229,0
DA:230,0
DA:235,0
DA:236,0
DA:237,0
DA:238,0
DA:241,0
DA:242,0
DA:243,0
DA:244,0
DA:247,0
DA:248,0
DA:249,0
DA:250,0
DA:252,0
DA:253,0
DA:255,0
DA:259,0
DA:260,0
DA:261,0
DA:268,0
DA:269,0
DA:270,0
DA:272,0
DA:273,0
DA:274,0
DA:275,0
DA:276,0
DA:277,0
DA:278,0
DA:279,0
DA:280,0
DA:293,0
DA:298,0
DA:299,0
LF:121
LH:0
BRDA:77,0,0,0
BRDA:77,0,1,0
BRDA:87,1,0,0
BRDA:87,1,1,0
BRDA:87,2,0,0
BRDA:87,2,1,0
BRDA:91,3,0,0
BRDA:91,3,1,0
BRDA:101,4,0,0
BRDA:101,4,1,0
BRDA:101,5,0,0
BRDA:101,5,1,0
BRDA:106,6,0,0
BRDA:106,6,1,0
BRDA:107,7,0,0
BRDA:107,7,1,0
BRDA:111,8,0,0
BRDA:111,8,1,0
BRDA:123,9,0,0
BRDA:123,10,0,0
BRDA:136,11,0,0
BRDA:136,11,1,0
BRDA:137,12,0,0
BRDA:137,12,1,0
BRDA:137,13,0,0
BRDA:137,13,1,0
BRDA:142,14,0,0
BRDA:142,14,1,0
BRDA:148,15,0,0
BRDA:148,15,1,0
BRDA:154,16,0,0
BRDA:154,16,1,0
BRDA:165,17,0,0
BRDA:165,17,1,0
BRDA:166,18,0,0
BRDA:166,18,1,0
BRDA:167,19,0,0
BRDA:167,19,1,0
BRDA:168,20,0,0
BRDA:168,20,1,0
BRDA:169,21,0,0
BRDA:169,21,1,0
BRDA:201,22,0,0
BRDA:201,22,1,0
BRDA:213,23,0,0
BRDA:213,23,1,0
BRDA:214,24,0,0
BRDA:214,24,1,0
BRDA:215,25,0,0
BRDA:215,25,1,0
BRDA:216,26,0,0
BRDA:216,26,1,0
BRDA:219,27,0,0
BRDA:219,27,1,0
BRDA:220,28,0,0
BRDA:220,28,1,0
BRDA:221,29,0,0
BRDA:221,29,1,0
BRDA:226,30,0,0
BRDA:226,30,1,0
BRDA:226,31,0,0
BRDA:226,31,1,0
BRDA:227,32,0,0
BRDA:227,32,1,0
BRDA:229,33,0,0
BRDA:229,33,1,0
BRDA:229,34,0,0
BRDA:229,34,1,0
BRDA:229,34,2,0
BRDA:235,35,0,0
BRDA:235,35,1,0
BRDA:243,36,0,0
BRDA:243,36,1,0
BRDA:249,37,0,0
BRDA:249,37,1,0
BRDA:273,38,0,0
BRDA:273,38,1,0
BRDA:273,39,0,0
BRDA:273,39,1,0
BRDA:276,40,0,0
BRDA:276,40,1,0
BRDA:276,41,0,0
BRDA:276,41,1,0
BRDA:279,42,0,0
BRDA:279,42,1,0
BRDA:279,43,0,0
BRDA:279,43,1,0
BRF:87
BRH:0
end_of_record
TN:
SF:scripts/fix-article-navigation.ts
FN:29,extractLang
FN:37,extractBase
FN:45,generateTopNav
FN:68,transformContent
FN:151,processArticle
FN:167,discoverArticles
FN:182,main
FNF:7
FNH:2
FNDA:0,extractLang
FNDA:0,extractBase
FNDA:13,generateTopNav
FNDA:19,transformContent
FNDA:0,processArticle
FNDA:0,discoverArticles
FNDA:0,main
DA:22,1
DA:30,0
DA:31,0
DA:32,0
DA:34,0
DA:38,0
DA:39,0
DA:40,0
DA:42,0
DA:46,13
DA:47,13
DA:48,13
DA:73,19
DA:74,19
DA:75,19
DA:76,19
DA:79,19
DA:80,19
DA:81,7
DA:83,7
DA:84,7
DA:85,1
DA:87,6
DA:89,7
DA:94,12
DA:95,12
DA:99,19
DA:102,19
DA:104,8
DA:105,8
DA:106,2
DA:110,2
DA:114,19
DA:115,11
DA:116,11
DA:121,11
DA:122,11
DA:123,11
DA:124,11
DA:125,11
DA:126,11
DA:127,11
DA:128,11
DA:129,11
DA:130,11
DA:136,11
DA:137,0
DA:138,0
DA:139,0
DA:140,0
DA:141,0
DA:145,11
DA:148,19
DA:152,0
DA:153,0
DA:156,0
DA:157,0
DA:160,0
DA:168,0
DA:169,0
DA:170,0
DA:171,0
DA:172,0
DA:173,0
DA:174,0
DA:175,0
DA:176,0
DA:179,0
DA:183,0
DA:184,0
DA:185,0
DA:188,0
DA:189,0
DA:191,0
DA:192,0
DA:193,0
DA:196,0
DA:197,0
DA:199,0
DA:200,0
DA:201,0
DA:203,0
DA:204,0
DA:205,0
DA:206,0
DA:208,0
DA:209,0
DA:210,0
DA:211,0
DA:212,0
DA:213,0
DA:214,0
DA:215,0
DA:216,0
DA:217,0
DA:221,0
DA:222,0
DA:223,0
DA:224,0
DA:225,0
DA:226,0
DA:227,0
DA:229,0
DA:232,1
DA:233,0
LF:105
LH:41
BRDA:32,0,0,0
BRDA:32,0,1,0
BRDA:40,1,0,0
BRDA:40,1,1,0
BRDA:80,2,0,7
BRDA:80,2,1,12
BRDA:84,3,0,1
BRDA:84,3,1,6
BRDA:102,4,0,8
BRDA:102,4,1,11
BRDA:105,5,0,2
BRDA:105,5,1,6
BRDA:114,6,0,11
BRDA:114,6,1,8
BRDA:121,7,0,11
BRDA:121,7,1,0
BRDA:124,8,0,11
BRDA:124,8,1,0
BRDA:136,9,0,0
BRDA:136,9,1,11
BRDA:139,10,0,0
BRDA:139,10,1,0
BRDA:145,11,0,11
BRDA:145,11,1,0
BRDA:156,12,0,0
BRDA:156,12,1,0
BRDA:156,13,0,0
BRDA:156,13,1,0
BRDA:171,14,0,0
BRDA:171,14,1,0
BRDA:171,15,0,0
BRDA:171,15,1,0
BRDA:174,16,0,0
BRDA:174,16,1,0
BRDA:174,17,0,0
BRDA:174,17,1,0
BRDA:175,18,0,0
BRDA:175,18,1,0
BRDA:184,19,0,0
BRDA:184,19,1,0
BRDA:191,20,0,0
BRDA:191,20,1,0
BRDA:212,21,0,0
BRDA:212,21,1,0
BRDA:215,22,0,0
BRDA:215,22,1,0
BRDA:216,23,0,0
BRDA:216,23,1,0
BRDA:217,24,0,0
BRDA:217,24,1,0
BRDA:226,25,0,0
BRDA:226,25,1,0
BRDA:232,26,0,0
BRDA:232,26,1,1
BRF:54
BRH:15
end_of_record
TN:
SF:scripts/fix-keywords-localization.ts
FN:134,localizeKeyword
FN:152,localizeKeywords
FN:155,(anonymous_2)
FN:160,replaceKeywords
FN:165,(anonymous_4)
FN:174,(anonymous_5)
FN:183,(anonymous_6)
FN:186,(anonymous_7)
FN:196,getLanguageFromFilename
FN:201,processFile
FN:232,(anonymous_10)
FNF:11
FNH:0
FNDA:0,localizeKeyword
FNDA:0,localizeKeywords
FNDA:0,(anonymous_2)
FNDA:0,replaceKeywords
FNDA:0,(anonymous_4)
FNDA:0,(anonymous_5)
FNDA:0,(anonymous_6)
FNDA:0,(anonymous_7)
FNDA:0,getLanguageFromFilename
FNDA:0,processFile
FNDA:0,(anonymous_10)
DA:23,0
DA:128,0
DA:129,0
DA:130,0
DA:135,0
DA:136,0
DA:138,0
DA:139,0
DA:141,0
DA:142,0
DA:143,0
DA:145,0
DA:153,0
DA:155,0
DA:161,0
DA:164,0
DA:167,0
DA:168,0
DA:173,0
DA:176,0
DA:177,0
DA:182,0
DA:186,0
DA:187,0
DA:189,0
DA:193,0
DA:197,0
DA:198,0
DA:202,0
DA:203,0
DA:206,0
DA:208,0
DA:211,0
DA:212,0
DA:214,0
DA:216,0
DA:218,0
DA:219,0
DA:221,0
DA:226,0
DA:227,0
DA:229,0
DA:231,0
DA:232,0
DA:235,0
DA:236,0
DA:237,0
DA:239,0
DA:240,0
DA:241,0
DA:243,0
DA:244,0
DA:245,0
DA:246,0
DA:248,0
DA:252,0
DA:253,0
DA:254,0
DA:256,0
DA:257,0
DA:258,0
DA:259,0
DA:264,0
DA:267,0
DA:277,0
DA:278,0
DA:279,0
DA:280,0
DA:282,0
DA:283,0
DA:284,0
DA:285,0
DA:286,0
DA:287,0
DA:289,0
DA:294,0
DA:295,0
DA:297,0
DA:298,0
LF:79
LH:0
BRDA:135,0,0,0
BRDA:135,0,1,0
BRDA:139,1,0,0
BRDA:139,1,1,0
BRDA:143,2,0,0
BRDA:143,2,1,0
BRDA:198,3,0,0
BRDA:198,3,1,0
BRDA:198,4,0,0
BRDA:198,4,1,0
BRDA:206,5,0,0
BRDA:206,5,1,0
BRDA:206,6,0,0
BRDA:206,6,1,0
BRDA:212,7,0,0
BRDA:212,7,1,0
BRDA:216,8,0,0
BRDA:216,8,1,0
BRDA:218,9,0,0
BRDA:218,9,1,0
BRDA:229,10,0,0
BRDA:229,10,1,0
BRDA:243,11,0,0
BRDA:243,11,1,0
BRDA:245,12,0,0
BRDA:245,12,1,0
BRDA:245,13,0,0
BRDA:245,13,1,0
BRDA:246,14,0,0
BRDA:246,14,1,0
BRDA:256,15,0,0
BRDA:256,15,1,0
BRDA:280,16,0,0
BRDA:280,16,1,0
BRDA:280,17,0,0
BRDA:280,17,1,0
BRDA:284,18,0,0
BRDA:284,18,1,0
BRDA:286,19,0,0
BRDA:286,19,1,0
BRDA:294,20,0,0
BRDA:294,20,1,0
BRF:42
BRH:0
end_of_record
TN:
SF:scripts/fix-old-articles-branding.ts
FN:41,getLanguageFromFilename
FN:46,replaceTagline
FN:57,replaceEconomistReferences
FN:76,(anonymous_3)
FN:191,processFile
FN:230,(anonymous_5)
FNF:6
FNH:0
FNDA:0,getLanguageFromFilename
FNDA:0,replaceTagline
FNDA:0,replaceEconomistReferences
FNDA:0,(anonymous_3)
FNDA:0,processFile
FNDA:0,(anonymous_5)
DA:21,0
DA:38,0
DA:39,0
DA:42,0
DA:43,0
DA:47,0
DA:48,0
DA:51,0
DA:58,0
DA:61,0
DA:64,0
DA:68,0
DA:75,0
DA:76,0
DA:78,0
DA:82,0
DA:83,0
DA:84,0
DA:85,0
DA:86,0
DA:87,0
DA:90,0
DA:91,0
DA:92,0
DA:93,0
DA:98,0
DA:101,0
DA:104,0
DA:107,0
DA:110,0
DA:113,0
DA:116,0
DA:117,0
DA:118,0
DA:121,0
DA:122,0
DA:125,0
DA:126,0
DA:127,0
DA:130,0
DA:131,0
DA:132,0
DA:135,0
DA:136,0
DA:137,0
DA:138,0
DA:139,0
DA:142,0
DA:143,0
DA:144,0
DA:147,0
DA:148,0
DA:149,0
DA:152,0
DA:153,0
DA:156,0
DA:159,0
DA:162,0
DA:163,0
DA:166,0
DA:170,0
DA:171,0
DA:174,0
DA:175,0
DA:177,0
DA:178,0
DA:180,0
DA:182,0
DA:185,0
DA:188,0
DA:192,0
DA:193,0
DA:195,0
DA:196,0
DA:197,0
DA:200,0
DA:203,0
DA:204,0
DA:207,0
DA:210,0
DA:213,0
DA:215,0
DA:216,0
DA:219,0
DA:220,0
DA:223,0
DA:227,0
DA:229,0
DA:230,0
DA:233,0
DA:234,0
DA:235,0
DA:237,0
DA:238,0
DA:239,0
DA:241,0
DA:242,0
DA:243,0
DA:244,0
DA:246,0
DA:247,0
DA:250,0
DA:254,0
DA:255,0
DA:256,0
DA:257,0
DA:258,0
DA:259,0
DA:263,0
DA:264,0
DA:265,0
DA:266,0
DA:267,0
DA:272,0
DA:273,0
DA:274,0
DA:275,0
DA:276,0
DA:277,0
DA:283,0
DA:284,0
DA:287,0
DA:288,0
DA:290,0
LF:124
LH:0
BRDA:43,0,0,0
BRDA:43,0,1,0
BRDA:48,1,0,0
BRDA:48,1,1,0
BRDA:78,2,0,0
BRDA:78,2,1,0
BRDA:195,3,0,0
BRDA:195,3,1,0
BRDA:203,4,0,0
BRDA:203,4,1,0
BRDA:215,5,0,0
BRDA:215,5,1,0
BRDA:219,6,0,0
BRDA:219,6,1,0
BRDA:227,7,0,0
BRDA:227,7,1,0
BRDA:241,8,0,0
BRDA:241,8,1,0
BRDA:243,9,0,0
BRDA:243,9,1,0
BRDA:244,10,0,0
BRDA:244,10,1,0
BRDA:246,11,0,0
BRDA:246,11,1,0
BRDA:267,12,0,0
BRDA:267,12,1,0
BRDA:274,13,0,0
BRDA:274,13,1,0
BRDA:274,14,0,0
BRDA:274,14,1,0
BRDA:276,15,0,0
BRDA:276,15,1,0
BRDA:283,16,0,0
BRDA:283,16,1,0
BRDA:287,17,0,0
BRDA:287,17,1,0
BRF:36
BRH:0
end_of_record
TN:
SF:scripts/generate-news-enhanced.ts
FNF:0
FNH:0
DA:56,5
DA:57,0
LF:2
LH:1
BRDA:56,0,0,0
BRDA:56,0,1,5
BRF:2
BRH:1
end_of_record
TN:
SF:scripts/generate-news-indexes.ts
FNF:0
FNH:0
LF:0
LH:0
BRF:0
BRH:0
end_of_record
TN:
SF:scripts/generate-rss.ts
FN:61,escapeXml
FN:74,hreflangCode
FN:84,stablePubDate
FN:97,extractArticleMeta
FN:134,getRssArticles
FN:144,(anonymous_5)
FN:196,(anonymous_6)
FN:206,generateRss
FN:288,validateRss
FN:346,main
FNF:10
FNH:9
FNDA:908,escapeXml
FNDA:544,hreflangCode
FNDA:1364,stablePubDate
FNDA:1364,extractArticleMeta
FNDA:11,getRssArticles
FNDA:16951,(anonymous_5)
FNDA:6732,(anonymous_6)
FNDA:1,generateRss
FNDA:6,validateRss
FNDA:0,main
DA:18,1
DA:22,1
DA:23,1
DA:25,1
DA:31,1
DA:32,1
DA:33,1
DA:34,1
DA:35,1
DA:62,908
DA:75,544
DA:76,502
DA:85,1364
DA:86,1364
DA:87,1364
DA:88,1309
DA:90,55
DA:91,55
DA:93,0
DA:104,1364
DA:105,1364
DA:106,1364
DA:107,1364
DA:108,1364
DA:109,1364
DA:110,1364
DA:111,1364
DA:113,1364
DA:121,0
DA:135,11
DA:137,11
DA:138,0
DA:139,0
DA:142,11
DA:144,16951
DA:147,11
DA:148,11
DA:149,16775
DA:150,16775
DA:151,16775
DA:152,16775
DA:153,16775
DA:154,1364
DA:156,16775
DA:161,11
DA:163,11
DA:165,1364
DA:166,1364
DA:168,1364
DA:169,1364
DA:171,1364
DA:172,1364
DA:173,16775
DA:174,15411
DA:181,1364
DA:196,6732
DA:198,11
DA:200,11
DA:207,1
DA:209,1
DA:210,1
DA:213,1
DA:217,1
DA:246,1
DA:250,1
DA:251,6
DA:256,1
DA:257,50
DA:269,50
DA:270,544
DA:274,50
DA:278,1
DA:282,1
DA:289,6
DA:291,6
DA:292,1
DA:295,5
DA:296,1
DA:299,4
DA:300,1
DA:303,3
DA:304,0
DA:307,3
DA:308,0
DA:311,3
DA:312,0
DA:315,3
DA:316,6
DA:318,6
DA:319,1
DA:323,2
DA:324,6
DA:325,6
DA:327,6
DA:328,0
DA:331,2
DA:332,0
DA:335,2
DA:336,0
DA:339,2
DA:340,2
DA:347,0
DA:348,0
DA:350,0
DA:351,0
DA:353,0
DA:354,0
DA:356,0
DA:357,0
DA:359,0
DA:361,0
DA:362,0
DA:367,1
DA:368,0
DA:369,0
LF:115
LH:92
BRDA:75,0,0,42
BRDA:75,0,1,502
BRDA:87,1,0,1309
BRDA:87,1,1,55
BRDA:114,2,0,1364
BRDA:114,2,1,0
BRDA:115,3,0,1364
BRDA:115,3,1,0
BRDA:116,4,0,1331
BRDA:116,4,1,33
BRDA:117,5,0,1364
BRDA:117,5,1,0
BRDA:118,6,0,1331
BRDA:118,6,1,33
BRDA:137,7,0,0
BRDA:137,7,1,11
BRDA:144,8,0,16951
BRDA:144,8,1,16929
BRDA:144,8,2,16918
BRDA:150,9,0,16775
BRDA:150,9,1,0
BRDA:153,10,0,1364
BRDA:153,10,1,15411
BRDA:166,11,0,0
BRDA:166,11,1,1364
BRDA:173,12,0,15411
BRDA:173,12,1,1364
BRDA:213,13,0,1
BRDA:213,13,1,0
BRDA:230,14,0,1
BRDA:230,14,1,0
BRDA:291,15,0,1
BRDA:291,15,1,5
BRDA:295,16,0,1
BRDA:295,16,1,4
BRDA:299,17,0,1
BRDA:299,17,1,3
BRDA:303,18,0,0
BRDA:303,18,1,3
BRDA:307,19,0,0
BRDA:307,19,1,3
BRDA:311,20,0,0
BRDA:311,20,1,3
BRDA:315,21,0,3
BRDA:315,21,1,1
BRDA:318,22,0,1
BRDA:318,22,1,5
BRDA:323,23,0,2
BRDA:323,23,1,0
BRDA:324,24,0,6
BRDA:324,24,1,0
BRDA:325,25,0,6
BRDA:325,25,1,0
BRDA:327,26,0,0
BRDA:327,26,1,6
BRDA:331,27,0,0
BRDA:331,27,1,2
BRDA:335,28,0,0
BRDA:335,28,1,2
BRDA:367,29,0,0
BRDA:367,29,1,1
BRF:61
BRH:43
end_of_record
TN:
SF:scripts/generate-sitemap-html.ts
FN:401,extractArticleMeta
FN:418,getArticlesByLanguage
FN:425,(anonymous_2)
FN:456,getDocsSections
FN:469,escapeHtml
FN:482,generateSitemapHtml
FN:497,(anonymous_6)
FN:505,(anonymous_7)
FN:506,(anonymous_8)
FN:516,(anonymous_9)
FN:525,(anonymous_10)
FN:536,(anonymous_11)
FN:935,main
FNF:13
FNH:12
FNDA:27450,extractArticleMeta
FNDA:18,getArticlesByLanguage
FNDA:27738,(anonymous_2)
FNDA:17,getDocsSections
FNDA:3677,escapeHtml
FNDA:17,generateSitemapHtml
FNDA:238,(anonymous_6)
FNDA:238,(anonymous_7)
FNDA:221,(anonymous_8)
FNDA:238,(anonymous_9)
FNDA:238,(anonymous_10)
FNDA:850,(anonymous_11)
FNDA:0,main
DA:18,1
DA:22,1
DA:23,1
DA:25,1
DA:31,1
DA:32,1
DA:33,1
DA:34,1
DA:36,1
DA:85,1
DA:402,27450
DA:403,27450
DA:404,27450
DA:405,27450
DA:406,27450
DA:411,0
DA:419,18
DA:421,18
DA:423,18
DA:425,27738
DA:429,18
DA:430,27450
DA:431,27450
DA:432,27450
DA:433,27450
DA:434,27450
DA:435,27450
DA:437,27450
DA:438,252
DA:440,27450
DA:450,18
DA:457,17
DA:470,3677
DA:483,17
DA:484,17
DA:485,17
DA:486,17
DA:487,17
DA:488,17
DA:490,17
DA:492,17
DA:494,17
DA:497,17
DA:498,238
DA:499,238
DA:500,238
DA:504,17
DA:505,238
DA:507,221
DA:508,221
DA:509,221
DA:516,17
DA:517,238
DA:518,238
DA:519,238
DA:525,17
DA:526,238
DA:527,238
DA:528,238
DA:529,238
DA:530,238
DA:536,17
DA:537,850
DA:538,850
DA:539,850
DA:546,17
DA:547,17
DA:548,17
DA:552,17
DA:553,17
DA:559,17
DA:560,17
DA:566,17
DA:567,17
DA:573,17
DA:574,17
DA:580,17
DA:581,17
DA:587,17
DA:592,17
DA:936,0
DA:937,0
DA:939,0
DA:940,0
DA:942,0
DA:943,0
DA:944,0
DA:945,0
DA:946,0
DA:947,0
DA:948,0
DA:949,0
DA:950,0
DA:953,0
DA:954,0
DA:956,0
DA:957,0
DA:962,1
DA:963,0
DA:964,0
LF:100
LH:80
BRDA:407,0,0,27450
BRDA:407,0,1,0
BRDA:408,1,0,27450
BRDA:408,1,1,0
BRDA:421,2,0,0
BRDA:421,2,1,18
BRDA:425,3,0,27738
BRDA:425,3,1,27702
BRDA:425,3,2,27684
BRDA:431,4,0,27450
BRDA:431,4,1,0
BRDA:437,5,0,252
BRDA:437,5,1,27198
BRDA:486,6,0,9
BRDA:486,6,1,8
BRDA:487,7,0,9
BRDA:487,7,1,8
BRDA:488,8,0,9
BRDA:488,8,1,8
BRDA:490,9,0,17
BRDA:490,9,1,0
BRDA:499,10,0,17
BRDA:499,10,1,221
BRDA:508,11,0,8
BRDA:508,11,1,213
BRDA:518,12,0,17
BRDA:518,12,1,221
BRDA:527,13,0,17
BRDA:527,13,1,221
BRDA:529,14,0,0
BRDA:529,14,1,238
BRDA:541,15,0,850
BRDA:541,15,1,0
BRDA:547,16,0,17
BRDA:547,16,1,0
BRDA:547,17,0,17
BRDA:547,17,1,0
BRDA:547,17,2,0
BRDA:547,17,3,0
BRDA:547,17,4,0
BRDA:552,18,0,17
BRDA:552,18,1,0
BRDA:559,19,0,17
BRDA:559,19,1,0
BRDA:566,20,0,17
BRDA:566,20,1,0
BRDA:573,21,0,17
BRDA:573,21,1,0
BRDA:580,22,0,17
BRDA:580,22,1,0
BRDA:843,23,0,17
BRDA:843,23,1,0
BRDA:884,24,0,17
BRDA:884,24,1,0
BRDA:945,25,0,0
BRDA:945,25,1,0
BRDA:948,26,0,0
BRDA:948,26,1,0
BRDA:962,27,0,0
BRDA:962,27,1,1
BRF:60
BRH:36
end_of_record
TN:
SF:scripts/generate-sitemap.ts
FN:72,hreflangCode
FN:92,loadGitTimestamps
FN:123,getFileModTime
FN:140,getNewsArticles
FN:151,scanDir
FN:152,(anonymous_5)
FN:192,(anonymous_6)
FN:198,getApiDocs
FN:208,scanDir
FN:235,getDocFiles
FN:245,scanDir
FN:265,(anonymous_11)
FN:275,generateUrlEntry
FN:289,(anonymous_13)
FN:303,generateSitemap
FN:312,(anonymous_15)
FN:323,(anonymous_16)
FN:323,(anonymous_17)
FN:344,(anonymous_18)
FN:347,(anonymous_19)
FN:355,(anonymous_20)
FN:355,(anonymous_21)
FN:404,(anonymous_22)
FN:414,(anonymous_23)
FN:421,(anonymous_24)
FN:455,(anonymous_25)
FN:468,(anonymous_26)
FN:469,(anonymous_27)
FN:475,(anonymous_28)
FN:485,(anonymous_29)
FN:496,(anonymous_30)
FN:508,(anonymous_31)
FN:525,validateSitemap
FN:554,main
FNF:34
FNH:33
FNDA:314482,hreflangCode
FNDA:42882,loadGitTimestamps
FNDA:42882,getFileModTime
FNDA:14,getNewsArticles
FNDA:28,scanDir
FNDA:22456,(anonymous_5)
FNDA:1722,(anonymous_6)
FNDA:14,getApiDocs
FNDA:98,scanDir
FNDA:14,getDocFiles
FNDA:854,scanDir
FNDA:25536,(anonymous_11)
FNDA:42742,generateUrlEntry
FNDA:314482,(anonymous_13)
FNDA:14,generateSitemap
FNDA:196,(anonymous_15)
FNDA:196,(anonymous_16)
FNDA:182,(anonymous_17)
FNDA:196,(anonymous_18)
FNDA:196,(anonymous_19)
FNDA:196,(anonymous_20)
FNDA:182,(anonymous_21)
FNDA:182,(anonymous_22)
FNDA:154,(anonymous_23)
FNDA:154,(anonymous_24)
FNDA:140,(anonymous_25)
FNDA:1736,(anonymous_26)
FNDA:47880,(anonymous_27)
FNDA:21350,(anonymous_28)
FNDA:21350,(anonymous_29)
FNDA:12586,(anonymous_30)
FNDA:8036,(anonymous_31)
FNDA:6,validateSitemap
FNDA:0,main
DA:15,2
DA:18,2
DA:22,2
DA:23,2
DA:25,2
DA:31,2
DA:32,2
DA:33,2
DA:34,2
DA:35,2
DA:36,2
DA:39,2
DA:73,314482
DA:74,293524
DA:85,2
DA:86,2
DA:93,42882
DA:94,2
DA:95,2
DA:96,2
DA:102,2
DA:103,2
DA:104,83990
DA:105,4906
DA:106,79084
DA:108,74176
DA:109,8900
DA:115,0
DA:124,42882
DA:125,42882
DA:126,42882
DA:127,42882
DA:128,12572
DA:129,12572
DA:130,12572
DA:132,0
DA:141,14
DA:143,14
DA:144,0
DA:145,0
DA:149,14
DA:152,22456
DA:153,28
DA:154,21686
DA:155,14
DA:156,21672
DA:157,21350
DA:158,21350
DA:159,21350
DA:160,21350
DA:161,21350
DA:162,21350
DA:163,21350
DA:166,21350
DA:167,21350
DA:169,21350
DA:170,1736
DA:176,19614
DA:177,19614
DA:178,70
DA:182,21350
DA:188,14
DA:190,14
DA:192,1722
DA:199,14
DA:201,14
DA:202,0
DA:203,0
DA:206,14
DA:209,98
DA:210,98
DA:211,12698
DA:212,12698
DA:213,84
DA:214,12614
DA:215,12586
DA:216,12586
DA:225,14
DA:227,14
DA:229,14
DA:236,14
DA:238,14
DA:239,0
DA:240,0
DA:243,14
DA:246,854
DA:247,854
DA:248,9576
DA:249,9576
DA:250,840
DA:251,8736
DA:252,8036
DA:253,8036
DA:262,14
DA:265,25536
DA:267,14
DA:269,14
DA:282,42742
DA:289,42742
DA:290,314482
DA:294,42742
DA:297,42742
DA:304,14
DA:306,14
DA:311,14
DA:312,196
DA:319,14
DA:320,14
DA:323,196
DA:324,182
DA:325,182
DA:326,182
DA:328,182
DA:332,14
DA:333,14
DA:336,14
DA:337,14
DA:338,14
DA:339,14
DA:343,14
DA:344,196
DA:347,196
DA:351,14
DA:352,14
DA:355,196
DA:356,182
DA:357,182
DA:358,182
DA:359,182
DA:360,182
DA:361,182
DA:366,14
DA:384,14
DA:385,14
DA:388,14
DA:404,14
DA:405,182
DA:406,182
DA:410,14
DA:414,14
DA:415,154
DA:416,154
DA:418,0
DA:421,154
DA:424,14
DA:439,14
DA:442,14
DA:455,14
DA:456,140
DA:457,140
DA:458,140
DA:465,14
DA:466,14
DA:468,14
DA:469,1736
DA:470,47880
DA:471,43400
DA:472,43148
DA:475,21350
DA:480,1736
DA:485,1736
DA:486,21350
DA:487,21350
DA:492,14
DA:493,14
DA:494,14
DA:496,14
DA:497,12586
DA:498,12586
DA:499,12586
DA:504,14
DA:505,14
DA:506,14
DA:508,14
DA:509,8036
DA:510,8036
DA:511,8036
DA:515,14
DA:519,14
DA:526,6
DA:528,6
DA:529,1
DA:532,5
DA:533,1
DA:536,4
DA:537,6
DA:539,6
DA:540,1
DA:543,3
DA:544,1
DA:547,2
DA:548,2
DA:555,0
DA:556,0
DA:558,0
DA:560,0
DA:562,0
DA:563,0
DA:565,0
DA:566,0
DA:568,0
DA:570,0
DA:571,0
DA:576,2
DA:577,0
DA:578,0
LF:206
LH:184
BRDA:73,0,0,20958
BRDA:73,0,1,293524
BRDA:93,1,0,42880
BRDA:93,1,1,2
BRDA:104,2,0,4906
BRDA:104,2,1,79084
BRDA:106,3,0,74176
BRDA:106,3,1,4908
BRDA:106,4,0,79084
BRDA:106,4,1,74176
BRDA:108,5,0,8900
BRDA:108,5,1,65276
BRDA:127,6,0,30310
BRDA:127,6,1,12572
BRDA:143,7,0,0
BRDA:143,7,1,14
BRDA:154,8,0,14
BRDA:154,8,1,21672
BRDA:156,9,0,21350
BRDA:156,9,1,322
BRDA:156,10,0,21672
BRDA:156,10,1,21672
BRDA:156,10,2,21658
BRDA:156,10,3,21476
BRDA:159,11,0,21350
BRDA:159,11,1,0
BRDA:167,12,0,0
BRDA:167,12,1,21350
BRDA:169,13,0,1736
BRDA:169,13,1,19614
BRDA:177,14,0,70
BRDA:177,14,1,19544
BRDA:177,15,0,19614
BRDA:177,15,1,19614
BRDA:201,16,0,0
BRDA:201,16,1,14
BRDA:212,17,0,84
BRDA:212,17,1,12614
BRDA:212,18,0,12698
BRDA:212,18,1,98
BRDA:214,19,0,12586
BRDA:214,19,1,28
BRDA:214,20,0,12614
BRDA:214,20,1,12600
BRDA:238,21,0,0
BRDA:238,21,1,14
BRDA:249,22,0,840
BRDA:249,22,1,8736
BRDA:249,23,0,9576
BRDA:249,23,1,840
BRDA:249,23,2,840
BRDA:251,24,0,8036
BRDA:251,24,1,700
BRDA:251,25,0,8736
BRDA:251,25,1,8736
BRDA:280,26,0,42742
BRDA:314,27,0,14
BRDA:314,27,1,182
BRDA:326,28,0,14
BRDA:326,28,1,168
BRDA:337,29,0,14
BRDA:337,29,1,0
BRDA:346,30,0,14
BRDA:346,30,1,182
BRDA:358,31,0,182
BRDA:358,31,1,0
BRDA:360,32,0,14
BRDA:360,32,1,168
BRDA:470,33,0,4480
BRDA:470,33,1,43400
BRDA:471,34,0,252
BRDA:471,34,1,43148
BRDA:493,35,0,14
BRDA:493,35,1,0
BRDA:498,36,0,14
BRDA:498,36,1,12572
BRDA:505,37,0,14
BRDA:505,37,1,0
BRDA:510,38,0,756
BRDA:510,38,1,7280
BRDA:510,39,0,8036
BRDA:510,39,1,8022
BRDA:528,40,0,1
BRDA:528,40,1,5
BRDA:532,41,0,1
BRDA:532,41,1,4
BRDA:536,42,0,4
BRDA:536,42,1,1
BRDA:539,43,0,1
BRDA:539,43,1,5
BRDA:543,44,0,1
BRDA:543,44,1,2
BRDA:576,45,0,0
BRDA:576,45,1,2
BRF:94
BRH:84
end_of_record
TN:
SF:scripts/government-role-validator.ts
FN:51,parseCSVLine
FN:80,parseCSV
FN:81,(anonymous_2)
FN:84,(anonymous_3)
FN:102,normaliseName
FN:112,loadGovernmentRoleMembers
FN:133,clearCache
FN:141,findRolesForPerson
FN:151,(anonymous_8)
FN:156,(anonymous_9)
FN:162,getCurrentRole
FN:169,(anonymous_11)
FN:181,validateGovernmentRole
FN:201,(anonymous_13)
FN:214,(anonymous_14)
FN:256,getFormattedRole
FNF:16
FNH:16
FNDA:7500,parseCSVLine
FNDA:15,parseCSV
FNDA:7530,(anonymous_2)
FNDA:7500,(anonymous_3)
FNDA:8074,normaliseName
FNDA:18,loadGovernmentRoleMembers
FNDA:16,clearCache
FNDA:16,findRolesForPerson
FNDA:8000,(anonymous_8)
FNDA:60,(anonymous_9)
FNDA:5,getCurrentRole
FNDA:3,(anonymous_11)
FNDA:7,validateGovernmentRole
FNDA:6,(anonymous_13)
FNDA:42,(anonymous_14)
FNDA:2,getFormattedRole
DA:19,1
DA:20,1
DA:45,1
DA:52,7500
DA:53,7500
DA:54,7500
DA:55,7500
DA:56,1039995
DA:57,1039995
DA:58,1320
DA:59,0
DA:60,0
DA:61,1320
DA:62,30
DA:64,1290
DA:66,1038675
DA:67,30
DA:68,1038645
DA:69,120000
DA:70,120000
DA:72,918645
DA:75,7500
DA:76,7500
DA:81,7530
DA:82,15
DA:84,15
DA:85,7500
DA:86,7500
DA:103,8074
DA:110,1
DA:113,18
DA:114,16
DA:115,18
DA:116,18
DA:117,18
DA:118,18
DA:119,18
DA:121,1
DA:122,1
DA:123,1
DA:125,0
DA:127,1
DA:128,1
DA:134,16
DA:146,16
DA:147,16
DA:148,16
DA:150,16
DA:152,8000
DA:153,48
DA:154,48
DA:156,60
DA:167,5
DA:169,5
DA:170,5
DA:186,7
DA:187,7
DA:188,7
DA:189,7
DA:191,7
DA:192,1
DA:201,6
DA:202,7
DA:205,7
DA:206,7
DA:209,7
DA:214,42
DA:221,7
DA:222,6
DA:224,6
DA:225,6
DA:237,0
DA:241,7
DA:261,2
DA:262,2
DA:263,1
LF:76
LH:72
BRDA:57,0,0,1320
BRDA:57,0,1,1038675
BRDA:58,1,0,0
BRDA:58,1,1,1320
BRDA:58,2,0,1320
BRDA:58,2,1,30
BRDA:61,3,0,30
BRDA:61,3,1,1290
BRDA:66,4,0,30
BRDA:66,4,1,1038645
BRDA:68,5,0,120000
BRDA:68,5,1,918645
BRDA:82,6,0,0
BRDA:82,6,1,15
BRDA:87,7,0,7500
BRDA:87,7,1,0
BRDA:88,8,0,7500
BRDA:88,8,1,0
BRDA:89,9,0,7500
BRDA:89,9,1,0
BRDA:90,10,0,7500
BRDA:90,10,1,0
BRDA:91,11,0,7500
BRDA:91,11,1,0
BRDA:92,12,0,7500
BRDA:92,12,1,0
BRDA:93,13,0,7500
BRDA:93,13,1,0
BRDA:94,14,0,7500
BRDA:94,14,1,0
BRDA:95,15,0,7500
BRDA:95,15,1,0
BRDA:113,16,0,2
BRDA:113,16,1,16
BRDA:114,17,0,16
BRDA:114,17,1,0
BRDA:114,18,0,0
BRDA:114,18,1,0
BRDA:122,19,0,1
BRDA:122,19,1,0
BRDA:148,20,0,14
BRDA:148,20,1,2
BRDA:152,21,0,7952
BRDA:152,21,1,48
BRDA:153,22,0,0
BRDA:153,22,1,48
BRDA:153,23,0,48
BRDA:153,23,1,44
BRDA:170,24,0,5
BRDA:170,24,1,2
BRDA:187,25,0,7
BRDA:187,25,1,0
BRDA:188,26,0,7
BRDA:188,26,1,0
BRDA:191,27,0,1
BRDA:191,27,1,6
BRDA:201,28,0,6
BRDA:201,28,1,0
BRDA:221,29,0,6
BRDA:221,29,1,1
BRDA:222,30,0,6
BRDA:222,30,1,6
BRDA:224,31,0,6
BRDA:224,31,1,0
BRDA:237,32,0,0
BRDA:237,32,1,0
BRDA:237,32,2,0
BRDA:242,33,0,7
BRDA:242,33,1,0
BRDA:246,34,0,0
BRDA:246,34,1,0
BRDA:262,35,0,1
BRDA:262,35,1,1
BRF:73
BRH:47
end_of_record
TN:
SF:scripts/html-utils.ts
FN:27,escapeHtml
FN:30,(anonymous_1)
FNF:2
FNH:2
FNDA:60939,escapeHtml
FNDA:66263,(anonymous_1)
DA:10,38
DA:18,38
DA:28,60939
DA:29,60864
DA:31,66263
LF:5
LH:5
BRDA:28,0,0,75
BRDA:28,0,1,60864
BRDA:31,1,0,66263
BRDA:31,1,1,0
BRF:4
BRH:3
end_of_record
TN:
SF:scripts/mcp-client.ts
FNF:0
FNH:0
LF:0
LH:0
BRF:0
BRH:0
end_of_record
TN:
SF:scripts/mcp-query-cli.ts
FN:27,main
FN:64,(anonymous_1)
FNF:2
FNH:0
FNDA:0,main
FNDA:0,(anonymous_1)
DA:28,0
DA:29,0
DA:30,0
DA:31,0
DA:32,0
DA:33,0
DA:34,0
DA:35,0
DA:36,0
DA:39,0
DA:41,0
DA:42,0
DA:43,0
DA:44,0
DA:45,0
DA:47,0
DA:49,0
DA:50,0
DA:53,0
DA:54,0
DA:55,0
DA:56,0
DA:58,0
DA:59,0
DA:60,0
DA:64,0
DA:65,0
DA:66,0
DA:67,0
LF:29
LH:0
BRDA:29,0,0,0
BRDA:29,0,1,0
BRDA:39,1,0,0
BRDA:39,1,1,0
BRDA:43,2,0,0
BRDA:43,2,1,0
BRDA:43,3,0,0
BRDA:43,3,1,0
BRDA:43,3,2,0
BRDA:58,4,0,0
BRDA:58,4,1,0
BRDA:65,5,0,0
BRDA:65,5,1,0
BRF:13
BRH:0
end_of_record
TN:
SF:scripts/party-variants.ts
FN:34,extractPartyMentions
FNF:1
FNH:1
FNDA:64,extractPartyMentions
DA:16,2
DA:35,64
DA:37,64
DA:38,3
DA:41,61
DA:44,488
DA:46,751
DA:50,751
DA:54,751
DA:55,244
DA:56,244
DA:61,61
LF:12
LH:12
BRDA:37,0,0,3
BRDA:37,0,1,61
BRDA:54,1,0,244
BRDA:54,1,1,507
BRF:4
BRH:4
end_of_record
TN:
SF:scripts/scb-client.ts
FN:174,(anonymous_0)
FN:187,(anonymous_1)
FN:200,(anonymous_2)
FN:218,(anonymous_3)
FN:219,(anonymous_4)
FN:229,(anonymous_5)
FN:230,(anonymous_6)
FN:242,(anonymous_7)
FN:277,(anonymous_8)
FN:288,(anonymous_9)
FN:294,(anonymous_10)
FN:336,(anonymous_11)
FN:353,getDefaultSCBClient
FNF:13
FNH:11
FNDA:9,(anonymous_0)
FNDA:1,(anonymous_1)
FNDA:1,(anonymous_2)
FNDA:3,(anonymous_3)
FNDA:25,(anonymous_4)
FNDA:2,(anonymous_5)
FNDA:30,(anonymous_6)
FNDA:6,(anonymous_7)
FNDA:2,(anonymous_8)
FNDA:2,(anonymous_9)
FNDA:0,(anonymous_10)
FNDA:0,(anonymous_11)
FNDA:3,getDefaultSCBClient
DA:60,4
DA:61,4
DA:62,4
DA:68,4
DA:175,9
DA:176,9
DA:177,9
DA:188,1
DA:189,1
DA:190,1
DA:204,1
DA:205,1
DA:206,0
DA:208,1
DA:209,1
DA:219,3
DA:220,25
DA:230,30
DA:247,6
DA:249,5
DA:250,5
DA:253,6
DA:254,3
DA:255,3
DA:256,1
DA:258,2
DA:262,5
DA:278,2
DA:279,2
DA:280,0
DA:283,2
DA:284,2
DA:293,2
DA:294,2
DA:296,2
DA:297,2
DA:312,0
DA:313,0
DA:316,0
DA:318,0
DA:319,0
DA:323,0
DA:324,2
DA:325,0
DA:326,0
DA:328,0
DA:329,0
DA:332,0
DA:334,2
DA:335,0
DA:336,0
DA:337,0
DA:339,2
DA:341,2
DA:350,4
DA:354,3
DA:355,1
DA:357,3
LF:58
LH:42
BRDA:174,0,0,9
BRDA:175,1,0,9
BRDA:175,1,1,8
BRDA:176,2,0,9
BRDA:176,2,1,7
BRDA:177,3,0,9
BRDA:177,3,1,6
BRDA:187,4,0,1
BRDA:190,5,0,1
BRDA:190,5,1,1
BRDA:205,6,0,0
BRDA:205,6,1,1
BRDA:209,7,0,1
BRDA:209,7,1,1
BRDA:247,8,0,1
BRDA:247,8,1,5
BRDA:250,9,0,3
BRDA:250,9,1,2
BRDA:253,10,0,3
BRDA:253,10,1,3
BRDA:255,11,0,1
BRDA:255,11,1,2
BRDA:258,12,0,1
BRDA:258,12,1,1
BRDA:265,13,0,5
BRDA:265,13,1,1
BRDA:283,14,0,2
BRDA:283,14,1,0
BRDA:291,15,0,2
BRDA:312,16,0,0
BRDA:312,16,1,0
BRDA:318,17,0,0
BRDA:318,17,1,0
BRDA:324,18,0,0
BRDA:324,18,1,2
BRDA:332,19,0,0
BRDA:332,19,1,0
BRDA:334,20,0,0
BRDA:334,20,1,2
BRDA:354,21,0,1
BRDA:354,21,1,2
BRF:41
BRH:31
end_of_record
TN:
SF:scripts/scb-context.ts
FN:269,getSCBHeading
FN:283,findRelevantSCBIndicators
FN:288,(anonymous_2)
FN:293,(anonymous_3)
FN:303,getSCBTablesForCommittee
FN:305,(anonymous_5)
FN:308,(anonymous_6)
FN:311,(anonymous_7)
FN:323,hasSCBContext
FN:342,(anonymous_9)
FN:351,getSCBQueryParams
FN:353,(anonymous_11)
FN:354,(anonymous_12)
FNF:13
FNH:13
FNDA:4,getSCBHeading
FNDA:7,findRelevantSCBIndicators
FNDA:75,(anonymous_2)
FNDA:167,(anonymous_3)
FNDA:7,getSCBTablesForCommittee
FNDA:105,(anonymous_5)
FNDA:1089,(anonymous_6)
FNDA:94,(anonymous_7)
FNDA:13,hasSCBContext
FNDA:128,(anonymous_9)
FNDA:4,getSCBQueryParams
FNDA:60,(anonymous_11)
FNDA:44,(anonymous_12)
DA:54,3
DA:185,3
DA:273,4
DA:274,4
DA:284,7
DA:285,7
DA:286,2
DA:288,5
DA:290,75
DA:293,167
DA:304,7
DA:305,7
DA:307,105
DA:310,1089
DA:311,94
DA:324,13
DA:325,13
DA:342,128
DA:352,4
DA:353,60
DA:354,44
LF:21
LH:21
BRDA:273,0,0,4
BRDA:273,0,1,1
BRDA:285,1,0,2
BRDA:285,1,1,5
BRDA:290,2,0,75
BRDA:290,2,1,73
BRDA:290,2,2,73
BRDA:290,2,3,72
BRDA:307,3,0,105
BRDA:307,3,1,77
BRDA:310,4,0,1089
BRDA:310,4,1,77
BRF:12
BRH:12
end_of_record
TN:
SF:scripts/statistical-claims-detector.ts
FN:306,detectStatisticalClaims
FN:365,assessClaim
FN:400,generateExplanation
FN:454,getFactCheckHeading
FN:469,hasStatisticalClaims
FN:488,(anonymous_5)
FN:498,detectUnit
FNF:7
FNH:7
FNDA:16,detectStatisticalClaims
FNDA:8,assessClaim
FNDA:8,generateExplanation
FNDA:9,getFactCheckHeading
FNDA:18,hasStatisticalClaims
FNDA:122,(anonymous_5)
FNDA:17,detectUnit
DA:97,3
DA:203,3
DA:311,16
DA:312,1
DA:315,15
DA:316,15
DA:318,15
DA:320,210
DA:323,210
DA:324,17
DA:326,17
DA:327,17
DA:328,17
DA:332,17
DA:333,17
DA:334,17
DA:335,17
DA:339,17
DA:341,17
DA:355,15
DA:369,8
DA:370,2
DA:376,6
DA:378,6
DA:379,3
DA:381,3
DA:382,1
DA:384,2
DA:385,1
DA:387,1
DA:407,8
DA:409,8
DA:410,2
DA:415,6
DA:416,1
DA:421,5
DA:427,8
DA:429,8
DA:438,8
DA:440,8
DA:441,1
DA:444,4
DA:458,9
DA:459,9
DA:470,18
DA:471,18
DA:488,122
DA:499,17
DA:500,17
DA:501,0
DA:502,0
DA:503,0
DA:504,0
DA:505,0
LF:54
LH:49
BRDA:311,0,0,1
BRDA:311,0,1,15
BRDA:311,1,0,16
BRDA:311,1,1,15
BRDA:327,2,0,0
BRDA:327,2,1,17
BRDA:332,3,0,17
BRDA:332,3,1,0
BRDA:335,4,0,0
BRDA:335,4,1,17
BRDA:369,5,0,2
BRDA:369,5,1,6
BRDA:371,6,0,1
BRDA:371,6,1,1
BRDA:372,7,0,1
BRDA:372,7,1,1
BRDA:378,8,0,3
BRDA:378,8,1,3
BRDA:381,9,0,1
BRDA:381,9,1,2
BRDA:384,10,0,1
BRDA:384,10,1,1
BRDA:405,11,0,8
BRDA:409,12,0,2
BRDA:409,12,1,6
BRDA:410,13,0,1
BRDA:410,13,1,1
BRDA:415,14,0,1
BRDA:415,14,1,5
BRDA:415,15,0,6
BRDA:415,15,1,5
BRDA:416,16,0,0
BRDA:416,16,1,1
BRDA:421,17,0,1
BRDA:421,17,1,4
BRDA:423,18,0,1
BRDA:423,18,1,3
BRDA:427,19,0,5
BRDA:427,19,1,0
BRDA:438,20,0,1
BRDA:438,20,1,4
BRDA:440,21,0,1
BRDA:440,21,1,7
BRDA:441,22,0,1
BRDA:441,22,1,0
BRDA:444,23,0,4
BRDA:444,23,1,0
BRDA:458,24,0,9
BRDA:458,24,1,1
BRDA:500,25,0,17
BRDA:500,25,1,0
BRDA:501,26,0,0
BRDA:501,26,1,0
BRDA:502,27,0,0
BRDA:502,27,1,0
BRDA:503,28,0,0
BRDA:503,28,1,0
BRDA:504,29,0,0
BRDA:504,29,1,0
BRF:59
BRH:43
end_of_record
TN:
SF:scripts/sync-vendor-versions.ts
FN:41,getInstalledVersion
FN:52,getLatestVersion
FN:61,checkVersions
FN:93,(anonymous_3)
FNF:4
FNH:0
FNDA:0,getInstalledVersion
FNDA:0,getLatestVersion
FNDA:0,checkVersions
FNDA:0,(anonymous_3)
DA:14,0
DA:15,0
DA:16,0
DA:17,0
DA:19,0
DA:20,0
DA:21,0
DA:35,0
DA:42,0
DA:43,0
DA:44,0
DA:45,0
DA:46,0
DA:48,0
DA:53,0
DA:54,0
DA:55,0
DA:57,0
DA:62,0
DA:63,0
DA:65,0
DA:66,0
DA:68,0
DA:70,0
DA:71,0
DA:72,0
DA:73,0
DA:74,0
DA:76,0
DA:78,0
DA:79,0
DA:80,0
DA:81,0
DA:82,0
DA:86,0
DA:87,0
DA:88,0
DA:89,0
DA:90,0
DA:93,0
DA:94,0
DA:95,0
DA:96,0
DA:97,0
DA:100,0
DA:104,0
LF:46
LH:0
BRDA:44,0,0,0
BRDA:44,0,1,0
BRDA:46,1,0,0
BRDA:46,1,1,0
BRDA:71,2,0,0
BRDA:71,2,1,0
BRDA:78,3,0,0
BRDA:78,3,1,0
BRDA:87,4,0,0
BRDA:87,4,1,0
BRDA:94,5,0,0
BRDA:94,5,1,0
BRF:12
BRH:0
end_of_record
TN:
SF:scripts/translation-dictionary.ts
FN:72,buildMap
FN:632,translateTerm
FN:651,translatePhrase
FN:712,translateSwedishContent
FN:715,(anonymous_4)
FNF:5
FNH:5
FNDA:104,buildMap
FNDA:8,translateTerm
FNDA:24,translatePhrase
FNDA:263,translateSwedishContent
FNDA:19,(anonymous_4)
DA:29,8
DA:47,8
DA:73,104
DA:603,104
DA:604,104
DA:605,6136
DA:606,6136
DA:607,5840
DA:610,104
DA:614,8
DA:616,8
DA:620,8
DA:621,104
DA:633,8
DA:635,7
DA:636,7
DA:638,7
DA:639,7
DA:652,24
DA:654,23
DA:655,23
DA:657,23
DA:660,23
DA:663,7
DA:664,7
DA:665,7
DA:666,386
DA:667,5
DA:668,5
DA:672,7
DA:674,4
DA:675,4
DA:679,3
DA:710,8
DA:715,263
DA:717,19
DA:720,19
DA:724,19
DA:725,19
DA:727,0
LF:40
LH:39
BRDA:606,0,0,5840
BRDA:606,0,1,296
BRDA:606,1,0,6136
BRDA:606,1,1,6136
BRDA:633,2,0,1
BRDA:633,2,1,7
BRDA:636,3,0,0
BRDA:636,3,1,7
BRDA:639,4,0,7
BRDA:639,4,1,1
BRDA:652,5,0,1
BRDA:652,5,1,23
BRDA:655,6,0,0
BRDA:655,6,1,23
BRDA:660,7,0,16
BRDA:660,7,1,7
BRDA:666,8,0,5
BRDA:666,8,1,381
BRDA:666,9,0,386
BRDA:666,9,1,5
BRDA:672,10,0,4
BRDA:672,10,1,3
BRDA:720,11,0,1
BRDA:720,11,1,18
BRDA:724,12,0,19
BRDA:724,12,1,0
BRF:26
BRH:23
end_of_record
TN:
SF:scripts/validate-cross-references.ts
FN:70,extractCrossReferences
FN:98,calculateScore
FN:120,validateCrossReferences
FN:127,(anonymous_3)
FN:129,(anonymous_4)
FN:130,(anonymous_5)
FN:167,validateArticleBatch
FN:170,(anonymous_7)
FN:179,(anonymous_8)
FN:181,(anonymous_9)
FN:189,generateValidationReport
FN:220,exportCISummary
FNF:12
FNH:12
FNDA:13,extractCrossReferences
FNDA:9,calculateScore
FNDA:9,validateCrossReferences
FNDA:33,(anonymous_3)
FNDA:36,(anonymous_4)
FNDA:33,(anonymous_5)
FNDA:2,validateArticleBatch
FNDA:3,(anonymous_7)
FNDA:3,(anonymous_8)
FNDA:3,(anonymous_9)
FNDA:1,generateValidationReport
FNDA:2,exportCISummary
DA:22,1
DA:62,1
DA:71,13
DA:73,13
DA:74,13
DA:76,13
DA:86,13
DA:87,91
DA:88,28
DA:92,13
DA:104,9
DA:105,9
DA:106,9
DA:107,9
DA:108,9
DA:109,9
DA:126,9
DA:127,33
DA:129,36
DA:130,33
DA:131,9
DA:133,9
DA:134,9
DA:135,9
DA:136,9
DA:138,9
DA:140,9
DA:170,2
DA:171,3
DA:174,2
DA:175,0
DA:178,2
DA:179,3
DA:180,2
DA:181,3
DA:183,2
DA:190,1
DA:192,1
DA:193,1
DA:194,1
DA:195,1
DA:197,1
DA:198,1
DA:199,2
DA:202,1
DA:203,1
DA:204,1
DA:205,1
DA:209,1
DA:210,1
DA:211,2
DA:214,1
DA:221,2
LF:53
LH:52
BRDA:71,0,0,0
BRDA:71,0,1,13
BRDA:87,1,0,28
BRDA:87,1,1,63
BRDA:105,2,0,7
BRDA:105,2,1,2
BRDA:106,3,0,7
BRDA:106,3,1,2
BRDA:107,4,0,6
BRDA:107,4,1,3
BRDA:123,5,0,9
BRDA:126,6,0,9
BRDA:126,6,1,0
BRDA:138,7,0,9
BRDA:138,7,1,7
BRDA:138,7,2,7
BRDA:170,8,0,2
BRDA:170,8,1,0
BRDA:174,9,0,0
BRDA:174,9,1,2
BRDA:194,10,0,0
BRDA:194,10,1,1
BRDA:202,11,0,1
BRDA:202,11,1,0
BRDA:222,12,0,1
BRDA:222,12,1,1
BRF:26
BRH:20
end_of_record
TN:
SF:scripts/validate-evening-analysis.ts
FN:172,parseArticle
FN:189,extractSections
FN:207,extractLeadParagraph
FN:215,extractSection
FN:227,countWords
FN:230,(anonymous_5)
FN:236,validateStructure
FN:285,calculateAnalyticalDepth
FN:297,(anonymous_8)
FN:309,detectHistoricalContext
FN:333,hasInternationalComparison
FN:343,(anonymous_11)
FN:349,hasForwardLooking
FN:360,(anonymous_13)
FN:366,countPartyPerspectives
FN:373,validateSources
FN:392,calculateQualityScore
FN:433,validateEveningAnalysis
FN:480,isValidationError
FN:489,printValidation
FNF:20
FNH:0
FNDA:0,parseArticle
FNDA:0,extractSections
FNDA:0,extractLeadParagraph
FNDA:0,extractSection
FNDA:0,countWords
FNDA:0,(anonymous_5)
FNDA:0,validateStructure
FNDA:0,calculateAnalyticalDepth
FNDA:0,(anonymous_8)
FNDA:0,detectHistoricalContext
FNDA:0,hasInternationalComparison
FNDA:0,(anonymous_11)
FNDA:0,hasForwardLooking
FNDA:0,(anonymous_13)
FNDA:0,countPartyPerspectives
FNDA:0,validateSources
FNDA:0,calculateQualityScore
FNDA:0,validateEveningAnalysis
FNDA:0,isValidationError
FNDA:0,printValidation
DA:133,0
DA:140,0
DA:173,0
DA:174,0
DA:177,0
DA:179,0
DA:191,0
DA:193,0
DA:201,0
DA:208,0
DA:209,0
DA:216,0
DA:220,0
DA:221,0
DA:228,0
DA:229,0
DA:230,0
DA:237,0
DA:239,0
DA:240,0
DA:241,0
DA:242,0
DA:243,0
DA:245,0
DA:257,0
DA:264,0
DA:270,0
DA:286,0
DA:288,0
DA:296,0
DA:297,0
DA:298,0
DA:299,0
DA:303,0
DA:310,0
DA:312,0
DA:321,0
DA:322,0
DA:323,0
DA:327,0
DA:334,0
DA:343,0
DA:350,0
DA:360,0
DA:367,0
DA:374,0
DA:377,0
DA:378,0
DA:379,0
DA:382,0
DA:393,0
DA:394,0
DA:397,0
DA:398,0
DA:399,0
DA:402,0
DA:403,0
DA:406,0
DA:407,0
DA:410,0
DA:411,0
DA:412,0
DA:415,0
DA:416,0
DA:417,0
DA:420,0
DA:421,0
DA:424,0
DA:425,0
DA:427,0
DA:434,0
DA:435,0
DA:436,0
DA:438,0
DA:439,0
DA:440,0
DA:441,0
DA:442,0
DA:443,0
DA:444,0
DA:445,0
DA:447,0
DA:462,0
DA:464,0
DA:469,0
DA:470,0
DA:483,0
DA:490,0
DA:491,0
DA:492,0
DA:495,0
DA:496,0
DA:498,0
DA:499,0
DA:500,0
DA:501,0
DA:502,0
DA:503,0
DA:504,0
DA:505,0
DA:506,0
DA:508,0
DA:509,0
DA:510,0
DA:512,0
DA:514,0
DA:516,0
DA:519,0
DA:520,0
DA:522,0
DA:524,0
DA:525,0
DA:527,0
DA:528,0
DA:530,0
DA:532,0
DA:533,0
DA:536,0
DA:538,0
DA:539,0
DA:540,0
DA:541,0
DA:542,0
DA:543,0
DA:545,0
DA:548,0
DA:552,0
DA:553,0
DA:555,0
DA:556,0
DA:557,0
DA:558,0
DA:561,0
DA:562,0
DA:563,0
DA:566,0
DA:567,0
DA:570,0
DA:571,0
LF:139
LH:0
BRDA:173,0,0,0
BRDA:173,0,1,0
BRDA:209,1,0,0
BRDA:209,1,1,0
BRDA:221,2,0,0
BRDA:221,2,1,0
BRDA:228,3,0,0
BRDA:228,3,1,0
BRDA:257,4,0,0
BRDA:257,4,1,0
BRDA:257,4,2,0
BRDA:257,4,3,0
BRDA:264,5,0,0
BRDA:264,5,1,0
BRDA:264,5,2,0
BRDA:264,5,3,0
BRDA:264,5,4,0
BRDA:298,6,0,0
BRDA:298,6,1,0
BRDA:322,7,0,0
BRDA:322,7,1,0
BRDA:379,8,0,0
BRDA:379,8,1,0
BRDA:398,9,0,0
BRDA:398,9,1,0
BRDA:399,10,0,0
BRDA:399,10,1,0
BRDA:411,11,0,0
BRDA:411,11,1,0
BRDA:416,12,0,0
BRDA:416,12,1,0
BRDA:421,13,0,0
BRDA:421,13,1,0
BRDA:425,14,0,0
BRDA:425,14,1,0
BRDA:469,15,0,0
BRDA:469,15,1,0
BRDA:483,16,0,0
BRDA:483,16,1,0
BRDA:490,17,0,0
BRDA:490,17,1,0
BRDA:501,18,0,0
BRDA:501,18,1,0
BRDA:502,19,0,0
BRDA:502,19,1,0
BRDA:503,20,0,0
BRDA:503,20,1,0
BRDA:504,21,0,0
BRDA:504,21,1,0
BRDA:505,22,0,0
BRDA:505,22,1,0
BRDA:506,23,0,0
BRDA:506,23,1,0
BRDA:511,24,0,0
BRDA:511,24,1,0
BRDA:513,25,0,0
BRDA:513,25,1,0
BRDA:515,26,0,0
BRDA:515,26,1,0
BRDA:517,27,0,0
BRDA:517,27,1,0
BRDA:521,28,0,0
BRDA:521,28,1,0
BRDA:523,29,0,0
BRDA:523,29,1,0
BRDA:524,30,0,0
BRDA:524,30,1,0
BRDA:525,31,0,0
BRDA:525,31,1,0
BRDA:529,32,0,0
BRDA:529,32,1,0
BRDA:531,33,0,0
BRDA:531,33,1,0
BRDA:532,34,0,0
BRDA:532,34,1,0
BRDA:538,35,0,0
BRDA:538,35,1,0
BRDA:540,36,0,0
BRDA:540,36,1,0
BRDA:542,37,0,0
BRDA:542,37,1,0
BRDA:552,38,0,0
BRDA:552,38,1,0
BRDA:555,39,0,0
BRDA:555,39,1,0
BRDA:561,40,0,0
BRDA:561,40,1,0
BRDA:566,41,0,0
BRDA:566,41,1,0
BRDA:570,42,0,0
BRDA:570,42,1,0
BRDA:570,43,0,0
BRDA:570,43,1,0
BRF:93
BRH:0
end_of_record
TN:
SF:scripts/validate-news-translations.ts
FN:89,checkFileForUntranslatedContent
FN:126,getAllHtmlFiles
FN:154,getLanguageCode
FN:162,validateNewsTranslations
FN:169,(anonymous_4)
FN:201,(anonymous_5)
FN:235,(anonymous_6)
FNF:7
FNH:0
FNDA:0,checkFileForUntranslatedContent
FNDA:0,getAllHtmlFiles
FNDA:0,getLanguageCode
FNDA:0,validateNewsTranslations
FNDA:0,(anonymous_4)
FNDA:0,(anonymous_5)
FNDA:0,(anonymous_6)
DA:16,0
DA:17,0
DA:34,0
DA:44,0
DA:90,0
DA:91,0
DA:92,0
DA:94,0
DA:95,0
DA:99,0
DA:100,0
DA:102,0
DA:104,0
DA:105,0
DA:106,0
DA:107,0
DA:108,0
DA:111,0
DA:117,0
DA:127,0
DA:129,0
DA:130,0
DA:132,0
DA:133,0
DA:134,0
DA:136,0
DA:137,0
DA:138,0
DA:139,0
DA:143,0
DA:148,0
DA:155,0
DA:156,0
DA:163,0
DA:164,0
DA:165,0
DA:166,0
DA:168,0
DA:169,0
DA:170,0
DA:171,0
DA:174,0
DA:176,0
DA:177,0
DA:178,0
DA:179,0
DA:181,0
DA:182,0
DA:183,0
DA:184,0
DA:186,0
DA:187,0
DA:188,0
DA:189,0
DA:190,0
DA:191,0
DA:192,0
DA:194,0
DA:195,0
DA:199,0
DA:200,0
DA:201,0
DA:202,0
DA:205,0
DA:207,0
DA:213,0
DA:218,0
DA:219,0
DA:220,0
DA:221,0
DA:222,0
DA:223,0
DA:227,0
DA:228,0
DA:231,0
DA:232,0
DA:233,0
DA:235,0
DA:236,0
DA:239,0
DA:240,0
DA:241,0
DA:244,0
DA:245,0
DA:246,0
DA:248,0
DA:250,0
DA:253,0
DA:258,0
DA:259,0
DA:261,0
LF:91
LH:0
BRDA:94,0,0,0
BRDA:94,0,1,0
BRDA:104,1,0,0
BRDA:104,1,1,0
BRDA:105,2,0,0
BRDA:105,2,1,0
BRDA:106,3,0,0
BRDA:106,3,1,0
BRDA:136,4,0,0
BRDA:136,4,1,0
BRDA:138,5,0,0
BRDA:138,5,1,0
BRDA:156,6,0,0
BRDA:156,6,1,0
BRDA:156,7,0,0
BRDA:156,7,1,0
BRDA:162,8,0,0
BRDA:171,9,0,0
BRDA:171,9,1,0
BRDA:186,10,0,0
BRDA:186,10,1,0
BRDA:190,11,0,0
BRDA:190,11,1,0
BRDA:191,12,0,0
BRDA:191,12,1,0
BRDA:194,13,0,0
BRDA:194,13,1,0
BRDA:199,14,0,0
BRDA:199,14,1,0
BRDA:209,15,0,0
BRDA:209,15,1,0
BRDA:227,16,0,0
BRDA:227,16,1,0
BRDA:231,17,0,0
BRDA:231,17,1,0
BRDA:258,18,0,0
BRDA:258,18,1,0
BRF:37
BRH:0
end_of_record
TN:
SF:scripts/workflow-state-coordinator.ts
FN:199,(anonymous_0)
FN:212,(anonymous_1)
FN:232,(anonymous_2)
FN:251,(anonymous_3)
FN:255,(anonymous_4)
FN:279,(anonymous_5)
FN:298,(anonymous_6)
FN:317,(anonymous_7)
FN:345,(anonymous_8)
FN:367,(anonymous_9)
FN:412,(anonymous_10)
FN:434,(anonymous_11)
FN:437,(anonymous_12)
FN:438,(anonymous_13)
FN:450,(anonymous_14)
FN:453,(anonymous_15)
FN:454,(anonymous_16)
FN:456,(anonymous_17)
FN:468,(anonymous_18)
FN:487,(anonymous_19)
FN:516,(anonymous_20)
FN:521,(anonymous_21)
FN:531,(anonymous_22)
FNF:23
FNH:23
FNDA:26,(anonymous_0)
FNDA:2,(anonymous_1)
FNDA:22,(anonymous_2)
FNDA:11,(anonymous_3)
FNDA:3,(anonymous_4)
FNDA:9,(anonymous_5)
FNDA:5,(anonymous_6)
FNDA:4,(anonymous_7)
FNDA:7,(anonymous_8)
FNDA:4,(anonymous_9)
FNDA:5,(anonymous_10)
FNDA:7,(anonymous_11)
FNDA:32,(anonymous_12)
FNDA:35,(anonymous_13)
FNDA:20,(anonymous_14)
FNDA:50,(anonymous_15)
FNDA:59,(anonymous_16)
FNDA:50,(anonymous_17)
FNDA:5,(anonymous_18)
FNDA:6,(anonymous_19)
FNDA:1,(anonymous_20)
FNDA:1,(anonymous_21)
FNDA:1,(anonymous_22)
DA:170,1
DA:184,1
DA:185,1
DA:187,1
DA:188,1
DA:189,1
DA:190,1
DA:200,26
DA:201,26
DA:213,2
DA:214,2
DA:215,1
DA:216,1
DA:217,1
DA:220,1
DA:223,0
DA:224,0
DA:233,22
DA:234,22
DA:235,22
DA:236,2
DA:239,22
DA:240,22
DA:242,0
DA:243,0
DA:244,0
DA:252,11
DA:255,11
DA:256,3
DA:257,3
DA:258,0
DA:259,0
DA:261,3
DA:264,3
DA:265,0
DA:266,0
DA:270,3
DA:273,3
DA:274,1
DA:279,11
DA:280,9
DA:283,9
DA:284,0
DA:287,9
DA:299,5
DA:301,5
DA:308,5
DA:318,4
DA:320,4
DA:321,4
DA:323,2
DA:324,2
DA:328,2
DA:332,4
DA:333,0
DA:334,0
DA:337,2
DA:346,7
DA:355,7
DA:356,7
DA:372,4
DA:374,4
DA:375,4
DA:377,4
DA:378,4
DA:387,4
DA:388,3
DA:389,3
DA:393,4
DA:395,4
DA:420,5
DA:421,5
DA:422,5
DA:424,5
DA:435,7
DA:437,32
DA:438,35
DA:440,7
DA:451,20
DA:453,50
DA:454,59
DA:456,50
DA:457,17
DA:459,17
DA:473,5
DA:477,5
DA:478,5
DA:491,6
DA:492,3
DA:499,6
DA:500,6
DA:501,6
DA:503,6
DA:504,3
DA:507,6
DA:517,1
DA:519,1
DA:521,1
DA:522,1
DA:532,1
LF:100
LH:88
BRDA:199,0,0,26
BRDA:214,1,0,1
BRDA:214,1,1,1
BRDA:223,2,0,0
BRDA:223,2,1,0
BRDA:235,3,0,2
BRDA:235,3,1,20
BRDA:242,4,0,0
BRDA:242,4,1,0
BRDA:257,5,0,0
BRDA:257,5,1,3
BRDA:264,6,0,0
BRDA:264,6,1,3
BRDA:270,7,0,3
BRDA:270,7,1,0
BRDA:270,8,0,3
BRDA:270,8,1,3
BRDA:273,9,0,1
BRDA:273,9,1,2
BRDA:283,10,0,0
BRDA:283,10,1,9
BRDA:298,11,0,5
BRDA:321,12,0,2
BRDA:321,12,1,2
BRDA:328,13,0,2
BRDA:328,13,1,0
BRDA:328,14,0,2
BRDA:328,14,1,2
BRDA:332,15,0,0
BRDA:332,15,1,4
BRDA:349,16,0,7
BRDA:349,16,1,0
BRDA:351,17,0,7
BRDA:351,17,1,0
BRDA:352,18,0,7
BRDA:352,18,1,0
BRDA:369,19,0,4
BRDA:370,20,0,4
BRDA:387,21,0,3
BRDA:387,21,1,1
BRDA:397,22,0,2
BRDA:397,22,1,2
BRDA:435,23,0,0
BRDA:435,23,1,7
BRDA:435,24,0,7
BRDA:435,24,1,7
BRDA:451,25,0,3
BRDA:451,25,1,17
BRDA:451,26,0,20
BRDA:451,26,1,20
BRDA:451,26,2,20
BRDA:451,26,3,17
BRDA:473,27,0,5
BRDA:473,27,1,0
BRDA:473,28,0,5
BRDA:473,28,1,5
BRDA:473,28,2,5
BRDA:489,29,0,6
BRDA:491,30,0,3
BRDA:491,30,1,3
BRDA:503,31,0,3
BRDA:503,31,1,3
BRDA:516,32,0,1
BRF:63
BRH:48
end_of_record
TN:
SF:scripts/world-bank-client.ts
FN:124,(anonymous_0)
FN:138,(anonymous_1)
FN:152,(anonymous_2)
FN:153,(anonymous_3)
FN:161,(anonymous_4)
FN:178,(anonymous_5)
FN:193,(anonymous_6)
FN:216,(anonymous_7)
FN:218,(anonymous_8)
FN:234,(anonymous_9)
FN:251,getDefaultWorldBankClient
FNF:11
FNH:10
FNDA:33,(anonymous_0)
FNDA:15,(anonymous_1)
FNDA:12,(anonymous_2)
FNDA:11,(anonymous_3)
FNDA:5,(anonymous_4)
FNDA:6,(anonymous_5)
FNDA:2,(anonymous_6)
FNDA:16,(anonymous_7)
FNDA:0,(anonymous_8)
FNDA:1,(anonymous_9)
FNDA:3,getDefaultWorldBankClient
DA:58,27
DA:59,27
DA:60,27
DA:63,27
DA:76,27
DA:125,33
DA:126,33
DA:127,33
DA:143,15
DA:145,15
DA:147,12
DA:148,2
DA:151,10
DA:152,12
DA:153,11
DA:162,5
DA:163,5
DA:164,5
DA:165,5
DA:166,5
DA:167,5
DA:182,6
DA:183,5
DA:197,2
DA:200,2
DA:201,4
DA:202,4
DA:203,3
DA:205,1
DA:209,2
DA:217,16
DA:218,16
DA:220,16
DA:221,16
DA:226,13
DA:227,1
DA:230,12
DA:232,4
DA:233,1
DA:234,1
DA:235,1
DA:237,3
DA:239,16
DA:248,27
DA:252,3
DA:253,1
DA:255,3
LF:47
LH:47
BRDA:124,0,0,33
BRDA:125,1,0,33
BRDA:125,1,1,32
BRDA:126,2,0,33
BRDA:126,2,1,31
BRDA:127,3,0,33
BRDA:127,3,1,29
BRDA:141,4,0,15
BRDA:147,5,0,2
BRDA:147,5,1,10
BRDA:147,6,0,12
BRDA:147,6,1,11
BRDA:147,6,2,10
BRDA:152,7,0,12
BRDA:152,7,1,11
BRDA:154,8,0,11
BRDA:154,8,1,0
BRDA:155,9,0,11
BRDA:155,9,1,1
BRDA:156,10,0,11
BRDA:156,10,1,0
BRDA:157,11,0,11
BRDA:157,11,1,1
BRDA:158,12,0,11
BRDA:158,12,1,0
BRDA:164,13,0,0
BRDA:164,13,1,5
BRDA:164,14,0,5
BRDA:164,14,1,0
BRDA:165,15,0,0
BRDA:165,15,1,5
BRDA:166,16,0,0
BRDA:166,16,1,5
BRDA:183,17,0,4
BRDA:183,17,1,1
BRDA:216,18,0,16
BRDA:226,19,0,1
BRDA:226,19,1,12
BRDA:232,20,0,1
BRDA:232,20,1,3
BRDA:252,21,0,1
BRDA:252,21,1,2
BRF:42
BRH:35
end_of_record
TN:
SF:scripts/world-bank-context.ts
FN:317,getEconomicHeading
FN:331,findRelevantIndicators
FN:336,(anonymous_2)
FN:338,(anonymous_3)
FN:339,(anonymous_4)
FN:349,getSwedishIndicatorQueries
FN:350,(anonymous_6)
FN:364,hasEconomicContext
FN:384,(anonymous_8)
FNF:9
FNH:9
FNDA:70,getEconomicHeading
FNDA:47,findRelevantIndicators
FNDA:630,(anonymous_2)
FNDA:1746,(anonymous_3)
FNDA:688,(anonymous_4)
FNDA:3,getSwedishIndicatorQueries
FNDA:42,(anonymous_6)
FNDA:21,hasEconomicContext
FNDA:174,(anonymous_8)
DA:60,26
DA:180,26
DA:205,26
DA:321,70
DA:322,70
DA:332,47
DA:333,47
DA:334,2
DA:336,45
DA:338,1746
DA:339,688
DA:350,42
DA:365,21
DA:366,21
DA:384,174
LF:15
LH:15
BRDA:321,0,0,70
BRDA:321,0,1,2
BRDA:333,1,0,2
BRDA:333,1,1,45
BRDA:338,2,0,630
BRDA:338,2,1,487
BRF:6
BRH:6
end_of_record
TN:
SF:scripts/ai-analysis/dashboard-analyzer.ts
FN:241,lbl
FN:279,countKeywords
FN:288,(anonymous_2)
FN:295,deriveRiskScore
FN:301,(anonymous_4)
FN:305,(anonymous_5)
FN:320,buildRiskRadarChart
FN:351,(anonymous_7)
FN:374,(anonymous_8)
FN:384,buildStakeholderAlignmentChart
FN:389,(anonymous_10)
FN:392,(anonymous_11)
FN:393,(anonymous_12)
FN:394,(anonymous_13)
FN:397,(anonymous_14)
FN:419,(anonymous_15)
FN:488,buildLegislativePipelineChart
FN:495,(anonymous_17)
FN:512,(anonymous_18)
FN:521,(anonymous_19)
FN:522,(anonymous_20)
FN:523,(anonymous_21)
FN:545,(anonymous_22)
[...]
FN:295,(anonymous_9)
FN:298,(anonymous_10)
FN:299,(anonymous_11)
FN:300,(anonymous_12)
FN:306,(anonymous_13)
FN:308,(anonymous_14)
FN:314,(anonymous_15)
FN:322,(anonymous_16)
FN:324,(anonymous_17)
FN:340,mean
FN:340,(anonymous_19)
FN:341,stddev
FN:341,(anonymous_21)
FN:352,(anonymous_22)
FN:357,(anonymous_23)
FN:358,(anonymous_24)
FN:361,(anonymous_25)
FN:372,(anonymous_26)
FN:382,(anonymous_27)
FN:386,(anonymous_28)
FN:391,(anonymous_29)
FN:391,(anonymous_30)
FN:393,(anonymous_31)
FN:394,(anonymous_32)
FN:399,(anonymous_33)
FN:401,(anonymous_34)
FN:401,(anonymous_35)
FN:403,(anonymous_36)
FN:405,(anonymous_37)
FN:411,(anonymous_38)
FN:416,(anonymous_39)
FN:417,(anonymous_40)
FN:421,(anonymous_41)
FN:422,(anonymous_42)
FN:423,(anonymous_43)
FN:425,(anonymous_44)
FN:429,(anonymous_45)
FN:436,(anonymous_46)
FN:437,(anonymous_47)
FN:440,(anonymous_48)
FN:440,(anonymous_49)
FN:440,(anonymous_50)
FN:441,(anonymous_51)
FN:445,(anonymous_52)
FN:448,(anonymous_53)
FN:450,(anonymous_54)
FN:452,(anonymous_55)
FN:458,(anonymous_56)
FN:462,(anonymous_57)
FN:464,(anonymous_58)
FN:470,(anonymous_59)
FN:471,(anonymous_60)
FN:486,(anonymous_61)
FN:490,(anonymous_62)
FN:490,(anonymous_63)
FN:491,(anonymous_64)
FN:492,(anonymous_65)
FN:493,(anonymous_66)
FN:497,(anonymous_67)
FN:513,(anonymous_68)
FN:520,(anonymous_69)
FN:537,(anonymous_70)
FN:544,(anonymous_71)
FN:545,(anonymous_72)
FN:545,(anonymous_73)
FN:546,(anonymous_74)
FN:548,(anonymous_75)
FN:549,(anonymous_76)
FN:551,(anonymous_77)
FN:553,(anonymous_78)
FN:554,(anonymous_79)
FN:562,(anonymous_80)
FN:567,(anonymous_81)
FN:572,(anonymous_82)
FN:577,(anonymous_83)
FN:592,init
FNF:85
FNH:0
FNDA:0,(anonymous_0)
FNDA:0,(anonymous_1)
FNDA:0,(anonymous_2)
FNDA:0,(anonymous_3)
FNDA:0,(anonymous_4)
FNDA:0,(anonymous_5)
FNDA:0,(anonymous_6)
FNDA:0,(anonymous_7)
FNDA:0,(anonymous_8)
FNDA:0,(anonymous_9)
FNDA:0,(anonymous_10)
FNDA:0,(anonymous_11)
FNDA:0,(anonymous_12)
FNDA:0,(anonymous_13)
FNDA:0,(anonymous_14)
FNDA:0,(anonymous_15)
FNDA:0,(anonymous_16)
FNDA:0,(anonymous_17)
FNDA:0,mean
FNDA:0,(anonymous_19)
FNDA:0,stddev
FNDA:0,(anonymous_21)
FNDA:0,(anonymous_22)
FNDA:0,(anonymous_23)
FNDA:0,(anonymous_24)
FNDA:0,(anonymous_25)
FNDA:0,(anonymous_26)
FNDA:0,(anonymous_27)
FNDA:0,(anonymous_28)
FNDA:0,(anonymous_29)
FNDA:0,(anonymous_30)
FNDA:0,(anonymous_31)
FNDA:0,(anonymous_32)
FNDA:0,(anonymous_33)
FNDA:0,(anonymous_34)
FNDA:0,(anonymous_35)
FNDA:0,(anonymous_36)
FNDA:0,(anonymous_37)
FNDA:0,(anonymous_38)
FNDA:0,(anonymous_39)
FNDA:0,(anonymous_40)
FNDA:0,(anonymous_41)
FNDA:0,(anonymous_42)
FNDA:0,(anonymous_43)
FNDA:0,(anonymous_44)
FNDA:0,(anonymous_45)
FNDA:0,(anonymous_46)
FNDA:0,(anonymous_47)
FNDA:0,(anonymous_48)
FNDA:0,(anonymous_49)
FNDA:0,(anonymous_50)
FNDA:0,(anonymous_51)
FNDA:0,(anonymous_52)
FNDA:0,(anonymous_53)
FNDA:0,(anonymous_54)
FNDA:0,(anonymous_55)
FNDA:0,(anonymous_56)
FNDA:0,(anonymous_57)
FNDA:0,(anonymous_58)
FNDA:0,(anonymous_59)
FNDA:0,(anonymous_60)
FNDA:0,(anonymous_61)
FNDA:0,(anonymous_62)
FNDA:0,(anonymous_63)
FNDA:0,(anonymous_64)
FNDA:0,(anonymous_65)
FNDA:0,(anonymous_66)
FNDA:0,(anonymous_67)
FNDA:0,(anonymous_68)
FNDA:0,(anonymous_69)
FNDA:0,(anonymous_70)
FNDA:0,(anonymous_71)
FNDA:0,(anonymous_72)
FNDA:0,(anonymous_73)
FNDA:0,(anonymous_74)
FNDA:0,(anonymous_75)
FNDA:0,(anonymous_76)
FNDA:0,(anonymous_77)
FNDA:0,(anonymous_78)
FNDA:0,(anonymous_79)
FNDA:0,(anonymous_80)
FNDA:0,(anonymous_81)
FNDA:0,(anonymous_82)
FNDA:0,(anonymous_83)
FNDA:0,init
DA:32,0
DA:33,0
DA:34,0
DA:128,0
DA:161,0
DA:209,0
DA:212,0
DA:213,0
DA:215,0
DA:216,0
DA:217,0
DA:218,0
DA:219,0
DA:220,0
DA:221,0
DA:222,0
DA:223,0
DA:224,0
DA:225,0
DA:226,0
DA:227,0
DA:228,0
DA:230,0
DA:231,0
DA:236,0
DA:237,0
DA:238,0
DA:239,0
DA:240,0
DA:241,0
DA:242,0
DA:243,0
DA:247,0
DA:251,0
DA:252,0
DA:253,0
DA:256,0
DA:257,0
DA:258,0
DA:259,0
DA:260,0
DA:261,0
DA:262,0
DA:263,0
DA:264,0
DA:265,0
DA:266,0
DA:267,0
DA:269,0
DA:271,0
DA:275,0
DA:276,0
DA:277,0
DA:278,0
DA:279,0
DA:280,0
DA:281,0
DA:285,0
DA:286,0
DA:290,0
DA:291,0
DA:292,0
DA:294,0
DA:295,0
DA:296,0
DA:297,0
DA:298,0
DA:299,0
DA:300,0
DA:301,0
DA:303,0
DA:307,0
DA:308,0
DA:309,0
DA:310,0
DA:311,0
DA:312,0
DA:314,0
DA:315,0
DA:316,0
DA:317,0
DA:319,0
DA:323,0
DA:324,0
DA:325,0
DA:326,0
DA:327,0
DA:328,0
DA:329,0
DA:330,0
DA:332,0
DA:333,0
DA:335,0
DA:340,0
DA:341,0
DA:348,0
DA:353,0
DA:354,0
DA:358,0
DA:362,0
DA:363,0
DA:364,0
DA:365,0
DA:366,0
DA:367,0
DA:368,0
DA:369,0
DA:373,0
DA:374,0
DA:375,0
DA:377,0
DA:378,0
DA:379,0
DA:381,0
DA:382,0
DA:383,0
DA:384,0
DA:385,0
DA:386,0
DA:387,0
DA:389,0
DA:390,0
DA:391,0
DA:393,0
DA:395,0
DA:396,0
DA:399,0
DA:400,0
DA:401,0
DA:403,0
DA:405,0
DA:406,0
DA:407,0
DA:408,0
DA:412,0
DA:413,0
DA:414,0
DA:415,0
DA:416,0
DA:417,0
DA:419,0
DA:421,0
DA:422,0
DA:423,0
DA:425,0
DA:430,0
DA:431,0
DA:432,0
DA:433,0
DA:434,0
DA:435,0
DA:436,0
DA:437,0
DA:439,0
DA:440,0
DA:441,0
DA:446,0
DA:447,0
DA:448,0
DA:449,0
DA:450,0
DA:451,0
DA:452,0
DA:453,0
DA:455,0
DA:459,0
DA:460,0
DA:461,0
DA:462,0
DA:463,0
DA:464,0
DA:465,0
DA:466,0
DA:467,0
DA:468,0
DA:470,0
DA:471,0
DA:472,0
DA:473,0
DA:474,0
DA:475,0
DA:476,0
DA:477,0
DA:480,0
DA:487,0
DA:488,0
DA:489,0
DA:490,0
DA:491,0
DA:492,0
DA:493,0
DA:495,0
DA:497,0
DA:507,0
DA:508,0
DA:511,0
DA:514,0
DA:515,0
DA:516,0
DA:517,0
DA:521,0
DA:522,0
DA:523,0
DA:524,0
DA:525,0
DA:526,0
DA:527,0
DA:528,0
DA:529,0
DA:530,0
DA:532,0
DA:533,0
DA:538,0
DA:539,0
DA:540,0
DA:541,0
DA:543,0
DA:544,0
DA:545,0
DA:546,0
DA:548,0
DA:549,0
DA:550,0
DA:551,0
DA:552,0
DA:553,0
DA:554,0
DA:555,0
DA:556,0
DA:557,0
DA:563,0
DA:564,0
DA:568,0
DA:569,0
DA:573,0
DA:574,0
DA:578,0
DA:579,0
DA:580,0
DA:581,0
DA:582,0
DA:583,0
DA:593,0
DA:594,0
DA:595,0
DA:596,0
LF:246
LH:0
BRDA:213,0,0,0
BRDA:213,0,1,0
BRDA:220,1,0,0
BRDA:220,1,1,0
BRDA:222,2,0,0
BRDA:222,2,1,0
BRDA:227,3,0,0
BRDA:227,3,1,0
BRDA:230,4,0,0
BRDA:230,4,1,0
BRDA:231,5,0,0
BRDA:231,5,1,0
BRDA:237,6,0,0
BRDA:237,6,1,0
BRDA:240,7,0,0
BRDA:240,7,1,0
BRDA:240,8,0,0
BRDA:240,8,1,0
BRDA:240,8,2,0
BRDA:247,9,0,0
BRDA:247,9,1,0
BRDA:251,10,0,0
BRDA:251,10,1,0
BRDA:257,11,0,0
BRDA:257,11,1,0
BRDA:261,12,0,0
BRDA:261,12,1,0
BRDA:266,13,0,0
BRDA:266,13,1,0
BRDA:266,14,0,0
BRDA:266,14,1,0
BRDA:277,15,0,0
BRDA:277,15,1,0
BRDA:279,16,0,0
BRDA:279,16,1,0
BRDA:290,17,0,0
BRDA:290,17,1,0
BRDA:292,18,0,0
BRDA:292,18,1,0
BRDA:297,19,0,0
BRDA:297,19,1,0
BRDA:298,20,0,0
BRDA:298,20,1,0
BRDA:299,21,0,0
BRDA:299,21,1,0
BRDA:300,22,0,0
BRDA:300,22,1,0
BRDA:306,23,0,0
BRDA:307,24,0,0
BRDA:307,24,1,0
BRDA:309,25,0,0
BRDA:309,25,1,0
BRDA:310,26,0,0
BRDA:310,26,1,0
BRDA:311,27,0,0
BRDA:311,27,1,0
BRDA:312,28,0,0
BRDA:312,28,1,0
BRDA:312,28,2,0
BRDA:315,29,0,0
BRDA:315,29,1,0
BRDA:315,30,0,0
BRDA:315,30,1,0
BRDA:315,31,0,0
BRDA:315,31,1,0
BRDA:316,32,0,0
BRDA:316,32,1,0
BRDA:316,33,0,0
BRDA:316,33,1,0
BRDA:316,34,0,0
BRDA:316,34,1,0
BRDA:323,35,0,0
BRDA:323,35,1,0
BRDA:325,36,0,0
BRDA:325,36,1,0
BRDA:325,37,0,0
BRDA:325,37,1,0
BRDA:325,37,2,0
BRDA:326,38,0,0
BRDA:326,38,1,0
BRDA:326,39,0,0
BRDA:326,39,1,0
BRDA:326,39,2,0
BRDA:327,40,0,0
BRDA:327,40,1,0
BRDA:327,41,0,0
BRDA:327,41,1,0
BRDA:328,42,0,0
BRDA:328,42,1,0
BRDA:329,43,0,0
BRDA:329,43,1,0
BRDA:329,44,0,0
BRDA:329,44,1,0
BRDA:330,45,0,0
BRDA:330,45,1,0
BRDA:330,46,0,0
BRDA:330,46,1,0
BRDA:332,47,0,0
BRDA:332,47,1,0
BRDA:332,48,0,0
BRDA:332,48,1,0
BRDA:333,49,0,0
BRDA:333,49,1,0
BRDA:333,50,0,0
BRDA:333,50,1,0
BRDA:340,51,0,0
BRDA:340,51,1,0
BRDA:341,52,0,0
BRDA:341,52,1,0
BRDA:352,53,0,0
BRDA:354,54,0,0
BRDA:354,54,1,0
BRDA:358,55,0,0
BRDA:358,55,1,0
BRDA:361,56,0,0
BRDA:362,57,0,0
BRDA:362,57,1,0
BRDA:363,58,0,0
BRDA:363,58,1,0
BRDA:363,59,0,0
BRDA:363,59,1,0
BRDA:374,60,0,0
BRDA:374,60,1,0
BRDA:374,61,0,0
BRDA:374,61,1,0
BRDA:386,62,0,0
BRDA:386,62,1,0
BRDA:393,63,0,0
BRDA:393,63,1,0
BRDA:395,64,0,0
BRDA:395,64,1,0
BRDA:395,64,2,0
BRDA:395,64,3,0
BRDA:396,65,0,0
BRDA:396,65,1,0
BRDA:399,66,0,0
BRDA:399,66,1,0
BRDA:403,67,0,0
BRDA:403,67,1,0
BRDA:407,68,0,0
BRDA:407,68,1,0
BRDA:408,69,0,0
BRDA:408,69,1,0
BRDA:413,70,0,0
BRDA:413,70,1,0
BRDA:416,71,0,0
BRDA:416,71,1,0
BRDA:421,72,0,0
BRDA:421,72,1,0
BRDA:422,73,0,0
BRDA:422,73,1,0
BRDA:423,74,0,0
BRDA:423,74,1,0
BRDA:425,75,0,0
BRDA:425,75,1,0
BRDA:425,76,0,0
BRDA:425,76,1,0
BRDA:425,77,0,0
BRDA:425,77,1,0
BRDA:431,78,0,0
BRDA:431,78,1,0
BRDA:434,79,0,0
BRDA:434,79,1,0
BRDA:436,80,0,0
BRDA:436,80,1,0
BRDA:437,81,0,0
BRDA:437,81,1,0
BRDA:440,82,0,0
BRDA:440,82,1,0
BRDA:440,83,0,0
BRDA:440,83,1,0
BRDA:446,84,0,0
BRDA:446,84,1,0
BRDA:448,85,0,0
BRDA:448,85,1,0
BRDA:451,86,0,0
BRDA:451,86,1,0
BRDA:452,87,0,0
BRDA:452,87,1,0
BRDA:460,88,0,0
BRDA:460,88,1,0
BRDA:465,89,0,0
BRDA:465,89,1,0
BRDA:466,90,0,0
BRDA:466,90,1,0
BRDA:467,91,0,0
BRDA:467,91,1,0
BRDA:471,92,0,0
BRDA:471,92,1,0
BRDA:473,93,0,0
BRDA:473,93,1,0
BRDA:474,94,0,0
BRDA:474,94,1,0
BRDA:474,95,0,0
BRDA:474,95,1,0
BRDA:475,96,0,0
BRDA:475,96,1,0
BRDA:475,97,0,0
BRDA:475,97,1,0
BRDA:476,98,0,0
BRDA:476,98,1,0
BRDA:477,99,0,0
BRDA:477,99,1,0
BRDA:488,100,0,0
BRDA:488,100,1,0
BRDA:490,101,0,0
BRDA:490,101,1,0
BRDA:490,102,0,0
BRDA:490,102,1,0
BRDA:492,103,0,0
BRDA:492,103,1,0
BRDA:493,104,0,0
BRDA:493,104,1,0
BRDA:493,105,0,0
BRDA:493,105,1,0
BRDA:515,106,0,0
BRDA:515,106,1,0
BRDA:516,107,0,0
BRDA:516,107,1,0
BRDA:517,108,0,0
BRDA:517,108,1,0
BRDA:525,109,0,0
BRDA:525,109,1,0
BRDA:543,110,0,0
BRDA:543,110,1,0
BRDA:548,111,0,0
BRDA:548,111,1,0
BRDA:549,112,0,0
BRDA:549,112,1,0
BRDA:550,113,0,0
BRDA:550,113,1,0
BRDA:553,114,0,0
BRDA:553,114,1,0
BRDA:553,115,0,0
BRDA:553,115,1,0
BRDA:556,116,0,0
BRDA:556,116,1,0
BRDA:556,116,2,0
BRDA:569,117,0,0
BRDA:569,117,1,0
BRDA:574,118,0,0
BRDA:574,118,1,0
BRDA:579,119,0,0
BRDA:579,119,1,0
BRDA:582,120,0,0
BRDA:582,120,1,0
BRDA:594,121,0,0
BRDA:594,121,1,0
BRF:248
BRH:0
end_of_record
TN:
SF:src/browser/dashboards/stats-loader.ts
FN:99,formatDisplayValue
FN:116,updateStat
FN:131,(anonymous_2)
FN:139,buildLookup
FN:159,init
FNF:5
FNH:0
FNDA:0,formatDisplayValue
FNDA:0,updateStat
FNDA:0,(anonymous_2)
FNDA:0,buildLookup
FNDA:0,init
DA:54,0
DA:59,0
DA:66,0
DA:100,0
DA:101,0
DA:103,0
DA:104,0
DA:105,0
DA:107,0
DA:117,0
DA:119,0
DA:122,0
DA:123,0
DA:124,0
DA:128,0
DA:131,0
DA:132,0
DA:140,0
DA:141,0
DA:142,0
DA:143,0
DA:146,0
DA:160,0
DA:161,0
DA:162,0
DA:164,0
DA:165,0
DA:166,0
DA:169,0
DA:171,0
DA:172,0
DA:173,0
DA:174,0
DA:175,0
DA:179,0
DA:183,0
DA:184,0
LF:37
LH:0
BRDA:100,0,0,0
BRDA:100,0,1,0
BRDA:104,1,0,0
BRDA:104,1,1,0
BRDA:117,2,0,0
BRDA:117,2,1,0
BRDA:117,3,0,0
BRDA:117,3,1,0
BRDA:123,4,0,0
BRDA:123,4,1,0
BRDA:142,5,0,0
BRDA:142,5,1,0
BRDA:142,6,0,0
BRDA:142,6,1,0
BRDA:142,6,2,0
BRDA:164,7,0,0
BRDA:164,7,1,0
BRDA:173,8,0,0
BRDA:173,8,1,0
BRDA:183,9,0,0
BRDA:183,9,1,0
BRF:21
BRH:0
end_of_record
TN:
SF:src/browser/shared/chart-factory.ts
FN:29,getChart
FN:38,getResponsiveOptions
FN:98,createChart
FN:142,initDashboardSection
FN:170,addChartKeyboardNav
FN:177,(anonymous_5)
FN:202,createResizeHandler
FN:206,(anonymous_7)
FN:208,(anonymous_8)
FN:218,(anonymous_9)
FN:221,getBreakpoint
FN:232,deepMerge
FNF:12
FNH:0
FNDA:0,getChart
FNDA:0,getResponsiveOptions
FNDA:0,createChart
FNDA:0,initDashboardSection
FNDA:0,addChartKeyboardNav
FNDA:0,(anonymous_5)
FNDA:0,createResizeHandler
FNDA:0,(anonymous_7)
FNDA:0,(anonymous_8)
FNDA:0,(anonymous_9)
FNDA:0,getBreakpoint
FNDA:0,deepMerge
DA:30,0
DA:31,0
DA:32,0
DA:39,0
DA:40,0
DA:41,0
DA:42,0
DA:44,0
DA:103,0
DA:104,0
DA:108,0
DA:109,0
DA:113,0
DA:114,0
DA:119,0
DA:123,0
DA:124,0
DA:127,0
DA:128,0
DA:130,0
DA:131,0
DA:132,0
DA:134,0
DA:147,0
DA:148,0
DA:149,0
DA:150,0
DA:153,0
DA:155,0
DA:156,0
DA:157,0
DA:159,0
DA:160,0
DA:174,0
DA:175,0
DA:177,0
DA:178,0
DA:179,0
DA:180,0
DA:181,0
DA:183,0
DA:184,0
DA:185,0
DA:186,0
DA:187,0
DA:188,0
DA:189,0
DA:192,0
DA:193,0
DA:194,0
DA:203,0
DA:206,0
DA:207,0
DA:208,0
DA:209,0
DA:210,0
DA:211,0
DA:212,0
DA:217,0
DA:218,0
DA:222,0
DA:223,0
DA:224,0
DA:225,0
DA:226,0
DA:236,0
DA:237,0
DA:238,0
DA:239,0
DA:240,0
DA:248,0
DA:253,0
DA:256,0
LF:73
LH:0
BRDA:31,0,0,0
BRDA:31,0,1,0
BRDA:41,1,0,0
BRDA:41,1,1,0
BRDA:47,2,0,0
BRDA:47,2,1,0
BRDA:50,3,0,0
BRDA:50,3,1,0
BRDA:52,4,0,0
BRDA:52,4,1,0
BRDA:53,5,0,0
BRDA:53,5,1,0
BRDA:54,6,0,0
BRDA:54,6,1,0
BRDA:54,7,0,0
BRDA:54,7,1,0
BRDA:64,8,0,0
BRDA:64,8,1,0
BRDA:65,9,0,0
BRDA:65,9,1,0
BRDA:66,10,0,0
BRDA:66,10,1,0
BRDA:74,11,0,0
BRDA:74,11,1,0
BRDA:75,12,0,0
BRDA:75,12,1,0
BRDA:82,13,0,0
BRDA:82,13,1,0
BRDA:104,14,0,0
BRDA:104,14,1,0
BRDA:108,15,0,0
BRDA:108,15,1,0
BRDA:116,16,0,0
BRDA:116,16,1,0
BRDA:119,17,0,0
BRDA:119,17,1,0
BRDA:123,18,0,0
BRDA:123,18,1,0
BRDA:131,19,0,0
BRDA:131,19,1,0
BRDA:145,20,0,0
BRDA:148,21,0,0
BRDA:148,21,1,0
BRDA:179,22,0,0
BRDA:179,22,1,0
BRDA:180,23,0,0
BRDA:180,23,1,0
BRDA:181,24,0,0
BRDA:181,24,1,0
BRDA:184,25,0,0
BRDA:184,25,1,0
BRDA:184,26,0,0
BRDA:184,26,1,0
BRDA:187,27,0,0
BRDA:187,27,1,0
BRDA:187,28,0,0
BRDA:187,28,1,0
BRDA:192,29,0,0
BRDA:192,29,1,0
BRDA:192,30,0,0
BRDA:192,30,1,0
BRDA:210,31,0,0
BRDA:210,31,1,0
BRDA:223,32,0,0
BRDA:223,32,1,0
BRDA:224,33,0,0
BRDA:224,33,1,0
BRDA:225,34,0,0
BRDA:225,34,1,0
BRDA:240,35,0,0
BRDA:240,35,1,0
BRDA:241,36,0,0
BRDA:241,36,1,0
BRDA:241,36,2,0
BRDA:241,36,3,0
BRDA:241,36,4,0
BRDA:241,36,5,0
BRF:77
BRH:0
end_of_record
TN:
SF:src/browser/shared/data-loader.ts
FN:36,fetchWithRetry
FN:50,(anonymous_1)
FN:59,getFromCache
FN:77,setCache
FN:89,loadText
FN:133,loadCSV
FN:144,loadJSON
FN:157,parseCSV
FN:169,(anonymous_8)
FN:170,(anonymous_9)
FN:170,(anonymous_10)
FN:171,(anonymous_11)
FN:173,(anonymous_12)
FN:183,createDataSource
FNF:14
FNH:6
FNDA:0,fetchWithRetry
FNDA:0,(anonymous_1)
FNDA:0,getFromCache
FNDA:0,setCache
FNDA:0,loadText
FNDA:0,loadCSV
FNDA:0,loadJSON
FNDA:9,parseCSV
FNDA:10,(anonymous_8)
FNDA:10,(anonymous_9)
FNDA:9,(anonymous_10)
FNDA:24,(anonymous_11)
FNDA:24,(anonymous_12)
FNDA:0,createDataSource
DA:24,3
DA:25,3
DA:26,3
DA:41,0
DA:42,0
DA:43,0
DA:44,0
DA:45,0
DA:47,0
DA:49,0
DA:50,0
DA:53,0
DA:60,0
DA:61,0
DA:62,0
DA:63,0
DA:64,0
DA:65,0
DA:66,0
DA:68,0
DA:70,0
DA:78,0
DA:79,0
DA:80,0
DA:82,0
DA:98,0
DA:101,0
DA:102,0
DA:103,0
DA:104,0
DA:105,0
DA:110,0
DA:111,0
DA:113,0
DA:114,0
DA:115,0
DA:116,0
DA:117,0
DA:118,0
DA:119,0
DA:121,0
DA:122,0
DA:126,0
DA:137,0
DA:138,0
DA:148,0
DA:149,0
DA:159,9
DA:162,9
DA:163,3
DA:167,6
DA:168,6
DA:169,10
DA:170,10
DA:171,24
DA:172,9
DA:173,9
DA:174,24
DA:176,9
DA:187,0
DA:188,0
DA:189,0
DA:193,0
LF:63
LH:15
BRDA:44,0,0,0
BRDA:44,0,1,0
BRDA:49,1,0,0
BRDA:49,1,1,0
BRDA:62,2,0,0
BRDA:62,2,1,0
BRDA:64,3,0,0
BRDA:64,3,1,0
BRDA:91,4,0,0
BRDA:95,5,0,0
BRDA:96,6,0,0
BRDA:97,7,0,0
BRDA:101,8,0,0
BRDA:101,8,1,0
BRDA:103,9,0,0
BRDA:103,9,1,0
BRDA:110,10,0,0
BRDA:110,10,1,0
BRDA:117,11,0,0
BRDA:117,11,1,0
BRDA:121,12,0,0
BRDA:121,12,1,0
BRDA:126,13,0,0
BRDA:126,13,1,0
BRDA:135,14,0,0
BRDA:146,15,0,0
BRDA:162,16,0,3
BRDA:162,16,1,6
BRDA:168,17,0,2
BRDA:168,17,1,4
BRDA:174,18,0,24
BRDA:174,18,1,0
BRDA:188,19,0,0
BRDA:188,19,1,0
BRF:34
BRH:5
end_of_record
TN:
SF:src/browser/shared/dom-utils.ts
FN:17,showLoadingState
FN:37,showEmptyState
FN:53,showErrorState
FN:70,hideStateOverlays
FN:80,formatNumber
FN:87,formatPercent
FN:94,debounce
FN:99,(anonymous_7)
FN:101,(anonymous_8)
FN:108,detectLanguage
FN:123,showDataSourceDisclaimer
FN:167,announceToScreenReader
FNF:12
FNH:1
FNDA:0,showLoadingState
FNDA:0,showEmptyState
FNDA:0,showErrorState
FNDA:0,hideStateOverlays
FNDA:0,formatNumber
FNDA:0,formatPercent
FNDA:0,debounce
FNDA:0,(anonymous_7)
FNDA:0,(anonymous_8)
FNDA:0,detectLanguage
FNDA:20,showDataSourceDisclaimer
FNDA:0,announceToScreenReader
DA:18,0
DA:19,0
DA:20,0
DA:21,0
DA:22,0
DA:23,0
DA:24,0
DA:25,0
DA:27,0
DA:31,0
DA:38,0
DA:39,0
DA:40,0
DA:41,0
DA:42,0
DA:43,0
DA:44,0
DA:46,0
DA:47,0
DA:54,0
DA:55,0
DA:56,0
DA:57,0
DA:58,0
DA:59,0
DA:60,0
DA:61,0
DA:63,0
DA:64,0
DA:71,0
DA:72,0
DA:73,0
DA:81,0
DA:88,0
DA:99,0
DA:100,0
DA:101,0
DA:109,0
DA:128,20
DA:129,20
DA:131,20
DA:132,20
DA:133,20
DA:138,20
DA:140,10
DA:141,10
DA:142,10
DA:144,5
DA:145,5
DA:146,5
DA:148,5
DA:149,5
DA:150,5
DA:153,20
DA:156,20
DA:157,20
DA:158,19
DA:160,1
DA:168,0
DA:169,0
DA:170,0
DA:171,0
DA:172,0
DA:173,0
DA:174,0
DA:175,0
DA:177,0
LF:67
LH:20
BRDA:17,0,0,0
BRDA:19,1,0,0
BRDA:19,1,1,0
BRDA:37,2,0,0
BRDA:39,3,0,0
BRDA:39,3,1,0
BRDA:53,4,0,0
BRDA:55,5,0,0
BRDA:55,5,1,0
BRDA:72,6,0,0
BRDA:72,6,1,0
BRDA:80,7,0,0
BRDA:87,8,0,0
BRDA:109,9,0,0
BRDA:109,9,1,0
BRDA:129,10,0,4
BRDA:129,10,1,16
BRDA:138,11,0,10
BRDA:138,11,1,5
BRDA:138,11,2,5
BRDA:157,12,0,19
BRDA:157,12,1,1
BRDA:169,13,0,0
BRDA:169,13,1,0
BRF:24
BRH:7
end_of_record
TN:
SF:src/browser/shared/error-boundary.ts
FN:47,renderWithFallback
FN:61,(anonymous_1)
FNF:2
FNH:2
FNDA:14,renderWithFallback
FNDA:18,(anonymous_1)
DA:57,14
DA:58,14
DA:59,14
DA:61,14
DA:62,18
DA:64,1
DA:67,17
DA:73,17
DA:74,3
DA:76,17
DA:80,17
DA:81,17
DA:82,17
DA:83,17
DA:87,17
DA:88,17
DA:89,17
DA:90,17
DA:94,17
DA:95,17
DA:96,17
DA:97,17
DA:98,17
DA:99,17
DA:100,17
DA:101,17
DA:102,17
DA:103,17
DA:105,17
DA:106,17
DA:108,17
DA:109,17
DA:111,9
DA:112,9
DA:115,17
DA:116,4
DA:120,17
DA:121,17
DA:125,14
LF:39
LH:39
BRDA:50,0,0,14
BRDA:51,1,0,14
BRDA:62,2,0,1
BRDA:62,2,1,17
BRDA:73,3,0,3
BRDA:73,3,1,14
BRDA:89,4,0,17
BRDA:89,4,1,0
BRDA:89,5,0,17
BRDA:89,5,1,0
BRDA:115,6,0,4
BRDA:115,6,1,13
BRF:12
BRH:10
end_of_record
TN:
SF:src/browser/shared/fallback-ui.ts
FN:23,renderErrorFallback
FN:64,renderLoadingFallback
FNF:2
FNH:2
FNDA:19,renderErrorFallback
FNDA:23,renderLoadingFallback
DA:29,19
DA:31,19
DA:32,19
DA:33,19
DA:34,19
DA:36,19
DA:37,19
DA:38,19
DA:39,19
DA:41,19
DA:42,19
DA:43,19
DA:45,19
DA:46,19
DA:48,19
DA:49,13
DA:50,13
DA:51,13
DA:52,13
DA:53,13
DA:54,13
DA:57,19
DA:65,23
DA:67,23
DA:68,23
DA:69,23
DA:70,23
DA:71,23
DA:73,23
DA:74,69
DA:75,69
DA:76,69
DA:79,23
LF:33
LH:33
BRDA:25,0,0,19
BRDA:27,1,0,19
BRDA:48,2,0,13
BRDA:48,2,1,6
BRDA:64,3,0,23
BRF:5
BRH:5
end_of_record
TN:
SF:src/browser/shared/index.ts
FNF:0
FNH:0
LF:0
LH:0
BRF:0
BRH:0
end_of_record
TN:
SF:src/browser/shared/logger.ts
FN:18,(anonymous_0)
FN:21,(anonymous_1)
FN:24,(anonymous_2)
FN:27,(anonymous_3)
FNF:4
FNH:2
FNDA:11,(anonymous_0)
FNDA:0,(anonymous_1)
FNDA:0,(anonymous_2)
FNDA:12,(anonymous_3)
DA:14,5
DA:17,5
DA:19,11
DA:22,0
DA:25,0
DA:28,12
LF:6
LH:4
BRDA:14,0,0,5
BRDA:14,0,1,5
BRDA:19,1,0,0
BRDA:19,1,1,11
BRDA:22,2,0,0
BRDA:22,2,1,0
BRF:6
BRH:3
end_of_record
TN:
SF:src/browser/shared/register-globals.ts
FNF:0
FNH:0
DA:20,0
DA:21,0
DA:22,0
LF:3
LH:0
BRF:0
BRH:0
end_of_record
TN:
SF:src/browser/shared/theme.ts
FN:106,getActiveThemeColors
FN:182,getChartPalette
FN:195,getPartyColor
FN:210,onThemeChange
FN:214,(anonymous_4)
FN:216,(anonymous_5)
FN:226,(anonymous_6)
FNF:7
FNH:0
FNDA:0,getActiveThemeColors
FNDA:0,getChartPalette
FNDA:0,getPartyColor
FNDA:0,onThemeChange
FNDA:0,(anonymous_4)
FNDA:0,(anonymous_5)
FNDA:0,(anonymous_6)
DA:32,2
DA:50,2
DA:73,2
DA:107,0
DA:108,0
DA:109,0
DA:110,0
DA:112,0
DA:114,0
DA:116,0
DA:135,2
DA:142,2
DA:154,2
DA:168,2
DA:183,0
DA:196,0
DA:213,0
DA:214,0
DA:216,0
DA:217,0
DA:218,0
DA:219,0
DA:220,0
DA:225,0
DA:226,0
LF:25
LH:7
BRDA:107,0,0,0
BRDA:107,0,1,0
BRDA:109,1,0,0
BRDA:109,1,1,0
BRDA:110,2,0,0
BRDA:110,2,1,0
BRDA:112,3,0,0
BRDA:112,3,1,0
BRDA:112,4,0,0
BRDA:112,4,1,0
BRDA:112,4,2,0
BRDA:183,5,0,0
BRDA:183,5,1,0
BRDA:196,6,0,0
BRDA:196,6,1,0
BRDA:213,7,0,0
BRDA:213,7,1,0
BRDA:213,8,0,0
BRDA:213,8,1,0
BRDA:218,9,0,0
BRDA:218,9,1,0
BRF:21
BRH:0
end_of_record
TN:
SF:src/browser/shared/types.ts
FNF:0
FNH:0
LF:0
LH:0
BRF:0
BRH:0
end_of_record
TN:
SF:src/browser/ui/back-to-top.ts
FN:13,initBackToTop
FN:19,(anonymous_1)
FN:27,(anonymous_2)
FN:29,(anonymous_3)
FN:37,(anonymous_4)
FN:44,(anonymous_5)
FNF:6
FNH:0
FNDA:0,initBackToTop
FNDA:0,(anonymous_1)
FNDA:0,(anonymous_2)
FNDA:0,(anonymous_3)
FNDA:0,(anonymous_4)
FNDA:0,(anonymous_5)
DA:14,0
DA:15,0
DA:17,0
DA:19,0
DA:20,0
DA:21,0
DA:22,0
DA:23,0
DA:26,0
DA:27,0
DA:28,0
DA:29,0
DA:30,0
DA:31,0
DA:33,0
DA:37,0
DA:38,0
DA:44,0
DA:45,0
DA:46,0
DA:47,0
DA:52,0
LF:22
LH:0
BRDA:15,0,0,0
BRDA:15,0,1,0
BRDA:23,1,0,0
BRDA:23,1,1,0
BRDA:28,2,0,0
BRDA:28,2,1,0
BRDA:40,3,0,0
BRDA:40,3,1,0
BRDA:45,4,0,0
BRDA:45,4,1,0
BRDA:45,5,0,0
BRDA:45,5,1,0
BRF:12
BRH:0
end_of_record
