{"/home/runner/work/riksdagsmonitor/riksdagsmonitor/scripts/check-imf-connectivity.ts": {"path":"/home/runner/work/riksdagsmonitor/riksdagsmonitor/scripts/check-imf-connectivity.ts","statementMap":{"0":{"start":{"line":109,"column":28},"end":{"line":109,"column":null}},"1":{"start":{"line":123,"column":16},"end":{"line":123,"column":56}},"2":{"start":{"line":124,"column":2},"end":{"line":124,"column":null}},"3":{"start":{"line":124,"column":14},"end":{"line":124,"column":null}},"4":{"start":{"line":125,"column":15},"end":{"line":125,"column":44}},"5":{"start":{"line":126,"column":16},"end":{"line":126,"column":45}},"6":{"start":{"line":127,"column":2},"end":{"line":127,"column":null}},"7":{"start":{"line":127,"column":57},"end":{"line":127,"column":null}},"8":{"start":{"line":128,"column":2},"end":{"line":128,"column":null}},"9":{"start":{"line":128,"column":31},"end":{"line":128,"column":null}},"10":{"start":{"line":129,"column":2},"end":{"line":129,"column":null}},"11":{"start":{"line":141,"column":17},"end":{"line":141,"column":38}},"12":{"start":{"line":142,"column":2},"end":{"line":142,"column":null}},"13":{"start":{"line":142,"column":15},"end":{"line":142,"column":null}},"14":{"start":{"line":143,"column":20},"end":{"line":143,"column":null}},"15":{"start":{"line":144,"column":24},"end":{"line":144,"column":null}},"16":{"start":{"line":147,"column":2},"end":{"line":147,"column":null}},"17":{"start":{"line":158,"column":17},"end":{"line":158,"column":51}},"18":{"start":{"line":158,"column":45},"end":{"line":158,"column":51}},"19":{"start":{"line":159,"column":24},"end":{"line":161,"column":null}},"20":{"start":{"line":160,"column":24},"end":{"line":160,"column":82}},"21":{"start":{"line":162,"column":2},"end":{"line":176,"column":null}},"22":{"start":{"line":188,"column":25},"end":{"line":190,"column":null}},"23":{"start":{"line":191,"column":2},"end":{"line":198,"column":null}},"24":{"start":{"line":206,"column":17},"end":{"line":206,"column":51}},"25":{"start":{"line":206,"column":45},"end":{"line":206,"column":51}},"26":{"start":{"line":207,"column":24},"end":{"line":209,"column":null}},"27":{"start":{"line":208,"column":24},"end":{"line":208,"column":82}},"28":{"start":{"line":210,"column":2},"end":{"line":220,"column":null}},"29":{"start":{"line":236,"column":32},"end":{"line":236,"column":null}},"30":{"start":{"line":239,"column":40},"end":{"line":239,"column":null}},"31":{"start":{"line":252,"column":2},"end":{"line":252,"column":null}},"32":{"start":{"line":268,"column":23},"end":{"line":268,"column":83}},"33":{"start":{"line":269,"column":2},"end":{"line":280,"column":null}},"34":{"start":{"line":270,"column":18},"end":{"line":275,"column":6}},"35":{"start":{"line":273,"column":8},"end":{"line":273,"column":null}},"36":{"start":{"line":273,"column":33},"end":{"line":273,"column":53}},"37":{"start":{"line":276,"column":4},"end":{"line":276,"column":null}},"38":{"start":{"line":278,"column":4},"end":{"line":278,"column":null}},"39":{"start":{"line":280,"column":4},"end":{"line":280,"column":null}},"40":{"start":{"line":280,"column":15},"end":{"line":280,"column":null}},"41":{"start":{"line":295,"column":35},"end":{"line":295,"column":37}},"42":{"start":{"line":299,"column":18},"end":{"line":299,"column":28}},"43":{"start":{"line":300,"column":19},"end":{"line":302,"column":null}},"44":{"start":{"line":304,"column":4},"end":{"line":320,"column":null}},"45":{"start":{"line":305,"column":6},"end":{"line":311,"column":null}},"46":{"start":{"line":313,"column":21},"end":{"line":313,"column":null}},"47":{"start":{"line":314,"column":6},"end":{"line":320,"column":null}},"48":{"start":{"line":328,"column":18},"end":{"line":328,"column":28}},"49":{"start":{"line":329,"column":19},"end":{"line":331,"column":null}},"50":{"start":{"line":333,"column":4},"end":{"line":349,"column":null}},"51":{"start":{"line":334,"column":6},"end":{"line":340,"column":null}},"52":{"start":{"line":342,"column":21},"end":{"line":342,"column":null}},"53":{"start":{"line":343,"column":6},"end":{"line":349,"column":null}},"54":{"start":{"line":362,"column":18},"end":{"line":362,"column":28}},"55":{"start":{"line":363,"column":19},"end":{"line":365,"column":null}},"56":{"start":{"line":367,"column":4},"end":{"line":384,"column":null}},"57":{"start":{"line":368,"column":6},"end":{"line":374,"column":null}},"58":{"start":{"line":376,"column":18},"end":{"line":376,"column":null}},"59":{"start":{"line":377,"column":17},"end":{"line":377,"column":null}},"60":{"start":{"line":378,"column":6},"end":{"line":384,"column":null}},"61":{"start":{"line":388,"column":2},"end":{"line":388,"column":null}},"62":{"start":{"line":400,"column":20},"end":{"line":400,"column":50}},"63":{"start":{"line":401,"column":16},"end":{"line":401,"column":null}},"64":{"start":{"line":405,"column":21},"end":{"line":406,"column":null}},"65":{"start":{"line":406,"column":4},"end":{"line":406,"column":55}},"66":{"start":{"line":406,"column":23},"end":{"line":406,"column":55}},"67":{"start":{"line":408,"column":20},"end":{"line":408,"column":45}},"68":{"start":{"line":408,"column":39},"end":{"line":408,"column":45}},"69":{"start":{"line":409,"column":50},"end":{"line":415,"column":null}},"70":{"start":{"line":416,"column":20},"end":{"line":416,"column":37}},"71":{"start":{"line":417,"column":21},"end":{"line":424,"column":null}},"72":{"start":{"line":425,"column":23},"end":{"line":431,"column":null}},"73":{"start":{"line":432,"column":2},"end":{"line":432,"column":null}},"74":{"start":{"line":445,"column":2},"end":{"line":445,"column":null}},"75":{"start":{"line":446,"column":22},"end":{"line":446,"column":62}},"76":{"start":{"line":447,"column":2},"end":{"line":447,"column":null}},"77":{"start":{"line":449,"column":19},"end":{"line":449,"column":63}},"78":{"start":{"line":450,"column":2},"end":{"line":464,"column":null}},"79":{"start":{"line":451,"column":19},"end":{"line":451,"column":86}},"80":{"start":{"line":451,"column":47},"end":{"line":451,"column":53}},"81":{"start":{"line":451,"column":65},"end":{"line":451,"column":76}},"82":{"start":{"line":452,"column":21},"end":{"line":463,"column":16}},"83":{"start":{"line":464,"column":4},"end":{"line":464,"column":null}},"84":{"start":{"line":478,"column":13},"end":{"line":478,"column":null}},"85":{"start":{"line":498,"column":15},"end":{"line":498,"column":null}},"86":{"start":{"line":499,"column":18},"end":{"line":499,"column":null}},"87":{"start":{"line":500,"column":13},"end":{"line":500,"column":null}},"88":{"start":{"line":501,"column":2},"end":{"line":519,"column":null}},"89":{"start":{"line":501,"column":15},"end":{"line":501,"column":18}},"90":{"start":{"line":502,"column":18},"end":{"line":502,"column":null}},"91":{"start":{"line":503,"column":4},"end":{"line":519,"column":null}},"92":{"start":{"line":504,"column":6},"end":{"line":504,"column":null}},"93":{"start":{"line":505,"column":11},"end":{"line":519,"column":null}},"94":{"start":{"line":506,"column":6},"end":{"line":506,"column":null}},"95":{"start":{"line":507,"column":11},"end":{"line":519,"column":null}},"96":{"start":{"line":508,"column":19},"end":{"line":508,"column":null}},"97":{"start":{"line":509,"column":6},"end":{"line":511,"column":null}},"98":{"start":{"line":510,"column":8},"end":{"line":510,"column":null}},"99":{"start":{"line":511,"column":8},"end":{"line":511,"column":null}},"100":{"start":{"line":513,"column":6},"end":{"line":513,"column":null}},"101":{"start":{"line":514,"column":6},"end":{"line":514,"column":null}},"102":{"start":{"line":515,"column":11},"end":{"line":519,"column":null}},"103":{"start":{"line":516,"column":6},"end":{"line":516,"column":null}},"104":{"start":{"line":518,"column":6},"end":{"line":518,"column":null}},"105":{"start":{"line":519,"column":6},"end":{"line":519,"column":null}},"106":{"start":{"line":522,"column":2},"end":{"line":522,"column":null}},"107":{"start":{"line":526,"column":15},"end":{"line":526,"column":50}},"108":{"start":{"line":527,"column":2},"end":{"line":529,"column":null}},"109":{"start":{"line":528,"column":4},"end":{"line":528,"column":null}},"110":{"start":{"line":529,"column":4},"end":{"line":529,"column":null}},"111":{"start":{"line":532,"column":17},"end":{"line":532,"column":32}},"112":{"start":{"line":533,"column":17},"end":{"line":533,"column":40}},"113":{"start":{"line":534,"column":17},"end":{"line":534,"column":55}},"114":{"start":{"line":536,"column":2},"end":{"line":536,"column":null}},"115":{"start":{"line":538,"column":2},"end":{"line":538,"column":null}},"116":{"start":{"line":540,"column":2},"end":{"line":549,"column":null}},"117":{"start":{"line":541,"column":4},"end":{"line":545,"column":null}},"118":{"start":{"line":546,"column":4},"end":{"line":547,"column":null}},"119":{"start":{"line":547,"column":6},"end":{"line":547,"column":null}},"120":{"start":{"line":549,"column":4},"end":{"line":549,"column":null}},"121":{"start":{"line":552,"column":2},"end":{"line":561,"column":null}},"122":{"start":{"line":553,"column":4},"end":{"line":561,"column":null}},"123":{"start":{"line":567,"column":6},"end":{"line":572,"column":null}},"124":{"start":{"line":568,"column":2},"end":{"line":568,"column":null}},"125":{"start":{"line":568,"column":58},"end":{"line":568,"column":null}},"126":{"start":{"line":570,"column":16},"end":{"line":570,"column":null}},"127":{"start":{"line":571,"column":2},"end":{"line":571,"column":null}},"128":{"start":{"line":574,"column":0},"end":{"line":579,"column":null}},"129":{"start":{"line":575,"column":2},"end":{"line":579,"column":null}},"130":{"start":{"line":576,"column":16},"end":{"line":576,"column":64}},"131":{"start":{"line":577,"column":4},"end":{"line":577,"column":null}},"132":{"start":{"line":578,"column":4},"end":{"line":578,"column":null}}},"fnMap":{"0":{"name":"parseVintage","decl":{"start":{"line":122,"column":16},"end":{"line":122,"column":29}},"loc":{"start":{"line":122,"column":86},"end":{"line":129,"column":null}},"line":122},"1":{"name":"vintageAgeMonths","decl":{"start":{"line":140,"column":16},"end":{"line":140,"column":33}},"loc":{"start":{"line":140,"column":82},"end":{"line":147,"column":null}},"line":140},"2":{"name":"formatUnavailableWarning","decl":{"start":{"line":157,"column":16},"end":{"line":157,"column":41}},"loc":{"start":{"line":157,"column":110},"end":{"line":176,"column":null}},"line":157},"3":{"name":"(anonymous_3)","decl":{"start":{"line":158,"column":31},"end":{"line":158,"column":39}},"loc":{"start":{"line":158,"column":45},"end":{"line":158,"column":51}},"line":158},"4":{"name":"(anonymous_4)","decl":{"start":{"line":160,"column":13},"end":{"line":160,"column":18}},"loc":{"start":{"line":160,"column":24},"end":{"line":160,"column":82}},"line":160},"5":{"name":"formatStaleVintageAnnotation","decl":{"start":{"line":187,"column":16},"end":{"line":187,"column":45}},"loc":{"start":{"line":187,"column":122},"end":{"line":198,"column":null}},"line":187},"6":{"name":"formatDegradedWarning","decl":{"start":{"line":205,"column":16},"end":{"line":205,"column":38}},"loc":{"start":{"line":205,"column":107},"end":{"line":220,"column":null}},"line":205},"7":{"name":"(anonymous_7)","decl":{"start":{"line":206,"column":31},"end":{"line":206,"column":39}},"loc":{"start":{"line":206,"column":45},"end":{"line":206,"column":51}},"line":206},"8":{"name":"(anonymous_8)","decl":{"start":{"line":208,"column":13},"end":{"line":208,"column":18}},"loc":{"start":{"line":208,"column":24},"end":{"line":208,"column":82}},"line":208},"9":{"name":"isProbeErr","decl":{"start":{"line":251,"column":9},"end":{"line":251,"column":20}},"loc":{"start":{"line":251,"column":70},"end":{"line":252,"column":null}},"line":251},"10":{"name":"withTimeout","decl":{"start":{"line":263,"column":15},"end":{"line":263,"column":null}},"loc":{"start":{"line":266,"column":27},"end":{"line":280,"column":null}},"line":266},"11":{"name":"(anonymous_11)","decl":{"start":{"line":272,"column":10},"end":{"line":272,"column":22}},"loc":{"start":{"line":272,"column":43},"end":{"line":274,"column":null}},"line":272},"12":{"name":"(anonymous_12)","decl":{"start":{"line":273,"column":16},"end":{"line":273,"column":33}},"loc":{"start":{"line":273,"column":33},"end":{"line":273,"column":53}},"line":273},"13":{"name":"runProbes","decl":{"start":{"line":294,"column":22},"end":{"line":294,"column":32}},"loc":{"start":{"line":294,"column":78},"end":{"line":388,"column":null}},"line":294},"14":{"name":"buildReport","decl":{"start":{"line":395,"column":16},"end":{"line":395,"column":null}},"loc":{"start":{"line":399,"column":25},"end":{"line":432,"column":null}},"line":399},"15":{"name":"(anonymous_15)","decl":{"start":{"line":405,"column":35},"end":{"line":405,"column":42}},"loc":{"start":{"line":406,"column":4},"end":{"line":406,"column":55}},"line":406},"16":{"name":"(anonymous_16)","decl":{"start":{"line":406,"column":11},"end":{"line":406,"column":17}},"loc":{"start":{"line":406,"column":23},"end":{"line":406,"column":55}},"line":406},"17":{"name":"(anonymous_17)","decl":{"start":{"line":408,"column":27},"end":{"line":408,"column":33}},"loc":{"start":{"line":408,"column":39},"end":{"line":408,"column":45}},"line":408},"18":{"name":"writeReport","decl":{"start":{"line":444,"column":16},"end":{"line":444,"column":28}},"loc":{"start":{"line":444,"column":85},"end":{"line":464,"column":null}},"line":444},"19":{"name":"(anonymous_19)","decl":{"start":{"line":451,"column":33},"end":{"line":451,"column":41}},"loc":{"start":{"line":451,"column":47},"end":{"line":451,"column":53}},"line":451},"20":{"name":"(anonymous_20)","decl":{"start":{"line":451,"column":54},"end":{"line":451,"column":59}},"loc":{"start":{"line":451,"column":65},"end":{"line":451,"column":76}},"line":451},"21":{"name":"parseCliArgs","decl":{"start":{"line":497,"column":16},"end":{"line":497,"column":29}},"loc":{"start":{"line":497,"column":66},"end":{"line":522,"column":null}},"line":497},"22":{"name":"mainCli","decl":{"start":{"line":525,"column":15},"end":{"line":525,"column":40}},"loc":{"start":{"line":525,"column":40},"end":{"line":561,"column":null}},"line":525},"23":{"name":"(anonymous_23)","decl":{"start":{"line":567,"column":6},"end":{"line":567,"column":34}},"loc":{"start":{"line":567,"column":34},"end":{"line":572,"column":null}},"line":567},"24":{"name":"(anonymous_24)","decl":{"start":{"line":575,"column":12},"end":{"line":575,"column":19}},"loc":{"start":{"line":575,"column":36},"end":{"line":579,"column":null}},"line":575}},"branchMap":{"0":{"loc":{"start":{"line":124,"column":2},"end":{"line":124,"column":null}},"type":"if","locations":[{"start":{"line":124,"column":2},"end":{"line":124,"column":null}},{"start":{},"end":{}}],"line":124},"1":{"loc":{"start":{"line":127,"column":2},"end":{"line":127,"column":null}},"type":"if","locations":[{"start":{"line":127,"column":2},"end":{"line":127,"column":null}},{"start":{},"end":{}}],"line":127},"2":{"loc":{"start":{"line":127,"column":6},"end":{"line":127,"column":55}},"type":"binary-expr","locations":[{"start":{"line":127,"column":6},"end":{"line":127,"column":28}},{"start":{"line":127,"column":32},"end":{"line":127,"column":55}}],"line":127},"3":{"loc":{"start":{"line":128,"column":2},"end":{"line":128,"column":null}},"type":"if","locations":[{"start":{"line":128,"column":2},"end":{"line":128,"column":null}},{"start":{},"end":{}}],"line":128},"4":{"loc":{"start":{"line":128,"column":6},"end":{"line":128,"column":31}},"type":"binary-expr","locations":[{"start":{"line":128,"column":6},"end":{"line":128,"column":19}},{"start":{"line":128,"column":19},"end":{"line":128,"column":31}}],"line":128},"5":{"loc":{"start":{"line":140,"column":50},"end":{"line":140,"column":72}},"type":"default-arg","locations":[{"start":{"line":140,"column":62},"end":{"line":140,"column":72}}],"line":140},"6":{"loc":{"start":{"line":142,"column":2},"end":{"line":142,"column":null}},"type":"if","locations":[{"start":{"line":142,"column":2},"end":{"line":142,"column":null}},{"start":{},"end":{}}],"line":142},"7":{"loc":{"start":{"line":159,"column":24},"end":{"line":161,"column":null}},"type":"cond-expr","locations":[{"start":{"line":160,"column":6},"end":{"line":160,"column":93}},{"start":{"line":161,"column":6},"end":{"line":161,"column":null}}],"line":159},"8":{"loc":{"start":{"line":160,"column":59},"end":{"line":160,"column":82}},"type":"binary-expr","locations":[{"start":{"line":160,"column":59},"end":{"line":160,"column":70}},{"start":{"line":160,"column":70},"end":{"line":160,"column":82}}],"line":160},"9":{"loc":{"start":{"line":188,"column":25},"end":{"line":190,"column":null}},"type":"cond-expr","locations":[{"start":{"line":189,"column":6},"end":{"line":189,"column":null}},{"start":{"line":190,"column":6},"end":{"line":190,"column":null}}],"line":188},"10":{"loc":{"start":{"line":207,"column":24},"end":{"line":209,"column":null}},"type":"cond-expr","locations":[{"start":{"line":208,"column":6},"end":{"line":208,"column":93}},{"start":{"line":209,"column":6},"end":{"line":209,"column":null}}],"line":207},"11":{"loc":{"start":{"line":208,"column":59},"end":{"line":208,"column":82}},"type":"binary-expr","locations":[{"start":{"line":208,"column":59},"end":{"line":208,"column":70}},{"start":{"line":208,"column":70},"end":{"line":208,"column":82}}],"line":208},"12":{"loc":{"start":{"line":278,"column":31},"end":{"line":278,"column":84}},"type":"cond-expr","locations":[{"start":{"line":278,"column":54},"end":{"line":278,"column":60}},{"start":{"line":278,"column":60},"end":{"line":278,"column":84}}],"line":278},"13":{"loc":{"start":{"line":280,"column":4},"end":{"line":280,"column":null}},"type":"if","locations":[{"start":{"line":280,"column":4},"end":{"line":280,"column":null}},{"start":{},"end":{}}],"line":280},"14":{"loc":{"start":{"line":304,"column":4},"end":{"line":320,"column":null}},"type":"if","locations":[{"start":{"line":304,"column":4},"end":{"line":320,"column":null}},{"start":{"line":312,"column":11},"end":{"line":320,"column":null}}],"line":304},"15":{"loc":{"start":{"line":319,"column":12},"end":{"line":319,"column":null}},"type":"cond-expr","locations":[{"start":{"line":319,"column":34},"end":{"line":319,"column":59}},{"start":{"line":319,"column":62},"end":{"line":319,"column":null}}],"line":319},"16":{"loc":{"start":{"line":333,"column":4},"end":{"line":349,"column":null}},"type":"if","locations":[{"start":{"line":333,"column":4},"end":{"line":349,"column":null}},{"start":{"line":341,"column":11},"end":{"line":349,"column":null}}],"line":333},"17":{"loc":{"start":{"line":348,"column":12},"end":{"line":348,"column":null}},"type":"cond-expr","locations":[{"start":{"line":348,"column":34},"end":{"line":348,"column":59}},{"start":{"line":348,"column":62},"end":{"line":348,"column":null}}],"line":348},"18":{"loc":{"start":{"line":367,"column":4},"end":{"line":384,"column":null}},"type":"if","locations":[{"start":{"line":367,"column":4},"end":{"line":384,"column":null}},{"start":{"line":375,"column":11},"end":{"line":384,"column":null}}],"line":367},"19":{"loc":{"start":{"line":377,"column":17},"end":{"line":377,"column":null}},"type":"binary-expr","locations":[{"start":{"line":377,"column":17},"end":{"line":377,"column":33}},{"start":{"line":377,"column":33},"end":{"line":377,"column":null}}],"line":377},"20":{"loc":{"start":{"line":383,"column":12},"end":{"line":383,"column":null}},"type":"cond-expr","locations":[{"start":{"line":383,"column":17},"end":{"line":383,"column":19}},{"start":{"line":383,"column":22},"end":{"line":383,"column":null}}],"line":383},"21":{"loc":{"start":{"line":398,"column":2},"end":{"line":398,"column":24}},"type":"default-arg","locations":[{"start":{"line":398,"column":14},"end":{"line":398,"column":24}}],"line":398},"22":{"loc":{"start":{"line":406,"column":23},"end":{"line":406,"column":55}},"type":"binary-expr","locations":[{"start":{"line":406,"column":23},"end":{"line":406,"column":50}},{"start":{"line":406,"column":50},"end":{"line":406,"column":55}}],"line":406},"23":{"loc":{"start":{"line":409,"column":50},"end":{"line":415,"column":null}},"type":"cond-expr","locations":[{"start":{"line":410,"column":6},"end":{"line":410,"column":null}},{"start":{"line":411,"column":6},"end":{"line":415,"column":null}}],"line":409},"24":{"loc":{"start":{"line":411,"column":6},"end":{"line":415,"column":null}},"type":"cond-expr","locations":[{"start":{"line":412,"column":8},"end":{"line":412,"column":null}},{"start":{"line":413,"column":8},"end":{"line":415,"column":null}}],"line":411},"25":{"loc":{"start":{"line":413,"column":8},"end":{"line":415,"column":null}},"type":"cond-expr","locations":[{"start":{"line":414,"column":10},"end":{"line":414,"column":null}},{"start":{"line":415,"column":8},"end":{"line":415,"column":null}}],"line":413},"26":{"loc":{"start":{"line":420,"column":22},"end":{"line":420,"column":null}},"type":"cond-expr","locations":[{"start":{"line":420,"column":51},"end":{"line":420,"column":63}},{"start":{"line":420,"column":63},"end":{"line":420,"column":null}}],"line":420},"27":{"loc":{"start":{"line":425,"column":23},"end":{"line":431,"column":null}},"type":"cond-expr","locations":[{"start":{"line":426,"column":6},"end":{"line":426,"column":53}},{"start":{"line":427,"column":6},"end":{"line":431,"column":null}}],"line":425},"28":{"loc":{"start":{"line":427,"column":6},"end":{"line":431,"column":null}},"type":"cond-expr","locations":[{"start":{"line":428,"column":8},"end":{"line":428,"column":96}},{"start":{"line":429,"column":8},"end":{"line":431,"column":null}}],"line":427},"29":{"loc":{"start":{"line":429,"column":8},"end":{"line":431,"column":null}},"type":"cond-expr","locations":[{"start":{"line":430,"column":10},"end":{"line":430,"column":54}},{"start":{"line":431,"column":10},"end":{"line":431,"column":null}}],"line":429},"30":{"loc":{"start":{"line":450,"column":2},"end":{"line":464,"column":null}},"type":"if","locations":[{"start":{"line":450,"column":2},"end":{"line":464,"column":null}},{"start":{},"end":{}}],"line":450},"31":{"loc":{"start":{"line":455,"column":29},"end":{"line":455,"column":null}},"type":"binary-expr","locations":[{"start":{"line":455,"column":29},"end":{"line":455,"column":39}},{"start":{"line":455,"column":39},"end":{"line":455,"column":null}}],"line":455},"32":{"loc":{"start":{"line":503,"column":4},"end":{"line":519,"column":null}},"type":"if","locations":[{"start":{"line":503,"column":4},"end":{"line":519,"column":null}},{"start":{"line":505,"column":11},"end":{"line":519,"column":null}}],"line":503},"33":{"loc":{"start":{"line":505,"column":11},"end":{"line":519,"column":null}},"type":"if","locations":[{"start":{"line":505,"column":11},"end":{"line":519,"column":null}},{"start":{"line":507,"column":11},"end":{"line":519,"column":null}}],"line":505},"34":{"loc":{"start":{"line":505,"column":15},"end":{"line":505,"column":53}},"type":"binary-expr","locations":[{"start":{"line":505,"column":15},"end":{"line":505,"column":37}},{"start":{"line":505,"column":37},"end":{"line":505,"column":53}}],"line":505},"35":{"loc":{"start":{"line":507,"column":11},"end":{"line":519,"column":null}},"type":"if","locations":[{"start":{"line":507,"column":11},"end":{"line":519,"column":null}},{"start":{"line":515,"column":11},"end":{"line":519,"column":null}}],"line":507},"36":{"loc":{"start":{"line":509,"column":6},"end":{"line":511,"column":null}},"type":"if","locations":[{"start":{"line":509,"column":6},"end":{"line":511,"column":null}},{"start":{},"end":{}}],"line":509},"37":{"loc":{"start":{"line":515,"column":11},"end":{"line":519,"column":null}},"type":"if","locations":[{"start":{"line":515,"column":11},"end":{"line":519,"column":null}},{"start":{"line":517,"column":11},"end":{"line":519,"column":null}}],"line":515},"38":{"loc":{"start":{"line":527,"column":2},"end":{"line":529,"column":null}},"type":"if","locations":[{"start":{"line":527,"column":2},"end":{"line":529,"column":null}},{"start":{},"end":{}}],"line":527},"39":{"loc":{"start":{"line":540,"column":2},"end":{"line":549,"column":null}},"type":"if","locations":[{"start":{"line":540,"column":2},"end":{"line":549,"column":null}},{"start":{},"end":{}}],"line":540},"40":{"loc":{"start":{"line":546,"column":4},"end":{"line":547,"column":null}},"type":"if","locations":[{"start":{"line":546,"column":4},"end":{"line":547,"column":null}},{"start":{},"end":{}}],"line":546},"41":{"loc":{"start":{"line":552,"column":2},"end":{"line":561,"column":null}},"type":"if","locations":[{"start":{"line":552,"column":2},"end":{"line":561,"column":null}},{"start":{},"end":{}}],"line":552},"42":{"loc":{"start":{"line":568,"column":2},"end":{"line":568,"column":null}},"type":"if","locations":[{"start":{"line":568,"column":2},"end":{"line":568,"column":null}},{"start":{},"end":{}}],"line":568},"43":{"loc":{"start":{"line":568,"column":6},"end":{"line":568,"column":58}},"type":"binary-expr","locations":[{"start":{"line":568,"column":6},"end":{"line":568,"column":40}},{"start":{"line":568,"column":40},"end":{"line":568,"column":58}}],"line":568},"44":{"loc":{"start":{"line":571,"column":9},"end":{"line":571,"column":99}},"type":"binary-expr","locations":[{"start":{"line":571,"column":9},"end":{"line":571,"column":52}},{"start":{"line":571,"column":56},"end":{"line":571,"column":99}}],"line":571},"45":{"loc":{"start":{"line":574,"column":0},"end":{"line":579,"column":null}},"type":"if","locations":[{"start":{"line":574,"column":0},"end":{"line":579,"column":null}},{"start":{},"end":{}}],"line":574},"46":{"loc":{"start":{"line":576,"column":16},"end":{"line":576,"column":64}},"type":"cond-expr","locations":[{"start":{"line":576,"column":39},"end":{"line":576,"column":53}},{"start":{"line":576,"column":53},"end":{"line":576,"column":64}}],"line":576}},"s":{"0":2,"1":20,"2":20,"3":5,"4":15,"5":15,"6":15,"7":0,"8":15,"9":1,"10":14,"11":14,"12":14,"13":2,"14":12,"15":12,"16":12,"17":3,"18":8,"19":3,"20":5,"21":3,"22":6,"23":6,"24":3,"25":8,"26":3,"27":3,"28":3,"29":2,"30":2,"31":15,"32":15,"33":15,"34":15,"35":15,"36":3,"37":9,"38":6,"39":15,"40":15,"41":5,"42":5,"43":5,"44":5,"45":2,"46":3,"47":3,"48":5,"49":5,"50":5,"51":2,"52":3,"53":3,"54":5,"55":5,"56":5,"57":2,"58":3,"59":3,"60":3,"61":5,"62":9,"63":9,"64":9,"65":16,"66":27,"67":9,"68":23,"69":9,"70":9,"71":9,"72":9,"73":9,"74":4,"75":4,"76":4,"77":4,"78":4,"79":1,"80":3,"81":3,"82":1,"83":1,"84":2,"85":0,"86":0,"87":0,"88":0,"89":0,"90":0,"91":0,"92":0,"93":0,"94":0,"95":0,"96":0,"97":0,"98":0,"99":0,"100":0,"101":0,"102":0,"103":0,"104":0,"105":0,"106":0,"107":0,"108":0,"109":0,"110":0,"111":0,"112":0,"113":0,"114":0,"115":0,"116":0,"117":0,"118":0,"119":0,"120":0,"121":0,"122":0,"123":2,"124":2,"125":0,"126":2,"127":2,"128":2,"129":0,"130":0,"131":0,"132":0},"f":{"0":20,"1":14,"2":3,"3":8,"4":5,"5":6,"6":3,"7":8,"8":3,"9":15,"10":15,"11":15,"12":3,"13":5,"14":9,"15":16,"16":27,"17":23,"18":4,"19":3,"20":3,"21":0,"22":0,"23":2,"24":0},"b":{"0":[5,15],"1":[0,15],"2":[15,15],"3":[1,14],"4":[15,15],"5":[14],"6":[2,12],"7":[3,0],"8":[5,0],"9":[2,4],"10":[3,0],"11":[3,0],"12":[6,0],"13":[15,0],"14":[2,3],"15":[1,2],"16":[2,3],"17":[1,2],"18":[2,3],"19":[3,3],"20":[2,1],"21":[9],"22":[27,16],"23":[2,7],"24":[3,4],"25":[2,2],"26":[8,1],"27":[2,7],"28":[3,4],"29":[2,2],"30":[1,3],"31":[1,0],"32":[0,0],"33":[0,0],"34":[0,0],"35":[0,0],"36":[0,0],"37":[0,0],"38":[0,0],"39":[0,0],"40":[0,0],"41":[0,0],"42":[0,2],"43":[2,2],"44":[2,2],"45":[0,2],"46":[0,0]},"meta":{"lastBranch":47,"lastFunction":25,"lastStatement":133,"seen":{"s:109:28:109:Infinity":0,"f:122:16:122:29":0,"s:123:16:123:56":1,"b:124:2:124:Infinity:undefined:undefined:undefined:undefined":0,"s:124:2:124:Infinity":2,"s:124:14:124:Infinity":3,"s:125:15:125:44":4,"s:126:16:126:45":5,"b:127:2:127:Infinity:undefined:undefined:undefined:undefined":1,"s:127:2:127:Infinity":6,"b:127:6:127:28:127:32:127:55":2,"s:127:57:127:Infinity":7,"b:128:2:128:Infinity:undefined:undefined:undefined:undefined":3,"s:128:2:128:Infinity":8,"b:128:6:128:19:128:19:128:31":4,"s:128:31:128:Infinity":9,"s:129:2:129:Infinity":10,"f:140:16:140:33":1,"b:140:62:140:72":5,"s:141:17:141:38":11,"b:142:2:142:Infinity:undefined:undefined:undefined:undefined":6,"s:142:2:142:Infinity":12,"s:142:15:142:Infinity":13,"s:143:20:143:Infinity":14,"s:144:24:144:Infinity":15,"s:147:2:147:Infinity":16,"f:157:16:157:41":2,"s:158:17:158:51":17,"f:158:31:158:39":3,"s:158:45:158:51":18,"s:159:24:161:Infinity":19,"b:160:6:160:93:161:6:161:Infinity":7,"f:160:13:160:18":4,"s:160:24:160:82":20,"b:160:59:160:70:160:70:160:82":8,"s:162:2:176:Infinity":21,"f:187:16:187:45":5,"s:188:25:190:Infinity":22,"b:189:6:189:Infinity:190:6:190:Infinity":9,"s:191:2:198:Infinity":23,"f:205:16:205:38":6,"s:206:17:206:51":24,"f:206:31:206:39":7,"s:206:45:206:51":25,"s:207:24:209:Infinity":26,"b:208:6:208:93:209:6:209:Infinity":10,"f:208:13:208:18":8,"s:208:24:208:82":27,"b:208:59:208:70:208:70:208:82":11,"s:210:2:220:Infinity":28,"s:236:32:236:Infinity":29,"s:239:40:239:Infinity":30,"f:251:9:251:20":9,"s:252:2:252:Infinity":31,"f:263:15:263:Infinity":10,"s:268:23:268:83":32,"s:269:2:280:Infinity":33,"s:270:18:275:6":34,"f:272:10:272:22":11,"s:273:8:273:Infinity":35,"f:273:16:273:33":12,"s:273:33:273:53":36,"s:276:4:276:Infinity":37,"s:278:4:278:Infinity":38,"b:278:54:278:60:278:60:278:84":12,"b:280:4:280:Infinity:undefined:undefined:undefined:undefined":13,"s:280:4:280:Infinity":39,"s:280:15:280:Infinity":40,"f:294:22:294:32":13,"s:295:35:295:37":41,"s:299:18:299:28":42,"s:300:19:302:Infinity":43,"b:304:4:320:Infinity:312:11:320:Infinity":14,"s:304:4:320:Infinity":44,"s:305:6:311:Infinity":45,"s:313:21:313:Infinity":46,"s:314:6:320:Infinity":47,"b:319:34:319:59:319:62:319:Infinity":15,"s:328:18:328:28":48,"s:329:19:331:Infinity":49,"b:333:4:349:Infinity:341:11:349:Infinity":16,"s:333:4:349:Infinity":50,"s:334:6:340:Infinity":51,"s:342:21:342:Infinity":52,"s:343:6:349:Infinity":53,"b:348:34:348:59:348:62:348:Infinity":17,"s:362:18:362:28":54,"s:363:19:365:Infinity":55,"b:367:4:384:Infinity:375:11:384:Infinity":18,"s:367:4:384:Infinity":56,"s:368:6:374:Infinity":57,"s:376:18:376:Infinity":58,"s:377:17:377:Infinity":59,"b:377:17:377:33:377:33:377:Infinity":19,"s:378:6:384:Infinity":60,"b:383:17:383:19:383:22:383:Infinity":20,"s:388:2:388:Infinity":61,"f:395:16:395:Infinity":14,"b:398:14:398:24":21,"s:400:20:400:50":62,"s:401:16:401:Infinity":63,"s:405:21:406:Infinity":64,"f:405:35:405:42":15,"s:406:4:406:55":65,"f:406:11:406:17":16,"s:406:23:406:55":66,"b:406:23:406:50:406:50:406:55":22,"s:408:20:408:45":67,"f:408:27:408:33":17,"s:408:39:408:45":68,"s:409:50:415:Infinity":69,"b:410:6:410:Infinity:411:6:415:Infinity":23,"b:412:8:412:Infinity:413:8:415:Infinity":24,"b:414:10:414:Infinity:415:8:415:Infinity":25,"s:416:20:416:37":70,"s:417:21:424:Infinity":71,"b:420:51:420:63:420:63:420:Infinity":26,"s:425:23:431:Infinity":72,"b:426:6:426:53:427:6:431:Infinity":27,"b:428:8:428:96:429:8:431:Infinity":28,"b:430:10:430:54:431:10:431:Infinity":29,"s:432:2:432:Infinity":73,"f:444:16:444:28":18,"s:445:2:445:Infinity":74,"s:446:22:446:62":75,"s:447:2:447:Infinity":76,"s:449:19:449:63":77,"b:450:2:464:Infinity:undefined:undefined:undefined:undefined":30,"s:450:2:464:Infinity":78,"s:451:19:451:86":79,"f:451:33:451:41":19,"s:451:47:451:53":80,"f:451:54:451:59":20,"s:451:65:451:76":81,"s:452:21:463:16":82,"b:455:29:455:39:455:39:455:Infinity":31,"s:464:4:464:Infinity":83,"s:478:13:478:Infinity":84,"f:497:16:497:29":21,"s:498:15:498:Infinity":85,"s:499:18:499:Infinity":86,"s:500:13:500:Infinity":87,"s:501:2:519:Infinity":88,"s:501:15:501:18":89,"s:502:18:502:Infinity":90,"b:503:4:519:Infinity:505:11:519:Infinity":32,"s:503:4:519:Infinity":91,"s:504:6:504:Infinity":92,"b:505:11:519:Infinity:507:11:519:Infinity":33,"s:505:11:519:Infinity":93,"b:505:15:505:37:505:37:505:53":34,"s:506:6:506:Infinity":94,"b:507:11:519:Infinity:515:11:519:Infinity":35,"s:507:11:519:Infinity":95,"s:508:19:508:Infinity":96,"b:509:6:511:Infinity:undefined:undefined:undefined:undefined":36,"s:509:6:511:Infinity":97,"s:510:8:510:Infinity":98,"s:511:8:511:Infinity":99,"s:513:6:513:Infinity":100,"s:514:6:514:Infinity":101,"b:515:11:519:Infinity:517:11:519:Infinity":37,"s:515:11:519:Infinity":102,"s:516:6:516:Infinity":103,"s:518:6:518:Infinity":104,"s:519:6:519:Infinity":105,"s:522:2:522:Infinity":106,"f:525:15:525:40":22,"s:526:15:526:50":107,"b:527:2:529:Infinity:undefined:undefined:undefined:undefined":38,"s:527:2:529:Infinity":108,"s:528:4:528:Infinity":109,"s:529:4:529:Infinity":110,"s:532:17:532:32":111,"s:533:17:533:40":112,"s:534:17:534:55":113,"s:536:2:536:Infinity":114,"s:538:2:538:Infinity":115,"b:540:2:549:Infinity:undefined:undefined:undefined:undefined":39,"s:540:2:549:Infinity":116,"s:541:4:545:Infinity":117,"b:546:4:547:Infinity:undefined:undefined:undefined:undefined":40,"s:546:4:547:Infinity":118,"s:547:6:547:Infinity":119,"s:549:4:549:Infinity":120,"b:552:2:561:Infinity:undefined:undefined:undefined:undefined":41,"s:552:2:561:Infinity":121,"s:553:4:561:Infinity":122,"s:567:6:572:Infinity":123,"f:567:6:567:34":23,"b:568:2:568:Infinity:undefined:undefined:undefined:undefined":42,"s:568:2:568:Infinity":124,"b:568:6:568:40:568:40:568:58":43,"s:568:58:568:Infinity":125,"s:570:16:570:Infinity":126,"s:571:2:571:Infinity":127,"b:571:9:571:52:571:56:571:99":44,"b:574:0:579:Infinity:undefined:undefined:undefined:undefined":45,"s:574:0:579:Infinity":128,"s:575:2:579:Infinity":129,"f:575:12:575:19":24,"s:576:16:576:64":130,"b:576:39:576:53:576:53:576:64":46,"s:577:4:577:Infinity":131,"s:578:4:578:Infinity":132}}}
,"/home/runner/work/riksdagsmonitor/riksdagsmonitor/scripts/fetch-statskontoret.ts": {"path":"/home/runner/work/riksdagsmonitor/riksdagsmonitor/scripts/fetch-statskontoret.ts","statementMap":{"0":{"start":{"line":49,"column":19},"end":{"line":49,"column":49}},"1":{"start":{"line":50,"column":18},"end":{"line":50,"column":62}},"2":{"start":{"line":53,"column":28},"end":{"line":53,"column":null}},"3":{"start":{"line":56,"column":40},"end":{"line":60,"column":null}},"4":{"start":{"line":101,"column":2},"end":{"line":101,"column":null}},"5":{"start":{"line":105,"column":2},"end":{"line":105,"column":null}},"6":{"start":{"line":109,"column":2},"end":{"line":113,"column":null}},"7":{"start":{"line":110,"column":16},"end":{"line":110,"column":50}},"8":{"start":{"line":111,"column":4},"end":{"line":111,"column":null}},"9":{"start":{"line":113,"column":4},"end":{"line":113,"column":null}},"10":{"start":{"line":118,"column":14},"end":{"line":118,"column":36}},"11":{"start":{"line":119,"column":2},"end":{"line":119,"column":null}},"12":{"start":{"line":120,"column":2},"end":{"line":120,"column":null}},"13":{"start":{"line":124,"column":14},"end":{"line":124,"column":56}},"14":{"start":{"line":125,"column":2},"end":{"line":125,"column":null}},"15":{"start":{"line":155,"column":6},"end":{"line":155,"column":null}},"16":{"start":{"line":157,"column":8},"end":{"line":157,"column":50}},"17":{"start":{"line":158,"column":19},"end":{"line":158,"column":54}},"18":{"start":{"line":161,"column":17},"end":{"line":161,"column":41}},"19":{"start":{"line":162,"column":2},"end":{"line":173,"column":null}},"20":{"start":{"line":163,"column":23},"end":{"line":163,"column":72}},"21":{"start":{"line":164,"column":4},"end":{"line":173,"column":null}},"22":{"start":{"line":177,"column":17},"end":{"line":177,"column":54}},"23":{"start":{"line":181,"column":2},"end":{"line":207,"column":null}},"24":{"start":{"line":182,"column":4},"end":{"line":182,"column":null}},"25":{"start":{"line":185,"column":4},"end":{"line":185,"column":null}},"26":{"start":{"line":186,"column":4},"end":{"line":186,"column":null}},"27":{"start":{"line":189,"column":4},"end":{"line":200,"column":null}},"28":{"start":{"line":190,"column":25},"end":{"line":190,"column":74}},"29":{"start":{"line":191,"column":6},"end":{"line":200,"column":null}},"30":{"start":{"line":202,"column":19},"end":{"line":202,"column":73}},"31":{"start":{"line":203,"column":4},"end":{"line":207,"column":null}},"32":{"start":{"line":210,"column":2},"end":{"line":219,"column":null}},"33":{"start":{"line":234,"column":78},"end":{"line":234,"column":null}},"34":{"start":{"line":235,"column":19},"end":{"line":235,"column":54}},"35":{"start":{"line":236,"column":17},"end":{"line":236,"column":41}},"36":{"start":{"line":237,"column":2},"end":{"line":237,"column":null}},"37":{"start":{"line":245,"column":2},"end":{"line":245,"column":null}},"38":{"start":{"line":245,"column":42},"end":{"line":245,"column":48}}},"fnMap":{"0":{"name":"cacheDir","decl":{"start":{"line":100,"column":9},"end":{"line":100,"column":18}},"loc":{"start":{"line":100,"column":80},"end":{"line":101,"column":null}},"line":100},"1":{"name":"cacheFilePath","decl":{"start":{"line":104,"column":9},"end":{"line":104,"column":23}},"loc":{"start":{"line":104,"column":85},"end":{"line":105,"column":null}},"line":104},"2":{"name":"readCacheEntry","decl":{"start":{"line":108,"column":9},"end":{"line":108,"column":24}},"loc":{"start":{"line":108,"column":66},"end":{"line":113,"column":null}},"line":108},"3":{"name":"writeCacheEntry","decl":{"start":{"line":117,"column":9},"end":{"line":117,"column":25}},"loc":{"start":{"line":117,"column":68},"end":{"line":120,"column":null}},"line":117},"4":{"name":"isCacheFresh","decl":{"start":{"line":123,"column":9},"end":{"line":123,"column":22}},"loc":{"start":{"line":123,"column":65},"end":{"line":125,"column":null}},"line":123},"5":{"name":"fetchStatskontoretCached","decl":{"start":{"line":147,"column":22},"end":{"line":147,"column":null}},"loc":{"start":{"line":150,"column":39},"end":{"line":219,"column":null}},"line":150},"6":{"name":"isStatskontoretCacheFresh","decl":{"start":{"line":230,"column":16},"end":{"line":230,"column":null}},"loc":{"start":{"line":233,"column":11},"end":{"line":237,"column":null}},"line":233},"7":{"name":"statskontoretSourceKeys","decl":{"start":{"line":244,"column":16},"end":{"line":244,"column":77}},"loc":{"start":{"line":244,"column":77},"end":{"line":245,"column":null}},"line":244},"8":{"name":"(anonymous_8)","decl":{"start":{"line":245,"column":31},"end":{"line":245,"column":36}},"loc":{"start":{"line":245,"column":42},"end":{"line":245,"column":48}},"line":245}},"branchMap":{"0":{"loc":{"start":{"line":149,"column":2},"end":{"line":149,"column":47}},"type":"default-arg","locations":[{"start":{"line":149,"column":45},"end":{"line":149,"column":47}}],"line":149},"1":{"loc":{"start":{"line":152,"column":4},"end":{"line":152,"column":null}},"type":"default-arg","locations":[{"start":{"line":152,"column":17},"end":{"line":152,"column":null}}],"line":152},"2":{"loc":{"start":{"line":153,"column":4},"end":{"line":153,"column":null}},"type":"default-arg","locations":[{"start":{"line":153,"column":16},"end":{"line":153,"column":null}}],"line":153},"3":{"loc":{"start":{"line":154,"column":4},"end":{"line":154,"column":21}},"type":"default-arg","locations":[{"start":{"line":154,"column":19},"end":{"line":154,"column":21}}],"line":154},"4":{"loc":{"start":{"line":162,"column":2},"end":{"line":173,"column":null}},"type":"if","locations":[{"start":{"line":162,"column":2},"end":{"line":173,"column":null}},{"start":{},"end":{}}],"line":162},"5":{"loc":{"start":{"line":162,"column":6},"end":{"line":162,"column":72}},"type":"binary-expr","locations":[{"start":{"line":162,"column":6},"end":{"line":162,"column":30}},{"start":{"line":162,"column":30},"end":{"line":162,"column":72}}],"line":162},"6":{"loc":{"start":{"line":189,"column":4},"end":{"line":200,"column":null}},"type":"if","locations":[{"start":{"line":189,"column":4},"end":{"line":200,"column":null}},{"start":{},"end":{}}],"line":189},"7":{"loc":{"start":{"line":202,"column":19},"end":{"line":202,"column":73}},"type":"cond-expr","locations":[{"start":{"line":202,"column":44},"end":{"line":202,"column":60}},{"start":{"line":202,"column":60},"end":{"line":202,"column":73}}],"line":202},"8":{"loc":{"start":{"line":232,"column":2},"end":{"line":232,"column":81}},"type":"default-arg","locations":[{"start":{"line":232,"column":79},"end":{"line":232,"column":81}}],"line":232},"9":{"loc":{"start":{"line":234,"column":10},"end":{"line":234,"column":37}},"type":"default-arg","locations":[{"start":{"line":234,"column":23},"end":{"line":234,"column":37}}],"line":234},"10":{"loc":{"start":{"line":234,"column":37},"end":{"line":234,"column":78}},"type":"default-arg","locations":[{"start":{"line":234,"column":49},"end":{"line":234,"column":78}}],"line":234},"11":{"loc":{"start":{"line":237,"column":9},"end":{"line":237,"column":75}},"type":"binary-expr","locations":[{"start":{"line":237,"column":9},"end":{"line":237,"column":33}},{"start":{"line":237,"column":33},"end":{"line":237,"column":75}}],"line":237}},"s":{"0":1,"1":1,"2":1,"3":1,"4":6,"5":6,"6":6,"7":6,"8":6,"9":2,"10":0,"11":0,"12":0,"13":4,"14":4,"15":3,"16":3,"17":3,"18":3,"19":3,"20":1,"21":1,"22":2,"23":2,"24":2,"25":0,"26":0,"27":2,"28":1,"29":1,"30":1,"31":2,"32":0,"33":3,"34":3,"35":3,"36":3,"37":1,"38":4},"f":{"0":6,"1":6,"2":6,"3":0,"4":4,"5":3,"6":3,"7":1,"8":4},"b":{"0":[3],"1":[3],"2":[3],"3":[3],"4":[1,2],"5":[3,2],"6":[1,1],"7":[1,0],"8":[3],"9":[3],"10":[3],"11":[3,2]},"meta":{"lastBranch":12,"lastFunction":9,"lastStatement":39,"seen":{"s:49:19:49:49":0,"s:50:18:50:62":1,"s:53:28:53:Infinity":2,"s:56:40:60:Infinity":3,"f:100:9:100:18":0,"s:101:2:101:Infinity":4,"f:104:9:104:23":1,"s:105:2:105:Infinity":5,"f:108:9:108:24":2,"s:109:2:113:Infinity":6,"s:110:16:110:50":7,"s:111:4:111:Infinity":8,"s:113:4:113:Infinity":9,"f:117:9:117:25":3,"s:118:14:118:36":10,"s:119:2:119:Infinity":11,"s:120:2:120:Infinity":12,"f:123:9:123:22":4,"s:124:14:124:56":13,"s:125:2:125:Infinity":14,"f:147:22:147:Infinity":5,"b:149:45:149:47":0,"s:155:6:155:Infinity":15,"b:152:17:152:Infinity":1,"b:153:16:153:Infinity":2,"b:154:19:154:21":3,"s:157:8:157:50":16,"s:158:19:158:54":17,"s:161:17:161:41":18,"b:162:2:173:Infinity:undefined:undefined:undefined:undefined":4,"s:162:2:173:Infinity":19,"b:162:6:162:30:162:30:162:72":5,"s:163:23:163:72":20,"s:164:4:173:Infinity":21,"s:177:17:177:54":22,"s:181:2:207:Infinity":23,"s:182:4:182:Infinity":24,"s:185:4:185:Infinity":25,"s:186:4:186:Infinity":26,"b:189:4:200:Infinity:undefined:undefined:undefined:undefined":6,"s:189:4:200:Infinity":27,"s:190:25:190:74":28,"s:191:6:200:Infinity":29,"s:202:19:202:73":30,"b:202:44:202:60:202:60:202:73":7,"s:203:4:207:Infinity":31,"s:210:2:219:Infinity":32,"f:230:16:230:Infinity":6,"b:232:79:232:81":8,"s:234:78:234:Infinity":33,"b:234:23:234:37":9,"b:234:49:234:78":10,"s:235:19:235:54":34,"s:236:17:236:41":35,"s:237:2:237:Infinity":36,"b:237:9:237:33:237:33:237:75":11,"f:244:16:244:77":7,"s:245:2:245:Infinity":37,"f:245:31:245:36":8,"s:245:42:245:48":38}}}
,"/home/runner/work/riksdagsmonitor/riksdagsmonitor/scripts/generate-article-types-doc.ts": {"path":"/home/runner/work/riksdagsmonitor/riksdagsmonitor/scripts/generate-article-types-doc.ts","statementMap":{"0":{"start":{"line":22,"column":19},"end":{"line":22,"column":49}},"1":{"start":{"line":23,"column":18},"end":{"line":23,"column":37}},"2":{"start":{"line":24,"column":17},"end":{"line":24,"column":41}},"3":{"start":{"line":26,"column":23},"end":{"line":26,"column":null}},"4":{"start":{"line":27,"column":21},"end":{"line":27,"column":null}},"5":{"start":{"line":33,"column":14},"end":{"line":33,"column":48}},"6":{"start":{"line":34,"column":41},"end":{"line":34,"column":56}},"7":{"start":{"line":36,"column":2},"end":{"line":37,"column":null}},"8":{"start":{"line":37,"column":4},"end":{"line":37,"column":null}},"9":{"start":{"line":39,"column":2},"end":{"line":40,"column":null}},"10":{"start":{"line":40,"column":4},"end":{"line":40,"column":null}},"11":{"start":{"line":42,"column":2},"end":{"line":53,"column":null}},"12":{"start":{"line":43,"column":4},"end":{"line":44,"column":null}},"13":{"start":{"line":44,"column":6},"end":{"line":44,"column":null}},"14":{"start":{"line":46,"column":4},"end":{"line":47,"column":null}},"15":{"start":{"line":47,"column":6},"end":{"line":47,"column":null}},"16":{"start":{"line":49,"column":4},"end":{"line":50,"column":null}},"17":{"start":{"line":50,"column":6},"end":{"line":50,"column":null}},"18":{"start":{"line":52,"column":4},"end":{"line":53,"column":null}},"19":{"start":{"line":53,"column":6},"end":{"line":53,"column":null}},"20":{"start":{"line":56,"column":2},"end":{"line":56,"column":null}},"21":{"start":{"line":63,"column":17},"end":{"line":63,"column":null}},"22":{"start":{"line":64,"column":20},"end":{"line":64,"column":null}},"23":{"start":{"line":66,"column":15},"end":{"line":69,"column":null}},"24":{"start":{"line":67,"column":17},"end":{"line":67,"column":null}},"25":{"start":{"line":68,"column":4},"end":{"line":68,"column":null}},"26":{"start":{"line":71,"column":2},"end":{"line":71,"column":null}},"27":{"start":{"line":79,"column":19},"end":{"line":79,"column":46}},"28":{"start":{"line":80,"column":17},"end":{"line":80,"column":42}},"29":{"start":{"line":82,"column":2},"end":{"line":85,"column":null}},"30":{"start":{"line":83,"column":4},"end":{"line":85,"column":null}},"31":{"start":{"line":87,"column":2},"end":{"line":88,"column":null}},"32":{"start":{"line":88,"column":4},"end":{"line":88,"column":null}},"33":{"start":{"line":91,"column":17},"end":{"line":91,"column":63}},"34":{"start":{"line":92,"column":16},"end":{"line":92,"column":33}},"35":{"start":{"line":94,"column":18},"end":{"line":94,"column":null}},"36":{"start":{"line":96,"column":2},"end":{"line":96,"column":null}},"37":{"start":{"line":106,"column":19},"end":{"line":106,"column":56}},"38":{"start":{"line":107,"column":16},"end":{"line":107,"column":43}},"39":{"start":{"line":108,"column":14},"end":{"line":108,"column":43}},"40":{"start":{"line":109,"column":18},"end":{"line":109,"column":53}},"41":{"start":{"line":110,"column":2},"end":{"line":110,"column":null}},"42":{"start":{"line":114,"column":15},"end":{"line":114,"column":null}},"43":{"start":{"line":115,"column":0},"end":{"line":121,"column":null}},"44":{"start":{"line":116,"column":2},"end":{"line":121,"column":null}},"45":{"start":{"line":117,"column":4},"end":{"line":117,"column":null}},"46":{"start":{"line":118,"column":4},"end":{"line":118,"column":null}},"47":{"start":{"line":120,"column":4},"end":{"line":120,"column":null}},"48":{"start":{"line":121,"column":4},"end":{"line":121,"column":null}}},"fnMap":{"0":{"name":"loadAndValidateRegistry","decl":{"start":{"line":32,"column":16},"end":{"line":32,"column":40}},"loc":{"start":{"line":32,"column":84},"end":{"line":56,"column":null}},"line":32},"1":{"name":"renderTable","decl":{"start":{"line":62,"column":16},"end":{"line":62,"column":28}},"loc":{"start":{"line":62,"column":72},"end":{"line":71,"column":null}},"line":62},"2":{"name":"(anonymous_2)","decl":{"start":{"line":66,"column":21},"end":{"line":66,"column":26}},"loc":{"start":{"line":66,"column":32},"end":{"line":69,"column":null}},"line":66},"3":{"name":"replaceBetweenSentinels","decl":{"start":{"line":78,"column":16},"end":{"line":78,"column":40}},"loc":{"start":{"line":78,"column":76},"end":{"line":96,"column":null}},"line":78},"4":{"name":"generate","decl":{"start":{"line":102,"column":16},"end":{"line":102,"column":null}},"loc":{"start":{"line":105,"column":8},"end":{"line":110,"column":null}},"line":105}},"branchMap":{"0":{"loc":{"start":{"line":36,"column":2},"end":{"line":37,"column":null}},"type":"if","locations":[{"start":{"line":36,"column":2},"end":{"line":37,"column":null}},{"start":{},"end":{}}],"line":36},"1":{"loc":{"start":{"line":36,"column":6},"end":{"line":36,"column":76}},"type":"binary-expr","locations":[{"start":{"line":36,"column":6},"end":{"line":36,"column":27}},{"start":{"line":36,"column":27},"end":{"line":36,"column":46}},{"start":{"line":36,"column":46},"end":{"line":36,"column":76}}],"line":36},"2":{"loc":{"start":{"line":39,"column":2},"end":{"line":40,"column":null}},"type":"if","locations":[{"start":{"line":39,"column":2},"end":{"line":40,"column":null}},{"start":{},"end":{}}],"line":39},"3":{"loc":{"start":{"line":43,"column":4},"end":{"line":44,"column":null}},"type":"if","locations":[{"start":{"line":43,"column":4},"end":{"line":44,"column":null}},{"start":{},"end":{}}],"line":43},"4":{"loc":{"start":{"line":43,"column":8},"end":{"line":43,"column":82}},"type":"binary-expr","locations":[{"start":{"line":43,"column":8},"end":{"line":43,"column":17}},{"start":{"line":43,"column":17},"end":{"line":43,"column":30}},{"start":{"line":43,"column":30},"end":{"line":43,"column":55}},{"start":{"line":43,"column":55},"end":{"line":43,"column":82}}],"line":43},"5":{"loc":{"start":{"line":44,"column":82},"end":{"line":44,"column":102}},"type":"binary-expr","locations":[{"start":{"line":44,"column":82},"end":{"line":44,"column":90}},{"start":{"line":44,"column":90},"end":{"line":44,"column":102}}],"line":44},"6":{"loc":{"start":{"line":46,"column":4},"end":{"line":47,"column":null}},"type":"if","locations":[{"start":{"line":46,"column":4},"end":{"line":47,"column":null}},{"start":{},"end":{}}],"line":46},"7":{"loc":{"start":{"line":46,"column":8},"end":{"line":46,"column":78}},"type":"binary-expr","locations":[{"start":{"line":46,"column":8},"end":{"line":46,"column":38}},{"start":{"line":46,"column":38},"end":{"line":46,"column":78}}],"line":46},"8":{"loc":{"start":{"line":49,"column":4},"end":{"line":50,"column":null}},"type":"if","locations":[{"start":{"line":49,"column":4},"end":{"line":50,"column":null}},{"start":{},"end":{}}],"line":49},"9":{"loc":{"start":{"line":52,"column":4},"end":{"line":53,"column":null}},"type":"if","locations":[{"start":{"line":52,"column":4},"end":{"line":53,"column":null}},{"start":{},"end":{}}],"line":52},"10":{"loc":{"start":{"line":52,"column":8},"end":{"line":52,"column":46}},"type":"binary-expr","locations":[{"start":{"line":52,"column":8},"end":{"line":52,"column":27}},{"start":{"line":52,"column":27},"end":{"line":52,"column":46}}],"line":52},"11":{"loc":{"start":{"line":67,"column":17},"end":{"line":67,"column":null}},"type":"cond-expr","locations":[{"start":{"line":67,"column":34},"end":{"line":67,"column":54}},{"start":{"line":67,"column":54},"end":{"line":67,"column":null}}],"line":67},"12":{"loc":{"start":{"line":67,"column":59},"end":{"line":67,"column":83}},"type":"binary-expr","locations":[{"start":{"line":67,"column":59},"end":{"line":67,"column":79}},{"start":{"line":67,"column":79},"end":{"line":67,"column":83}}],"line":67},"13":{"loc":{"start":{"line":82,"column":2},"end":{"line":85,"column":null}},"type":"if","locations":[{"start":{"line":82,"column":2},"end":{"line":85,"column":null}},{"start":{},"end":{}}],"line":82},"14":{"loc":{"start":{"line":82,"column":6},"end":{"line":82,"column":40}},"type":"binary-expr","locations":[{"start":{"line":82,"column":6},"end":{"line":82,"column":25}},{"start":{"line":82,"column":25},"end":{"line":82,"column":40}}],"line":82},"15":{"loc":{"start":{"line":87,"column":2},"end":{"line":88,"column":null}},"type":"if","locations":[{"start":{"line":87,"column":2},"end":{"line":88,"column":null}},{"start":{},"end":{}}],"line":87},"16":{"loc":{"start":{"line":103,"column":2},"end":{"line":103,"column":73}},"type":"default-arg","locations":[{"start":{"line":103,"column":25},"end":{"line":103,"column":73}}],"line":103},"17":{"loc":{"start":{"line":104,"column":2},"end":{"line":104,"column":62}},"type":"default-arg","locations":[{"start":{"line":104,"column":20},"end":{"line":104,"column":62}}],"line":104},"18":{"loc":{"start":{"line":114,"column":15},"end":{"line":114,"column":null}},"type":"binary-expr","locations":[{"start":{"line":114,"column":15},"end":{"line":114,"column":34}},{"start":{"line":114,"column":34},"end":{"line":114,"column":null}}],"line":114},"19":{"loc":{"start":{"line":115,"column":0},"end":{"line":121,"column":null}},"type":"if","locations":[{"start":{"line":115,"column":0},"end":{"line":121,"column":null}},{"start":{},"end":{}}],"line":115}},"s":{"0":1,"1":1,"2":1,"3":1,"4":1,"5":11,"6":11,"7":11,"8":1,"9":10,"10":1,"11":9,"12":69,"13":1,"14":68,"15":1,"16":67,"17":1,"18":66,"19":1,"20":5,"21":4,"22":4,"23":4,"24":52,"25":52,"26":4,"27":6,"28":6,"29":6,"30":1,"31":5,"32":1,"33":4,"34":4,"35":4,"36":4,"37":1,"38":1,"39":1,"40":1,"41":1,"42":1,"43":1,"44":0,"45":0,"46":0,"47":0,"48":0},"f":{"0":11,"1":4,"2":52,"3":6,"4":1},"b":{"0":[1,10],"1":[11,10,10],"2":[1,9],"3":[1,68],"4":[69,69,69,68],"5":[1,0],"6":[1,67],"7":[68,67],"8":[1,66],"9":[1,65],"10":[66,61],"11":[4,48],"12":[48,0],"13":[1,5],"14":[6,5],"15":[1,4],"16":[1],"17":[1],"18":[1,1],"19":[0,1]},"meta":{"lastBranch":20,"lastFunction":5,"lastStatement":49,"seen":{"s:22:19:22:49":0,"s:23:18:23:37":1,"s:24:17:24:41":2,"s:26:23:26:Infinity":3,"s:27:21:27:Infinity":4,"f:32:16:32:40":0,"s:33:14:33:48":5,"s:34:41:34:56":6,"b:36:2:37:Infinity:undefined:undefined:undefined:undefined":0,"s:36:2:37:Infinity":7,"b:36:6:36:27:36:27:36:46:36:46:36:76":1,"s:37:4:37:Infinity":8,"b:39:2:40:Infinity:undefined:undefined:undefined:undefined":2,"s:39:2:40:Infinity":9,"s:40:4:40:Infinity":10,"s:42:2:53:Infinity":11,"b:43:4:44:Infinity:undefined:undefined:undefined:undefined":3,"s:43:4:44:Infinity":12,"b:43:8:43:17:43:17:43:30:43:30:43:55:43:55:43:82":4,"s:44:6:44:Infinity":13,"b:44:82:44:90:44:90:44:102":5,"b:46:4:47:Infinity:undefined:undefined:undefined:undefined":6,"s:46:4:47:Infinity":14,"b:46:8:46:38:46:38:46:78":7,"s:47:6:47:Infinity":15,"b:49:4:50:Infinity:undefined:undefined:undefined:undefined":8,"s:49:4:50:Infinity":16,"s:50:6:50:Infinity":17,"b:52:4:53:Infinity:undefined:undefined:undefined:undefined":9,"s:52:4:53:Infinity":18,"b:52:8:52:27:52:27:52:46":10,"s:53:6:53:Infinity":19,"s:56:2:56:Infinity":20,"f:62:16:62:28":1,"s:63:17:63:Infinity":21,"s:64:20:64:Infinity":22,"s:66:15:69:Infinity":23,"f:66:21:66:26":2,"s:67:17:67:Infinity":24,"b:67:34:67:54:67:54:67:Infinity":11,"b:67:59:67:79:67:79:67:83":12,"s:68:4:68:Infinity":25,"s:71:2:71:Infinity":26,"f:78:16:78:40":3,"s:79:19:79:46":27,"s:80:17:80:42":28,"b:82:2:85:Infinity:undefined:undefined:undefined:undefined":13,"s:82:2:85:Infinity":29,"b:82:6:82:25:82:25:82:40":14,"s:83:4:85:Infinity":30,"b:87:2:88:Infinity:undefined:undefined:undefined:undefined":15,"s:87:2:88:Infinity":31,"s:88:4:88:Infinity":32,"s:91:17:91:63":33,"s:92:16:92:33":34,"s:94:18:94:Infinity":35,"s:96:2:96:Infinity":36,"f:102:16:102:Infinity":4,"b:103:25:103:73":16,"b:104:20:104:62":17,"s:106:19:106:56":37,"s:107:16:107:43":38,"s:108:14:108:43":39,"s:109:18:109:53":40,"s:110:2:110:Infinity":41,"s:114:15:114:Infinity":42,"b:114:15:114:34:114:34:114:Infinity":18,"b:115:0:121:Infinity:undefined:undefined:undefined:undefined":19,"s:115:0:121:Infinity":43,"s:116:2:121:Infinity":44,"s:117:4:117:Infinity":45,"s:118:4:118:Infinity":46,"s:120:4:120:Infinity":47,"s:121:4:121:Infinity":48}}}
,"/home/runner/work/riksdagsmonitor/riksdagsmonitor/scripts/horizon-context.ts": {"path":"/home/runner/work/riksdagsmonitor/riksdagsmonitor/scripts/horizon-context.ts","statementMap":{"0":{"start":{"line":38,"column":19},"end":{"line":38,"column":49}},"1":{"start":{"line":39,"column":18},"end":{"line":39,"column":37}},"2":{"start":{"line":40,"column":17},"end":{"line":40,"column":41}},"3":{"start":{"line":100,"column":42},"end":{"line":100,"column":null}},"4":{"start":{"line":106,"column":2},"end":{"line":106,"column":null}},"5":{"start":{"line":106,"column":14},"end":{"line":106,"column":null}},"6":{"start":{"line":107,"column":15},"end":{"line":107,"column":63}},"7":{"start":{"line":108,"column":14},"end":{"line":108,"column":40}},"8":{"start":{"line":109,"column":2},"end":{"line":109,"column":null}},"9":{"start":{"line":110,"column":2},"end":{"line":110,"column":null}},"10":{"start":{"line":117,"column":14},"end":{"line":117,"column":28}},"11":{"start":{"line":118,"column":16},"end":{"line":118,"column":50}},"12":{"start":{"line":118,"column":38},"end":{"line":118,"column":50}},"13":{"start":{"line":119,"column":2},"end":{"line":122,"column":null}},"14":{"start":{"line":120,"column":4},"end":{"line":122,"column":null}},"15":{"start":{"line":121,"column":67},"end":{"line":121,"column":72}},"16":{"start":{"line":124,"column":2},"end":{"line":124,"column":null}},"17":{"start":{"line":132,"column":14},"end":{"line":132,"column":28}},"18":{"start":{"line":133,"column":15},"end":{"line":133,"column":64}},"19":{"start":{"line":134,"column":16},"end":{"line":134,"column":47}},"20":{"start":{"line":135,"column":2},"end":{"line":135,"column":null}},"21":{"start":{"line":143,"column":14},"end":{"line":143,"column":28}},"22":{"start":{"line":144,"column":15},"end":{"line":144,"column":46}},"23":{"start":{"line":145,"column":20},"end":{"line":145,"column":69}},"24":{"start":{"line":146,"column":18},"end":{"line":146,"column":65}},"25":{"start":{"line":147,"column":2},"end":{"line":147,"column":null}},"26":{"start":{"line":160,"column":12},"end":{"line":160,"column":33}},"27":{"start":{"line":161,"column":15},"end":{"line":161,"column":33}},"28":{"start":{"line":162,"column":16},"end":{"line":162,"column":null}},"29":{"start":{"line":163,"column":2},"end":{"line":163,"column":null}},"30":{"start":{"line":163,"column":19},"end":{"line":163,"column":null}},"31":{"start":{"line":164,"column":2},"end":{"line":164,"column":null}},"32":{"start":{"line":164,"column":18},"end":{"line":164,"column":null}},"33":{"start":{"line":165,"column":2},"end":{"line":165,"column":null}},"34":{"start":{"line":176,"column":12},"end":{"line":176,"column":33}},"35":{"start":{"line":177,"column":12},"end":{"line":177,"column":null}},"36":{"start":{"line":178,"column":14},"end":{"line":178,"column":28}},"37":{"start":{"line":179,"column":2},"end":{"line":179,"column":null}},"38":{"start":{"line":179,"column":65},"end":{"line":179,"column":null}},"39":{"start":{"line":180,"column":2},"end":{"line":180,"column":null}},"40":{"start":{"line":180,"column":42},"end":{"line":180,"column":null}},"41":{"start":{"line":181,"column":2},"end":{"line":181,"column":null}},"42":{"start":{"line":181,"column":73},"end":{"line":181,"column":null}},"43":{"start":{"line":182,"column":2},"end":{"line":182,"column":null}},"44":{"start":{"line":199,"column":22},"end":{"line":199,"column":44}},"45":{"start":{"line":200,"column":14},"end":{"line":200,"column":41}},"46":{"start":{"line":201,"column":2},"end":{"line":208,"column":null}},"47":{"start":{"line":215,"column":37},"end":{"line":223,"column":2}},"48":{"start":{"line":236,"column":13},"end":{"line":236,"column":34}},"49":{"start":{"line":237,"column":6},"end":{"line":243,"column":null}},"50":{"start":{"line":238,"column":2},"end":{"line":241,"column":null}},"51":{"start":{"line":239,"column":4},"end":{"line":239,"column":null}},"52":{"start":{"line":241,"column":4},"end":{"line":241,"column":null}},"53":{"start":{"line":244,"column":0},"end":{"line":251,"column":null}},"54":{"start":{"line":245,"column":32},"end":{"line":245,"column":null}},"55":{"start":{"line":246,"column":2},"end":{"line":248,"column":null}},"56":{"start":{"line":247,"column":4},"end":{"line":247,"column":null}},"57":{"start":{"line":248,"column":4},"end":{"line":248,"column":null}},"58":{"start":{"line":250,"column":14},"end":{"line":250,"column":49}},"59":{"start":{"line":251,"column":2},"end":{"line":251,"column":null}}},"fnMap":{"0":{"name":"loadRegistry","decl":{"start":{"line":105,"column":16},"end":{"line":105,"column":53}},"loc":{"start":{"line":105,"column":53},"end":{"line":110,"column":null}},"line":105},"1":{"name":"getArticleType","decl":{"start":{"line":116,"column":16},"end":{"line":116,"column":31}},"loc":{"start":{"line":116,"column":61},"end":{"line":124,"column":null}},"line":116},"2":{"name":"(anonymous_2)","decl":{"start":{"line":118,"column":26},"end":{"line":118,"column":32}},"loc":{"start":{"line":118,"column":38},"end":{"line":118,"column":50}},"line":118},"3":{"name":"(anonymous_3)","decl":{"start":{"line":121,"column":56},"end":{"line":121,"column":61}},"loc":{"start":{"line":121,"column":67},"end":{"line":121,"column":72}},"line":121},"4":{"name":"daysToElection","decl":{"start":{"line":131,"column":16},"end":{"line":131,"column":31}},"loc":{"start":{"line":131,"column":60},"end":{"line":135,"column":null}},"line":131},"5":{"name":"activeCycleAnchor","decl":{"start":{"line":142,"column":16},"end":{"line":142,"column":34}},"loc":{"start":{"line":142,"column":75},"end":{"line":147,"column":null}},"line":142},"6":{"name":"weoVintage","decl":{"start":{"line":159,"column":16},"end":{"line":159,"column":27}},"loc":{"start":{"line":159,"column":56},"end":{"line":165,"column":null}},"line":159},"7":{"name":"sessionPhase","decl":{"start":{"line":173,"column":16},"end":{"line":173,"column":null}},"loc":{"start":{"line":175,"column":57},"end":{"line":182,"column":null}},"line":175},"8":{"name":"horizonContext","decl":{"start":{"line":198,"column":16},"end":{"line":198,"column":31}},"loc":{"start":{"line":198,"column":84},"end":{"line":208,"column":null}},"line":198},"9":{"name":"(anonymous_9)","decl":{"start":{"line":237,"column":6},"end":{"line":237,"column":22}},"loc":{"start":{"line":237,"column":22},"end":{"line":243,"column":null}},"line":237}},"branchMap":{"0":{"loc":{"start":{"line":106,"column":2},"end":{"line":106,"column":null}},"type":"if","locations":[{"start":{"line":106,"column":2},"end":{"line":106,"column":null}},{"start":{},"end":{}}],"line":106},"1":{"loc":{"start":{"line":119,"column":2},"end":{"line":122,"column":null}},"type":"if","locations":[{"start":{"line":119,"column":2},"end":{"line":122,"column":null}},{"start":{},"end":{}}],"line":119},"2":{"loc":{"start":{"line":147,"column":9},"end":{"line":147,"column":null}},"type":"cond-expr","locations":[{"start":{"line":147,"column":47},"end":{"line":147,"column":56}},{"start":{"line":147,"column":56},"end":{"line":147,"column":null}}],"line":147},"3":{"loc":{"start":{"line":147,"column":9},"end":{"line":147,"column":47}},"type":"binary-expr","locations":[{"start":{"line":147,"column":9},"end":{"line":147,"column":30}},{"start":{"line":147,"column":30},"end":{"line":147,"column":47}}],"line":147},"4":{"loc":{"start":{"line":163,"column":2},"end":{"line":163,"column":null}},"type":"if","locations":[{"start":{"line":163,"column":2},"end":{"line":163,"column":null}},{"start":{},"end":{}}],"line":163},"5":{"loc":{"start":{"line":164,"column":2},"end":{"line":164,"column":null}},"type":"if","locations":[{"start":{"line":164,"column":2},"end":{"line":164,"column":null}},{"start":{},"end":{}}],"line":164},"6":{"loc":{"start":{"line":179,"column":2},"end":{"line":179,"column":null}},"type":"if","locations":[{"start":{"line":179,"column":2},"end":{"line":179,"column":null}},{"start":{},"end":{}}],"line":179},"7":{"loc":{"start":{"line":179,"column":6},"end":{"line":179,"column":65}},"type":"binary-expr","locations":[{"start":{"line":179,"column":6},"end":{"line":179,"column":17}},{"start":{"line":179,"column":17},"end":{"line":179,"column":29}},{"start":{"line":179,"column":29},"end":{"line":179,"column":42}},{"start":{"line":179,"column":42},"end":{"line":179,"column":54}},{"start":{"line":179,"column":54},"end":{"line":179,"column":65}}],"line":179},"8":{"loc":{"start":{"line":180,"column":2},"end":{"line":180,"column":null}},"type":"if","locations":[{"start":{"line":180,"column":2},"end":{"line":180,"column":null}},{"start":{},"end":{}}],"line":180},"9":{"loc":{"start":{"line":180,"column":7},"end":{"line":180,"column":42}},"type":"binary-expr","locations":[{"start":{"line":180,"column":7},"end":{"line":180,"column":19}},{"start":{"line":180,"column":19},"end":{"line":180,"column":33}},{"start":{"line":180,"column":33},"end":{"line":180,"column":42}}],"line":180},"10":{"loc":{"start":{"line":181,"column":2},"end":{"line":181,"column":null}},"type":"if","locations":[{"start":{"line":181,"column":2},"end":{"line":181,"column":null}},{"start":{},"end":{}}],"line":181},"11":{"loc":{"start":{"line":181,"column":6},"end":{"line":181,"column":73}},"type":"binary-expr","locations":[{"start":{"line":181,"column":6},"end":{"line":181,"column":17}},{"start":{"line":181,"column":17},"end":{"line":181,"column":28}},{"start":{"line":181,"column":28},"end":{"line":181,"column":39}},{"start":{"line":181,"column":39},"end":{"line":181,"column":51}},{"start":{"line":181,"column":51},"end":{"line":181,"column":62}},{"start":{"line":181,"column":62},"end":{"line":181,"column":73}}],"line":181},"12":{"loc":{"start":{"line":244,"column":0},"end":{"line":251,"column":null}},"type":"if","locations":[{"start":{"line":244,"column":0},"end":{"line":251,"column":null}},{"start":{},"end":{}}],"line":244},"13":{"loc":{"start":{"line":246,"column":2},"end":{"line":248,"column":null}},"type":"if","locations":[{"start":{"line":246,"column":2},"end":{"line":248,"column":null}},{"start":{},"end":{}}],"line":246},"14":{"loc":{"start":{"line":246,"column":6},"end":{"line":246,"column":31}},"type":"binary-expr","locations":[{"start":{"line":246,"column":6},"end":{"line":246,"column":17}},{"start":{"line":246,"column":17},"end":{"line":246,"column":31}}],"line":246}},"s":{"0":1,"1":1,"2":1,"3":1,"4":21,"5":20,"6":1,"7":1,"8":1,"9":1,"10":6,"11":6,"12":63,"13":6,"14":1,"15":13,"16":5,"17":6,"18":6,"19":6,"20":6,"21":6,"22":6,"23":6,"24":6,"25":6,"26":10,"27":10,"28":10,"29":10,"30":2,"31":8,"32":8,"33":2,"34":12,"35":12,"36":12,"37":12,"38":3,"39":9,"40":2,"41":7,"42":3,"43":4,"44":3,"45":3,"46":3,"47":1,"48":1,"49":1,"50":1,"51":1,"52":0,"53":1,"54":0,"55":0,"56":0,"57":0,"58":0,"59":0},"f":{"0":21,"1":6,"2":63,"3":13,"4":6,"5":6,"6":10,"7":12,"8":3,"9":1},"b":{"0":[20,1],"1":[1,5],"2":[2,4],"3":[6,2],"4":[2,8],"5":[6,2],"6":[3,9],"7":[12,11,11,10,2],"8":[2,7],"9":[9,1,8],"10":[3,4],"11":[7,7,6,6,4,0],"12":[0,1],"13":[0,0],"14":[0,0]},"meta":{"lastBranch":15,"lastFunction":10,"lastStatement":60,"seen":{"s:38:19:38:49":0,"s:39:18:39:37":1,"s:40:17:40:41":2,"s:100:42:100:Infinity":3,"f:105:16:105:53":0,"b:106:2:106:Infinity:undefined:undefined:undefined:undefined":0,"s:106:2:106:Infinity":4,"s:106:14:106:Infinity":5,"s:107:15:107:63":6,"s:108:14:108:40":7,"s:109:2:109:Infinity":8,"s:110:2:110:Infinity":9,"f:116:16:116:31":1,"s:117:14:117:28":10,"s:118:16:118:50":11,"f:118:26:118:32":2,"s:118:38:118:50":12,"b:119:2:122:Infinity:undefined:undefined:undefined:undefined":1,"s:119:2:122:Infinity":13,"s:120:4:122:Infinity":14,"f:121:56:121:61":3,"s:121:67:121:72":15,"s:124:2:124:Infinity":16,"f:131:16:131:31":4,"s:132:14:132:28":17,"s:133:15:133:64":18,"s:134:16:134:47":19,"s:135:2:135:Infinity":20,"f:142:16:142:34":5,"s:143:14:143:28":21,"s:144:15:144:46":22,"s:145:20:145:69":23,"s:146:18:146:65":24,"s:147:2:147:Infinity":25,"b:147:47:147:56:147:56:147:Infinity":2,"b:147:9:147:30:147:30:147:47":3,"f:159:16:159:27":6,"s:160:12:160:33":26,"s:161:15:161:33":27,"s:162:16:162:Infinity":28,"b:163:2:163:Infinity:undefined:undefined:undefined:undefined":4,"s:163:2:163:Infinity":29,"s:163:19:163:Infinity":30,"b:164:2:164:Infinity:undefined:undefined:undefined:undefined":5,"s:164:2:164:Infinity":31,"s:164:18:164:Infinity":32,"s:165:2:165:Infinity":33,"f:173:16:173:Infinity":7,"s:176:12:176:33":34,"s:177:12:177:Infinity":35,"s:178:14:178:28":36,"b:179:2:179:Infinity:undefined:undefined:undefined:undefined":6,"s:179:2:179:Infinity":37,"b:179:6:179:17:179:17:179:29:179:29:179:42:179:42:179:54:179:54:179:65":7,"s:179:65:179:Infinity":38,"b:180:2:180:Infinity:undefined:undefined:undefined:undefined":8,"s:180:2:180:Infinity":39,"b:180:7:180:19:180:19:180:33:180:33:180:42":9,"s:180:42:180:Infinity":40,"b:181:2:181:Infinity:undefined:undefined:undefined:undefined":10,"s:181:2:181:Infinity":41,"b:181:6:181:17:181:17:181:28:181:28:181:39:181:39:181:51:181:51:181:62:181:62:181:73":11,"s:181:73:181:Infinity":42,"s:182:2:182:Infinity":43,"f:198:16:198:31":8,"s:199:22:199:44":44,"s:200:14:200:41":45,"s:201:2:208:Infinity":46,"s:215:37:223:2":47,"s:236:13:236:34":48,"s:237:6:243:Infinity":49,"f:237:6:237:22":9,"s:238:2:241:Infinity":50,"s:239:4:239:Infinity":51,"s:241:4:241:Infinity":52,"b:244:0:251:Infinity:undefined:undefined:undefined:undefined":12,"s:244:0:251:Infinity":53,"s:245:32:245:Infinity":54,"b:246:2:248:Infinity:undefined:undefined:undefined:undefined":13,"s:246:2:248:Infinity":55,"b:246:6:246:17:246:17:246:31":14,"s:247:4:247:Infinity":56,"s:248:4:248:Infinity":57,"s:250:14:250:49":58,"s:251:2:251:Infinity":59}}}
,"/home/runner/work/riksdagsmonitor/riksdagsmonitor/scripts/html-utils.ts": {"path":"/home/runner/work/riksdagsmonitor/riksdagsmonitor/scripts/html-utils.ts","statementMap":{"0":{"start":{"line":10,"column":58},"end":{"line":16,"column":null}},"1":{"start":{"line":18,"column":28},"end":{"line":18,"column":null}},"2":{"start":{"line":28,"column":2},"end":{"line":28,"column":null}},"3":{"start":{"line":28,"column":13},"end":{"line":28,"column":null}},"4":{"start":{"line":29,"column":2},"end":{"line":32,"column":null}},"5":{"start":{"line":31,"column":27},"end":{"line":31,"column":null}},"6":{"start":{"line":36,"column":59},"end":{"line":50,"column":null}},"7":{"start":{"line":63,"column":2},"end":{"line":63,"column":null}},"8":{"start":{"line":63,"column":13},"end":{"line":63,"column":null}},"9":{"start":{"line":65,"column":15},"end":{"line":65,"column":27}},"10":{"start":{"line":68,"column":2},"end":{"line":75,"column":null}},"11":{"start":{"line":69,"column":22},"end":{"line":69,"column":40}},"12":{"start":{"line":70,"column":4},"end":{"line":73,"column":null}},"13":{"start":{"line":71,"column":6},"end":{"line":71,"column":null}},"14":{"start":{"line":73,"column":6},"end":{"line":73,"column":null}},"15":{"start":{"line":78,"column":2},"end":{"line":85,"column":null}},"16":{"start":{"line":79,"column":22},"end":{"line":79,"column":39}},"17":{"start":{"line":80,"column":4},"end":{"line":83,"column":null}},"18":{"start":{"line":81,"column":6},"end":{"line":81,"column":null}},"19":{"start":{"line":83,"column":6},"end":{"line":83,"column":null}},"20":{"start":{"line":88,"column":2},"end":{"line":91,"column":null}},"21":{"start":{"line":90,"column":27},"end":{"line":90,"column":null}},"22":{"start":{"line":93,"column":2},"end":{"line":93,"column":null}}},"fnMap":{"0":{"name":"escapeHtml","decl":{"start":{"line":27,"column":16},"end":{"line":27,"column":27}},"loc":{"start":{"line":27,"column":77},"end":{"line":32,"column":null}},"line":27},"1":{"name":"(anonymous_1)","decl":{"start":{"line":30,"column":4},"end":{"line":30,"column":null}},"loc":{"start":{"line":31,"column":27},"end":{"line":31,"column":null}},"line":31},"2":{"name":"decodeHtmlEntities","decl":{"start":{"line":62,"column":16},"end":{"line":62,"column":35}},"loc":{"start":{"line":62,"column":76},"end":{"line":93,"column":null}},"line":62},"3":{"name":"(anonymous_3)","decl":{"start":{"line":68,"column":26},"end":{"line":68,"column":40}},"loc":{"start":{"line":68,"column":81},"end":{"line":75,"column":null}},"line":68},"4":{"name":"(anonymous_4)","decl":{"start":{"line":78,"column":26},"end":{"line":78,"column":50}},"loc":{"start":{"line":78,"column":90},"end":{"line":85,"column":null}},"line":78},"5":{"name":"(anonymous_5)","decl":{"start":{"line":89,"column":4},"end":{"line":89,"column":null}},"loc":{"start":{"line":90,"column":27},"end":{"line":90,"column":null}},"line":90}},"branchMap":{"0":{"loc":{"start":{"line":28,"column":2},"end":{"line":28,"column":null}},"type":"if","locations":[{"start":{"line":28,"column":2},"end":{"line":28,"column":null}},{"start":{},"end":{}}],"line":28},"1":{"loc":{"start":{"line":31,"column":27},"end":{"line":31,"column":null}},"type":"binary-expr","locations":[{"start":{"line":31,"column":27},"end":{"line":31,"column":49}},{"start":{"line":31,"column":49},"end":{"line":31,"column":null}}],"line":31},"2":{"loc":{"start":{"line":63,"column":2},"end":{"line":63,"column":null}},"type":"if","locations":[{"start":{"line":63,"column":2},"end":{"line":63,"column":null}},{"start":{},"end":{}}],"line":63},"3":{"loc":{"start":{"line":90,"column":27},"end":{"line":90,"column":null}},"type":"binary-expr","locations":[{"start":{"line":90,"column":27},"end":{"line":90,"column":50}},{"start":{"line":90,"column":50},"end":{"line":90,"column":null}}],"line":90}},"s":{"0":11,"1":11,"2":24327,"3":3,"4":24324,"5":1147,"6":11,"7":62756,"8":17,"9":62739,"10":62739,"11":7677,"12":7677,"13":7677,"14":0,"15":62739,"16":7,"17":7,"18":7,"19":0,"20":62739,"21":1425,"22":62739},"f":{"0":24327,"1":1147,"2":62756,"3":7677,"4":7,"5":1425},"b":{"0":[3,24324],"1":[1147,0],"2":[17,62739],"3":[1425,0]},"meta":{"lastBranch":4,"lastFunction":6,"lastStatement":23,"seen":{"s:10:58:16:Infinity":0,"s:18:28:18:Infinity":1,"f:27:16:27:27":0,"b:28:2:28:Infinity:undefined:undefined:undefined:undefined":0,"s:28:2:28:Infinity":2,"s:28:13:28:Infinity":3,"s:29:2:32:Infinity":4,"f:30:4:30:Infinity":1,"s:31:27:31:Infinity":5,"b:31:27:31:49:31:49:31:Infinity":1,"s:36:59:50:Infinity":6,"f:62:16:62:35":2,"b:63:2:63:Infinity:undefined:undefined:undefined:undefined":2,"s:63:2:63:Infinity":7,"s:63:13:63:Infinity":8,"s:65:15:65:27":9,"s:68:2:75:Infinity":10,"f:68:26:68:40":3,"s:69:22:69:40":11,"s:70:4:73:Infinity":12,"s:71:6:71:Infinity":13,"s:73:6:73:Infinity":14,"s:78:2:85:Infinity":15,"f:78:26:78:50":4,"s:79:22:79:39":16,"s:80:4:83:Infinity":17,"s:81:6:81:Infinity":18,"s:83:6:83:Infinity":19,"s:88:2:91:Infinity":20,"f:89:4:89:Infinity":5,"s:90:27:90:Infinity":21,"b:90:27:90:50:90:50:90:Infinity":3,"s:93:2:93:Infinity":22}}}
,"/home/runner/work/riksdagsmonitor/riksdagsmonitor/scripts/imf-client.ts": {"path":"/home/runner/work/riksdagsmonitor/riksdagsmonitor/scripts/imf-client.ts","statementMap":{"0":{"start":{"line":99,"column":36},"end":{"line":99,"column":null}},"1":{"start":{"line":100,"column":30},"end":{"line":100,"column":null}},"2":{"start":{"line":101,"column":24},"end":{"line":101,"column":null}},"3":{"start":{"line":102,"column":28},"end":{"line":102,"column":null}},"4":{"start":{"line":103,"column":27},"end":{"line":103,"column":null}},"5":{"start":{"line":105,"column":28},"end":{"line":105,"column":null}},"6":{"start":{"line":108,"column":28},"end":{"line":108,"column":null}},"7":{"start":{"line":114,"column":27},"end":{"line":114,"column":null}},"8":{"start":{"line":115,"column":36},"end":{"line":120,"column":null}},"9":{"start":{"line":128,"column":34},"end":{"line":153,"column":null}},"10":{"start":{"line":156,"column":33},"end":{"line":161,"column":null}},"11":{"start":{"line":190,"column":4},"end":{"line":190,"column":null}},"12":{"start":{"line":191,"column":4},"end":{"line":191,"column":null}},"13":{"start":{"line":192,"column":4},"end":{"line":192,"column":null}},"14":{"start":{"line":193,"column":4},"end":{"line":193,"column":null}},"15":{"start":{"line":227,"column":4},"end":{"line":227,"column":null}},"16":{"start":{"line":228,"column":4},"end":{"line":228,"column":null}},"17":{"start":{"line":229,"column":4},"end":{"line":229,"column":null}},"18":{"start":{"line":230,"column":4},"end":{"line":230,"column":null}},"19":{"start":{"line":231,"column":4},"end":{"line":231,"column":null}},"20":{"start":{"line":232,"column":4},"end":{"line":232,"column":null}},"21":{"start":{"line":233,"column":4},"end":{"line":233,"column":null}},"22":{"start":{"line":253,"column":4},"end":{"line":254,"column":null}},"23":{"start":{"line":254,"column":6},"end":{"line":254,"column":null}},"24":{"start":{"line":256,"column":10},"end":{"line":256,"column":39}},"25":{"start":{"line":258,"column":16},"end":{"line":258,"column":null}},"26":{"start":{"line":259,"column":17},"end":{"line":259,"column":47}},"27":{"start":{"line":261,"column":19},"end":{"line":261,"column":77}},"28":{"start":{"line":262,"column":4},"end":{"line":262,"column":null}},"29":{"start":{"line":285,"column":4},"end":{"line":286,"column":null}},"30":{"start":{"line":286,"column":6},"end":{"line":286,"column":null}},"31":{"start":{"line":289,"column":16},"end":{"line":289,"column":58}},"32":{"start":{"line":290,"column":4},"end":{"line":300,"column":null}},"33":{"start":{"line":291,"column":6},"end":{"line":300,"column":null}},"34":{"start":{"line":292,"column":23},"end":{"line":292,"column":71}},"35":{"start":{"line":293,"column":8},"end":{"line":293,"column":null}},"36":{"start":{"line":295,"column":8},"end":{"line":298,"column":null}},"37":{"start":{"line":296,"column":10},"end":{"line":296,"column":null}},"38":{"start":{"line":297,"column":10},"end":{"line":297,"column":null}},"39":{"start":{"line":298,"column":10},"end":{"line":298,"column":null}},"40":{"start":{"line":300,"column":8},"end":{"line":300,"column":null}},"41":{"start":{"line":303,"column":4},"end":{"line":303,"column":null}},"42":{"start":{"line":315,"column":19},"end":{"line":315,"column":64}},"43":{"start":{"line":316,"column":4},"end":{"line":316,"column":null}},"44":{"start":{"line":316,"column":29},"end":{"line":316,"column":null}},"45":{"start":{"line":317,"column":20},"end":{"line":317,"column":55}},"46":{"start":{"line":317,"column":41},"end":{"line":317,"column":55}},"47":{"start":{"line":318,"column":4},"end":{"line":318,"column":null}},"48":{"start":{"line":332,"column":16},"end":{"line":332,"column":54}},"49":{"start":{"line":333,"column":4},"end":{"line":338,"column":null}},"50":{"start":{"line":334,"column":6},"end":{"line":338,"column":null}},"51":{"start":{"line":335,"column":23},"end":{"line":335,"column":70}},"52":{"start":{"line":336,"column":8},"end":{"line":336,"column":null}},"53":{"start":{"line":338,"column":8},"end":{"line":338,"column":null}},"54":{"start":{"line":341,"column":4},"end":{"line":341,"column":null}},"55":{"start":{"line":352,"column":22},"end":{"line":352,"column":null}},"56":{"start":{"line":353,"column":16},"end":{"line":353,"column":null}},"57":{"start":{"line":354,"column":4},"end":{"line":354,"column":null}},"58":{"start":{"line":366,"column":23},"end":{"line":366,"column":44}},"59":{"start":{"line":367,"column":22},"end":{"line":367,"column":72}},"60":{"start":{"line":367,"column":39},"end":{"line":367,"column":57}},"61":{"start":{"line":368,"column":4},"end":{"line":393,"column":null}},"62":{"start":{"line":369,"column":23},"end":{"line":372,"column":8}},"63":{"start":{"line":374,"column":6},"end":{"line":375,"column":null}},"64":{"start":{"line":375,"column":8},"end":{"line":375,"column":null}},"65":{"start":{"line":378,"column":6},"end":{"line":378,"column":null}},"66":{"start":{"line":380,"column":31},"end":{"line":380,"column":null}},"67":{"start":{"line":381,"column":6},"end":{"line":389,"column":null}},"68":{"start":{"line":386,"column":22},"end":{"line":386,"column":68}},"69":{"start":{"line":387,"column":8},"end":{"line":387,"column":null}},"70":{"start":{"line":388,"column":8},"end":{"line":388,"column":null}},"71":{"start":{"line":388,"column":39},"end":{"line":388,"column":65}},"72":{"start":{"line":389,"column":8},"end":{"line":389,"column":null}},"73":{"start":{"line":391,"column":6},"end":{"line":391,"column":null}},"74":{"start":{"line":393,"column":6},"end":{"line":393,"column":null}},"75":{"start":{"line":419,"column":22},"end":{"line":419,"column":69}},"76":{"start":{"line":420,"column":2},"end":{"line":420,"column":null}},"77":{"start":{"line":420,"column":25},"end":{"line":420,"column":null}},"78":{"start":{"line":421,"column":24},"end":{"line":421,"column":61}},"79":{"start":{"line":422,"column":2},"end":{"line":422,"column":null}},"80":{"start":{"line":422,"column":61},"end":{"line":422,"column":null}},"81":{"start":{"line":423,"column":2},"end":{"line":423,"column":null}},"82":{"start":{"line":447,"column":24},"end":{"line":447,"column":null}},"83":{"start":{"line":448,"column":2},"end":{"line":448,"column":null}},"84":{"start":{"line":448,"column":22},"end":{"line":448,"column":null}},"85":{"start":{"line":449,"column":22},"end":{"line":449,"column":null}},"86":{"start":{"line":450,"column":2},"end":{"line":450,"column":null}},"87":{"start":{"line":450,"column":20},"end":{"line":450,"col
[...]
column":null}},"line":69},"7":{"name":"(anonymous_7)","decl":{"start":{"line":80,"column":29},"end":{"line":80,"column":33}},"loc":{"start":{"line":80,"column":39},"end":{"line":87,"column":null}},"line":80},"8":{"name":"(anonymous_8)","decl":{"start":{"line":82,"column":20},"end":{"line":82,"column":24}},"loc":{"start":{"line":82,"column":30},"end":{"line":86,"column":null}},"line":82},"9":{"name":"(anonymous_9)","decl":{"start":{"line":92,"column":5},"end":{"line":92,"column":9}},"loc":{"start":{"line":92,"column":18},"end":{"line":103,"column":null}},"line":92},"10":{"name":"(anonymous_10)","decl":{"start":{"line":93,"column":37},"end":{"line":93,"column":44}},"loc":{"start":{"line":93,"column":49},"end":{"line":93,"column":67}},"line":93},"11":{"name":"(anonymous_11)","decl":{"start":{"line":94,"column":34},"end":{"line":94,"column":39}},"loc":{"start":{"line":94,"column":44},"end":{"line":94,"column":68}},"line":94},"12":{"name":"(anonymous_12)","decl":{"start":{"line":95,"column":31},"end":{"line":95,"column":39}},"loc":{"start":{"line":95,"column":48},"end":{"line":95,"column":91}},"line":95},"13":{"name":"(anonymous_13)","decl":{"start":{"line":104,"column":5},"end":{"line":104,"column":12}},"loc":{"start":{"line":104,"column":17},"end":{"line":104,"column":37}},"line":104}},"branchMap":{"0":{"loc":{"start":{"line":45,"column":17},"end":{"line":45,"column":109}},"type":"binary-expr","locations":[{"start":{"line":45,"column":17},"end":{"line":45,"column":61}},{"start":{"line":45,"column":65},"end":{"line":45,"column":109}}],"line":45},"1":{"loc":{"start":{"line":49,"column":32},"end":{"line":49,"column":68}},"type":"binary-expr","locations":[{"start":{"line":49,"column":32},"end":{"line":49,"column":63}},{"start":{"line":49,"column":63},"end":{"line":49,"column":68}}],"line":49},"2":{"loc":{"start":{"line":57,"column":2},"end":{"line":87,"column":null}},"type":"if","locations":[{"start":{"line":57,"column":2},"end":{"line":87,"column":null}},{"start":{"line":64,"column":9},"end":{"line":87,"column":null}}],"line":57},"3":{"loc":{"start":{"line":60,"column":8},"end":{"line":60,"column":null}},"type":"if","locations":[{"start":{"line":60,"column":8},"end":{"line":60,"column":null}},{"start":{},"end":{}}],"line":60},"4":{"loc":{"start":{"line":61,"column":15},"end":{"line":61,"column":null}},"type":"binary-expr","locations":[{"start":{"line":61,"column":15},"end":{"line":61,"column":49}},{"start":{"line":61,"column":49},"end":{"line":61,"column":null}}],"line":61},"5":{"loc":{"start":{"line":71,"column":8},"end":{"line":77,"column":null}},"type":"if","locations":[{"start":{"line":71,"column":8},"end":{"line":77,"column":null}},{"start":{},"end":{}}],"line":71},"6":{"loc":{"start":{"line":72,"column":10},"end":{"line":75,"column":null}},"type":"binary-expr","locations":[{"start":{"line":72,"column":10},"end":{"line":72,"column":null}},{"start":{"line":73,"column":11},"end":{"line":73,"column":null}},{"start":{"line":74,"column":12},"end":{"line":74,"column":null}},{"start":{"line":75,"column":13},"end":{"line":75,"column":null}}],"line":72},"7":{"loc":{"start":{"line":81,"column":18},"end":{"line":81,"column":null}},"type":"cond-expr","locations":[{"start":{"line":81,"column":39},"end":{"line":81,"column":83}},{"start":{"line":81,"column":83},"end":{"line":81,"column":null}}],"line":81},"8":{"loc":{"start":{"line":83,"column":8},"end":{"line":83,"column":null}},"type":"if","locations":[{"start":{"line":83,"column":8},"end":{"line":83,"column":null}},{"start":{},"end":{}}],"line":83},"9":{"loc":{"start":{"line":84,"column":20},"end":{"line":84,"column":null}},"type":"cond-expr","locations":[{"start":{"line":84,"column":41},"end":{"line":84,"column":85}},{"start":{"line":84,"column":85},"end":{"line":84,"column":null}}],"line":84},"10":{"loc":{"start":{"line":95,"column":54},"end":{"line":95,"column":91}},"type":"binary-expr","locations":[{"start":{"line":95,"column":54},"end":{"line":95,"column":87}},{"start":{"line":95,"column":87},"end":{"line":95,"column":91}}],"line":95},"11":{"loc":{"start":{"line":96,"column":24},"end":{"line":96,"column":null}},"type":"cond-expr","locations":[{"start":{"line":96,"column":36},"end":{"line":96,"column":75}},{"start":{"line":96,"column":75},"end":{"line":96,"column":null}}],"line":96},"12":{"loc":{"start":{"line":97,"column":28},"end":{"line":97,"column":null}},"type":"cond-expr","locations":[{"start":{"line":97,"column":40},"end":{"line":97,"column":90}},{"start":{"line":97,"column":90},"end":{"line":97,"column":null}}],"line":97},"13":{"loc":{"start":{"line":101,"column":15},"end":{"line":101,"column":null}},"type":"cond-expr","locations":[{"start":{"line":101,"column":36},"end":{"line":101,"column":51}},{"start":{"line":101,"column":51},"end":{"line":101,"column":null}}],"line":101},"14":{"loc":{"start":{"line":101,"column":51},"end":{"line":101,"column":null}},"type":"cond-expr","locations":[{"start":{"line":101,"column":72},"end":{"line":101,"column":83}},{"start":{"line":101,"column":83},"end":{"line":101,"column":null}}],"line":101},"15":{"loc":{"start":{"line":108,"column":17},"end":{"line":110,"column":null}},"type":"cond-expr","locations":[{"start":{"line":109,"column":8},"end":{"line":109,"column":null}},{"start":{"line":110,"column":8},"end":{"line":110,"column":null}}],"line":108}},"s":{"0":3,"1":3,"2":3,"3":3,"4":3,"5":3,"6":3,"7":3,"8":3,"9":3,"10":3,"11":3,"12":3,"13":2,"14":16,"15":128,"16":16,"17":112,"18":1,"19":1,"20":2,"21":2,"22":2,"23":2,"24":1,"25":8,"26":8,"27":64,"28":8,"29":56,"30":64,"31":3,"32":24,"33":32,"34":24,"35":2,"36":24,"37":4,"38":24,"39":24,"40":24,"41":24,"42":3},"f":{"0":3,"1":3,"2":3,"3":16,"4":128,"5":2,"6":2,"7":8,"8":64,"9":24,"10":32,"11":2,"12":4,"13":24},"b":{"0":[3,3],"1":[3,0],"2":[2,1],"3":[16,112],"4":[112,106],"5":[2,0],"6":[2,0,0,0],"7":[2,6],"8":[8,56],"9":[14,42],"10":[4,0],"11":[2,22],"12":[2,22],"13":[0,24],"14":[0,24],"15":[2,1]},"meta":{"lastBranch":16,"lastFunction":14,"lastStatement":43,"seen":{"f:29:22:29:41":0,"s:30:59:34:4":0,"s:36:17:36:37":1,"s:37:21:40:Infinity":2,"s:43:50:43:52":3,"s:44:2:52:Infinity":4,"f:45:5:45:12":1,"s:45:17:45:109":5,"b:45:17:45:61:45:65:45:109":0,"f:46:5:46:13":2,"s:47:19:47:Infinity":6,"s:48:19:48:Infinity":7,"s:49:19:49:72":8,"b:49:32:49:63:49:63:49:68":1,"s:50:6:50:Infinity":9,"s:51:6:51:Infinity":10,"s:54:27:54:Infinity":11,"b:57:2:87:Infinity:64:9:87:Infinity":2,"s:57:2:87:Infinity":12,"s:58:4:63:Infinity":13,"f:58:29:58:33":3,"s:59:6:62:Infinity":14,"f:59:13:59:17":4,"b:60:8:60:Infinity:undefined:undefined:undefined:undefined":3,"s:60:8:60:Infinity":15,"s:60:23:60:Infinity":16,"s:61:8:61:Infinity":17,"b:61:15:61:49:61:49:61:Infinity":4,"s:66:50:66:52":18,"s:67:4:79:Infinity":19,"f:68:7:68:14":5,"s:68:19:68:62":20,"f:69:7:69:15":6,"s:70:22:70:Infinity":21,"b:71:8:77:Infinity:undefined:undefined:undefined:undefined":5,"s:71:8:77:Infinity":22,"b:72:10:72:Infinity:73:11:73:Infinity:74:12:74:Infinity:75:13:75:Infinity":6,"s:77:10:77:Infinity":23,"s:80:4:87:Infinity":24,"f:80:29:80:33":7,"s:81:18:81:Infinity":25,"b:81:39:81:83:81:83:81:Infinity":7,"s:82:6:86:Infinity":26,"f:82:20:82:24":8,"b:83:8:83:Infinity:undefined:undefined:undefined:undefined":8,"s:83:8:83:Infinity":27,"s:83:23:83:Infinity":28,"s:84:20:84:Infinity":29,"b:84:41:84:85:84:85:84:Infinity":9,"s:85:8:85:Infinity":30,"s:91:46:104:37":31,"f:92:5:92:9":9,"s:93:25:93:67":32,"f:93:37:93:44":10,"s:93:49:93:67":33,"s:94:23:94:68":34,"f:94:34:94:39":11,"s:94:44:94:68":35,"s:95:20:95:93":36,"f:95:31:95:39":12,"s:95:48:95:91":37,"b:95:54:95:87:95:87:95:91":10,"s:96:24:96:Infinity":38,"b:96:36:96:75:96:75:96:Infinity":11,"s:97:28:97:Infinity":39,"b:97:40:97:90:97:90:97:Infinity":12,"s:98:6:102:Infinity":40,"b:101:36:101:51:101:51:101:Infinity":13,"b:101:72:101:83:101:83:101:Infinity":14,"f:104:5:104:12":13,"s:104:17:104:37":41,"s:106:2:117:Infinity":42,"b:109:8:109:Infinity:110:8:110:Infinity":15}}}
,"/home/runner/work/riksdagsmonitor/riksdagsmonitor/src/browser/shared/error-boundary.ts": {"path":"/home/runner/work/riksdagsmonitor/riksdagsmonitor/src/browser/shared/error-boundary.ts","statementMap":{"0":{"start":{"line":57,"column":23},"end":{"line":57,"column":null}},"1":{"start":{"line":58,"column":17},"end":{"line":58,"column":null}},"2":{"start":{"line":59,"column":23},"end":{"line":59,"column":null}},"3":{"start":{"line":61,"column":18},"end":{"line":121,"column":null}},"4":{"start":{"line":62,"column":4},"end":{"line":64,"column":null}},"5":{"start":{"line":64,"column":6},"end":{"line":64,"column":null}},"6":{"start":{"line":67,"column":4},"end":{"line":67,"column":null}},"7":{"start":{"line":73,"column":4},"end":{"line":74,"column":null}},"8":{"start":{"line":74,"column":6},"end":{"line":74,"column":null}},"9":{"start":{"line":76,"column":4},"end":{"line":76,"column":null}},"10":{"start":{"line":80,"column":27},"end":{"line":80,"column":56}},"11":{"start":{"line":81,"column":4},"end":{"line":81,"column":null}},"12":{"start":{"line":82,"column":4},"end":{"line":82,"column":null}},"13":{"start":{"line":83,"column":4},"end":{"line":83,"column":null}},"14":{"start":{"line":87,"column":32},"end":{"line":87,"column":null}},"15":{"start":{"line":88,"column":28},"end":{"line":88,"column":null}},"16":{"start":{"line":89,"column":4},"end":{"line":90,"column":null}},"17":{"start":{"line":90,"column":6},"end":{"line":90,"column":null}},"18":{"start":{"line":94,"column":4},"end":{"line":94,"column":null}},"19":{"start":{"line":95,"column":4},"end":{"line":95,"column":null}},"20":{"start":{"line":96,"column":4},"end":{"line":96,"column":null}},"21":{"start":{"line":97,"column":4},"end":{"line":97,"column":null}},"22":{"start":{"line":98,"column":4},"end":{"line":98,"column":null}},"23":{"start":{"line":99,"column":4},"end":{"line":99,"column":null}},"24":{"start":{"line":100,"column":4},"end":{"line":100,"column":null}},"25":{"start":{"line":101,"column":4},"end":{"line":101,"column":null}},"26":{"start":{"line":102,"column":4},"end":{"line":102,"column":null}},"27":{"start":{"line":103,"column":4},"end":{"line":103,"column":null}},"28":{"start":{"line":105,"column":4},"end":{"line":105,"column":null}},"29":{"start":{"line":106,"column":4},"end":{"line":106,"column":null}},"30":{"start":{"line":108,"column":4},"end":{"line":121,"column":null}},"31":{"start":{"line":109,"column":6},"end":{"line":109,"column":null}},"32":{"start":{"line":111,"column":6},"end":{"line":111,"column":null}},"33":{"start":{"line":112,"column":6},"end":{"line":112,"column":null}},"34":{"start":{"line":115,"column":6},"end":{"line":116,"column":null}},"35":{"start":{"line":116,"column":8},"end":{"line":116,"column":null}},"36":{"start":{"line":120,"column":6},"end":{"line":120,"column":null}},"37":{"start":{"line":121,"column":6},"end":{"line":121,"column":null}},"38":{"start":{"line":125,"column":2},"end":{"line":125,"column":null}}},"fnMap":{"0":{"name":"renderWithFallback","decl":{"start":{"line":47,"column":22},"end":{"line":47,"column":null}},"loc":{"start":{"line":52,"column":17},"end":{"line":125,"column":null}},"line":52},"1":{"name":"(anonymous_1)","decl":{"start":{"line":61,"column":18},"end":{"line":61,"column":45}},"loc":{"start":{"line":61,"column":45},"end":{"line":121,"column":null}},"line":61}},"branchMap":{"0":{"loc":{"start":{"line":50,"column":2},"end":{"line":50,"column":null}},"type":"default-arg","locations":[{"start":{"line":50,"column":20},"end":{"line":50,"column":null}}],"line":50},"1":{"loc":{"start":{"line":51,"column":2},"end":{"line":51,"column":41}},"type":"default-arg","locations":[{"start":{"line":51,"column":39},"end":{"line":51,"column":41}}],"line":51},"2":{"loc":{"start":{"line":62,"column":4},"end":{"line":64,"column":null}},"type":"if","locations":[{"start":{"line":62,"column":4},"end":{"line":64,"column":null}},{"start":{},"end":{}}],"line":62},"3":{"loc":{"start":{"line":73,"column":4},"end":{"line":74,"column":null}},"type":"if","locations":[{"start":{"line":73,"column":4},"end":{"line":74,"column":null}},{"start":{},"end":{}}],"line":73},"4":{"loc":{"start":{"line":89,"column":4},"end":{"line":90,"column":null}},"type":"if","locations":[{"start":{"line":89,"column":4},"end":{"line":90,"column":null}},{"start":{},"end":{}}],"line":89},"5":{"loc":{"start":{"line":89,"column":8},"end":{"line":89,"column":64}},"type":"binary-expr","locations":[{"start":{"line":89,"column":8},"end":{"line":89,"column":34}},{"start":{"line":89,"column":34},"end":{"line":89,"column":64}}],"line":89},"6":{"loc":{"start":{"line":115,"column":6},"end":{"line":116,"column":null}},"type":"if","locations":[{"start":{"line":115,"column":6},"end":{"line":116,"column":null}},{"start":{},"end":{}}],"line":115}},"s":{"0":14,"1":14,"2":14,"3":14,"4":18,"5":1,"6":17,"7":17,"8":3,"9":17,"10":17,"11":17,"12":17,"13":17,"14":17,"15":17,"16":17,"17":17,"18":17,"19":17,"20":17,"21":17,"22":17,"23":17,"24":17,"25":17,"26":17,"27":17,"28":17,"29":17,"30":17,"31":17,"32":9,"33":9,"34":17,"35":4,"36":17,"37":17,"38":14},"f":{"0":14,"1":18},"b":{"0":[14],"1":[14],"2":[1,17],"3":[3,14],"4":[17,0],"5":[17,0],"6":[4,13]},"meta":{"lastBranch":7,"lastFunction":2,"lastStatement":39,"seen":{"f:47:22:47:Infinity":0,"b:50:20:50:Infinity":0,"b:51:39:51:41":1,"s:57:23:57:Infinity":0,"s:58:17:58:Infinity":1,"s:59:23:59:Infinity":2,"s:61:18:121:Infinity":3,"f:61:18:61:45":1,"b:62:4:64:Infinity:undefined:undefined:undefined:undefined":2,"s:62:4:64:Infinity":4,"s:64:6:64:Infinity":5,"s:67:4:67:Infinity":6,"b:73:4:74:Infinity:undefined:undefined:undefined:undefined":3,"s:73:4:74:Infinity":7,"s:74:6:74:Infinity":8,"s:76:4:76:Infinity":9,"s:80:27:80:56":10,"s:81:4:81:Infinity":11,"s:82:4:82:Infinity":12,"s:83:4:83:Infinity":13,"s:87:32:87:Infinity":14,"s:88:28:88:Infinity":15,"b:89:4:90:Infinity:undefined:undefined:undefined:undefined":4,"s:89:4:90:Infinity":16,"b:89:8:89:34:89:34:89:64":5,"s:90:6:90:Infinity":17,"s:94:4:94:Infinity":18,"s:95:4:95:Infinity":19,"s:96:4:96:Infinity":20,"s:97:4:97:Infinity":21,"s:98:4:98:Infinity":22,"s:99:4:99:Infinity":23,"s:100:4:100:Infinity":24,"s:101:4:101:Infinity":25,"s:102:4:102:Infinity":26,"s:103:4:103:Infinity":27,"s:105:4:105:Infinity":28,"s:106:4:106:Infinity":29,"s:108:4:121:Infinity":30,"s:109:6:109:Infinity":31,"s:111:6:111:Infinity":32,"s:112:6:112:Infinity":33,"b:115:6:116:Infinity:undefined:undefined:undefined:undefined":6,"s:115:6:116:Infinity":34,"s:116:8:116:Infinity":35,"s:120:6:120:Infinity":36,"s:121:6:121:Infinity":37,"s:125:2:125:Infinity":38}}}
,"/home/runner/work/riksdagsmonitor/riksdagsmonitor/src/browser/shared/fallback-ui.ts": {"path":"/home/runner/work/riksdagsmonitor/riksdagsmonitor/src/browser/shared/fallback-ui.ts","statementMap":{"0":{"start":{"line":29,"column":2},"end":{"line":29,"column":null}},"1":{"start":{"line":31,"column":15},"end":{"line":31,"column":44}},"2":{"start":{"line":32,"column":2},"end":{"line":32,"column":null}},"3":{"start":{"line":33,"column":2},"end":{"line":33,"column":null}},"4":{"start":{"line":34,"column":2},"end":{"line":34,"column":null}},"5":{"start":{"line":36,"column":15},"end":{"line":36,"column":45}},"6":{"start":{"line":37,"column":2},"end":{"line":37,"column":null}},"7":{"start":{"line":38,"column":2},"end":{"line":38,"column":null}},"8":{"start":{"line":39,"column":2},"end":{"line":39,"column":null}},"9":{"start":{"line":41,"column":15},"end":{"line":41,"column":42}},"10":{"start":{"line":42,"column":2},"end":{"line":42,"column":null}},"11":{"start":{"line":43,"column":2},"end":{"line":43,"column":null}},"12":{"start":{"line":45,"column":2},"end":{"line":45,"column":null}},"13":{"start":{"line":46,"column":2},"end":{"line":46,"column":null}},"14":{"start":{"line":48,"column":2},"end":{"line":54,"column":null}},"15":{"start":{"line":49,"column":16},"end":{"line":49,"column":48}},"16":{"start":{"line":50,"column":4},"end":{"line":50,"column":null}},"17":{"start":{"line":51,"column":4},"end":{"line":51,"column":null}},"18":{"start":{"line":52,"column":4},"end":{"line":52,"column":null}},"19":{"start":{"line":53,"column":4},"end":{"line":53,"column":null}},"20":{"start":{"line":54,"column":4},"end":{"line":54,"column":null}},"21":{"start":{"line":57,"column":2},"end":{"line":57,"column":null}},"22":{"start":{"line":65,"column":2},"end":{"line":65,"column":null}},"23":{"start":{"line":67,"column":18},"end":{"line":67,"column":47}},"24":{"start":{"line":68,"column":2},"end":{"line":68,"column":null}},"25":{"start":{"line":69,"column":2},"end":{"line":69,"column":null}},"26":{"start":{"line":70,"column":2},"end":{"line":70,"column":null}},"27":{"start":{"line":71,"column":2},"end":{"line":71,"column":null}},"28":{"start":{"line":73,"column":2},"end":{"line":76,"column":null}},"29":{"start":{"line":73,"column":15},"end":{"line":73,"column":18}},"30":{"start":{"line":74,"column":16},"end":{"line":74,"column":45}},"31":{"start":{"line":75,"column":4},"end":{"line":75,"column":null}},"32":{"start":{"line":76,"column":4},"end":{"line":76,"column":null}},"33":{"start":{"line":79,"column":2},"end":{"line":79,"column":null}}},"fnMap":{"0":{"name":"renderErrorFallback","decl":{"start":{"line":23,"column":16},"end":{"line":23,"column":null}},"loc":{"start":{"line":28,"column":8},"end":{"line":57,"column":null}},"line":28},"1":{"name":"renderLoadingFallback","decl":{"start":{"line":64,"column":16},"end":{"line":64,"column":38}},"loc":{"start":{"line":64,"column":95},"end":{"line":79,"column":null}},"line":64}},"branchMap":{"0":{"loc":{"start":{"line":25,"column":2},"end":{"line":25,"column":null}},"type":"default-arg","locations":[{"start":{"line":25,"column":12},"end":{"line":25,"column":null}}],"line":25},"1":{"loc":{"start":{"line":27,"column":2},"end":{"line":27,"column":null}},"type":"default-arg","locations":[{"start":{"line":27,"column":15},"end":{"line":27,"column":null}}],"line":27},"2":{"loc":{"start":{"line":48,"column":2},"end":{"line":54,"column":null}},"type":"if","locations":[{"start":{"line":48,"column":2},"end":{"line":54,"column":null}},{"start":{},"end":{}}],"line":48},"3":{"loc":{"start":{"line":64,"column":62},"end":{"line":64,"column":95}},"type":"default-arg","locations":[{"start":{"line":64,"column":77},"end":{"line":64,"column":95}}],"line":64}},"s":{"0":19,"1":19,"2":19,"3":19,"4":19,"5":19,"6":19,"7":19,"8":19,"9":19,"10":19,"11":19,"12":19,"13":19,"14":19,"15":13,"16":13,"17":13,"18":13,"19":13,"20":13,"21":19,"22":23,"23":23,"24":23,"25":23,"26":23,"27":23,"28":23,"29":23,"30":69,"31":69,"32":69,"33":23},"f":{"0":19,"1":23},"b":{"0":[19],"1":[19],"2":[13,6],"3":[23]},"meta":{"lastBranch":4,"lastFunction":2,"lastStatement":34,"seen":{"f:23:16:23:Infinity":0,"b:25:12:25:Infinity":0,"b:27:15:27:Infinity":1,"s:29:2:29:Infinity":0,"s:31:15:31:44":1,"s:32:2:32:Infinity":2,"s:33:2:33:Infinity":3,"s:34:2:34:Infinity":4,"s:36:15:36:45":5,"s:37:2:37:Infinity":6,"s:38:2:38:Infinity":7,"s:39:2:39:Infinity":8,"s:41:15:41:42":9,"s:42:2:42:Infinity":10,"s:43:2:43:Infinity":11,"s:45:2:45:Infinity":12,"s:46:2:46:Infinity":13,"b:48:2:54:Infinity:undefined:undefined:undefined:undefined":2,"s:48:2:54:Infinity":14,"s:49:16:49:48":15,"s:50:4:50:Infinity":16,"s:51:4:51:Infinity":17,"s:52:4:52:Infinity":18,"s:53:4:53:Infinity":19,"s:54:4:54:Infinity":20,"s:57:2:57:Infinity":21,"f:64:16:64:38":1,"b:64:77:64:95":3,"s:65:2:65:Infinity":22,"s:67:18:67:47":23,"s:68:2:68:Infinity":24,"s:69:2:69:Infinity":25,"s:70:2:70:Infinity":26,"s:71:2:71:Infinity":27,"s:73:2:76:Infinity":28,"s:73:15:73:18":29,"s:74:16:74:45":30,"s:75:4:75:Infinity":31,"s:76:4:76:Infinity":32,"s:79:2:79:Infinity":33}}}
,"/home/runner/work/riksdagsmonitor/riksdagsmonitor/src/browser/shared/global-libs.ts": {"path":"/home/runner/work/riksdagsmonitor/riksdagsmonitor/src/browser/shared/global-libs.ts","statementMap":{"0":{"start":{"line":49,"column":23},"end":{"line":49,"column":null}}},"fnMap":{},"branchMap":{},"s":{"0":4},"f":{},"b":{},"meta":{"lastBranch":0,"lastFunction":0,"lastStatement":1,"seen":{"s:49:23:49:Infinity":0}}}
}
