TN:
SF:dashboard/cia-data-loader.js
FN:191,(anonymous_0)
FN:311,(anonymous_1)
FN:315,(anonymous_2)
FN:340,(anonymous_3)
FN:357,(anonymous_4)
FN:385,(anonymous_5)
FN:395,(anonymous_6)
FN:400,(anonymous_7)
FN:400,(anonymous_8)
FN:404,(anonymous_9)
FN:405,(anonymous_10)
FN:406,(anonymous_11)
FN:407,(anonymous_12)
FN:408,(anonymous_13)
FN:409,(anonymous_14)
FN:413,(anonymous_15)
FN:423,(anonymous_16)
FN:425,(anonymous_17)
FN:472,(anonymous_18)
FN:478,(anonymous_19)
FN:487,(anonymous_20)
FN:497,(anonymous_21)
FN:524,(anonymous_22)
FN:532,(anonymous_23)
FN:574,(anonymous_24)
FN:583,(anonymous_25)
FN:587,(anonymous_26)
FN:596,(anonymous_27)
FN:597,(anonymous_28)
FN:607,(anonymous_29)
FN:638,(anonymous_30)
FN:653,(anonymous_31)
FN:661,(anonymous_32)
FN:667,(anonymous_33)
FN:668,(anonymous_34)
FN:671,(anonymous_35)
FN:680,(anonymous_36)
FN:705,(anonymous_37)
FN:713,(anonymous_38)
FN:721,(anonymous_39)
FN:734,(anonymous_40)
FN:755,(anonymous_41)
FN:757,(anonymous_42)
FN:760,(anonymous_43)
FN:797,(anonymous_44)
FN:811,(anonymous_45)
FN:812,(anonymous_46)
FN:822,(anonymous_47)
FN:823,(anonymous_48)
FN:828,(anonymous_49)
FN:829,(anonymous_50)
FN:835,(anonymous_51)
FN:837,(anonymous_52)
FN:845,(anonymous_53)
FN:846,(anonymous_54)
FN:847,(anonymous_55)
FN:848,(anonymous_56)
FN:856,(anonymous_57)
FN:873,(anonymous_58)
FN:876,(anonymous_59)
FN:877,(anonymous_60)
FN:885,(anonymous_61)
FN:892,(anonymous_62)
FN:898,(anonymous_63)
FN:898,(anonymous_64)
FN:899,(anonymous_65)
FN:899,(anonymous_66)
FN:906,(anonymous_67)
FN:911,(anonymous_68)
FN:911,(anonymous_69)
FN:912,(anonymous_70)
FN:912,(anonymous_71)
FN:919,(anonymous_72)
FN:921,(anonymous_73)
FN:921,(anonymous_74)
FN:929,(anonymous_75)
FNF:76
FNH:0
FNDA:0,(anonymous_0)
FNDA:0,(anonymous_1)
FNDA:0,(anonymous_2)
FNDA:0,(anonymous_3)
FNDA:0,(anonymous_4)
FNDA:0,(anonymous_5)
FNDA:0,(anonymous_6)
FNDA:0,(anonymous_7)
FNDA:0,(anonymous_8)
FNDA:0,(anonymous_9)
FNDA:0,(anonymous_10)
FNDA:0,(anonymous_11)
FNDA:0,(anonymous_12)
FNDA:0,(anonymous_13)
FNDA:0,(anonymous_14)
FNDA:0,(anonymous_15)
FNDA:0,(anonymous_16)
FNDA:0,(anonymous_17)
FNDA:0,(anonymous_18)
FNDA:0,(anonymous_19)
FNDA:0,(anonymous_20)
FNDA:0,(anonymous_21)
FNDA:0,(anonymous_22)
FNDA:0,(anonymous_23)
FNDA:0,(anonymous_24)
FNDA:0,(anonymous_25)
FNDA:0,(anonymous_26)
FNDA:0,(anonymous_27)
FNDA:0,(anonymous_28)
FNDA:0,(anonymous_29)
FNDA:0,(anonymous_30)
FNDA:0,(anonymous_31)
FNDA:0,(anonymous_32)
FNDA:0,(anonymous_33)
FNDA:0,(anonymous_34)
FNDA:0,(anonymous_35)
FNDA:0,(anonymous_36)
FNDA:0,(anonymous_37)
FNDA:0,(anonymous_38)
FNDA:0,(anonymous_39)
FNDA:0,(anonymous_40)
FNDA:0,(anonymous_41)
FNDA:0,(anonymous_42)
FNDA:0,(anonymous_43)
FNDA:0,(anonymous_44)
FNDA:0,(anonymous_45)
FNDA:0,(anonymous_46)
FNDA:0,(anonymous_47)
FNDA:0,(anonymous_48)
FNDA:0,(anonymous_49)
FNDA:0,(anonymous_50)
FNDA:0,(anonymous_51)
FNDA:0,(anonymous_52)
FNDA:0,(anonymous_53)
FNDA:0,(anonymous_54)
FNDA:0,(anonymous_55)
FNDA:0,(anonymous_56)
FNDA:0,(anonymous_57)
FNDA:0,(anonymous_58)
FNDA:0,(anonymous_59)
FNDA:0,(anonymous_60)
FNDA:0,(anonymous_61)
FNDA:0,(anonymous_62)
FNDA:0,(anonymous_63)
FNDA:0,(anonymous_64)
FNDA:0,(anonymous_65)
FNDA:0,(anonymous_66)
FNDA:0,(anonymous_67)
FNDA:0,(anonymous_68)
FNDA:0,(anonymous_69)
FNDA:0,(anonymous_70)
FNDA:0,(anonymous_71)
FNDA:0,(anonymous_72)
FNDA:0,(anonymous_73)
FNDA:0,(anonymous_74)
FNDA:0,(anonymous_75)
DA:161,0
DA:164,0
DA:189,0
DA:192,0
DA:193,0
DA:199,0
DA:312,0
DA:313,0
DA:315,0
DA:316,0
DA:318,0
DA:319,0
DA:320,0
DA:323,0
DA:324,0
DA:325,0
DA:326,0
DA:327,0
DA:328,0
DA:329,0
DA:330,0
DA:331,0
DA:332,0
DA:334,0
DA:337,0
DA:339,0
DA:340,0
DA:341,0
DA:343,0
DA:344,0
DA:346,0
DA:348,0
DA:358,0
DA:361,0
DA:362,0
DA:365,0
DA:366,0
DA:367,0
DA:368,0
DA:369,0
DA:370,0
DA:371,0
DA:373,0
DA:377,0
DA:378,0
DA:386,0
DA:395,0
DA:396,0
DA:399,0
DA:400,0
DA:401,0
DA:404,0
DA:405,0
DA:406,0
DA:407,0
DA:408,0
DA:409,0
DA:412,0
DA:413,0
DA:417,0
DA:422,0
DA:423,0
DA:424,0
DA:425,0
DA:428,0
DA:473,0
DA:478,0
DA:479,0
DA:480,0
DA:481,0
DA:482,0
DA:484,0
DA:487,0
DA:488,0
DA:489,0
DA:490,0
DA:491,0
DA:492,0
DA:494,0
DA:497,0
DA:498,0
DA:499,0
DA:500,0
DA:501,0
DA:502,0
DA:504,0
DA:505,0
DA:508,0
DA:509,0
DA:511,0
DA:524,0
DA:525,0
DA:526,0
DA:527,0
DA:528,0
DA:529,0
DA:530,0
DA:532,0
DA:535,0
DA:543,0
DA:546,0
DA:556,0
DA:575,0
DA:582,0
DA:583,0
DA:586,0
DA:587,0
DA:588,0
DA:589,0
DA:594,0
DA:595,0
DA:596,0
DA:598,0
DA:600,0
DA:605,0
DA:607,0
DA:608,0
DA:609,0
DA:611,0
DA:638,0
DA:640,0
DA:654,0
DA:660,0
DA:661,0
DA:662,0
DA:666,0
DA:667,0
DA:668,0
DA:671,0
DA:672,0
DA:673,0
DA:680,0
DA:691,0
DA:706,0
DA:712,0
DA:713,0
DA:714,0
DA:717,0
DA:720,0
DA:721,0
DA:722,0
DA:723,0
DA:724,0
DA:725,0
DA:728,0
DA:733,0
DA:735,0
DA:736,0
DA:737,0
DA:738,0
DA:739,0
DA:740,0
DA:741,0
DA:755,0
DA:757,0
DA:760,0
DA:767,0
DA:768,0
DA:769,0
DA:770,0
DA:772,0
DA:782,0
DA:798,0
DA:804,0
DA:805,0
DA:806,0
DA:809,0
DA:810,0
DA:811,0
DA:813,0
DA:814,0
DA:815,0
DA:818,0
DA:821,0
DA:822,0
DA:823,0
DA:826,0
DA:827,0
DA:828,0
DA:830,0
DA:832,0
DA:835,0
DA:836,0
DA:837,0
DA:838,0
DA:839,0
DA:840,0
DA:845,0
DA:846,0
DA:847,0
DA:848,0
DA:849,0
DA:850,0
DA:851,0
DA:856,0
DA:858,0
DA:874,0
DA:875,0
DA:876,0
DA:877,0
DA:885,0
DA:886,0
DA:893,0
DA:894,0
DA:898,0
DA:899,0
DA:900,0
DA:907,0
DA:911,0
DA:912,0
DA:913,0
DA:920,0
DA:921,0
DA:922,0
DA:931,0
DA:944,0
LF:216
LH:0
BRDA:313,0,0,0
BRDA:313,0,1,0
BRDA:320,1,0,0
BRDA:320,1,1,0
BRDA:328,2,0,0
BRDA:328,2,1,0
BRDA:330,3,0,0
BRDA:330,3,1,0
BRDA:330,4,0,0
BRDA:330,4,1,0
BRDA:341,5,0,0
BRDA:341,5,1,0
BRDA:344,6,0,0
BRDA:344,6,1,0
BRDA:344,7,0,0
BRDA:344,7,1,0
BRDA:344,7,2,0
BRDA:361,8,0,0
BRDA:361,8,1,0
BRDA:368,9,0,0
BRDA:368,9,1,0
BRDA:371,10,0,0
BRDA:371,10,1,0
BRDA:396,11,0,0
BRDA:396,11,1,0
BRDA:401,12,0,0
BRDA:401,12,1,0
BRDA:407,13,0,0
BRDA:407,13,1,0
BRDA:408,14,0,0
BRDA:408,14,1,0
BRDA:409,15,0,0
BRDA:409,15,1,0
BRDA:412,16,0,0
BRDA:412,16,1,0
BRDA:413,17,0,0
BRDA:413,17,1,0
BRDA:417,18,0,0
BRDA:417,18,1,0
BRDA:424,19,0,0
BRDA:424,19,1,0
BRDA:425,20,0,0
BRDA:425,20,1,0
BRDA:448,21,0,0
BRDA:448,21,1,0
BRDA:449,22,0,0
BRDA:449,22,1,0
BRDA:455,23,0,0
BRDA:455,23,1,0
BRDA:457,24,0,0
BRDA:457,24,1,0
BRDA:479,25,0,0
BRDA:479,25,1,0
BRDA:479,26,0,0
BRDA:479,26,1,0
BRDA:480,27,0,0
BRDA:480,27,1,0
BRDA:480,28,0,0
BRDA:480,28,1,0
BRDA:482,29,0,0
BRDA:482,29,1,0
BRDA:488,30,0,0
BRDA:488,30,1,0
BRDA:489,31,0,0
BRDA:489,31,1,0
BRDA:491,32,0,0
BRDA:491,32,1,0
BRDA:492,33,0,0
BRDA:492,33,1,0
BRDA:498,34,0,0
BRDA:498,34,1,0
BRDA:504,35,0,0
BRDA:504,35,1,0
BRDA:504,36,0,0
BRDA:504,36,1,0
BRDA:504,36,2,0
BRDA:504,36,3,0
BRDA:504,36,4,0
BRDA:518,37,0,0
BRDA:518,37,1,0
BRDA:518,38,0,0
BRDA:518,38,1,0
BRDA:525,39,0,0
BRDA:525,39,1,0
BRDA:529,40,0,0
BRDA:529,40,1,0
BRDA:530,41,0,0
BRDA:530,41,1,0
BRDA:535,42,0,0
BRDA:535,42,1,0
BRDA:536,43,0,0
BRDA:536,43,1,0
BRDA:536,43,2,0
BRDA:536,43,3,0
BRDA:536,43,4,0
BRDA:536,43,5,0
BRDA:588,44,0,0
BRDA:588,44,1,0
BRDA:598,45,0,0
BRDA:598,45,1,0
BRDA:598,46,0,0
BRDA:598,46,1,0
BRDA:598,46,2,0
BRDA:598,46,3,0
BRDA:608,47,0,0
BRDA:608,47,1,0
BRDA:609,48,0,0
BRDA:609,48,1,0
BRDA:613,49,0,0
BRDA:613,49,1,0
BRDA:616,50,0,0
BRDA:616,50,1,0
BRDA:618,51,0,0
BRDA:618,51,1,0
BRDA:619,52,0,0
BRDA:619,52,1,0
BRDA:620,53,0,0
BRDA:620,53,1,0
BRDA:621,54,0,0
BRDA:621,54,1,0
BRDA:624,55,0,0
BRDA:624,55,1,0
BRDA:625,56,0,0
BRDA:625,56,1,0
BRDA:626,57,0,0
BRDA:626,57,1,0
BRDA:629,58,0,0
BRDA:629,58,1,0
BRDA:630,59,0,0
BRDA:630,59,1,0
BRDA:631,60,0,0
BRDA:631,60,1,0
BRDA:631,60,2,0
BRDA:638,61,0,0
BRDA:638,61,1,0
BRDA:638,62,0,0
BRDA:638,62,1,0
BRDA:668,63,0,0
BRDA:668,63,1,0
BRDA:668,64,0,0
BRDA:668,64,1,0
BRDA:672,65,0,0
BRDA:672,65,1,0
BRDA:676,66,0,0
BRDA:676,66,1,0
BRDA:677,67,0,0
BRDA:677,67,1,0
BRDA:678,68,0,0
BRDA:678,68,1,0
BRDA:679,69,0,0
BRDA:679,69,1,0
BRDA:682,70,0,0
BRDA:682,70,1,0
BRDA:683,71,0,0
BRDA:683,71,1,0
BRDA:684,72,0,0
BRDA:684,72,1,0
BRDA:685,73,0,0
BRDA:685,73,1,0
BRDA:686,74,0,0
BRDA:686,74,1,0
BRDA:714,75,0,0
BRDA:714,75,1,0
BRDA:723,76,0,0
BRDA:723,76,1,0
BRDA:725,77,0,0
BRDA:725,77,1,0
BRDA:725,78,0,0
BRDA:725,78,1,0
BRDA:725,78,2,0
BRDA:725,78,3,0
BRDA:736,79,0,0
BRDA:736,79,1,0
BRDA:737,80,0,0
BRDA:737,80,1,0
BRDA:738,81,0,0
BRDA:738,81,1,0
BRDA:740,82,0,0
BRDA:740,82,1,0
BRDA:744,83,0,0
BRDA:744,83,1,0
BRDA:745,84,0,0
BRDA:745,84,1,0
BRDA:748,85,0,0
BRDA:748,85,1,0
BRDA:751,86,0,0
BRDA:751,86,1,0
BRDA:755,87,0,0
BRDA:755,87,1,0
BRDA:755,87,2,0
BRDA:755,87,3,0
BRDA:769,88,0,0
BRDA:769,88,1,0
BRDA:770,89,0,0
BRDA:770,89,1,0
BRDA:770,90,0,0
BRDA:770,90,1,0
BRDA:811,91,0,0
BRDA:811,91,1,0
BRDA:813,92,0,0
BRDA:813,92,1,0
BRDA:821,93,0,0
BRDA:821,93,1,0
BRDA:823,94,0,0
BRDA:823,94,1,0
BRDA:823,95,0,0
BRDA:823,95,1,0
BRDA:830,96,0,0
BRDA:830,96,1,0
BRDA:830,97,0,0
BRDA:830,97,1,0
BRDA:830,97,2,0
BRDA:830,97,3,0
BRDA:836,98,0,0
BRDA:836,98,1,0
BRDA:838,99,0,0
BRDA:838,99,1,0
BRDA:839,100,0,0
BRDA:839,100,1,0
BRDA:848,101,0,0
BRDA:848,101,1,0
BRDA:849,102,0,0
BRDA:849,102,1,0
BRDA:850,103,0,0
BRDA:850,103,1,0
BRDA:854,104,0,0
BRDA:854,104,1,0
BRDA:854,105,0,0
BRDA:854,105,1,0
BRDA:860,106,0,0
BRDA:860,106,1,0
BRDA:876,107,0,0
BRDA:876,107,1,0
BRDA:876,108,0,0
BRDA:876,108,1,0
BRDA:879,109,0,0
BRDA:879,109,1,0
BRDA:880,110,0,0
BRDA:880,110,1,0
BRDA:881,111,0,0
BRDA:881,111,1,0
BRDA:882,112,0,0
BRDA:882,112,1,0
BRDA:883,113,0,0
BRDA:883,113,1,0
BRDA:898,114,0,0
BRDA:898,114,1,0
BRDA:899,115,0,0
BRDA:899,115,1,0
BRDA:899,116,0,0
BRDA:899,116,1,0
BRDA:911,117,0,0
BRDA:911,117,1,0
BRDA:911,118,0,0
BRDA:911,118,1,0
BRDA:911,119,0,0
BRDA:911,119,1,0
BRDA:911,120,0,0
BRDA:911,120,1,0
BRDA:912,121,0,0
BRDA:912,121,1,0
BRDA:912,122,0,0
BRDA:912,122,1,0
BRDA:912,123,0,0
BRDA:912,123,1,0
BRDA:912,124,0,0
BRDA:912,124,1,0
BRDA:912,125,0,0
BRDA:912,125,1,0
BRDA:912,126,0,0
BRDA:912,126,1,0
BRDA:912,127,0,0
BRDA:912,127,1,0
BRDA:921,128,0,0
BRDA:921,128,1,0
BRDA:921,129,0,0
BRDA:921,129,1,0
BRDA:921,130,0,0
BRDA:921,130,1,0
BRDA:921,131,0,0
BRDA:921,131,1,0
BRDA:921,132,0,0
BRDA:921,132,1,0
BRF:283
BRH:0
end_of_record
TN:
SF:dashboard/i18n-translations.js
FN:542,detectLanguage
FN:553,t
FN:594,formatDate
FN:612,formatNumber
FN:623,formatPercentage
FN:637,formatCurrency
FNF:6
FNH:0
FNDA:0,detectLanguage
FNDA:0,t
FNDA:0,formatDate
FNDA:0,formatNumber
FNDA:0,formatPercentage
FNDA:0,formatCurrency
DA:45,0
DA:543,0
DA:544,0
DA:554,0
DA:555,0
DA:557,0
DA:558,0
DA:559,0
DA:560,0
DA:561,0
DA:565,0
DA:571,0
DA:595,0
DA:596,0
DA:598,0
DA:613,0
DA:614,0
DA:624,0
DA:638,0
DA:639,0
LF:20
LH:0
BRDA:544,0,0,0
BRDA:544,0,1,0
BRDA:544,1,0,0
BRDA:544,1,1,0
BRDA:553,2,0,0
BRDA:555,3,0,0
BRDA:555,3,1,0
BRDA:559,4,0,0
BRDA:559,4,1,0
BRDA:594,5,0,0
BRDA:595,6,0,0
BRDA:595,6,1,0
BRDA:596,7,0,0
BRDA:596,7,1,0
BRDA:612,8,0,0
BRDA:612,9,0,0
BRDA:613,10,0,0
BRDA:613,10,1,0
BRDA:623,11,0,0
BRDA:637,12,0,0
BRDA:638,13,0,0
BRDA:638,13,1,0
BRF:22
BRH:0
end_of_record
TN:
SF:js/back-to-top.js
FN:94,(anonymous_0)
FN:111,ensureButton
FN:131,(anonymous_2)
FN:140,(anonymous_3)
FNF:4
FNH:0
FNDA:0,(anonymous_0)
FNDA:0,ensureButton
FNDA:0,(anonymous_2)
FNDA:0,(anonymous_3)
DA:94,0
DA:112,0
DA:113,0
DA:114,0
DA:115,0
DA:116,0
DA:117,0
DA:118,0
DA:119,0
DA:120,0
DA:122,0
DA:123,0
DA:124,0
DA:127,0
DA:129,0
DA:131,0
DA:132,0
DA:133,0
DA:135,0
DA:140,0
DA:141,0
DA:142,0
LF:22
LH:0
BRDA:113,0,0,0
BRDA:113,0,1,0
BRDA:114,1,0,0
BRDA:114,1,1,0
BRDA:129,2,0,0
BRDA:129,2,1,0
BRDA:132,3,0,0
BRDA:132,3,1,0
BRDA:144,4,0,0
BRDA:144,4,1,0
BRF:10
BRH:0
end_of_record
TN:
SF:js/chart-init.js
FN:39,(anonymous_0)
FN:53,parseConfig
FN:79,parseConfigById
FN:117,applyUserPreferences
FN:148,registerAnnotationPlugin
FN:159,initAll
FNF:6
FNH:0
FNDA:0,(anonymous_0)
FNDA:0,parseConfig
FNDA:0,parseConfigById
FNDA:0,applyUserPreferences
FNDA:0,registerAnnotationPlugin
FNDA:0,initAll
DA:39,0
DA:50,0
DA:54,0
DA:55,0
DA:56,0
DA:57,0
DA:58,0
DA:60,0
DA:62,0
DA:63,0
DA:65,0
DA:66,0
DA:68,0
DA:80,0
DA:81,0
DA:82,0
DA:83,0
DA:84,0
DA:85,0
DA:87,0
DA:89,0
DA:90,0
DA:91,0
DA:92,0
DA:94,0
DA:96,0
DA:97,0
DA:99,0
DA:100,0
DA:102,0
DA:118,0
DA:120,0
DA:121,0
DA:127,0
DA:129,0
DA:130,0
DA:132,0
DA:133,0
DA:134,0
DA:136,0
DA:137,0
DA:140,0
DA:149,0
DA:151,0
DA:154,0
DA:155,0
DA:160,0
DA:161,0
DA:162,0
DA:163,0
DA:164,0
DA:166,0
DA:169,0
DA:171,0
DA:172,0
DA:173,0
DA:175,0
DA:177,0
DA:180,0
DA:181,0
DA:183,0
DA:184,0
DA:185,0
DA:187,0
DA:188,0
DA:194,0
DA:195,0
DA:198,0
LF:68
LH:0
BRDA:55,0,0,0
BRDA:55,0,1,0
BRDA:56,1,0,0
BRDA:56,1,1,0
BRDA:57,2,0,0
BRDA:57,2,1,0
BRDA:57,3,0,0
BRDA:57,3,1,0
BRDA:65,4,0,0
BRDA:65,4,1,0
BRDA:65,5,0,0
BRDA:65,5,1,0
BRDA:81,6,0,0
BRDA:81,6,1,0
BRDA:83,7,0,0
BRDA:83,7,1,0
BRDA:84,8,0,0
BRDA:84,8,1,0
BRDA:84,9,0,0
BRDA:84,9,1,0
BRDA:89,10,0,0
BRDA:89,10,1,0
BRDA:89,10,2,0
BRDA:90,11,0,0
BRDA:90,11,1,0
BRDA:91,12,0,0
BRDA:91,12,1,0
BRDA:91,13,0,0
BRDA:91,13,1,0
BRDA:99,14,0,0
BRDA:99,14,1,0
BRDA:99,15,0,0
BRDA:99,15,1,0
BRDA:118,16,0,0
BRDA:118,16,1,0
BRDA:118,17,0,0
BRDA:118,17,1,0
BRDA:122,18,0,0
BRDA:122,18,1,0
BRDA:122,18,2,0
BRDA:129,19,0,0
BRDA:129,19,1,0
BRDA:130,20,0,0
BRDA:130,20,1,0
BRDA:133,21,0,0
BRDA:133,21,1,0
BRDA:133,22,0,0
BRDA:133,22,1,0
BRDA:136,23,0,0
BRDA:136,23,1,0
BRDA:136,24,0,0
BRDA:136,24,1,0
BRDA:149,25,0,0
BRDA:149,25,1,0
BRDA:149,26,0,0
BRDA:149,26,1,0
BRDA:151,27,0,0
BRDA:151,27,1,0
BRDA:151,27,2,0
BRDA:151,27,3,0
BRDA:151,27,4,0
BRDA:154,28,0,0
BRDA:154,28,1,0
BRDA:160,29,0,0
BRDA:160,29,1,0
BRDA:162,30,0,0
BRDA:162,30,1,0
BRDA:163,31,0,0
BRDA:163,31,1,0
BRDA:163,32,0,0
BRDA:163,32,1,0
BRDA:175,33,0,0
BRDA:175,33,1,0
BRDA:177,34,0,0
BRDA:177,34,1,0
BRDA:180,35,0,0
BRDA:180,35,1,0
BRDA:187,36,0,0
BRDA:187,36,1,0
BRDA:187,37,0,0
BRDA:187,37,1,0
BRDA:188,38,0,0
BRDA:188,38,1,0
BRDA:194,39,0,0
BRDA:194,39,1,0
BRF:85
BRH:0
end_of_record
TN:
SF:js/chart-utils.js
FN:48,(anonymous_0)
FN:106,getResponsiveOptions
FN:136,(anonymous_2)
FN:164,(anonymous_3)
FN:204,showLoadingState
FN:243,showEmptyState
FN:323,showErrorState
FN:382,(anonymous_7)
FN:404,hideStateOverlays
FN:410,(anonymous_9)
FN:431,addKeyboardNavigation
FN:437,(anonymous_11)
FN:460,announceDataPoint
FN:485,highlightDataPoint
FN:522,formatNumber
FN:539,formatPercent
FN:562,debounce
FN:564,executedFunction
FN:565,(anonymous_18)
FN:580,createResizeHandler
FN:581,(anonymous_20)
FN:584,(anonymous_21)
FN:604,deepMerge
FN:607,(anonymous_23)
FN:628,isObject
FNF:25
FNH:0
FNDA:0,(anonymous_0)
FNDA:0,getResponsiveOptions
FNDA:0,(anonymous_2)
FNDA:0,(anonymous_3)
FNDA:0,showLoadingState
FNDA:0,showEmptyState
FNDA:0,showErrorState
FNDA:0,(anonymous_7)
FNDA:0,hideStateOverlays
FNDA:0,(anonymous_9)
FNDA:0,addKeyboardNavigation
FNDA:0,(anonymous_11)
FNDA:0,announceDataPoint
FNDA:0,highlightDataPoint
FNDA:0,formatNumber
FNDA:0,formatPercent
FNDA:0,debounce
FNDA:0,executedFunction
FNDA:0,(anonymous_18)
FNDA:0,createResizeHandler
FNDA:0,(anonymous_20)
FNDA:0,(anonymous_21)
FNDA:0,deepMerge
FNDA:0,(anonymous_23)
FNDA:0,isObject
DA:48,0
DA:59,0
DA:88,0
DA:107,0
DA:109,0
DA:137,0
DA:138,0
DA:139,0
DA:142,0
DA:143,0
DA:144,0
DA:145,0
DA:147,0
DA:155,0
DA:156,0
DA:165,0
DA:192,0
DA:205,0
DA:206,0
DA:207,0
DA:208,0
DA:212,0
DA:213,0
DA:214,0
DA:215,0
DA:216,0
DA:218,0
DA:219,0
DA:220,0
DA:222,0
DA:223,0
DA:225,0
DA:226,0
DA:229,0
DA:230,0
DA:234,0
DA:244,0
DA:245,0
DA:246,0
DA:247,0
DA:251,0
DA:252,0
DA:253,0
DA:257,0
DA:258,0
DA:259,0
DA:260,0
DA:262,0
DA:263,0
DA:264,0
DA:265,0
DA:266,0
DA:267,0
DA:268,0
DA:269,0
DA:271,0
DA:272,0
DA:273,0
DA:275,0
DA:276,0
DA:277,0
DA:279,0
DA:280,0
DA:281,0
DA:283,0
DA:284,0
DA:285,0
DA:287,0
DA:288,0
DA:290,0
DA:292,0
DA:294,0
DA:295,0
DA:296,0
DA:298,0
DA:299,0
DA:300,0
DA:301,0
DA:302,0
DA:304,0
DA:305,0
DA:306,0
DA:307,0
DA:310,0
DA:311,0
DA:314,0
DA:324,0
DA:325,0
DA:326,0
DA:327,0
DA:331,0
DA:332,0
DA:333,0
DA:337,0
DA:338,0
DA:339,0
DA:340,0
DA:342,0
DA:343,0
DA:344,0
DA:345,0
DA:346,0
DA:347,0
DA:348,0
DA:349,0
DA:351,0
DA:352,0
DA:353,0
DA:354,0
DA:355,0
DA:357,0
DA:358,0
DA:359,0
DA:360,0
DA:361,0
DA:362,0
DA:364,0
DA:365,0
DA:366,0
DA:367,0
DA:368,0
DA:369,0
DA:371,0
DA:372,0
DA:374,0
DA:376,0
DA:378,0
DA:379,0
DA:380,0
DA:382,0
DA:383,0
DA:386,0
DA:387,0
DA:388,0
DA:389,0
DA:392,0
DA:393,0
DA:396,0
DA:405,0
DA:406,0
DA:409,0
DA:410,0
DA:411,0
DA:412,0
DA:413,0
DA:418,0
DA:432,0
DA:434,0
DA:435,0
DA:437,0
DA:438,0
DA:440,0
DA:441,0
DA:442,0
DA:443,0
DA:444,0
DA:445,0
DA:446,0
DA:447,0
DA:448,0
DA:449,0
DA:461,0
DA:462,0
DA:463,0
DA:466,0
DA:467,0
DA:468,0
DA:469,0
DA:470,0
DA:471,0
DA:472,0
DA:473,0
DA:476,0
DA:487,0
DA:488,0
DA:489,0
DA:492,0
DA:493,0
DA:494,0
DA:495,0
DA:499,0
DA:504,0
DA:508,0
DA:523,0
DA:524,0
DA:527,0
DA:540,0
DA:541,0
DA:544,0
DA:564,0
DA:565,0
DA:566,0
DA:567,0
DA:569,0
DA:570,0
DA:581,0
DA:582,0
DA:584,0
DA:585,0
DA:586,0
DA:587,0
DA:605,0
DA:606,0
DA:607,0
DA:608,0
DA:609,0
DA:610,0
DA:612,0
DA:615,0
DA:619,0
DA:629,0
DA:636,0
LF:212
LH:0
BRDA:61,0,0,0
BRDA:61,0,1,0
BRDA:62,1,0,0
BRDA:62,1,1,0
BRDA:63,2,0,0
BRDA:63,2,1,0
BRDA:66,3,0,0
BRDA:66,3,1,0
BRDA:67,4,0,0
BRDA:67,4,1,0
BRDA:70,5,0,0
BRDA:70,5,1,0
BRDA:106,6,0,0
BRDA:106,7,0,0
BRDA:114,8,0,0
BRDA:114,8,1,0
BRDA:118,9,0,0
BRDA:118,9,1,0
BRDA:121,10,0,0
BRDA:121,10,1,0
BRDA:123,11,0,0
BRDA:123,11,1,0
BRDA:124,12,0,0
BRDA:124,12,1,0
BRDA:137,13,0,0
BRDA:137,13,1,0
BRDA:138,14,0,0
BRDA:138,14,1,0
BRDA:142,15,0,0
BRDA:142,15,1,0
BRDA:144,16,0,0
BRDA:144,16,1,0
BRDA:155,17,0,0
BRDA:155,17,1,0
BRDA:162,18,0,0
BRDA:162,18,1,0
BRDA:178,19,0,0
BRDA:178,19,1,0
BRDA:180,20,0,0
BRDA:180,20,1,0
BRDA:181,21,0,0
BRDA:181,21,1,0
BRDA:206,22,0,0
BRDA:206,22,1,0
BRDA:229,23,0,0
BRDA:229,23,1,0
BRDA:243,24,0,0
BRDA:245,25,0,0
BRDA:245,25,1,0
BRDA:252,26,0,0
BRDA:252,26,1,0
BRDA:252,27,0,0
BRDA:252,27,1,0
BRDA:310,28,0,0
BRDA:310,28,1,0
BRDA:323,29,0,0
BRDA:325,30,0,0
BRDA:325,30,1,0
BRDA:332,31,0,0
BRDA:332,31,1,0
BRDA:332,32,0,0
BRDA:332,32,1,0
BRDA:392,33,0,0
BRDA:392,33,1,0
BRDA:406,34,0,0
BRDA:406,34,1,0
BRDA:412,35,0,0
BRDA:412,35,1,0
BRDA:412,36,0,0
BRDA:412,36,1,0
BRDA:440,37,0,0
BRDA:440,37,1,0
BRDA:445,38,0,0
BRDA:445,38,1,0
BRDA:467,39,0,0
BRDA:467,39,1,0
BRDA:488,40,0,0
BRDA:488,40,1,0
BRDA:493,41,0,0
BRDA:493,41,1,0
BRDA:493,41,2,0
BRDA:494,42,0,0
BRDA:494,42,1,0
BRDA:499,43,0,0
BRDA:499,43,1,0
BRDA:522,44,0,0
BRDA:523,45,0,0
BRDA:523,45,1,0
BRDA:523,46,0,0
BRDA:523,46,1,0
BRDA:523,46,2,0
BRDA:540,47,0,0
BRDA:540,47,1,0
BRDA:540,48,0,0
BRDA:540,48,1,0
BRDA:540,48,2,0
BRDA:562,49,0,0
BRDA:585,50,0,0
BRDA:585,50,1,0
BRDA:585,51,0,0
BRDA:585,51,1,0
BRDA:585,51,2,0
BRDA:585,51,3,0
BRDA:586,52,0,0
BRDA:586,52,1,0
BRDA:606,53,0,0
BRDA:606,53,1,0
BRDA:606,54,0,0
BRDA:606,54,1,0
BRDA:608,55,0,0
BRDA:608,55,1,0
BRDA:609,56,0,0
BRDA:609,56,1,0
BRDA:629,57,0,0
BRDA:629,57,1,0
BRDA:629,57,2,0
BRF:116
BRH:0
end_of_record
TN:
SF:js/coalition-loader.js
FN:146,(anonymous_0)
FN:447,getCurrentLanguage
FN:453,getTranslations
FN:463,parseCSV
FN:467,(anonymous_4)
FN:475,(anonymous_5)
FN:489,isCacheFresh
FN:508,getCachedData
FN:524,setCachedData
FN:542,fetchCSV
FN:555,(anonymous_10)
FN:567,loadPartySummary
FN:580,(anonymous_12)
FN:590,loadPartyRoles
FN:603,(anonymous_14)
FN:616,loadPoliticianData
FN:636,loadExperienceData
FN:658,getPartyLeader
FN:660,(anonymous_18)
FN:672,(anonymous_19)
FN:694,getEnhancedLeaderInfo
FN:698,(anonymous_21)
FN:735,renderCoalition
FN:753,(anonymous_23)
FN:756,(anonymous_24)
FN:763,(anonymous_25)
FN:768,(anonymous_26)
FN:889,showLoading
FN:904,showError
FN:923,init
FN:931,(anonymous_30)
FN:935,(anonymous_31)
FN:966,(anonymous_32)
FN:967,(anonymous_33)
FNF:34
FNH:0
FNDA:0,(anonymous_0)
FNDA:0,getCurrentLanguage
FNDA:0,getTranslations
FNDA:0,parseCSV
FNDA:0,(anonymous_4)
FNDA:0,(anonymous_5)
FNDA:0,isCacheFresh
FNDA:0,getCachedData
FNDA:0,setCachedData
FNDA:0,fetchCSV
FNDA:0,(anonymous_10)
FNDA:0,loadPartySummary
FNDA:0,(anonymous_12)
FNDA:0,loadPartyRoles
FNDA:0,(anonymous_14)
FNDA:0,loadPoliticianData
FNDA:0,loadExperienceData
FNDA:0,getPartyLeader
FNDA:0,(anonymous_18)
FNDA:0,(anonymous_19)
FNDA:0,getEnhancedLeaderInfo
FNDA:0,(anonymous_21)
FNDA:0,renderCoalition
FNDA:0,(anonymous_23)
FNDA:0,(anonymous_24)
FNDA:0,(anonymous_25)
FNDA:0,(anonymous_26)
FNDA:0,showLoading
FNDA:0,showError
FNDA:0,init
FNDA:0,(anonymous_30)
FNDA:0,(anonymous_31)
FNDA:0,(anonymous_32)
FNDA:0,(anonymous_33)
DA:146,0
DA:150,0
DA:165,0
DA:177,0
DA:448,0
DA:449,0
DA:454,0
DA:455,0
DA:464,0
DA:465,0
DA:467,0
DA:468,0
DA:470,0
DA:471,0
DA:472,0
DA:474,0
DA:475,0
DA:476,0
DA:478,0
DA:481,0
DA:490,0
DA:491,0
DA:492,0
DA:494,0
DA:495,0
DA:496,0
DA:498,0
DA:499,0
DA:509,0
DA:510,0
DA:511,0
DA:512,0
DA:514,0
DA:515,0
DA:525,0
DA:526,0
DA:530,0
DA:532,0
DA:543,0
DA:545,0
DA:546,0
DA:547,0
DA:548,0
DA:550,0
DA:552,0
DA:554,0
DA:555,0
DA:556,0
DA:559,0
DA:568,0
DA:569,0
DA:570,0
DA:571,0
DA:572,0
DA:575,0
DA:576,0
DA:577,0
DA:580,0
DA:582,0
DA:583,0
DA:591,0
DA:592,0
DA:593,0
DA:594,0
DA:595,0
DA:598,0
DA:599,0
DA:600,0
DA:603,0
DA:604,0
DA:608,0
DA:609,0
DA:617,0
DA:618,0
DA:619,0
DA:620,0
DA:621,0
DA:624,0
DA:625,0
DA:626,0
DA:628,0
DA:629,0
DA:637,0
DA:638,0
DA:639,0
DA:640,0
DA:641,0
DA:644,0
DA:645,0
DA:646,0
DA:648,0
DA:649,0
DA:660,0
DA:661,0
DA:664,0
DA:665,0
DA:672,0
DA:673,0
DA:676,0
DA:677,0
DA:684,0
DA:695,0
DA:698,0
DA:699,0
DA:702,0
DA:703,0
DA:706,0
DA:707,0
DA:710,0
DA:711,0
DA:712,0
DA:713,0
DA:714,0
DA:715,0
DA:716,0
DA:719,0
DA:736,0
DA:737,0
DA:738,0
DA:739,0
DA:742,0
DA:743,0
DA:744,0
DA:745,0
DA:746,0
DA:750,0
DA:753,0
DA:756,0
DA:757,0
DA:758,0
DA:759,0
DA:763,0
DA:764,0
DA:768,0
DA:769,0
DA:770,0
DA:771,0
DA:773,0
DA:774,0
DA:775,0
DA:777,0
DA:778,0
DA:779,0
DA:782,0
DA:783,0
DA:786,0
DA:787,0
DA:788,0
DA:791,0
DA:792,0
DA:793,0
DA:796,0
DA:797,0
DA:800,0
DA:801,0
DA:802,0
DA:803,0
DA:804,0
DA:807,0
DA:808,0
DA:809,0
DA:810,0
DA:814,0
DA:815,0
DA:816,0
DA:818,0
DA:821,0
DA:822,0
DA:824,0
DA:825,0
DA:826,0
DA:827,0
DA:828,0
DA:829,0
DA:832,0
DA:833,0
DA:834,0
DA:835,0
DA:836,0
DA:839,0
DA:840,0
DA:841,0
DA:842,0
DA:845,0
DA:846,0
DA:847,0
DA:848,0
DA:849,0
DA:853,0
DA:854,0
DA:855,0
DA:856,0
DA:857,0
DA:861,0
DA:862,0
DA:863,0
DA:864,0
DA:865,0
DA:866,0
DA:869,0
DA:872,0
DA:874,0
DA:878,0
DA:879,0
DA:880,0
DA:883,0
DA:890,0
DA:891,0
DA:893,0
DA:894,0
DA:895,0
DA:896,0
DA:905,0
DA:906,0
DA:908,0
DA:909,0
DA:910,0
DA:911,0
DA:912,0
DA:913,0
DA:914,0
DA:915,0
DA:917,0
DA:924,0
DA:925,0
DA:928,0
DA:932,0
DA:933,0
DA:936,0
DA:937,0
DA:941,0
DA:949,0
DA:952,0
DA:957,0
DA:958,0
DA:960,0
DA:964,0
DA:967,0
DA:968,0
DA:969,0
DA:972,0
LF:241
LH:0
BRDA:448,0,0,0
BRDA:448,0,1,0
BRDA:455,1,0,0
BRDA:455,1,1,0
BRDA:465,2,0,0
BRDA:465,2,1,0
BRDA:472,3,0,0
BRDA:472,3,1,0
BRDA:492,4,0,0
BRDA:492,4,1,0
BRDA:510,5,0,0
BRDA:510,5,1,0
BRDA:512,6,0,0
BRDA:512,6,1,0
BRDA:542,7,0,0
BRDA:547,8,0,0
BRDA:547,8,1,0
BRDA:554,9,0,0
BRDA:554,9,1,0
BRDA:570,10,0,0
BRDA:570,10,1,0
BRDA:593,11,0,0
BRDA:593,11,1,0
BRDA:604,12,0,0
BRDA:604,12,1,0
BRDA:604,12,2,0
BRDA:619,13,0,0
BRDA:619,13,1,0
BRDA:639,14,0,0
BRDA:639,14,1,0
BRDA:661,15,0,0
BRDA:661,15,1,0
BRDA:664,16,0,0
BRDA:664,16,1,0
BRDA:673,17,0,0
BRDA:673,17,1,0
BRDA:676,18,0,0
BRDA:676,18,1,0
BRDA:695,19,0,0
BRDA:695,19,1,0
BRDA:699,20,0,0
BRDA:699,20,1,0
BRDA:706,21,0,0
BRDA:706,21,1,0
BRDA:707,22,0,0
BRDA:707,22,1,0
BRDA:710,23,0,0
BRDA:710,23,1,0
BRDA:711,24,0,0
BRDA:711,24,1,0
BRDA:713,25,0,0
BRDA:713,25,1,0
BRDA:715,26,0,0
BRDA:715,26,1,0
BRDA:735,27,0,0
BRDA:735,28,0,0
BRDA:737,29,0,0
BRDA:737,29,1,0
BRDA:744,30,0,0
BRDA:744,30,1,0
BRDA:757,31,0,0
BRDA:757,31,1,0
BRDA:758,32,0,0
BRDA:758,32,1,0
BRDA:764,33,0,0
BRDA:764,33,1,0
BRDA:771,34,0,0
BRDA:771,34,1,0
BRDA:773,35,0,0
BRDA:773,35,1,0
BRDA:774,36,0,0
BRDA:774,36,1,0
BRDA:775,37,0,0
BRDA:775,37,1,0
BRDA:779,38,0,0
BRDA:779,38,1,0
BRDA:807,39,0,0
BRDA:807,39,1,0
BRDA:832,40,0,0
BRDA:832,40,1,0
BRDA:845,41,0,0
BRDA:845,41,1,0
BRDA:853,42,0,0
BRDA:853,42,1,0
BRDA:853,43,0,0
BRDA:853,43,1,0
BRDA:861,44,0,0
BRDA:861,44,1,0
BRDA:861,45,0,0
BRDA:861,45,1,0
BRDA:863,46,0,0
BRDA:863,46,1,0
BRDA:879,47,0,0
BRDA:879,47,1,0
BRDA:891,48,0,0
BRDA:891,48,1,0
BRDA:894,49,0,0
BRDA:894,49,1,0
BRDA:906,50,0,0
BRDA:906,50,1,0
BRDA:909,51,0,0
BRDA:909,51,1,0
BRDA:957,52,0,0
BRDA:957,52,1,0
BRDA:968,53,0,0
BRDA:968,53,1,0
BRF:106
BRH:0
end_of_record
TN:
SF:js/dashboard-integration-example.js
FN:123,example1_SimpleBarChart
FN:130,(anonymous_1)
FN:169,example2_LineChartWithError
FN:176,(anonymous_3)
FN:212,example3_MultipleChartsWithResize
FN:216,(anonymous_5)
FN:219,(anonymous_6)
FN:229,(anonymous_7)
FN:256,example4_D3HeatmapWithThemeColors
FN:261,(anonymous_9)
FN:284,(anonymous_10)
FN:295,(anonymous_11)
FN:296,(anonymous_12)
FN:299,(anonymous_13)
FN:303,(anonymous_14)
FN:324,runCompleteDashboardExample
FN:343,initDashboard
FN:345,(anonymous_17)
FN:365,(anonymous_18)
FN:374,fetchData
FN:385,createEffectivenessChart
FN:398,(anonymous_21)
FN:401,(anonymous_22)
FN:411,(anonymous_23)
FN:427,createComparisonChart
FN:440,(anonymous_25)
FN:443,(anonymous_26)
FN:457,createMomentumChart
FN:470,(anonymous_28)
FN:473,(anonymous_29)
FNF:30
FNH:0
FNDA:0,example1_SimpleBarChart
FNDA:0,(anonymous_1)
FNDA:0,example2_LineChartWithError
FNDA:0,(anonymous_3)
FNDA:0,example3_MultipleChartsWithResize
FNDA:0,(anonymous_5)
FNDA:0,(anonymous_6)
FNDA:0,(anonymous_7)
FNDA:0,example4_D3HeatmapWithThemeColors
FNDA:0,(anonymous_9)
FNDA:0,(anonymous_10)
FNDA:0,(anonymous_11)
FNDA:0,(anonymous_12)
FNDA:0,(anonymous_13)
FNDA:0,(anonymous_14)
FNDA:0,runCompleteDashboardExample
FNDA:0,initDashboard
FNDA:0,(anonymous_17)
FNDA:0,(anonymous_18)
FNDA:0,fetchData
FNDA:0,createEffectivenessChart
FNDA:0,(anonymous_21)
FNDA:0,(anonymous_22)
FNDA:0,(anonymous_23)
FNDA:0,createComparisonChart
FNDA:0,(anonymous_25)
FNDA:0,(anonymous_26)
FNDA:0,createMomentumChart
FNDA:0,(anonymous_28)
FNDA:0,(anonymous_29)
DA:124,0
DA:127,0
DA:130,0
DA:131,0
DA:137,0
DA:140,0
DA:141,0
DA:142,0
DA:146,0
DA:147,0
DA:161,0
DA:170,0
DA:173,0
DA:176,0
DA:177,0
DA:179,0
DA:181,0
DA:182,0
DA:186,0
DA:188,0
DA:189,0
DA:204,0
DA:213,0
DA:216,0
DA:217,0
DA:219,0
DA:220,0
DA:222,0
DA:223,0
DA:229,0
DA:243,0
DA:244,0
DA:249,0
DA:257,0
DA:259,0
DA:261,0
DA:262,0
DA:264,0
DA:265,0
DA:266,0
DA:269,0
DA:276,0
DA:284,0
DA:290,0
DA:292,0
DA:295,0
DA:296,0
DA:299,0
DA:305,0
DA:328,0
DA:338,0
DA:345,0
DA:346,0
DA:349,0
DA:351,0
DA:354,0
DA:355,0
DA:356,0
DA:359,0
DA:364,0
DA:365,0
DA:366,0
DA:375,0
DA:376,0
DA:377,0
DA:379,0
DA:386,0
DA:387,0
DA:389,0
DA:390,0
DA:391,0
DA:394,0
DA:395,0
DA:398,0
DA:401,0
DA:412,0
DA:420,0
DA:421,0
DA:428,0
DA:429,0
DA:431,0
DA:432,0
DA:433,0
DA:436,0
DA:437,0
DA:440,0
DA:443,0
DA:450,0
DA:451,0
DA:458,0
DA:459,0
DA:461,0
DA:462,0
DA:463,0
DA:466,0
DA:467,0
DA:470,0
DA:473,0
DA:484,0
DA:485,0
DA:489,0
DA:490,0
DA:492,0
DA:500,0
DA:501,0
DA:518,0
DA:521,0
DA:522,0
LF:108
LH:0
BRDA:140,0,0,0
BRDA:140,0,1,0
BRDA:140,1,0,0
BRDA:140,1,1,0
BRDA:179,2,0,0
BRDA:179,2,1,0
BRDA:224,3,0,0
BRDA:224,3,1,0
BRDA:224,4,0,0
BRDA:224,4,1,0
BRDA:239,5,0,0
BRDA:239,5,1,0
BRDA:239,6,0,0
BRDA:239,6,1,0
BRDA:376,7,0,0
BRDA:376,7,1,0
BRDA:389,8,0,0
BRDA:389,8,1,0
BRDA:389,9,0,0
BRDA:389,9,1,0
BRDA:431,10,0,0
BRDA:431,10,1,0
BRDA:431,11,0,0
BRDA:431,11,1,0
BRDA:461,12,0,0
BRDA:461,12,1,0
BRDA:461,13,0,0
BRDA:461,13,1,0
BRDA:489,14,0,0
BRDA:489,14,1,0
BRDA:500,15,0,0
BRDA:500,15,1,0
BRDA:500,16,0,0
BRDA:500,16,1,0
BRDA:518,17,0,0
BRDA:518,17,1,0
BRDA:518,18,0,0
BRDA:518,18,1,0
BRDA:521,19,0,0
BRDA:521,19,1,0
BRDA:521,20,0,0
BRDA:521,20,1,0
BRF:42
BRH:0
end_of_record
TN:
SF:js/logger.js
FN:34,(anonymous_0)
FN:44,(anonymous_1)
FN:54,(anonymous_2)
FN:62,(anonymous_3)
FNF:4
FNH:0
FNDA:0,(anonymous_0)
FNDA:0,(anonymous_1)
FNDA:0,(anonymous_2)
FNDA:0,(anonymous_3)
DA:22,0
DA:29,0
DA:35,0
DA:36,0
DA:45,0
DA:46,0
DA:55,0
DA:63,0
LF:8
LH:0
BRDA:22,0,0,0
BRDA:22,0,1,0
BRDA:35,1,0,0
BRDA:35,1,1,0
BRDA:45,2,0,0
BRDA:45,2,1,0
BRF:6
BRH:0
end_of_record
TN:
SF:js/risk-dashboard.js
FN:116,(anonymous_0)
FN:123,(anonymous_1)
FN:124,(anonymous_2)
FN:125,(anonymous_3)
FN:126,(anonymous_4)
FN:171,classifyRiskLevel
FN:178,getRiskColor
FN:183,parseCSV
FN:188,fetchCIAData
FN:200,loadCIAData
FN:233,(anonymous_10)
FN:243,(anonymous_11)
FN:264,calculatePercentile
FN:265,(anonymous_13)
FN:274,updateEarlyWarnings
FN:275,(anonymous_15)
FN:276,(anonymous_16)
FN:281,(anonymous_17)
FN:317,createHeatMap
FN:349,(anonymous_19)
FN:350,(anonymous_20)
FN:371,(anonymous_21)
FN:378,(anonymous_22)
FN:388,(anonymous_23)
FN:389,(anonymous_24)
FN:392,(anonymous_25)
FN:397,(anonymous_26)
FN:399,(anonymous_27)
FN:406,(anonymous_28)
FN:416,(anonymous_29)
FN:421,(anonymous_30)
FN:425,(anonymous_31)
FN:466,(anonymous_32)
FN:484,(anonymous_33)
FN:498,(anonymous_34)
FN:503,(anonymous_35)
FN:508,(anonymous_36)
FN:512,(anonymous_37)
FN:517,(anonymous_38)
FN:523,(anonymous_39)
FN:525,(anonymous_40)
FN:533,(anonymous_41)
FN:540,(anonymous_42)
FN:544,(anonymous_43)
FN:549,createLegend
FN:560,(anonymous_45)
FN:586,createRiskDistributionChart
FN:591,(anonymous_47)
FN:592,(anonymous_48)
FN:593,(anonymous_49)
FN:594,(anonymous_50)
FN:623,(anonymous_51)
FN:624,(anonymous_52)
FN:650,createAnomalyDetectionChart
FN:675,(anonymous_54)
FN:680,(anonymous_55)
FN:691,(anonymous_56)
FN:698,(anonymous_57)
FN:705,(anonymous_58)
FN:748,(anonymous_59)
FN:762,(anonymous_60)
FN:780,createCrisisResilienceChart
FN:786,(anonymous_62)
FN:797,(anonymous_63)
FN:801,(anonymous_64)
FN:821,(anonymous_65)
FN:831,createRiskEvolutionChart
FN:847,(anonymous_67)
FN:849,(anonymous_68)
FN:894,(anonymous_69)
FN:915,createTop10Lists
FN:919,(anonymous_71)
FN:920,(anonymous_72)
FN:929,(anonymous_73)
FN:939,(anonymous_74)
FN:948,(anonymous_75)
FN:961,initDashboard
FNF:77
FNH:0
FNDA:0,(anonymous_0)
FNDA:0,(anonymous_1)
FNDA:0,(anonymous_2)
FNDA:0,(anonymous_3)
FNDA:0,(anonymous_4)
FNDA:0,classifyRiskLevel
FNDA:0,getRiskColor
FNDA:0,parseCSV
FNDA:0,fetchCIAData
FNDA:0,loadCIAData
FNDA:0,(anonymous_10)
FNDA:0,(anonymous_11)
FNDA:0,calculatePercentile
FNDA:0,(anonymous_13)
FNDA:0,updateEarlyWarnings
FNDA:0,(anonymous_15)
FNDA:0,(anonymous_16)
FNDA:0,(anonymous_17)
FNDA:0,createHeatMap
FNDA:0,(anonymous_19)
FNDA:0,(anonymous_20)
FNDA:0,(anonymous_21)
FNDA:0,(anonymous_22)
FNDA:0,(anonymous_23)
FNDA:0,(anonymous_24)
FNDA:0,(anonymous_25)
FNDA:0,(anonymous_26)
FNDA:0,(anonymous_27)
FNDA:0,(anonymous_28)
FNDA:0,(anonymous_29)
FNDA:0,(anonymous_30)
FNDA:0,(anonymous_31)
FNDA:0,(anonymous_32)
FNDA:0,(anonymous_33)
FNDA:0,(anonymous_34)
FNDA:0,(anonymous_35)
FNDA:0,(anonymous_36)
FNDA:0,(anonymous_37)
FNDA:0,(anonymous_38)
FNDA:0,(anonymous_39)
FNDA:0,(anonymous_40)
FNDA:0,(anonymous_41)
FNDA:0,(anonymous_42)
FNDA:0,(anonymous_43)
FNDA:0,createLegend
FNDA:0,(anonymous_45)
FNDA:0,createRiskDistributionChart
FNDA:0,(anonymous_47)
FNDA:0,(anonymous_48)
FNDA:0,(anonymous_49)
FNDA:0,(anonymous_50)
FNDA:0,(anonymous_51)
FNDA:0,(anonymous_52)
FNDA:0,createAnomalyDetectionChart
FNDA:0,(anonymous_54)
FNDA:0,(anonymous_55)
FNDA:0,(anonymous_56)
FNDA:0,(anonymous_57)
FNDA:0,(anonymous_58)
FNDA:0,(anonymous_59)
FNDA:0,(anonymous_60)
FNDA:0,createCrisisResilienceChart
FNDA:0,(anonymous_62)
FNDA:0,(anonymous_63)
FNDA:0,(anonymous_64)
FNDA:0,(anonymous_65)
FNDA:0,createRiskEvolutionChart
FNDA:0,(anonymous_67)
FNDA:0,(anonymous_68)
FNDA:0,(anonymous_69)
FNDA:0,createTop10Lists
FNDA:0,(anonymous_71)
FNDA:0,(anonymous_72)
FNDA:0,(anonymous_73)
FNDA:0,(anonymous_74)
FNDA:0,(anonymous_75)
FNDA:0,initDashboard
DA:116,0
DA:120,0
DA:122,0
DA:123,0
DA:124,0
DA:125,0
DA:126,0
DA:133,0
DA:140,0
DA:151,0
DA:172,0
DA:173,0
DA:174,0
DA:175,0
DA:179,0
DA:180,0
DA:185,0
DA:189,0
DA:190,0
DA:191,0
DA:192,0
DA:193,0
DA:195,0
DA:196,0
DA:201,0
DA:204,0
DA:206,0
DA:207,0
DA:208,0
DA:211,0
DA:215,0
DA:216,0
DA:233,0
DA:234,0
DA:235,0
DA:236,0
DA:237,0
DA:238,0
DA:239,0
DA:243,0
DA:245,0
DA:246,0
DA:248,0
DA:260,0
DA:261,0
DA:265,0
DA:266,0
DA:267,0
DA:275,0
DA:276,0
DA:278,0
DA:280,0
DA:281,0
DA:282,0
DA:285,0
DA:286,0
DA:287,0
DA:288,0
DA:290,0
DA:291,0
DA:292,0
DA:293,0
DA:295,0
DA:296,0
DA:297,0
DA:298,0
DA:302,0
DA:304,0
DA:305,0
DA:309,0
DA:318,0
DA:319,0
DA:322,0
DA:323,0
DA:324,0
DA:325,0
DA:326,0
DA:329,0
DA:336,0
DA:349,0
DA:350,0
DA:353,0
DA:358,0
DA:364,0
DA:368,0
DA:372,0
DA:375,0
DA:378,0
DA:379,0
DA:383,0
DA:388,0
DA:389,0
DA:392,0
DA:397,0
DA:400,0
DA:401,0
DA:403,0
DA:407,0
DA:414,0
DA:417,0
DA:422,0
DA:423,0
DA:426,0
DA:428,0
DA:429,0
DA:431,0
DA:448,0
DA:452,0
DA:455,0
DA:461,0
DA:463,0
DA:464,0
DA:466,0
DA:467,0
DA:468,0
DA:469,0
DA:470,0
DA:471,0
DA:472,0
DA:475,0
DA:476,0
DA:477,0
DA:478,0
DA:479,0
DA:481,0
DA:484,0
DA:485,0
DA:486,0
DA:489,0
DA:493,0
DA:498,0
DA:503,0
DA:506,0
DA:508,0
DA:512,0
DA:517,0
DA:520,0
DA:523,0
DA:524,0
DA:525,0
DA:527,0
DA:532,0
DA:533,0
DA:534,0
DA:535,0
DA:536,0
DA:537,0
DA:540,0
DA:541,0
DA:542,0
DA:544,0
DA:550,0
DA:551,0
DA:553,0
DA:560,0
DA:561,0
DA:562,0
DA:563,0
DA:564,0
DA:566,0
DA:567,0
DA:568,0
DA:569,0
DA:570,0
DA:571,0
DA:573,0
DA:574,0
DA:576,0
DA:577,0
DA:578,0
DA:587,0
DA:590,0
DA:591,0
DA:592,0
DA:593,0
DA:594,0
DA:597,0
DA:624,0
DA:625,0
DA:626,0
DA:651,0
DA:655,0
DA:656,0
DA:657,0
DA:659,0
DA:660,0
DA:661,0
DA:662,0
DA:665,0
DA:666,0
DA:667,0
DA:668,0
DA:675,0
DA:676,0
DA:677,0
DA:680,0
DA:681,0
DA:682,0
DA:685,0
DA:691,0
DA:698,0
DA:705,0
DA:749,0
DA:763,0
DA:764,0
DA:781,0
DA:785,0
DA:786,0
DA:791,0
DA:797,0
DA:801,0
DA:822,0
DA:832,0
DA:835,0
DA:836,0
DA:838,0
DA:839,0
DA:840,0
DA:841,0
DA:846,0
DA:847,0
DA:848,0
DA:849,0
DA:850,0
DA:851,0
DA:852,0
DA:853,0
DA:856,0
DA:867,0
DA:895,0
DA:917,0
DA:918,0
DA:919,0
DA:920,0
DA:923,0
DA:924,0
DA:925,0
DA:926,0
DA:927,0
DA:929,0
DA:930,0
DA:931,0
DA:932,0
DA:937,0
DA:938,0
DA:939,0
DA:942,0
DA:943,0
DA:944,0
DA:945,0
DA:946,0
DA:948,0
DA:949,0
DA:950,0
DA:951,0
DA:952,0
DA:962,0
DA:965,0
DA:967,0
DA:968,0
DA:971,0
DA:972,0
DA:975,0
DA:976,0
DA:979,0
DA:982,0
DA:983,0
DA:984,0
DA:996,0
DA:997,0
DA:1001,0
DA:1004,0
DA:1005,0
DA:1006,0
DA:1007,0
DA:1008,0
DA:1009,0
DA:1010,0
DA:1012,0
DA:1016,0
DA:1017,0
DA:1019,0
LF:282
LH:0
BRDA:120,0,0,0
BRDA:120,0,1,0
BRDA:123,1,0,0
BRDA:123,1,1,0
BRDA:124,2,0,0
BRDA:124,2,1,0
BRDA:172,3,0,0
BRDA:172,3,1,0
BRDA:173,4,0,0
BRDA:173,4,1,0
BRDA:174,5,0,0
BRDA:174,5,1,0
BRDA:191,6,0,0
BRDA:191,6,1,0
BRDA:206,7,0,0
BRDA:206,7,1,0
BRDA:206,8,0,0
BRDA:206,8,1,0
BRDA:234,9,0,0
BRDA:234,9,1,0
BRDA:235,10,0,0
BRDA:235,10,1,0
BRDA:236,11,0,0
BRDA:236,11,1,0
BRDA:237,12,0,0
BRDA:237,12,1,0
BRDA:238,13,0,0
BRDA:238,13,1,0
BRDA:239,14,0,0
BRDA:239,14,1,0
BRDA:280,15,0,0
BRDA:280,15,1,0
BRDA:296,16,0,0
BRDA:296,16,1,0
BRDA:400,17,0,0
BRDA:400,17,1,0
BRDA:400,18,0,0
BRDA:400,18,1,0
BRDA:429,19,0,0
BRDA:429,19,1,0
BRDA:503,20,0,0
BRDA:503,20,1,0
BRDA:524,21,0,0
BRDA:524,21,1,0
BRDA:525,22,0,0
BRDA:525,22,1,0
BRDA:536,23,0,0
BRDA:536,23,1,0
BRDA:541,24,0,0
BRDA:541,24,1,0
BRDA:544,25,0,0
BRDA:544,25,1,0
BRDA:592,26,0,0
BRDA:592,26,1,0
BRDA:593,27,0,0
BRDA:593,27,1,0
BRDA:666,28,0,0
BRDA:666,28,1,0
BRDA:682,29,0,0
BRDA:682,29,1,0
BRDA:691,30,0,0
BRDA:691,30,1,0
BRDA:840,31,0,0
BRDA:840,31,1,0
BRDA:840,32,0,0
BRDA:840,32,1,0
BRDA:919,33,0,0
BRDA:919,33,1,0
BRDA:919,34,0,0
BRDA:919,34,1,0
BRDA:923,35,0,0
BRDA:923,35,1,0
BRDA:942,36,0,0
BRDA:942,36,1,0
BRDA:971,37,0,0
BRDA:971,37,1,0
BRDA:971,38,0,0
BRDA:971,38,1,0
BRDA:971,38,2,0
BRDA:983,39,0,0
BRDA:983,39,1,0
BRDA:1016,40,0,0
BRDA:1016,40,1,0
BRF:83
BRH:0
end_of_record
TN:
SF:js/theme-init.js
FN:12,(anonymous_0)
FNF:1
FNH:0
FNDA:0,(anonymous_0)
DA:12,0
DA:13,0
DA:14,0
DA:15,0
DA:16,0
DA:17,0
DA:18,0
DA:20,0
LF:8
LH:0
BRDA:16,0,0,0
BRDA:16,0,1,0
BRDA:16,1,0,0
BRDA:16,1,1,0
BRDA:17,2,0,0
BRDA:17,2,1,0
BRDA:18,3,0,0
BRDA:18,3,1,0
BRDA:18,4,0,0
BRDA:18,4,1,0
BRF:10
BRH:0
end_of_record
TN:
SF:js/theme-toggle.js
FN:11,(anonymous_0)
FN:29,applyTheme
FN:43,getStoredTheme
FN:69,(anonymous_3)
FN:81,(anonymous_4)
FNF:5
FNH:0
FNDA:0,(anonymous_0)
FNDA:0,applyTheme
FNDA:0,getStoredTheme
FNDA:0,(anonymous_3)
FNDA:0,(anonymous_4)
DA:11,0
DA:12,0
DA:13,0
DA:14,0
DA:15,0
DA:17,0
DA:18,0
DA:19,0
DA:30,0
DA:32,0
DA:33,0
DA:34,0
DA:37,0
DA:38,0
DA:39,0
DA:44,0
DA:45,0
DA:46,0
DA:47,0
DA:52,0
DA:61,0
DA:63,0
DA:67,0
DA:69,0
DA:70,0
DA:71,0
DA:72,0
DA:73,0
DA:74,0
DA:80,0
DA:81,0
DA:82,0
DA:83,0
LF:33
LH:0
BRDA:18,0,0,0
BRDA:18,0,1,0
BRDA:34,1,0,0
BRDA:34,1,1,0
BRDA:37,2,0,0
BRDA:37,2,1,0
BRDA:46,3,0,0
BRDA:46,3,1,0
BRDA:46,4,0,0
BRDA:46,4,1,0
BRDA:63,5,0,0
BRDA:63,5,1,0
BRDA:63,5,2,0
BRDA:70,6,0,0
BRDA:70,6,1,0
BRDA:80,7,0,0
BRDA:80,7,1,0
BRF:17
BRH:0
end_of_record
TN:
SF:scripts/analysis-reader.ts
FN:228,extractSection
FN:242,extractValue
FN:262,extractBulletList
FN:265,(anonymous_3)
FN:266,(anonymous_4)
FN:272,extractIconTagged
FN:287,toClassificationLevel
FN:299,toConfidenceLabel
FN:310,toRiskLevel
FN:322,toDemocraticHealthLabel
FN:334,toPriorityLevel
FN:346,toUrgencyLabel
FN:357,parseSwotEntries
FN:384,(anonymous_13)
FN:394,parseClassificationResults
FN:422,parseRiskAssessment
FN:432,(anonymous_16)
FN:440,parseSwotAnalysis
FN:462,parseThreatAnalysis
FN:471,(anonymous_19)
FN:479,parseStakeholderPerspectives
FN:492,(anonymous_21)
FN:493,(anonymous_22)
FN:494,(anonymous_23)
FN:495,(anonymous_24)
FN:496,(anonymous_25)
FN:497,(anonymous_26)
FN:504,parseSignificanceScoring
FN:531,parseSynthesisSummary
FN:546,(anonymous_29)
FN:548,(anonymous_30)
FN:582,readAnalysisFile
FN:594,(anonymous_32)
FN:594,(anonymous_33)
FN:638,readDailyAnalysis
FN:673,(anonymous_35)
FN:696,findLatestAnalysisDate
FN:706,(anonymous_37)
FN:713,(anonymous_38)
FN:713,(anonymous_39)
FN:715,(anonymous_40)
FN:737,readLatestAnalysis
FN:763,deriveArticleClassificationMeta
FN:787,isNonEmptyAnalysis
FN:812,readLatestNonEmptyAnalysis
FNF:45
FNH:0
FNDA:0,extractSection
FNDA:0,extractValue
FNDA:0,extractBulletList
FNDA:0,(anonymous_3)
FNDA:0,(anonymous_4)
FNDA:0,extractIconTagged
FNDA:0,toClassificationLevel
FNDA:0,toConfidenceLabel
FNDA:0,toRiskLevel
FNDA:0,toDemocraticHealthLabel
FNDA:0,toPriorityLevel
FNDA:0,toUrgencyLabel
FNDA:0,parseSwotEntries
FNDA:0,(anonymous_13)
FNDA:0,parseClassificationResults
FNDA:0,parseRiskAssessment
FNDA:0,(anonymous_16)
FNDA:0,parseSwotAnalysis
FNDA:0,parseThreatAnalysis
FNDA:0,(anonymous_19)
FNDA:0,parseStakeholderPerspectives
FNDA:0,(anonymous_21)
FNDA:0,(anonymous_22)
FNDA:0,(anonymous_23)
FNDA:0,(anonymous_24)
FNDA:0,(anonymous_25)
FNDA:0,(anonymous_26)
FNDA:0,parseSignificanceScoring
FNDA:0,parseSynthesisSummary
FNDA:0,(anonymous_29)
FNDA:0,(anonymous_30)
FNDA:0,readAnalysisFile
FNDA:0,(anonymous_32)
FNDA:0,(anonymous_33)
FNDA:0,readDailyAnalysis
FNDA:0,(anonymous_35)
FNDA:0,findLatestAnalysisDate
FNDA:0,(anonymous_37)
FNDA:0,(anonymous_38)
FNDA:0,(anonymous_39)
FNDA:0,(anonymous_40)
FNDA:0,readLatestAnalysis
FNDA:0,deriveArticleClassificationMeta
FNDA:0,isNonEmptyAnalysis
FNDA:0,readLatestNonEmptyAnalysis
DA:215,0
DA:218,0
DA:229,0
DA:230,0
DA:234,0
DA:235,0
DA:243,0
DA:244,0
DA:249,0
DA:250,0
DA:251,0
DA:252,0
DA:255,0
DA:263,0
DA:265,0
DA:266,0
DA:273,0
DA:274,0
DA:275,0
DA:276,0
DA:277,0
DA:280,0
DA:288,0
DA:289,0
DA:290,0
DA:291,0
DA:292,0
DA:300,0
DA:301,0
DA:302,0
DA:303,0
DA:311,0
DA:312,0
DA:313,0
DA:314,0
DA:315,0
DA:323,0
DA:324,0
DA:325,0
DA:326,0
DA:327,0
DA:335,0
DA:336,0
DA:337,0
DA:338,0
DA:339,0
DA:347,0
DA:348,0
DA:349,0
DA:350,0
DA:351,0
DA:358,0
DA:359,0
DA:360,0
DA:361,0
DA:362,0
DA:365,0
DA:366,0
DA:369,0
DA:370,0
DA:375,0
DA:377,0
DA:384,0
DA:395,0
DA:396,0
DA:397,0
DA:400,0
DA:403,0
DA:404,0
DA:409,0
DA:411,0
DA:416,0
DA:423,0
DA:424,0
DA:426,0
DA:427,0
DA:429,0
DA:431,0
DA:432,0
DA:434,0
DA:441,0
DA:442,0
DA:444,0
DA:445,0
DA:446,0
DA:447,0
DA:449,0
DA:463,0
DA:464,0
DA:465,0
DA:467,0
DA:468,0
DA:470,0
DA:471,0
DA:473,0
DA:480,0
DA:481,0
DA:483,0
DA:487,0
DA:488,0
DA:489,0
DA:491,0
DA:492,0
DA:493,0
DA:494,0
DA:495,0
DA:496,0
DA:497,0
DA:505,0
DA:506,0
DA:507,0
DA:508,0
DA:511,0
DA:512,0
DA:513,0
DA:514,0
DA:515,0
DA:516,0
DA:517,0
DA:525,0
DA:532,0
DA:533,0
DA:535,0
DA:536,0
DA:538,0
DA:539,0
DA:542,0
DA:543,0
DA:545,0
DA:546,0
DA:548,0
DA:559,0
DA:562,0
DA:573,0
DA:583,0
DA:584,0
DA:585,0
DA:591,0
DA:592,0
DA:594,0
DA:595,0
DA:596,0
DA:597,0
DA:598,0
DA:608,0
DA:609,0
DA:610,0
DA:614,0
DA:647,0
DA:657,0
DA:658,0
DA:659,0
DA:660,0
DA:661,0
DA:662,0
DA:663,0
DA:665,0
DA:673,0
DA:675,0
DA:697,0
DA:698,0
DA:699,0
DA:700,0
DA:701,0
DA:702,0
DA:703,0
DA:704,0
DA:706,0
DA:707,0
DA:711,0
DA:712,0
DA:713,0
DA:714,0
DA:715,0
DA:716,0
DA:718,0
DA:725,0
DA:738,0
DA:739,0
DA:740,0
DA:741,0
DA:753,0
DA:770,0
DA:788,0
DA:793,0
DA:794,0
DA:795,0
DA:796,0
DA:818,0
DA:819,0
DA:821,0
DA:822,0
DA:825,0
DA:826,0
DA:827,0
DA:828,0
DA:829,0
DA:830,0
DA:831,0
DA:832,0
DA:837,0
LF:201
LH:0
BRDA:235,0,0,0
BRDA:235,0,1,0
BRDA:251,1,0,0
BRDA:251,1,1,0
BRDA:266,2,0,0
BRDA:266,2,1,0
BRDA:275,3,0,0
BRDA:275,3,1,0
BRDA:277,4,0,0
BRDA:277,4,1,0
BRDA:289,5,0,0
BRDA:289,5,1,0
BRDA:290,6,0,0
BRDA:290,6,1,0
BRDA:291,7,0,0
BRDA:291,7,1,0
BRDA:301,8,0,0
BRDA:301,8,1,0
BRDA:302,9,0,0
BRDA:302,9,1,0
BRDA:312,10,0,0
BRDA:312,10,1,0
BRDA:313,11,0,0
BRDA:313,11,1,0
BRDA:314,12,0,0
BRDA:314,12,1,0
BRDA:324,13,0,0
BRDA:324,13,1,0
BRDA:325,14,0,0
BRDA:325,14,1,0
BRDA:326,15,0,0
BRDA:326,15,1,0
BRDA:326,16,0,0
BRDA:326,16,1,0
BRDA:336,17,0,0
BRDA:336,17,1,0
BRDA:337,18,0,0
BRDA:337,18,1,0
BRDA:338,19,0,0
BRDA:338,19,1,0
BRDA:348,20,0,0
BRDA:348,20,1,0
BRDA:349,21,0,0
BRDA:349,21,1,0
BRDA:350,22,0,0
BRDA:350,22,1,0
BRDA:362,23,0,0
BRDA:362,23,1,0
BRDA:362,24,0,0
BRDA:362,24,1,0
BRDA:366,25,0,0
BRDA:366,25,1,0
BRDA:370,26,0,0
BRDA:370,26,1,0
BRDA:375,27,0,0
BRDA:375,27,1,0
BRDA:395,28,0,0
BRDA:395,28,1,0
BRDA:400,29,0,0
BRDA:400,29,1,0
BRDA:403,30,0,0
BRDA:403,30,1,0
BRDA:404,31,0,0
BRDA:404,31,1,0
BRDA:406,32,0,0
BRDA:406,32,1,0
BRDA:411,33,0,0
BRDA:411,33,1,0
BRDA:411,33,2,0
BRDA:411,33,3,0
BRDA:411,33,4,0
BRDA:423,34,0,0
BRDA:423,34,1,0
BRDA:426,35,0,0
BRDA:426,35,1,0
BRDA:427,36,0,0
BRDA:427,36,1,0
BRDA:431,37,0,0
BRDA:431,37,1,0
BRDA:432,38,0,0
BRDA:432,38,1,0
BRDA:441,39,0,0
BRDA:441,39,1,0
BRDA:442,40,0,0
BRDA:442,40,1,0
BRDA:444,41,0,0
BRDA:444,41,1,0
BRDA:445,42,0,0
BRDA:445,42,1,0
BRDA:446,43,0,0
BRDA:446,43,1,0
BRDA:447,44,0,0
BRDA:447,44,1,0
BRDA:464,45,0,0
BRDA:464,45,1,0
BRDA:464,45,2,0
BRDA:467,46,0,0
BRDA:467,46,1,0
BRDA:468,47,0,0
BRDA:468,47,1,0
BRDA:470,48,0,0
BRDA:470,48,1,0
BRDA:471,49,0,0
BRDA:471,49,1,0
BRDA:480,50,0,0
BRDA:480,50,1,0
BRDA:480,50,2,0
BRDA:481,51,0,0
BRDA:481,51,1,0
BRDA:481,51,2,0
BRDA:483,52,0,0
BRDA:483,52,1,0
BRDA:483,52,2,0
BRDA:483,52,3,0
BRDA:487,53,0,0
BRDA:487,53,1,0
BRDA:487,53,2,0
BRDA:488,54,0,0
BRDA:488,54,1,0
BRDA:488,54,2,0
BRDA:489,55,0,0
BRDA:489,55,1,0
BRDA:489,55,2,0
BRDA:505,56,0,0
BRDA:505,56,1,0
BRDA:506,57,0,0
BRDA:506,57,1,0
BRDA:506,58,0,0
BRDA:506,58,1,0
BRDA:507,59,0,0
BRDA:507,59,1,0
BRDA:511,60,0,0
BRDA:511,60,1,0
BRDA:515,61,0,0
BRDA:515,61,1,0
BRDA:519,62,0,0
BRDA:519,62,1,0
BRDA:532,63,0,0
BRDA:532,63,1,0
BRDA:532,63,2,0
BRDA:533,64,0,0
BRDA:533,64,1,0
BRDA:533,64,2,0
BRDA:535,65,0,0
BRDA:535,65,1,0
BRDA:536,66,0,0
BRDA:536,66,1,0
BRDA:538,67,0,0
BRDA:538,67,1,0
BRDA:539,68,0,0
BRDA:539,68,1,0
BRDA:543,69,0,0
BRDA:543,69,1,0
BRDA:583,70,0,0
BRDA:583,70,1,0
BRDA:584,71,0,0
BRDA:584,71,1,0
BRDA:657,72,0,0
BRDA:657,72,1,0
BRDA:658,73,0,0
BRDA:658,73,1,0
BRDA:659,74,0,0
BRDA:659,74,1,0
BRDA:660,75,0,0
BRDA:660,75,1,0
BRDA:661,76,0,0
BRDA:661,76,1,0
BRDA:662,77,0,0
BRDA:662,77,1,0
BRDA:663,78,0,0
BRDA:663,78,1,0
BRDA:696,79,0,0
BRDA:697,80,0,0
BRDA:697,80,1,0
BRDA:704,81,0,0
BRDA:704,81,1,0
BRDA:707,82,0,0
BRDA:707,82,1,0
BRDA:718,83,0,0
BRDA:718,83,1,0
BRDA:737,84,0,0
BRDA:739,85,0,0
BRDA:739,85,1,0
BRDA:771,86,0,0
BRDA:771,86,1,0
BRDA:772,87,0,0
BRDA:772,87,1,0
BRDA:773,88,0,0
BRDA:773,88,1,0
BRDA:773,88,2,0
BRDA:788,89,0,0
BRDA:788,89,1,0
BRDA:793,90,0,0
BRDA:793,90,1,0
BRDA:796,91,0,0
BRDA:796,91,1,0
BRDA:814,92,0,0
BRDA:818,93,0,0
BRDA:818,93,1,0
BRDA:822,94,0,0
BRDA:822,94,1,0
BRDA:830,95,0,0
BRDA:830,95,1,0
BRF:203
BRH:0
end_of_record
TN:
SF:scripts/analysis-references.ts
FN:362,scanAnalysisFiles
FN:378,(anonymous_1)
FN:379,(anonymous_2)
FN:383,(anonymous_3)
FN:389,(anonymous_4)
FN:390,(anonymous_5)
FN:412,generateAnalysisReferencesHtml
FN:429,(anonymous_7)
FN:447,(anonymous_8)
FN:462,(anonymous_9)
FN:463,(anonymous_10)
FN:473,(anonymous_11)
FN:509,(anonymous_12)
FNF:13
FNH:0
FNDA:0,scanAnalysisFiles
FNDA:0,(anonymous_1)
FNDA:0,(anonymous_2)
FNDA:0,(anonymous_3)
FNDA:0,(anonymous_4)
FNDA:0,(anonymous_5)
FNDA:0,generateAnalysisReferencesHtml
FNDA:0,(anonymous_7)
FNDA:0,(anonymous_8)
FNDA:0,(anonymous_9)
FNDA:0,(anonymous_10)
FNDA:0,(anonymous_11)
FNDA:0,(anonymous_12)
DA:24,0
DA:27,0
DA:30,0
DA:37,0
DA:190,0
DA:199,0
DA:207,0
DA:225,0
DA:233,0
DA:250,0
DA:269,0
DA:280,0
DA:363,0
DA:365,0
DA:367,0
DA:368,0
DA:370,0
DA:371,0
DA:373,0
DA:376,0
DA:377,0
DA:378,0
DA:379,0
DA:383,0
DA:384,0
DA:385,0
DA:386,0
DA:387,0
DA:388,0
DA:389,0
DA:390,0
DA:393,0
DA:397,0
DA:399,0
DA:413,0
DA:414,0
DA:416,0
DA:418,0
DA:420,0
DA:421,0
DA:422,0
DA:423,0
DA:424,0
DA:426,0
DA:429,0
DA:432,0
DA:433,0
DA:435,0
DA:436,0
DA:437,0
DA:438,0
DA:439,0
DA:440,0
DA:445,0
DA:446,0
DA:447,0
DA:448,0
DA:449,0
DA:450,0
DA:456,0
DA:457,0
DA:458,0
DA:459,0
DA:460,0
DA:461,0
DA:462,0
DA:463,0
DA:465,0
DA:466,0
DA:467,0
DA:468,0
DA:469,0
DA:470,0
DA:473,0
DA:474,0
DA:475,0
DA:482,0
DA:483,0
DA:486,0
DA:492,0
DA:493,0
DA:500,0
DA:501,0
DA:504,0
DA:505,0
DA:506,0
DA:509,0
DA:510,0
DA:511,0
DA:512,0
DA:513,0
DA:515,0
DA:517,0
DA:518,0
DA:522,0
DA:524,0
LF:96
LH:0
BRDA:365,0,0,0
BRDA:365,0,1,0
BRDA:368,1,0,0
BRDA:368,1,1,0
BRDA:370,2,0,0
BRDA:370,2,1,0
BRDA:373,3,0,0
BRDA:373,3,1,0
BRDA:378,4,0,0
BRDA:378,4,1,0
BRDA:383,5,0,0
BRDA:383,5,1,0
BRDA:385,6,0,0
BRDA:385,6,1,0
BRDA:389,7,0,0
BRDA:389,7,1,0
BRDA:397,8,0,0
BRDA:397,8,1,0
BRDA:397,9,0,0
BRDA:397,9,1,0
BRDA:416,10,0,0
BRDA:416,10,1,0
BRDA:420,11,0,0
BRDA:420,11,1,0
BRDA:421,12,0,0
BRDA:421,12,1,0
BRDA:422,13,0,0
BRDA:422,13,1,0
BRDA:423,14,0,0
BRDA:423,14,1,0
BRDA:424,15,0,0
BRDA:424,15,1,0
BRDA:436,16,0,0
BRDA:436,16,1,0
BRDA:437,17,0,0
BRDA:437,17,1,0
BRDA:446,18,0,0
BRDA:446,18,1,0
BRDA:457,19,0,0
BRDA:457,19,1,0
BRDA:458,20,0,0
BRDA:458,20,1,0
BRDA:460,21,0,0
BRDA:460,21,1,0
BRDA:462,22,0,0
BRDA:462,22,1,0
BRDA:467,23,0,0
BRDA:467,23,1,0
BRDA:468,24,0,0
BRDA:468,24,1,0
BRDA:492,25,0,0
BRDA:492,25,1,0
BRDA:500,26,0,0
BRDA:500,26,1,0
BRDA:504,27,0,0
BRDA:504,27,1,0
BRDA:506,28,0,0
BRDA:506,28,1,0
BRF:58
BRH:0
end_of_record
TN:
SF:scripts/backfill-article-metadata.ts
FN:75,(anonymous_0)
FN:92,isoToday
FN:100,parseFlags
FN:130,(anonymous_3)
FN:147,(anonymous_4)
FN:189,assertIsoDate
FN:195,fail
FN:200,listArticleFiles
FN:204,(anonymous_8)
FN:205,(anonymous_9)
FN:207,(anonymous_10)
FN:230,scan
FN:278,(anonymous_12)
FN:321,main
FNF:14
FNH:14
FNDA:6,(anonymous_0)
FNDA:1,isoToday
FNDA:28,parseFlags
FNDA:7,(anonymous_3)
FNDA:8,(anonymous_4)
FNDA:5,assertIsoDate
FNDA:4,fail
FNDA:8,listArticleFiles
FNDA:19,(anonymous_8)
FNDA:19,(anonymous_9)
FNDA:17,(anonymous_10)
FNDA:6,scan
FNDA:6,(anonymous_12)
FNDA:8,main
DA:62,1
DA:63,1
DA:64,1
DA:65,1
DA:66,1
DA:76,6
DA:77,6
DA:93,1
DA:94,1
DA:95,1
DA:96,1
DA:97,1
DA:101,28
DA:102,28
DA:103,28
DA:104,28
DA:105,28
DA:106,28
DA:107,28
DA:108,28
DA:110,28
DA:111,57
DA:112,15
DA:113,15
DA:114,2
DA:118,13
DA:119,42
DA:120,34
DA:121,6
DA:122,6
DA:128,5
DA:130,7
DA:132,5
DA:133,0
DA:135,5
DA:136,5
DA:137,7
DA:138,0
DA:143,28
DA:144,5
DA:145,5
DA:147,8
DA:152,5
DA:153,3
DA:155,2
DA:156,3
DA:157,0
DA:160,2
DA:162,23
DA:163,3
DA:164,3
DA:165,20
DA:166,2
DA:167,2
DA:168,18
DA:169,8
DA:170,10
DA:171,8
DA:172,2
DA:173,2
DA:177,22
DA:190,5
DA:191,2
DA:196,4
DA:201,8
DA:202,8
DA:204,19
DA:205,19
DA:207,17
DA:231,6
DA:232,6
DA:234,6
DA:235,6
DA:236,6
DA:237,6
DA:238,6
DA:240,6
DA:245,13
DA:246,13
DA:249,13
DA:250,12
DA:251,10
DA:253,10
DA:259,10
DA:266,13
DA:267,13
DA:272,13
DA:276,13
DA:277,13
DA:278,6
DA:279,4
DA:282,9
DA:286,9
DA:295,9
DA:297,9
DA:298,9
DA:299,9
DA:301,9
DA:302,0
DA:304,12
DA:308,6
DA:323,8
DA:324,8
DA:326,2
DA:327,2
DA:328,2
DA:330,0
DA:333,6
DA:334,1
DA:341,1
DA:344,5
DA:345,5
DA:347,5
DA:348,0
DA:361,5
DA:362,1
DA:365,4
DA:370,1
DA:372,1
DA:373,0
DA:374,0
DA:377,1
LF:122
LH:114
BRDA:111,0,0,15
BRDA:111,0,1,42
BRDA:111,1,0,57
BRDA:111,1,1,51
BRDA:111,1,2,45
BRDA:112,2,0,6
BRDA:112,2,1,9
BRDA:112,3,0,6
BRDA:112,3,1,3
BRDA:113,4,0,2
BRDA:113,4,1,13
BRDA:113,5,0,15
BRDA:113,5,1,3
BRDA:119,6,0,8
BRDA:119,6,1,34
BRDA:120,7,0,6
BRDA:120,7,1,28
BRDA:122,8,0,1
BRDA:122,8,1,5
BRDA:132,9,0,0
BRDA:132,9,1,5
BRDA:137,10,0,0
BRDA:137,10,1,7
BRDA:137,11,0,7
BRDA:137,11,1,4
BRDA:137,11,2,2
BRDA:143,12,0,5
BRDA:143,12,1,23
BRDA:152,13,0,3
BRDA:152,13,1,2
BRDA:156,14,0,0
BRDA:156,14,1,3
BRDA:162,15,0,3
BRDA:162,15,1,20
BRDA:165,16,0,2
BRDA:165,16,1,18
BRDA:168,17,0,8
BRDA:168,17,1,10
BRDA:170,18,0,8
BRDA:170,18,1,2
BRDA:172,19,0,2
BRDA:172,19,1,0
BRDA:178,20,0,22
BRDA:178,20,1,12
BRDA:183,21,0,28
BRDA:183,21,1,14
BRDA:184,22,0,28
BRDA:184,22,1,14
BRDA:190,23,0,2
BRDA:190,23,1,3
BRDA:201,24,0,0
BRDA:201,24,1,8
BRDA:205,25,0,19
BRDA:205,25,1,18
BRDA:249,26,0,1
BRDA:249,26,1,12
BRDA:249,27,0,13
BRDA:249,27,1,2
BRDA:250,28,0,2
BRDA:250,28,1,10
BRDA:250,29,0,12
BRDA:250,29,1,3
BRDA:250,29,2,3
BRDA:251,30,0,0
BRDA:251,30,1,10
BRDA:251,31,0,10
BRDA:251,31,1,0
BRDA:251,31,2,0
BRDA:259,32,0,10
BRDA:259,32,1,0
BRDA:259,32,2,0
BRDA:266,33,0,0
BRDA:266,33,1,10
BRDA:277,34,0,4
BRDA:277,34,1,9
BRDA:279,35,0,1
BRDA:279,35,1,3
BRDA:297,36,0,9
BRDA:297,36,1,0
BRDA:301,37,0,0
BRDA:301,37,1,9
BRDA:326,38,0,2
BRDA:326,38,1,0
BRDA:333,39,0,1
BRDA:333,39,1,5
BRDA:347,40,0,0
BRDA:347,40,1,5
BRDA:361,41,0,1
BRDA:361,41,1,4
BRDA:362,42,0,1
BRDA:362,42,1,0
BRDA:370,43,0,1
BRDA:370,43,1,1
BRDA:372,44,0,0
BRDA:372,44,1,1
BRF:95
BRH:78
end_of_record
TN:
SF:scripts/catalog-downloaded-data.ts
FN:97,typeFromSubdir
FN:109,buildCatalog
FN:188,(anonymous_2)
FN:193,(anonymous_3)
FN:198,(anonymous_4)
FN:221,collectJsonFiles
FN:248,parseArgs
FNF:7
FNH:6
FNDA:182,typeFromSubdir
FNDA:14,buildCatalog
FNDA:19,(anonymous_2)
FNDA:2,(anonymous_3)
FNDA:8,(anonymous_4)
FNDA:22,collectJsonFiles
FNDA:0,parseArgs
DA:45,1
DA:46,1
DA:77,1
DA:98,182
DA:99,182
DA:114,14
DA:116,14
DA:117,182
DA:119,182
DA:121,170
DA:122,170
DA:127,18
DA:129,18
DA:132,20
DA:133,20
DA:134,20
DA:136,20
DA:137,20
DA:138,3
DA:139,3
DA:141,1
DA:145,20
DA:147,20
DA:149,20
DA:166,14
DA:167,14
DA:169,20
DA:170,20
DA:171,20
DA:172,20
DA:173,19
DA:174,1
DA:176,1
DA:177,1
DA:178,1
DA:179,1
DA:185,14
DA:188,19
DA:189,14
DA:192,14
DA:193,2
DA:198,14
DA:199,8
DA:200,5
DA:201,1
DA:202,1
DA:203,0
DA:206,14
DA:222,22
DA:224,22
DA:225,22
DA:227,0
DA:229,22
DA:230,29
DA:231,29
DA:232,4
DA:234,25
DA:238,20
DA:241,22
DA:249,0
DA:251,0
DA:253,0
DA:254,0
DA:255,0
DA:256,0
DA:257,0
DA:258,0
DA:259,0
DA:262,0
DA:290,1
DA:291,0
LF:71
LH:58
BRDA:112,0,0,14
BRDA:119,1,0,12
BRDA:119,1,1,170
BRDA:119,2,0,182
BRDA:119,2,1,13
BRDA:122,3,0,152
BRDA:122,3,1,18
BRDA:137,4,0,3
BRDA:137,4,1,17
BRDA:169,5,0,4
BRDA:169,5,1,16
BRDA:172,6,0,19
BRDA:172,6,1,1
BRDA:174,7,0,1
BRDA:174,7,1,0
BRDA:178,8,0,1
BRDA:178,8,1,0
BRDA:178,9,0,1
BRDA:178,9,1,1
BRDA:192,10,0,1
BRDA:192,10,1,13
BRDA:199,11,0,3
BRDA:199,11,1,5
BRDA:200,12,0,4
BRDA:200,12,1,1
BRDA:201,13,0,0
BRDA:201,13,1,1
BRDA:202,14,0,1
BRDA:202,14,1,0
BRDA:231,15,0,4
BRDA:231,15,1,25
BRDA:234,16,0,20
BRDA:234,16,1,5
BRDA:234,17,0,25
BRDA:234,17,1,25
BRDA:234,17,2,23
BRDA:254,18,0,0
BRDA:254,18,1,0
BRDA:254,19,0,0
BRDA:254,19,1,0
BRDA:256,20,0,0
BRDA:256,20,1,0
BRDA:256,21,0,0
BRDA:256,21,1,0
BRDA:258,22,0,0
BRDA:258,22,1,0
BRDA:290,23,0,0
BRDA:290,23,1,1
BRDA:290,24,0,1
BRDA:290,24,1,0
BRF:50
BRH:34
end_of_record
TN:
SF:scripts/data-transformers.ts
FNF:0
FNH:0
LF:0
LH:0
BRF:0
BRH:0
end_of_record
TN:
SF:scripts/download-parliamentary-data.ts
FN:49,formatTimestampForMarkdown
FN:57,parseArgs
FN:67,(anonymous_2)
FN:81,(anonymous_3)
FN:123,(anonymous_4)
FN:139,(anonymous_5)
FN:139,(anonymous_6)
FN:152,isoWeekNumber
FN:160,parseAndValidateIsoDate
FN:172,riksMoteFromDate
FN:180,parseIsoWeekLabel
FN:189,isDateInIsoWeek
FN:207,ensureDir
FN:215,serializeDataManifest
FN:223,(anonymous_14)
FN:261,runWeeklyAggregation
FN:335,buildWeeklySummaryMarkdown
FN:358,(anonymous_17)
FN:367,runPreArticleAnalysis
FN:415,(anonymous_19)
FN:417,(anonymous_20)
FN:433,(anonymous_21)
FN:454,(anonymous_22)
FN:455,(anonymous_23)
FN:549,(anonymous_24)
FNF:25
FNH:0
FNDA:0,formatTimestampForMarkdown
FNDA:0,parseArgs
FNDA:0,(anonymous_2)
FNDA:0,(anonymous_3)
FNDA:0,(anonymous_4)
FNDA:0,(anonymous_5)
FNDA:0,(anonymous_6)
FNDA:0,isoWeekNumber
FNDA:0,parseAndValidateIsoDate
FNDA:0,riksMoteFromDate
FNDA:0,parseIsoWeekLabel
FNDA:0,isDateInIsoWeek
FNDA:0,ensureDir
FNDA:0,serializeDataManifest
FNDA:0,(anonymous_14)
FNDA:0,runWeeklyAggregation
FNDA:0,buildWeeklySummaryMarkdown
FNDA:0,(anonymous_17)
FNDA:0,runPreArticleAnalysis
FNDA:0,(anonymous_19)
FNDA:0,(anonymous_20)
FNDA:0,(anonymous_21)
FNDA:0,(anonymous_22)
FNDA:0,(anonymous_23)
FNDA:0,(anonymous_24)
DA:45,0
DA:46,0
DA:47,0
DA:50,0
DA:66,0
DA:67,0
DA:68,0
DA:69,0
DA:70,0
DA:72,0
DA:73,0
DA:74,0
DA:76,0
DA:79,0
DA:80,0
DA:81,0
DA:82,0
DA:83,0
DA:85,0
DA:86,0
DA:88,0
DA:91,0
DA:92,0
DA:96,0
DA:99,0
DA:100,0
DA:103,0
DA:104,0
DA:108,0
DA:112,0
DA:113,0
DA:114,0
DA:115,0
DA:116,0
DA:118,0
DA:119,0
DA:121,0
DA:122,0
DA:123,0
DA:124,0
DA:125,0
DA:126,0
DA:127,0
DA:128,0
DA:132,0
DA:136,0
DA:137,0
DA:138,0
DA:139,0
DA:140,0
DA:141,0
DA:142,0
DA:143,0
DA:145,0
DA:149,0
DA:153,0
DA:154,0
DA:155,0
DA:156,0
DA:157,0
DA:161,0
DA:162,0
DA:163,0
DA:164,0
DA:165,0
DA:166,0
DA:167,0
DA:168,0
DA:169,0
DA:173,0
DA:174,0
DA:175,0
DA:176,0
DA:177,0
DA:181,0
DA:182,0
DA:183,0
DA:184,0
DA:185,0
DA:186,0
DA:190,0
DA:191,0
DA:192,0
DA:194,0
DA:195,0
DA:196,0
DA:197,0
DA:198,0
DA:200,0
DA:208,0
DA:223,0
DA:224,0
DA:244,0
DA:245,0
DA:248,0
DA:249,0
DA:250,0
DA:251,0
DA:254,0
DA:262,0
DA:263,0
DA:265,0
DA:266,0
DA:267,0
DA:268,0
DA:270,0
DA:271,0
DA:272,0
DA:275,0
DA:276,0
DA:277,0
DA:281,0
DA:282,0
DA:284,0
DA:285,0
DA:286,0
DA:288,0
DA:289,0
DA:290,0
DA:291,0
DA:293,0
DA:294,0
DA:298,0
DA:299,0
DA:300,0
DA:301,0
DA:302,0
DA:303,0
DA:304,0
DA:305,0
DA:307,0
DA:308,0
DA:314,0
DA:315,0
DA:316,0
DA:321,0
DA:329,0
DA:330,0
DA:331,0
DA:332,0
DA:342,0
DA:358,0
DA:376,0
DA:378,0
DA:379,0
DA:380,0
DA:381,0
DA:384,0
DA:385,0
DA:386,0
DA:387,0
DA:391,0
DA:394,0
DA:396,0
DA:399,0
DA:400,0
DA:401,0
DA:403,0
DA:404,0
DA:406,0
DA:407,0
DA:408,0
DA:411,0
DA:412,0
DA:415,0
DA:417,0
DA:418,0
DA:419,0
DA:420,0
DA:422,0
DA:423,0
DA:425,0
DA:429,0
DA:430,0
DA:431,0
DA:432,0
DA:433,0
DA:434,0
DA:435,0
DA:437,0
DA:439,0
DA:440,0
DA:441,0
DA:442,0
DA:443,0
DA:446,0
DA:447,0
DA:453,0
DA:454,0
DA:455,0
DA:456,0
DA:457,0
DA:458,0
DA:459,0
DA:460,0
DA:461,0
DA:462,0
DA:463,0
DA:464,0
DA:466,0
DA:467,0
DA:470,0
DA:476,0
DA:478,0
DA:479,0
DA:482,0
DA:483,0
DA:485,0
DA:486,0
DA:489,0
DA:490,0
DA:491,0
DA:494,0
DA:498,0
DA:499,0
DA:500,0
DA:503,0
DA:504,0
DA:505,0
DA:506,0
DA:507,0
DA:508,0
DA:509,0
DA:510,0
DA:511,0
DA:512,0
DA:513,0
DA:514,0
DA:515,0
DA:517,0
DA:518,0
DA:519,0
DA:521,0
DA:523,0
DA:524,0
DA:528,0
DA:529,0
DA:530,0
DA:531,0
DA:532,0
DA:533,0
DA:535,0
DA:536,0
DA:537,0
DA:538,0
DA:539,0
DA:546,0
DA:547,0
DA:549,0
DA:550,0
DA:551,0
LF:251
LH:0
BRDA:49,0,0,0
BRDA:69,1,0,0
BRDA:69,1,1,0
BRDA:73,2,0,0
BRDA:73,2,1,0
BRDA:73,3,0,0
BRDA:73,3,1,0
BRDA:82,4,0,0
BRDA:82,4,1,0
BRDA:85,5,0,0
BRDA:85,5,1,0
BRDA:96,6,0,0
BRDA:96,6,1,0
BRDA:97,7,0,0
BRDA:97,7,1,0
BRDA:99,8,0,0
BRDA:99,8,1,0
BRDA:99,9,0,0
BRDA:99,9,1,0
BRDA:99,9,2,0
BRDA:103,10,0,0
BRDA:103,10,1,0
BRDA:103,11,0,0
BRDA:103,11,1,0
BRDA:103,11,2,0
BRDA:103,11,3,0
BRDA:108,12,0,0
BRDA:108,12,1,0
BRDA:110,13,0,0
BRDA:110,13,1,0
BRDA:110,14,0,0
BRDA:110,14,1,0
BRDA:114,15,0,0
BRDA:114,15,1,0
BRDA:115,16,0,0
BRDA:115,16,1,0
BRDA:115,17,0,0
BRDA:115,17,1,0
BRDA:126,18,0,0
BRDA:126,18,1,0
BRDA:127,19,0,0
BRDA:127,19,1,0
BRDA:138,20,0,0
BRDA:138,20,1,0
BRDA:140,21,0,0
BRDA:140,21,1,0
BRDA:141,22,0,0
BRDA:141,22,1,0
BRDA:154,23,0,0
BRDA:154,23,1,0
BRDA:162,24,0,0
BRDA:162,24,1,0
BRDA:167,25,0,0
BRDA:167,25,1,0
BRDA:168,26,0,0
BRDA:168,26,1,0
BRDA:168,27,0,0
BRDA:168,27,1,0
BRDA:168,27,2,0
BRDA:173,28,0,0
BRDA:173,28,1,0
BRDA:176,29,0,0
BRDA:176,29,1,0
BRDA:182,30,0,0
BRDA:182,30,1,0
BRDA:185,31,0,0
BRDA:185,31,1,0
BRDA:185,32,0,0
BRDA:185,32,1,0
BRDA:192,33,0,0
BRDA:192,33,1,0
BRDA:192,34,0,0
BRDA:192,34,1,0
BRDA:195,35,0,0
BRDA:195,35,1,0
BRDA:200,36,0,0
BRDA:200,36,1,0
BRDA:250,37,0,0
BRDA:250,37,1,0
BRDA:271,38,0,0
BRDA:271,38,1,0
BRDA:275,39,0,0
BRDA:275,39,1,0
BRDA:282,40,0,0
BRDA:282,40,1,0
BRDA:288,41,0,0
BRDA:288,41,1,0
BRDA:291,42,0,0
BRDA:291,42,1,0
BRDA:293,43,0,0
BRDA:293,43,1,0
BRDA:298,44,0,0
BRDA:298,44,1,0
BRDA:298,45,0,0
BRDA:298,45,1,0
BRDA:300,46,0,0
BRDA:300,46,1,0
BRDA:302,47,0,0
BRDA:302,47,1,0
BRDA:302,48,0,0
BRDA:302,48,1,0
BRDA:305,49,0,0
BRDA:305,49,1,0
BRDA:307,50,0,0
BRDA:307,50,1,0
BRDA:314,51,0,0
BRDA:314,51,1,0
BRDA:357,52,0,0
BRDA:357,52,1,0
BRDA:378,53,0,0
BRDA:378,53,1,0
BRDA:378,54,0,0
BRDA:378,54,1,0
BRDA:391,55,0,0
BRDA:391,55,1,0
BRDA:400,56,0,0
BRDA:400,56,1,0
BRDA:404,57,0,0
BRDA:404,57,1,0
BRDA:407,58,0,0
BRDA:407,58,1,0
BRDA:418,59,0,0
BRDA:418,59,1,0
BRDA:419,60,0,0
BRDA:419,60,1,0
BRDA:419,61,0,0
BRDA:419,61,1,0
BRDA:422,62,0,0
BRDA:422,62,1,0
BRDA:422,63,0,0
BRDA:422,63,1,0
BRDA:430,64,0,0
BRDA:430,64,1,0
BRDA:430,65,0,0
BRDA:430,65,1,0
BRDA:434,66,0,0
BRDA:434,66,1,0
BRDA:434,67,0,0
BRDA:434,67,1,0
BRDA:439,68,0,0
BRDA:439,68,1,0
BRDA:446,69,0,0
BRDA:446,69,1,0
BRDA:453,70,0,0
BRDA:453,70,1,0
BRDA:454,71,0,0
BRDA:454,71,1,0
BRDA:456,72,0,0
BRDA:456,72,1,0
BRDA:461,73,0,0
BRDA:461,73,1,0
BRDA:461,74,0,0
BRDA:461,74,1,0
BRDA:463,75,0,0
BRDA:463,75,1,0
BRDA:467,76,0,0
BRDA:467,76,1,0
BRDA:467,76,2,0
BRDA:470,77,0,0
BRDA:470,77,1,0
BRDA:482,78,0,0
BRDA:482,78,1,0
BRDA:509,79,0,0
BRDA:509,79,1,0
BRDA:509,79,2,0
BRDA:509,79,3,0
BRDA:510,80,0,0
BRDA:510,80,1,0
BRDA:523,81,0,0
BRDA:523,81,1,0
BRDA:532,82,0,0
BRDA:532,82,1,0
BRDA:546,83,0,0
BRDA:546,83,1,0
BRDA:546,84,0,0
BRDA:546,84,1,0
BRDA:550,85,0,0
BRDA:550,85,1,0
BRF:178
BRH:0
end_of_record
TN:
SF:scripts/extract-news-metadata.ts
FN:59,collectNewsFiles
FN:71,extractMetadata
FN:74,(anonymous_2)
FN:123,(anonymous_3)
FN:125,(anonymous_4)
FN:135,(anonymous_5)
FN:145,(anonymous_6)
FN:146,(anonymous_7)
FNF:8
FNH:0
FNDA:0,collectNewsFiles
FNDA:0,extractMetadata
FNDA:0,(anonymous_2)
FNDA:0,(anonymous_3)
FNDA:0,(anonymous_4)
FNDA:0,(anonymous_5)
FNDA:0,(anonymous_6)
FNDA:0,(anonymous_7)
DA:16,0
DA:17,0
DA:18,0
DA:60,0
DA:61,0
DA:62,0
DA:63,0
DA:64,0
DA:65,0
DA:68,0
DA:72,0
DA:73,0
DA:74,0
DA:76,0
DA:78,0
DA:79,0
DA:82,0
DA:84,0
DA:86,0
DA:87,0
DA:88,0
DA:89,0
DA:90,0
DA:91,0
DA:98,0
DA:99,0
DA:100,0
DA:104,0
DA:105,0
DA:108,0
DA:109,0
DA:112,0
DA:114,0
DA:124,0
DA:125,0
DA:135,0
DA:136,0
DA:137,0
DA:138,0
DA:141,0
DA:145,0
DA:146,0
DA:150,0
DA:151,0
DA:153,0
DA:154,0
DA:155,0
DA:156,0
DA:157,0
DA:160,0
LF:50
LH:0
BRDA:62,0,0,0
BRDA:62,0,1,0
BRDA:64,1,0,0
BRDA:64,1,1,0
BRDA:64,2,0,0
BRDA:64,2,1,0
BRDA:89,3,0,0
BRDA:89,3,1,0
BRDA:98,4,0,0
BRDA:98,4,1,0
BRDA:105,5,0,0
BRDA:105,5,1,0
BRDA:109,6,0,0
BRDA:109,6,1,0
BRDA:118,7,0,0
BRDA:118,7,1,0
BRDA:119,8,0,0
BRDA:119,8,1,0
BRDA:120,9,0,0
BRDA:120,9,1,0
BRDA:121,10,0,0
BRDA:121,10,1,0
BRDA:122,11,0,0
BRDA:122,11,1,0
BRDA:123,12,0,0
BRDA:123,12,1,0
BRDA:127,13,0,0
BRDA:127,13,1,0
BRDA:128,14,0,0
BRDA:128,14,1,0
BRDA:130,15,0,0
BRDA:130,15,1,0
BRDA:137,16,0,0
BRDA:137,16,1,0
BRF:34
BRH:0
end_of_record
TN:
SF:scripts/generate-news-indexes.ts
FNF:0
FNH:0
LF:0
LH:0
BRF:0
BRH:0
end_of_record
TN:
SF:scripts/generate-political-intelligence.ts
FN:1609,artifactTitle
FN:1616,localisedCatalogDescription
FN:1636,prettifyStream
FN:1639,(anonymous_3)
FN:1642,streamIcon
FN:1653,streamDisplayName
FN:1667,streamDescription
FN:1675,prettifyMarkdownTitle
FN:1680,(anonymous_8)
FN:1687,buildGithubUrl
FN:1693,collectCatalog
FN:1701,(anonymous_11)
FN:1740,countArtifactsRecursive
FN:1754,collectStreamArtifacts
FN:1757,(anonymous_14)
FN:1758,(anonymous_15)
FN:1773,(anonymous_16)
FN:1776,collectDailyDays
FN:1780,(anonymous_18)
FN:1781,(anonymous_19)
FN:1782,(anonymous_20)
FN:1787,(anonymous_21)
FN:1788,(anonymous_22)
FN:1789,(anonymous_23)
FN:1791,(anonymous_24)
FN:1802,(anonymous_25)
FN:1819,hreflangCodeOf
FN:1823,renderCatalogGrid
FN:1824,(anonymous_28)
FN:1838,renderDailyDay
FN:1839,(anonymous_30)
FN:1851,(anonymous_31)
FN:1883,artifactBaseName
FN:1889,artifactIcon
FN:1898,renderHreflangTags
FN:1899,(anonymous_35)
FN:1908,generatePoliticalIntelligenceHtml
FN:1919,(anonymous_37)
FN:1927,(anonymous_38)
FN:1928,(anonymous_39)
FN:1931,(anonymous_40)
FN:1932,(anonymous_41)
FN:2004,(anonymous_42)
FN:2062,(anonymous_43)
FN:2062,(anonymous_44)
FN:2074,(anonymous_45)
FN:2345,main
FNF:47
FNH:45
FNDA:45570,artifactTitle
FNDA:756,localisedCatalogDescription
FNDA:84,prettifyStream
FNDA:252,(anonymous_3)
FNDA:2044,streamIcon
FNDA:2086,streamDisplayName
FNDA:2044,streamDescription
FNDA:39478,prettifyMarkdownTitle
FNDA:75510,(anonymous_8)
FNDA:51000,buildGithubUrl
FNDA:30,collectCatalog
FNDA:2745,(anonymous_11)
FNDA:0,countArtifactsRecursive
FNDA:2190,collectStreamArtifacts
FNDA:3945,(anonymous_14)
FNDA:66855,(anonymous_15)
FNDA:45435,(anonymous_16)
FNDA:15,collectDailyDays
FNDA:465,(anonymous_18)
FNDA:435,(anonymous_19)
FNDA:420,(anonymous_20)
FNDA:3165,(anonymous_21)
FNDA:2190,(anonymous_22)
FNDA:2430,(anonymous_23)
FNDA:2190,(anonymous_24)
FNDA:2190,(anonymous_25)
FNDA:420,hreflangCodeOf
FNDA:28,renderCatalogGrid
FNDA:756,(anonymous_28)
FNDA:406,renderDailyDay
FNDA:2044,(anonymous_30)
FNDA:44394,(anonymous_31)
FNDA:88788,artifactBaseName
FNDA:44394,artifactIcon
FNDA:14,renderHreflangTags
FNDA:196,(anonymous_35)
FNDA:14,generatePoliticalIntelligenceHtml
FNDA:406,(anonymous_37)
FNDA:196,(anonymous_38)
FNDA:210,(anonymous_39)
FNDA:196,(anonymous_40)
FNDA:182,(anonymous_41)
FNDA:196,(anonymous_42)
FNDA:196,(anonymous_43)
FNDA:182,(anonymous_44)
FNDA:105,(anonymous_45)
FNDA:0,main
DA:30,1
DA:31,1
DA:33,1
DA:39,1
DA:40,1
DA:41,1
DA:42,1
DA:43,1
DA:44,1
DA:45,1
DA:46,1
DA:48,1
DA:100,1
DA:595,1
DA:617,1
DA:656,1
DA:678,1
DA:747,1
DA:959,1
DA:978,1
DA:1004,1
DA:1315,1
DA:1512,1
DA:1531,1
DA:1595,1
DA:1610,45570
DA:1622,756
DA:1623,756
DA:1624,756
DA:1626,420
DA:1627,420
DA:1628,420
DA:1629,420
DA:1630,420
DA:1633,0
DA:1637,84
DA:1639,252
DA:1643,2044
DA:1644,546
DA:1645,462
DA:1646,42
DA:1647,42
DA:1648,42
DA:1649,0
DA:1654,2086
DA:1655,2086
DA:1657,504
DA:1658,504
DA:1659,420
DA:1661,420
DA:1663,84
DA:1668,2044
DA:1669,2044
DA:1670,462
DA:1671,42
DA:1672,2044
DA:1676,39478
DA:1680,75510
DA:1688,51000
DA:1689,51000
DA:1690,51000
DA:1699,30
DA:1700,30
DA:1701,2745
DA:1702,810
DA:1703,810
DA:1704,810
DA:1705,810
DA:1706,810
DA:1707,810
DA:1716,30
DA:1741,0
DA:1742,0
DA:1743,0
DA:1744,0
DA:1745,0
DA:1746,0
DA:1747,0
DA:1750,0
DA:1755,2190
DA:1756,2190
DA:1757,2190
DA:1758,66855
DA:1759,49320
DA:1760,49320
DA:1761,49320
DA:1762,1755
DA:1763,47565
DA:1764,47565
DA:1772,2190
DA:1773,45435
DA:1777,15
DA:1778,15
DA:1779,15
DA:1780,465
DA:1781,435
DA:1782,420
DA:1784,15
DA:1785,435
DA:1786,435
DA:1787,3165
DA:1788,2190
DA:1789,2430
DA:1791,435
DA:1792,2190
DA:1793,2190
DA:1794,2190
DA:1802,2190
DA:1804,435
DA:1812,15
DA:1820,420
DA:1824,28
DA:1825,756
DA:1826,756
DA:1827,756
DA:1839,406
DA:1840,2044
DA:1841,2044
DA:1842,2044
DA:1851,44394
DA:1855,2044
DA:1866,406
DA:1884,88788
DA:1885,88788
DA:1890,44394
DA:1891,44394
DA:1892,27496
DA:1893,27496
DA:1894,16870
DA:1895,16870
DA:1899,14
DA:1900,196
DA:1901,196
DA:1909,14
DA:1910,14
DA:1911,14
DA:1912,14
DA:1913,14
DA:1914,14
DA:1916,14
DA:1917,14
DA:1918,14
DA:1919,406
DA:1921,14
DA:1922,14
DA:1923,14
DA:1925,14
DA:1926,14
DA:1927,196
DA:1928,210
DA:1930,14
DA:1931,196
DA:1933,182
DA:1934,182
DA:1935,182
DA:1941,14
DA:1942,14
DA:1944,14
DA:1998,14
DA:2004,196
DA:2012,14
DA:2021,14
DA:2062,196
DA:2074,105
DA:2346,0
DA:2347,0
DA:2349,0
DA:2350,0
DA:2351,0
DA:2352,0
DA:2353,0
DA:2354,0
DA:2355,0
DA:2356,0
DA:2359,0
DA:2360,0
DA:2362,0
DA:2363,0
DA:2364,0
DA:2368,1
DA:2369,0
LF:181
LH:155
BRDA:1610,0,0,45570
BRDA:1610,0,1,38668
BRDA:1610,0,2,38668
BRDA:1622,1,0,266
BRDA:1622,1,1,490
BRDA:1624,2,0,336
BRDA:1624,2,1,420
BRDA:1626,3,0,420
BRDA:1626,3,1,0
BRDA:1627,4,0,420
BRDA:1627,4,1,0
BRDA:1629,5,0,420
BRDA:1629,5,1,0
BRDA:1643,6,0,1498
BRDA:1643,6,1,546
BRDA:1644,7,0,84
BRDA:1644,7,1,462
BRDA:1645,8,0,420
BRDA:1645,8,1,42
BRDA:1646,9,0,0
BRDA:1646,9,1,42
BRDA:1647,10,0,0
BRDA:1647,10,1,42
BRDA:1648,11,0,42
BRDA:1648,11,1,0
BRDA:1655,12,0,1582
BRDA:1655,12,1,504
BRDA:1658,13,0,420
BRDA:1658,13,1,84
BRDA:1659,14,0,420
BRDA:1659,14,1,0
BRDA:1661,15,0,30
BRDA:1661,15,1,390
BRDA:1669,16,0,1582
BRDA:1669,16,1,462
BRDA:1670,17,0,420
BRDA:1670,17,1,42
BRDA:1671,18,0,42
BRDA:1671,18,1,0
BRDA:1688,19,0,48375
BRDA:1688,19,1,2625
BRDA:1699,20,0,0
BRDA:1699,20,1,30
BRDA:1704,21,0,0
BRDA:1704,21,1,810
BRDA:1705,22,0,0
BRDA:1705,22,1,810
BRDA:1710,23,0,810
BRDA:1710,23,1,0
BRDA:1710,24,0,0
BRDA:1710,24,1,0
BRDA:1711,25,0,810
BRDA:1711,25,1,0
BRDA:1744,26,0,0
BRDA:1744,26,1,0
BRDA:1746,27,0,0
BRDA:1746,27,1,0
BRDA:1746,28,0,0
BRDA:1746,28,1,0
BRDA:1755,29,0,0
BRDA:1755,29,1,2190
BRDA:1760,30,0,20820
BRDA:1760,30,1,28500
BRDA:1761,31,0,1755
BRDA:1761,31,1,47565
BRDA:1763,32,0,47565
BRDA:1763,32,1,0
BRDA:1763,33,0,47565
BRDA:1763,33,1,47565
BRDA:1777,34,0,0
BRDA:1777,34,1,15
BRDA:1780,35,0,465
BRDA:1780,35,1,435
BRDA:1797,36,0,2190
BRDA:1797,36,1,0
BRDA:1826,37,0,756
BRDA:1826,37,1,0
BRDA:1842,38,0,2044
BRDA:1842,38,1,0
BRDA:1885,39,0,38864
BRDA:1885,39,1,49924
BRDA:1891,40,0,16898
BRDA:1891,40,1,27496
BRDA:1892,41,0,0
BRDA:1892,41,1,27496
BRDA:1893,42,0,10626
BRDA:1893,42,1,16870
BRDA:1894,43,0,0
BRDA:1894,43,1,16870
BRDA:1900,44,0,14
BRDA:1900,44,1,182
BRDA:1904,45,0,1
BRDA:1904,45,1,13
BRDA:1912,46,0,1
BRDA:1912,46,1,13
BRDA:1913,47,0,1
BRDA:1913,47,1,13
BRDA:1914,48,0,1
BRDA:1914,48,1,13
BRDA:1934,49,0,13
BRDA:1934,49,1,169
BRDA:1941,50,0,14
BRDA:1941,50,1,0
BRDA:1998,51,0,14
BRDA:1998,51,1,0
BRDA:2074,52,0,14
BRDA:2074,52,1,0
BRDA:2251,53,0,14
BRDA:2251,53,1,0
BRDA:2317,54,0,14
BRDA:2317,54,1,0
BRDA:2352,55,0,0
BRDA:2352,55,1,0
BRDA:2363,56,0,0
BRDA:2363,56,1,0
BRDA:2368,57,0,0
BRDA:2368,57,1,1
BRF:117
BRH:78
end_of_record
TN:
SF:scripts/generate-rss.ts
FN:61,escapeXml
FN:74,hreflangCode
FN:84,stablePubDate
FN:97,extractArticleMeta
FN:134,getRssArticles
FN:144,(anonymous_5)
FN:196,(anonymous_6)
FN:206,generateRss
FN:288,validateRss
FN:346,main
FNF:10
FNH:9
FNDA:491,escapeXml
FNDA:127,hreflangCode
FNDA:3333,stablePubDate
FNDA:3333,extractArticleMeta
FNDA:11,getRssArticles
FNDA:30294,(anonymous_5)
FNDA:15466,(anonymous_6)
FNDA:1,generateRss
FNDA:6,validateRss
FNDA:0,main
DA:22,1
DA:23,1
DA:25,1
DA:31,1
DA:32,1
DA:33,1
DA:34,1
DA:35,1
DA:62,491
DA:75,127
DA:76,120
DA:85,3333
DA:86,3333
DA:87,3333
DA:88,3278
DA:90,55
DA:91,55
DA:93,0
DA:104,3333
DA:105,3333
DA:106,3333
DA:107,3333
DA:108,3333
DA:109,3333
DA:110,3333
DA:111,3333
DA:113,3333
DA:121,0
DA:135,11
DA:137,11
DA:138,0
DA:139,0
DA:142,11
DA:144,30294
DA:147,11
DA:148,11
DA:149,30118
DA:150,30118
DA:151,30118
DA:152,30118
DA:153,30118
DA:154,3366
DA:156,30118
DA:161,11
DA:163,11
DA:165,3366
DA:166,3366
DA:168,3333
DA:169,3333
DA:171,3333
DA:172,3333
DA:173,29722
DA:174,26389
DA:181,3333
DA:196,15466
DA:198,11
DA:200,11
DA:207,1
DA:209,1
DA:210,1
DA:213,1
DA:217,1
DA:246,1
DA:250,1
DA:251,6
DA:256,1
DA:257,50
DA:269,50
DA:270,127
DA:274,50
DA:278,1
DA:282,1
DA:289,6
DA:291,6
DA:292,1
DA:295,5
DA:296,1
DA:299,4
DA:300,1
DA:303,3
DA:304,0
DA:307,3
DA:308,0
DA:311,3
DA:312,0
DA:315,3
DA:316,6
DA:318,6
DA:319,1
DA:323,2
DA:324,6
DA:325,6
DA:327,6
DA:328,0
DA:331,2
DA:332,0
DA:335,2
DA:336,0
DA:339,2
DA:340,2
DA:347,0
DA:348,0
DA:350,0
DA:351,0
DA:353,0
DA:354,0
DA:356,0
DA:357,0
DA:359,0
DA:361,0
DA:362,0
DA:367,1
DA:368,0
DA:369,0
LF:114
LH:91
BRDA:75,0,0,7
BRDA:75,0,1,120
BRDA:87,1,0,3278
BRDA:87,1,1,55
BRDA:114,2,0,3333
BRDA:114,2,1,0
BRDA:115,3,0,3333
BRDA:115,3,1,0
BRDA:116,4,0,3201
BRDA:116,4,1,132
BRDA:117,5,0,3256
BRDA:117,5,1,77
BRDA:118,6,0,3201
BRDA:118,6,1,132
BRDA:137,7,0,0
BRDA:137,7,1,11
BRDA:144,8,0,30294
BRDA:144,8,1,30272
BRDA:144,8,2,30261
BRDA:150,9,0,30118
BRDA:150,9,1,0
BRDA:153,10,0,3366
BRDA:153,10,1,26752
BRDA:166,11,0,33
BRDA:166,11,1,3333
BRDA:173,12,0,26389
BRDA:173,12,1,3333
BRDA:213,13,0,1
BRDA:213,13,1,0
BRDA:230,14,0,1
BRDA:230,14,1,0
BRDA:291,15,0,1
BRDA:291,15,1,5
BRDA:295,16,0,1
BRDA:295,16,1,4
BRDA:299,17,0,1
BRDA:299,17,1,3
BRDA:303,18,0,0
BRDA:303,18,1,3
BRDA:307,19,0,0
BRDA:307,19,1,3
BRDA:311,20,0,0
BRDA:311,20,1,3
BRDA:315,21,0,3
BRDA:315,21,1,1
BRDA:318,22,0,1
BRDA:318,22,1,5
BRDA:323,23,0,2
BRDA:323,23,1,0
BRDA:324,24,0,6
BRDA:324,24,1,0
BRDA:325,25,0,6
BRDA:325,25,1,0
BRDA:327,26,0,0
BRDA:327,26,1,6
BRDA:331,27,0,0
BRDA:331,27,1,2
BRDA:335,28,0,0
BRDA:335,28,1,2
BRDA:367,29,0,0
BRDA:367,29,1,1
BRF:61
BRH:45
end_of_record
TN:
SF:scripts/generate-sitemap-html.ts
FN:419,extractArticleDate
FN:437,extractArticleMeta
FN:444,(anonymous_2)
FN:458,(anonymous_3)
FN:459,(anonymous_4)
FN:483,getArticlesByLanguage
FN:488,scanDir
FN:536,(anonymous_7)
FN:548,getDocsSections
FN:561,escapeHtml
FN:574,generateSitemapHtml
FN:591,(anonymous_11)
FN:599,(anonymous_12)
FN:600,(anonymous_13)
FN:610,(anonymous_14)
FN:619,(anonymous_15)
FN:633,(anonymous_16)
FN:1053,main
FNF:18
FNH:17
FNDA:60236,extractArticleDate
FNDA:60236,extractArticleMeta
FNDA:60236,(anonymous_2)
FNDA:180708,(anonymous_3)
FNDA:120648,(anonymous_4)
FNDA:22,getArticlesByLanguage
FNDA:22,scanDir
FNDA:61204,(anonymous_7)
FNDA:19,getDocsSections
FNDA:124248,escapeHtml
FNDA:19,generateSitemapHtml
FNDA:266,(anonymous_11)
FNDA:266,(anonymous_12)
FNDA:247,(anonymous_13)
FNDA:266,(anonymous_14)
FNDA:266,(anonymous_15)
FNDA:5121,(anonymous_16)
FNDA:0,main
DA:22,4
DA:23,4
DA:25,4
DA:31,4
DA:32,4
DA:33,4
DA:34,4
DA:36,4
DA:89,4
DA:420,60236
DA:421,60236
DA:438,60236
DA:439,60236
DA:440,60236
DA:441,60236
DA:442,60236
DA:443,60236
DA:444,60236
DA:445,60236
DA:446,60236
DA:447,60236
DA:448,60170
DA:449,60170
DA:453,506
DA:457,60236
DA:458,180708
DA:459,120648
DA:460,60236
DA:462,60236
DA:463,60236
DA:465,60236
DA:470,0
DA:484,22
DA:486,22
DA:489,22
DA:490,22
DA:491,60588
DA:492,60588
DA:494,22
DA:495,0
DA:497,60566
DA:502,60236
DA:503,60236
DA:505,60236
DA:506,60236
DA:507,60236
DA:511,60236
DA:512,60236
DA:514,60236
DA:515,308
DA:517,60236
DA:529,22
DA:535,22
DA:536,308
DA:537,61204
DA:538,42592
DA:542,22
DA:549,19
DA:562,124248
DA:575,19
DA:576,19
DA:577,19
DA:578,19
DA:579,19
DA:580,19
DA:582,19
DA:586,19
DA:588,19
DA:591,19
DA:592,266
DA:593,266
DA:594,266
DA:598,19
DA:599,266
DA:601,247
DA:602,247
DA:603,247
DA:610,19
DA:611,266
DA:612,266
DA:613,266
DA:619,19
DA:620,266
DA:621,266
DA:622,266
DA:623,266
DA:624,266
DA:633,19
DA:634,5121
DA:635,5121
DA:636,5121
DA:639,5121
DA:647,19
DA:648,19
DA:649,19
DA:653,19
DA:654,19
DA:660,19
DA:661,19
DA:667,19
DA:668,19
DA:674,19
DA:675,0
DA:681,19
DA:682,19
DA:688,19
DA:693,19
DA:1054,0
DA:1055,0
DA:1057,0
DA:1058,0
DA:1060,0
DA:1061,0
DA:1062,0
DA:1063,0
DA:1064,0
DA:1065,0
DA:1066,0
DA:1067,0
DA:1068,0
DA:1071,0
DA:1072,0
DA:1074,0
DA:1075,0
DA:1080,4
DA:1081,0
DA:1082,0
LF:127
LH:105
BRDA:421,0,0,60016
BRDA:421,0,1,220
BRDA:447,1,0,66
BRDA:447,1,1,60170
BRDA:449,2,0,58520
BRDA:449,2,1,1144
BRDA:449,3,0,60170
BRDA:449,3,1,58520
BRDA:458,4,0,180708
BRDA:458,4,1,178772
BRDA:460,5,0,60236
BRDA:460,5,1,0
BRDA:462,6,0,60236
BRDA:462,6,1,0
BRDA:462,6,2,0
BRDA:466,7,0,60236
BRDA:466,7,1,0
BRDA:486,8,0,0
BRDA:486,8,1,22
BRDA:492,9,0,22
BRDA:492,9,1,60566
BRDA:494,10,0,22
BRDA:494,10,1,0
BRDA:494,11,0,22
BRDA:494,11,1,0
BRDA:497,12,0,60236
BRDA:497,12,1,330
BRDA:497,13,0,60566
BRDA:497,13,1,60566
BRDA:497,13,2,60544
BRDA:497,13,3,60522
BRDA:503,14,0,0
BRDA:503,14,1,60236
BRDA:512,15,0,0
BRDA:512,15,1,60236
BRDA:514,16,0,308
BRDA:514,16,1,59928
BRDA:537,17,0,18612
BRDA:537,17,1,42592
BRDA:578,18,0,11
BRDA:578,18,1,8
BRDA:579,19,0,11
BRDA:579,19,1,8
BRDA:580,20,0,11
BRDA:580,20,1,8
BRDA:582,21,0,19
BRDA:582,21,1,0
BRDA:593,22,0,19
BRDA:593,22,1,247
BRDA:602,23,0,8
BRDA:602,23,1,239
BRDA:612,24,0,19
BRDA:612,24,1,247
BRDA:621,25,0,19
BRDA:621,25,1,247
BRDA:623,26,0,0
BRDA:623,26,1,266
BRDA:636,27,0,5051
BRDA:636,27,1,70
BRDA:642,28,0,5121
BRDA:642,28,1,0
BRDA:648,29,0,19
BRDA:648,29,1,0
BRDA:648,30,0,19
BRDA:648,30,1,0
BRDA:648,30,2,0
BRDA:648,30,3,0
BRDA:648,30,4,0
BRDA:653,31,0,19
BRDA:653,31,1,0
BRDA:660,32,0,19
BRDA:660,32,1,0
BRDA:667,33,0,19
BRDA:667,33,1,0
BRDA:674,34,0,0
BRDA:674,34,1,19
BRDA:681,35,0,19
BRDA:681,35,1,0
BRDA:957,36,0,19
BRDA:957,36,1,0
BRDA:998,37,0,11
BRDA:998,37,1,8
BRDA:1002,38,0,19
BRDA:1002,38,1,0
BRDA:1063,39,0,0
BRDA:1063,39,1,0
BRDA:1066,40,0,0
BRDA:1066,40,1,0
BRDA:1080,41,0,0
BRDA:1080,41,1,4
BRF:90
BRH:61
end_of_record
TN:
SF:scripts/generate-sitemap.ts
FN:72,hreflangCode
FN:92,loadGitTimestamps
FN:123,getFileModTime
FN:140,getNewsArticles
FN:151,scanDir
FN:152,(anonymous_5)
FN:192,(anonymous_6)
FN:198,getApiDocs
FN:208,scanDir
FN:235,getDocFiles
FN:245,scanDir
FN:265,(anonymous_11)
FN:275,generateUrlEntry
FN:289,(anonymous_13)
FN:303,generateSitemap
FN:312,(anonymous_15)
FN:323,(anonymous_16)
FN:323,(anonymous_17)
FN:344,(anonymous_18)
FN:347,(anonymous_19)
FN:355,(anonymous_20)
FN:355,(anonymous_21)
FN:404,(anonymous_22)
FN:411,(anonymous_23)
FN:432,(anonymous_24)
FN:439,(anonymous_25)
FN:473,(anonymous_26)
FN:486,(anonymous_27)
FN:487,(anonymous_28)
FN:493,(anonymous_29)
FN:503,(anonymous_30)
FN:514,(anonymous_31)
FN:526,(anonymous_32)
FN:543,validateSitemap
FN:572,main
FNF:35
FNH:34
FNDA:529340,hreflangCode
FNDA:81872,loadGitTimestamps
FNDA:81872,getFileModTime
FNDA:14,getNewsArticles
FNDA:42,scanDir
FNDA:39634,(anonymous_5)
FNDA:4270,(anonymous_6)
FNDA:14,getApiDocs
FNDA:126,scanDir
FNDA:14,getDocFiles
FNDA:2086,scanDir
FNDA:83916,(anonymous_11)
FNDA:81732,generateUrlEntry
FNDA:529340,(anonymous_13)
FNDA:14,generateSitemap
FNDA:196,(anonymous_15)
FNDA:196,(anonymous_16)
FNDA:182,(anonymous_17)
FNDA:196,(anonymous_18)
FNDA:196,(anonymous_19)
FNDA:196,(anonymous_20)
FNDA:182,(anonymous_21)
FNDA:182,(anonymous_22)
FNDA:196,(anonymous_23)
FNDA:154,(anonymous_24)
FNDA:154,(anonymous_25)
FNDA:140,(anonymous_26)
FNDA:4284,(anonymous_27)
FNDA:80332,(anonymous_28)
FNDA:38332,(anonymous_29)
FNDA:38332,(anonymous_30)
FNDA:11130,(anonymous_31)
FNDA:31304,(anonymous_32)
FNDA:6,validateSitemap
FNDA:0,main
DA:22,2
DA:23,2
DA:25,2
DA:31,2
DA:32,2
DA:33,2
DA:34,2
DA:35,2
DA:36,2
DA:39,2
DA:73,529340
DA:74,494466
DA:85,2
DA:86,2
DA:93,81872
DA:94,2
DA:95,2
DA:96,2
DA:102,2
DA:103,2
DA:104,18598
DA:105,4
DA:106,18594
DA:108,18588
DA:109,18406
DA:115,0
DA:124,81872
DA:125,81872
DA:126,81872
DA:127,81872
DA:128,11634
DA:129,11634
DA:130,11634
DA:132,0
DA:141,14
DA:143,14
DA:144,0
DA:145,0
DA:149,14
DA:152,39634
DA:153,42
DA:154,38738
DA:155,28
DA:156,38710
DA:157,38332
DA:158,38332
DA:159,38332
DA:160,38332
DA:161,38332
DA:162,38332
DA:163,38332
DA:166,38332
DA:167,38332
DA:169,38332
DA:170,4284
DA:176,34048
DA:177,34048
DA:178,14
DA:182,38332
DA:188,14
DA:190,14
DA:192,4270
DA:199,14
DA:201,14
DA:202,0
DA:203,0
DA:206,14
DA:209,126
DA:210,126
DA:211,11564
DA:212,11564
DA:213,112
DA:214,11452
DA:215,11130
DA:216,11130
DA:225,14
DA:227,14
DA:229,14
DA:236,14
DA:238,14
DA:239,0
DA:240,0
DA:243,14
DA:246,2086
DA:247,2086
DA:248,34370
DA:249,34370
DA:250,2072
DA:251,32298
DA:252,31304
DA:253,31304
DA:262,14
DA:265,83916
DA:267,14
DA:269,14
DA:282,81732
DA:289,81732
DA:290,529340
DA:294,81732
DA:297,81732
DA:304,14
DA:306,14
DA:311,14
DA:312,196
DA:319,14
DA:320,14
DA:323,196
DA:324,182
DA:325,182
DA:326,182
DA:328,182
DA:332,14
DA:333,14
DA:336,14
DA:337,14
DA:338,14
DA:339,14
DA:343,14
DA:344,196
DA:347,196
DA:351,14
DA:352,14
DA:355,196
DA:356,182
DA:357,182
DA:358,182
DA:359,182
DA:360,182
DA:361,182
DA:366,14
DA:384,14
DA:385,14
DA:388,14
DA:404,14
DA:405,182
DA:406,182
DA:410,14
DA:411,196
DA:417,14
DA:418,14
DA:420,14
DA:421,196
DA:422,182
DA:423,182
DA:424,182
DA:428,14
DA:432,14
DA:433,154
DA:434,154
DA:436,0
DA:439,154
DA:442,14
DA:457,14
DA:460,14
DA:473,14
DA:474,140
DA:475,140
DA:476,140
DA:483,14
DA:484,14
DA:486,14
DA:487,4284
DA:488,80332
DA:489,72940
DA:490,71190
DA:493,38332
DA:498,4284
DA:503,4284
DA:504,38332
DA:505,38332
DA:510,14
DA:511,14
DA:512,14
DA:514,14
DA:515,11130
DA:516,11130
DA:517,11130
DA:522,14
DA:523,14
DA:524,14
DA:526,14
DA:527,31304
DA:528,31304
DA:529,31304
DA:533,14
DA:537,14
DA:544,6
DA:546,6
DA:547,1
DA:550,5
DA:551,1
DA:554,4
DA:555,6
DA:557,6
DA:558,1
DA:561,3
DA:562,1
DA:565,2
DA:566,2
DA:573,0
DA:574,0
DA:576,0
DA:578,0
DA:580,0
DA:581,0
DA:583,0
DA:584,0
DA:586,0
DA:588,0
DA:589,0
DA:594,2
DA:595,0
DA:596,0
LF:213
LH:191
BRDA:73,0,0,34874
BRDA:73,0,1,494466
BRDA:93,1,0,81870
BRDA:93,1,1,2
BRDA:104,2,0,4
BRDA:104,2,1,18594
BRDA:106,3,0,18588
BRDA:106,3,1,6
BRDA:106,4,0,18594
BRDA:106,4,1,18588
BRDA:108,5,0,18406
BRDA:108,5,1,182
BRDA:127,6,0,70238
BRDA:127,6,1,11634
BRDA:143,7,0,0
BRDA:143,7,1,14
BRDA:154,8,0,28
BRDA:154,8,1,38710
BRDA:156,9,0,38332
BRDA:156,9,1,378
BRDA:156,10,0,38710
BRDA:156,10,1,38710
BRDA:156,10,2,38696
BRDA:156,10,3,38514
BRDA:159,11,0,38332
BRDA:159,11,1,0
BRDA:167,12,0,0
BRDA:167,12,1,38332
BRDA:169,13,0,4284
BRDA:169,13,1,34048
BRDA:177,14,0,14
BRDA:177,14,1,34034
BRDA:177,15,0,34048
BRDA:177,15,1,34048
BRDA:201,16,0,0
BRDA:201,16,1,14
BRDA:212,17,0,112
BRDA:212,17,1,11452
BRDA:212,18,0,11564
BRDA:212,18,1,126
BRDA:214,19,0,11130
BRDA:214,19,1,322
BRDA:214,20,0,11452
BRDA:214,20,1,11438
BRDA:238,21,0,0
BRDA:238,21,1,14
BRDA:249,22,0,2072
BRDA:249,22,1,32298
BRDA:249,23,0,34370
BRDA:249,23,1,2100
BRDA:249,23,2,2072
BRDA:251,24,0,31304
BRDA:251,24,1,994
BRDA:251,25,0,32298
BRDA:251,25,1,32270
BRDA:280,26,0,81732
BRDA:314,27,0,14
BRDA:314,27,1,182
BRDA:326,28,0,14
BRDA:326,28,1,168
BRDA:337,29,0,14
BRDA:337,29,1,0
BRDA:346,30,0,14
BRDA:346,30,1,182
BRDA:358,31,0,182
BRDA:358,31,1,0
BRDA:360,32,0,14
BRDA:360,32,1,168
BRDA:412,33,0,14
BRDA:412,33,1,182
BRDA:413,34,0,14
BRDA:413,34,1,182
BRDA:421,35,0,14
BRDA:421,35,1,182
BRDA:488,36,0,7392
BRDA:488,36,1,72940
BRDA:489,37,0,1750
BRDA:489,37,1,71190
BRDA:511,38,0,14
BRDA:511,38,1,0
BRDA:516,39,0,14
BRDA:516,39,1,11116
BRDA:523,40,0,14
BRDA:523,40,1,0
BRDA:528,41,0,1862
BRDA:528,41,1,29442
BRDA:528,42,0,31304
BRDA:528,42,1,31290
BRDA:546,43,0,1
BRDA:546,43,1,5
BRDA:550,44,0,1
BRDA:550,44,1,4
BRDA:554,45,0,4
BRDA:554,45,1,1
BRDA:557,46,0,1
BRDA:557,46,1,5
BRDA:561,47,0,1
BRDA:561,47,1,2
BRDA:594,48,0,0
BRDA:594,48,1,2
BRF:100
BRH:90
end_of_record
TN:
SF:scripts/html-utils.ts
FN:27,escapeHtml
FN:30,(anonymous_1)
FN:62,decodeHtmlEntities
FN:68,(anonymous_3)
FN:78,(anonymous_4)
FN:89,(anonymous_5)
FNF:6
FNH:6
FNDA:17832,escapeHtml
FNDA:929,(anonymous_1)
FNDA:181132,decodeHtmlEntities
FNDA:1601,(anonymous_3)
FNDA:24,(anonymous_4)
FNDA:2831,(anonymous_5)
DA:10,7
DA:18,7
DA:28,17832
DA:29,17829
DA:31,929
DA:36,7
DA:63,181132
DA:65,172160
DA:68,172160
DA:69,1601
DA:70,1601
DA:71,1601
DA:73,0
DA:78,172160
DA:79,24
DA:80,24
DA:81,24
DA:83,0
DA:88,172160
DA:90,2831
DA:93,172160
LF:21
LH:19
BRDA:28,0,0,3
BRDA:28,0,1,17829
BRDA:31,1,0,929
BRDA:31,1,1,0
BRDA:63,2,0,8972
BRDA:63,2,1,172160
BRDA:90,3,0,2831
BRDA:90,3,1,0
BRF:8
BRH:6
end_of_record
TN:
SF:scripts/imf-client.ts
FN:182,(anonymous_0)
FN:218,(anonymous_1)
FN:239,(anonymous_2)
FN:271,(anonymous_3)
FN:302,(anonymous_4)
FN:308,(anonymous_5)
FN:319,(anonymous_6)
FN:342,(anonymous_7)
FN:352,(anonymous_8)
FN:358,(anonymous_9)
FN:379,(anonymous_10)
FN:406,calculateRetryDelay
FN:432,parseDatamapperValues
FN:471,(anonymous_13)
FN:475,isRetryableError
FN:482,isTransientFetchError
FN:484,(anonymous_16)
FN:497,getDefaultImfClient
FNF:18
FNH:17
FNDA:8,(anonymous_0)
FNDA:36,(anonymous_1)
FNDA:30,(anonymous_2)
FNDA:7,(anonymous_3)
FNDA:6,(anonymous_4)
FNDA:5,(anonymous_5)
FNDA:1,(anonymous_6)
FNDA:1,(anonymous_7)
FNDA:30,(anonymous_8)
FNDA:0,(anonymous_9)
FNDA:2,(anonymous_10)
FNDA:13,calculateRetryDelay
FNDA:27,parseDatamapperValues
FNDA:33,(anonymous_13)
FNDA:5,isRetryableError
FNDA:7,isTransientFetchError
FNDA:9,(anonymous_16)
FNDA:2,getDefaultImfClient
DA:93,2
DA:94,2
DA:95,2
DA:96,2
DA:98,2
DA:101,2
DA:107,2
DA:108,2
DA:121,2
DA:149,2
DA:183,8
DA:184,8
DA:185,8
DA:186,8
DA:219,36
DA:220,36
DA:221,36
DA:222,36
DA:223,36
DA:224,36
DA:244,30
DA:245,3
DA:247,27
DA:249,27
DA:250,27
DA:252,17
DA:253,17
DA:276,7
DA:277,1
DA:280,6
DA:281,6
DA:282,10
DA:283,10
DA:284,5
DA:286,5
DA:287,3
DA:288,3
DA:289,3
DA:291,2
DA:294,4
DA:306,6
DA:307,5
DA:308,5
DA:309,2
DA:323,1
DA:324,1
DA:325,3
DA:326,3
DA:327,2
DA:329,1
DA:332,1
DA:343,1
DA:344,1
DA:345,1
DA:357,30
DA:358,30
DA:359,30
DA:360,30
DA:365,27
DA:366,8
DA:369,19
DA:371,12
DA:372,12
DA:377,2
DA:378,2
DA:379,2
DA:380,2
DA:382,10
DA:384,30
DA:410,13
DA:411,13
DA:412,5
DA:413,5
DA:414,2
DA:438,27
[...]
FN:391,(anonymous_29)
FN:391,(anonymous_30)
FN:393,(anonymous_31)
FN:394,(anonymous_32)
FN:399,(anonymous_33)
FN:401,(anonymous_34)
FN:401,(anonymous_35)
FN:403,(anonymous_36)
FN:405,(anonymous_37)
FN:411,(anonymous_38)
FN:416,(anonymous_39)
FN:417,(anonymous_40)
FN:421,(anonymous_41)
FN:422,(anonymous_42)
FN:423,(anonymous_43)
FN:425,(anonymous_44)
FN:429,(anonymous_45)
FN:436,(anonymous_46)
FN:437,(anonymous_47)
FN:440,(anonymous_48)
FN:440,(anonymous_49)
FN:440,(anonymous_50)
FN:441,(anonymous_51)
FN:445,(anonymous_52)
FN:448,(anonymous_53)
FN:450,(anonymous_54)
FN:452,(anonymous_55)
FN:458,(anonymous_56)
FN:462,(anonymous_57)
FN:464,(anonymous_58)
FN:470,(anonymous_59)
FN:471,(anonymous_60)
FN:486,(anonymous_61)
FN:490,(anonymous_62)
FN:490,(anonymous_63)
FN:491,(anonymous_64)
FN:492,(anonymous_65)
FN:493,(anonymous_66)
FN:497,(anonymous_67)
FN:513,(anonymous_68)
FN:520,(anonymous_69)
FN:537,(anonymous_70)
FN:544,(anonymous_71)
FN:545,(anonymous_72)
FN:545,(anonymous_73)
FN:546,(anonymous_74)
FN:548,(anonymous_75)
FN:549,(anonymous_76)
FN:551,(anonymous_77)
FN:553,(anonymous_78)
FN:554,(anonymous_79)
FN:562,(anonymous_80)
FN:567,(anonymous_81)
FN:572,(anonymous_82)
FN:577,(anonymous_83)
FN:592,init
FNF:85
FNH:0
FNDA:0,(anonymous_0)
FNDA:0,(anonymous_1)
FNDA:0,(anonymous_2)
FNDA:0,(anonymous_3)
FNDA:0,(anonymous_4)
FNDA:0,(anonymous_5)
FNDA:0,(anonymous_6)
FNDA:0,(anonymous_7)
FNDA:0,(anonymous_8)
FNDA:0,(anonymous_9)
FNDA:0,(anonymous_10)
FNDA:0,(anonymous_11)
FNDA:0,(anonymous_12)
FNDA:0,(anonymous_13)
FNDA:0,(anonymous_14)
FNDA:0,(anonymous_15)
FNDA:0,(anonymous_16)
FNDA:0,(anonymous_17)
FNDA:0,mean
FNDA:0,(anonymous_19)
FNDA:0,stddev
FNDA:0,(anonymous_21)
FNDA:0,(anonymous_22)
FNDA:0,(anonymous_23)
FNDA:0,(anonymous_24)
FNDA:0,(anonymous_25)
FNDA:0,(anonymous_26)
FNDA:0,(anonymous_27)
FNDA:0,(anonymous_28)
FNDA:0,(anonymous_29)
FNDA:0,(anonymous_30)
FNDA:0,(anonymous_31)
FNDA:0,(anonymous_32)
FNDA:0,(anonymous_33)
FNDA:0,(anonymous_34)
FNDA:0,(anonymous_35)
FNDA:0,(anonymous_36)
FNDA:0,(anonymous_37)
FNDA:0,(anonymous_38)
FNDA:0,(anonymous_39)
FNDA:0,(anonymous_40)
FNDA:0,(anonymous_41)
FNDA:0,(anonymous_42)
FNDA:0,(anonymous_43)
FNDA:0,(anonymous_44)
FNDA:0,(anonymous_45)
FNDA:0,(anonymous_46)
FNDA:0,(anonymous_47)
FNDA:0,(anonymous_48)
FNDA:0,(anonymous_49)
FNDA:0,(anonymous_50)
FNDA:0,(anonymous_51)
FNDA:0,(anonymous_52)
FNDA:0,(anonymous_53)
FNDA:0,(anonymous_54)
FNDA:0,(anonymous_55)
FNDA:0,(anonymous_56)
FNDA:0,(anonymous_57)
FNDA:0,(anonymous_58)
FNDA:0,(anonymous_59)
FNDA:0,(anonymous_60)
FNDA:0,(anonymous_61)
FNDA:0,(anonymous_62)
FNDA:0,(anonymous_63)
FNDA:0,(anonymous_64)
FNDA:0,(anonymous_65)
FNDA:0,(anonymous_66)
FNDA:0,(anonymous_67)
FNDA:0,(anonymous_68)
FNDA:0,(anonymous_69)
FNDA:0,(anonymous_70)
FNDA:0,(anonymous_71)
FNDA:0,(anonymous_72)
FNDA:0,(anonymous_73)
FNDA:0,(anonymous_74)
FNDA:0,(anonymous_75)
FNDA:0,(anonymous_76)
FNDA:0,(anonymous_77)
FNDA:0,(anonymous_78)
FNDA:0,(anonymous_79)
FNDA:0,(anonymous_80)
FNDA:0,(anonymous_81)
FNDA:0,(anonymous_82)
FNDA:0,(anonymous_83)
FNDA:0,init
DA:32,0
DA:33,0
DA:34,0
DA:128,0
DA:161,0
DA:209,0
DA:212,0
DA:213,0
DA:215,0
DA:216,0
DA:217,0
DA:218,0
DA:219,0
DA:220,0
DA:221,0
DA:222,0
DA:223,0
DA:224,0
DA:225,0
DA:226,0
DA:227,0
DA:228,0
DA:230,0
DA:231,0
DA:236,0
DA:237,0
DA:238,0
DA:239,0
DA:240,0
DA:241,0
DA:242,0
DA:243,0
DA:247,0
DA:251,0
DA:252,0
DA:253,0
DA:256,0
DA:257,0
DA:258,0
DA:259,0
DA:260,0
DA:261,0
DA:262,0
DA:263,0
DA:264,0
DA:265,0
DA:266,0
DA:267,0
DA:269,0
DA:271,0
DA:275,0
DA:276,0
DA:277,0
DA:278,0
DA:279,0
DA:280,0
DA:281,0
DA:285,0
DA:286,0
DA:290,0
DA:291,0
DA:292,0
DA:294,0
DA:295,0
DA:296,0
DA:297,0
DA:298,0
DA:299,0
DA:300,0
DA:301,0
DA:303,0
DA:307,0
DA:308,0
DA:309,0
DA:310,0
DA:311,0
DA:312,0
DA:314,0
DA:315,0
DA:316,0
DA:317,0
DA:319,0
DA:323,0
DA:324,0
DA:325,0
DA:326,0
DA:327,0
DA:328,0
DA:329,0
DA:330,0
DA:332,0
DA:333,0
DA:335,0
DA:340,0
DA:341,0
DA:348,0
DA:353,0
DA:354,0
DA:358,0
DA:362,0
DA:363,0
DA:364,0
DA:365,0
DA:366,0
DA:367,0
DA:368,0
DA:369,0
DA:373,0
DA:374,0
DA:375,0
DA:377,0
DA:378,0
DA:379,0
DA:381,0
DA:382,0
DA:383,0
DA:384,0
DA:385,0
DA:386,0
DA:387,0
DA:389,0
DA:390,0
DA:391,0
DA:393,0
DA:395,0
DA:396,0
DA:399,0
DA:400,0
DA:401,0
DA:403,0
DA:405,0
DA:406,0
DA:407,0
DA:408,0
DA:412,0
DA:413,0
DA:414,0
DA:415,0
DA:416,0
DA:417,0
DA:419,0
DA:421,0
DA:422,0
DA:423,0
DA:425,0
DA:430,0
DA:431,0
DA:432,0
DA:433,0
DA:434,0
DA:435,0
DA:436,0
DA:437,0
DA:439,0
DA:440,0
DA:441,0
DA:446,0
DA:447,0
DA:448,0
DA:449,0
DA:450,0
DA:451,0
DA:452,0
DA:453,0
DA:455,0
DA:459,0
DA:460,0
DA:461,0
DA:462,0
DA:463,0
DA:464,0
DA:465,0
DA:466,0
DA:467,0
DA:468,0
DA:470,0
DA:471,0
DA:472,0
DA:473,0
DA:474,0
DA:475,0
DA:476,0
DA:477,0
DA:480,0
DA:487,0
DA:488,0
DA:489,0
DA:490,0
DA:491,0
DA:492,0
DA:493,0
DA:495,0
DA:497,0
DA:507,0
DA:508,0
DA:511,0
DA:514,0
DA:515,0
DA:516,0
DA:517,0
DA:521,0
DA:522,0
DA:523,0
DA:524,0
DA:525,0
DA:526,0
DA:527,0
DA:528,0
DA:529,0
DA:530,0
DA:532,0
DA:533,0
DA:538,0
DA:539,0
DA:540,0
DA:541,0
DA:543,0
DA:544,0
DA:545,0
DA:546,0
DA:548,0
DA:549,0
DA:550,0
DA:551,0
DA:552,0
DA:553,0
DA:554,0
DA:555,0
DA:556,0
DA:557,0
DA:563,0
DA:564,0
DA:568,0
DA:569,0
DA:573,0
DA:574,0
DA:578,0
DA:579,0
DA:580,0
DA:581,0
DA:582,0
DA:583,0
DA:593,0
DA:594,0
DA:595,0
DA:596,0
LF:246
LH:0
BRDA:213,0,0,0
BRDA:213,0,1,0
BRDA:220,1,0,0
BRDA:220,1,1,0
BRDA:222,2,0,0
BRDA:222,2,1,0
BRDA:227,3,0,0
BRDA:227,3,1,0
BRDA:230,4,0,0
BRDA:230,4,1,0
BRDA:231,5,0,0
BRDA:231,5,1,0
BRDA:237,6,0,0
BRDA:237,6,1,0
BRDA:240,7,0,0
BRDA:240,7,1,0
BRDA:240,8,0,0
BRDA:240,8,1,0
BRDA:240,8,2,0
BRDA:247,9,0,0
BRDA:247,9,1,0
BRDA:251,10,0,0
BRDA:251,10,1,0
BRDA:257,11,0,0
BRDA:257,11,1,0
BRDA:261,12,0,0
BRDA:261,12,1,0
BRDA:266,13,0,0
BRDA:266,13,1,0
BRDA:266,14,0,0
BRDA:266,14,1,0
BRDA:277,15,0,0
BRDA:277,15,1,0
BRDA:279,16,0,0
BRDA:279,16,1,0
BRDA:290,17,0,0
BRDA:290,17,1,0
BRDA:292,18,0,0
BRDA:292,18,1,0
BRDA:297,19,0,0
BRDA:297,19,1,0
BRDA:298,20,0,0
BRDA:298,20,1,0
BRDA:299,21,0,0
BRDA:299,21,1,0
BRDA:300,22,0,0
BRDA:300,22,1,0
BRDA:306,23,0,0
BRDA:307,24,0,0
BRDA:307,24,1,0
BRDA:309,25,0,0
BRDA:309,25,1,0
BRDA:310,26,0,0
BRDA:310,26,1,0
BRDA:311,27,0,0
BRDA:311,27,1,0
BRDA:312,28,0,0
BRDA:312,28,1,0
BRDA:312,28,2,0
BRDA:315,29,0,0
BRDA:315,29,1,0
BRDA:315,30,0,0
BRDA:315,30,1,0
BRDA:315,31,0,0
BRDA:315,31,1,0
BRDA:316,32,0,0
BRDA:316,32,1,0
BRDA:316,33,0,0
BRDA:316,33,1,0
BRDA:316,34,0,0
BRDA:316,34,1,0
BRDA:323,35,0,0
BRDA:323,35,1,0
BRDA:325,36,0,0
BRDA:325,36,1,0
BRDA:325,37,0,0
BRDA:325,37,1,0
BRDA:325,37,2,0
BRDA:326,38,0,0
BRDA:326,38,1,0
BRDA:326,39,0,0
BRDA:326,39,1,0
BRDA:326,39,2,0
BRDA:327,40,0,0
BRDA:327,40,1,0
BRDA:327,41,0,0
BRDA:327,41,1,0
BRDA:328,42,0,0
BRDA:328,42,1,0
BRDA:329,43,0,0
BRDA:329,43,1,0
BRDA:329,44,0,0
BRDA:329,44,1,0
BRDA:330,45,0,0
BRDA:330,45,1,0
BRDA:330,46,0,0
BRDA:330,46,1,0
BRDA:332,47,0,0
BRDA:332,47,1,0
BRDA:332,48,0,0
BRDA:332,48,1,0
BRDA:333,49,0,0
BRDA:333,49,1,0
BRDA:333,50,0,0
BRDA:333,50,1,0
BRDA:340,51,0,0
BRDA:340,51,1,0
BRDA:341,52,0,0
BRDA:341,52,1,0
BRDA:352,53,0,0
BRDA:354,54,0,0
BRDA:354,54,1,0
BRDA:358,55,0,0
BRDA:358,55,1,0
BRDA:361,56,0,0
BRDA:362,57,0,0
BRDA:362,57,1,0
BRDA:363,58,0,0
BRDA:363,58,1,0
BRDA:363,59,0,0
BRDA:363,59,1,0
BRDA:374,60,0,0
BRDA:374,60,1,0
BRDA:374,61,0,0
BRDA:374,61,1,0
BRDA:386,62,0,0
BRDA:386,62,1,0
BRDA:393,63,0,0
BRDA:393,63,1,0
BRDA:395,64,0,0
BRDA:395,64,1,0
BRDA:395,64,2,0
BRDA:395,64,3,0
BRDA:396,65,0,0
BRDA:396,65,1,0
BRDA:399,66,0,0
BRDA:399,66,1,0
BRDA:403,67,0,0
BRDA:403,67,1,0
BRDA:407,68,0,0
BRDA:407,68,1,0
BRDA:408,69,0,0
BRDA:408,69,1,0
BRDA:413,70,0,0
BRDA:413,70,1,0
BRDA:416,71,0,0
BRDA:416,71,1,0
BRDA:421,72,0,0
BRDA:421,72,1,0
BRDA:422,73,0,0
BRDA:422,73,1,0
BRDA:423,74,0,0
BRDA:423,74,1,0
BRDA:425,75,0,0
BRDA:425,75,1,0
BRDA:425,76,0,0
BRDA:425,76,1,0
BRDA:425,77,0,0
BRDA:425,77,1,0
BRDA:431,78,0,0
BRDA:431,78,1,0
BRDA:434,79,0,0
BRDA:434,79,1,0
BRDA:436,80,0,0
BRDA:436,80,1,0
BRDA:437,81,0,0
BRDA:437,81,1,0
BRDA:440,82,0,0
BRDA:440,82,1,0
BRDA:440,83,0,0
BRDA:440,83,1,0
BRDA:446,84,0,0
BRDA:446,84,1,0
BRDA:448,85,0,0
BRDA:448,85,1,0
BRDA:451,86,0,0
BRDA:451,86,1,0
BRDA:452,87,0,0
BRDA:452,87,1,0
BRDA:460,88,0,0
BRDA:460,88,1,0
BRDA:465,89,0,0
BRDA:465,89,1,0
BRDA:466,90,0,0
BRDA:466,90,1,0
BRDA:467,91,0,0
BRDA:467,91,1,0
BRDA:471,92,0,0
BRDA:471,92,1,0
BRDA:473,93,0,0
BRDA:473,93,1,0
BRDA:474,94,0,0
BRDA:474,94,1,0
BRDA:474,95,0,0
BRDA:474,95,1,0
BRDA:475,96,0,0
BRDA:475,96,1,0
BRDA:475,97,0,0
BRDA:475,97,1,0
BRDA:476,98,0,0
BRDA:476,98,1,0
BRDA:477,99,0,0
BRDA:477,99,1,0
BRDA:488,100,0,0
BRDA:488,100,1,0
BRDA:490,101,0,0
BRDA:490,101,1,0
BRDA:490,102,0,0
BRDA:490,102,1,0
BRDA:492,103,0,0
BRDA:492,103,1,0
BRDA:493,104,0,0
BRDA:493,104,1,0
BRDA:493,105,0,0
BRDA:493,105,1,0
BRDA:515,106,0,0
BRDA:515,106,1,0
BRDA:516,107,0,0
BRDA:516,107,1,0
BRDA:517,108,0,0
BRDA:517,108,1,0
BRDA:525,109,0,0
BRDA:525,109,1,0
BRDA:543,110,0,0
BRDA:543,110,1,0
BRDA:548,111,0,0
BRDA:548,111,1,0
BRDA:549,112,0,0
BRDA:549,112,1,0
BRDA:550,113,0,0
BRDA:550,113,1,0
BRDA:553,114,0,0
BRDA:553,114,1,0
BRDA:553,115,0,0
BRDA:553,115,1,0
BRDA:556,116,0,0
BRDA:556,116,1,0
BRDA:556,116,2,0
BRDA:569,117,0,0
BRDA:569,117,1,0
BRDA:574,118,0,0
BRDA:574,118,1,0
BRDA:579,119,0,0
BRDA:579,119,1,0
BRDA:582,120,0,0
BRDA:582,120,1,0
BRDA:594,121,0,0
BRDA:594,121,1,0
BRF:248
BRH:0
end_of_record
TN:
SF:src/browser/dashboards/stats-loader.ts
FN:99,formatDisplayValue
FN:116,updateStat
FN:131,(anonymous_2)
FN:139,buildLookup
FN:159,init
FNF:5
FNH:0
FNDA:0,formatDisplayValue
FNDA:0,updateStat
FNDA:0,(anonymous_2)
FNDA:0,buildLookup
FNDA:0,init
DA:54,0
DA:59,0
DA:66,0
DA:100,0
DA:101,0
DA:103,0
DA:104,0
DA:105,0
DA:107,0
DA:117,0
DA:119,0
DA:122,0
DA:123,0
DA:124,0
DA:128,0
DA:131,0
DA:132,0
DA:140,0
DA:141,0
DA:142,0
DA:143,0
DA:146,0
DA:160,0
DA:161,0
DA:162,0
DA:164,0
DA:165,0
DA:166,0
DA:169,0
DA:171,0
DA:172,0
DA:173,0
DA:174,0
DA:175,0
DA:179,0
DA:183,0
DA:184,0
LF:37
LH:0
BRDA:100,0,0,0
BRDA:100,0,1,0
BRDA:104,1,0,0
BRDA:104,1,1,0
BRDA:117,2,0,0
BRDA:117,2,1,0
BRDA:117,3,0,0
BRDA:117,3,1,0
BRDA:123,4,0,0
BRDA:123,4,1,0
BRDA:142,5,0,0
BRDA:142,5,1,0
BRDA:142,6,0,0
BRDA:142,6,1,0
BRDA:142,6,2,0
BRDA:164,7,0,0
BRDA:164,7,1,0
BRDA:173,8,0,0
BRDA:173,8,1,0
BRDA:183,9,0,0
BRDA:183,9,1,0
BRF:21
BRH:0
end_of_record
TN:
SF:src/browser/shared/chart-factory.ts
FN:37,getChart
FN:46,getResponsiveOptions
FN:106,createChart
FN:150,initDashboardSection
FN:178,addChartKeyboardNav
FN:185,(anonymous_5)
FN:210,createResizeHandler
FN:214,(anonymous_7)
FN:216,(anonymous_8)
FN:226,(anonymous_9)
FN:229,getBreakpoint
FN:240,deepMerge
FNF:12
FNH:0
FNDA:0,getChart
FNDA:0,getResponsiveOptions
FNDA:0,createChart
FNDA:0,initDashboardSection
FNDA:0,addChartKeyboardNav
FNDA:0,(anonymous_5)
FNDA:0,createResizeHandler
FNDA:0,(anonymous_7)
FNDA:0,(anonymous_8)
FNDA:0,(anonymous_9)
FNDA:0,getBreakpoint
FNDA:0,deepMerge
DA:31,1
DA:38,0
DA:39,0
DA:40,0
DA:47,0
DA:48,0
DA:49,0
DA:50,0
DA:52,0
DA:111,0
DA:112,0
DA:116,0
DA:117,0
DA:121,0
DA:122,0
DA:127,0
DA:131,0
DA:132,0
DA:135,0
DA:136,0
DA:138,0
DA:139,0
DA:140,0
DA:142,0
DA:155,0
DA:156,0
DA:157,0
DA:158,0
DA:161,0
DA:163,0
DA:164,0
DA:165,0
DA:167,0
DA:168,0
DA:182,0
DA:183,0
DA:185,0
DA:186,0
DA:187,0
DA:188,0
DA:189,0
DA:191,0
DA:192,0
DA:193,0
DA:194,0
DA:195,0
DA:196,0
DA:197,0
DA:200,0
DA:201,0
DA:202,0
DA:211,0
DA:214,0
DA:215,0
DA:216,0
DA:217,0
DA:218,0
DA:219,0
DA:220,0
DA:225,0
DA:226,0
DA:230,0
DA:231,0
DA:232,0
DA:233,0
DA:234,0
DA:244,0
DA:245,0
DA:246,0
DA:247,0
DA:248,0
DA:256,0
DA:261,0
DA:264,0
LF:74
LH:1
BRDA:39,0,0,0
BRDA:39,0,1,0
BRDA:49,1,0,0
BRDA:49,1,1,0
BRDA:55,2,0,0
BRDA:55,2,1,0
BRDA:58,3,0,0
BRDA:58,3,1,0
BRDA:60,4,0,0
BRDA:60,4,1,0
BRDA:61,5,0,0
BRDA:61,5,1,0
BRDA:62,6,0,0
BRDA:62,6,1,0
BRDA:62,7,0,0
BRDA:62,7,1,0
BRDA:72,8,0,0
BRDA:72,8,1,0
BRDA:73,9,0,0
BRDA:73,9,1,0
BRDA:74,10,0,0
BRDA:74,10,1,0
BRDA:82,11,0,0
BRDA:82,11,1,0
BRDA:83,12,0,0
BRDA:83,12,1,0
BRDA:90,13,0,0
BRDA:90,13,1,0
BRDA:112,14,0,0
BRDA:112,14,1,0
BRDA:116,15,0,0
BRDA:116,15,1,0
BRDA:124,16,0,0
BRDA:124,16,1,0
BRDA:127,17,0,0
BRDA:127,17,1,0
BRDA:131,18,0,0
BRDA:131,18,1,0
BRDA:139,19,0,0
BRDA:139,19,1,0
BRDA:153,20,0,0
BRDA:156,21,0,0
BRDA:156,21,1,0
BRDA:187,22,0,0
BRDA:187,22,1,0
BRDA:188,23,0,0
BRDA:188,23,1,0
BRDA:189,24,0,0
BRDA:189,24,1,0
BRDA:192,25,0,0
BRDA:192,25,1,0
BRDA:192,26,0,0
BRDA:192,26,1,0
BRDA:195,27,0,0
BRDA:195,27,1,0
BRDA:195,28,0,0
BRDA:195,28,1,0
BRDA:200,29,0,0
BRDA:200,29,1,0
BRDA:200,30,0,0
BRDA:200,30,1,0
BRDA:218,31,0,0
BRDA:218,31,1,0
BRDA:231,32,0,0
BRDA:231,32,1,0
BRDA:232,33,0,0
BRDA:232,33,1,0
BRDA:233,34,0,0
BRDA:233,34,1,0
BRDA:248,35,0,0
BRDA:248,35,1,0
BRDA:249,36,0,0
BRDA:249,36,1,0
BRDA:249,36,2,0
BRDA:249,36,3,0
BRDA:249,36,4,0
BRDA:249,36,5,0
BRF:77
BRH:0
end_of_record
TN:
SF:src/browser/shared/data-loader.ts
FN:39,fetchWithRetry
FN:53,(anonymous_1)
FN:62,getFromCache
FN:81,setCache
FN:105,(anonymous_4)
FN:107,(anonymous_5)
FN:118,loadText
FN:162,loadCSV
FN:173,loadJSON
FN:186,parseCSV
FN:198,(anonymous_10)
FN:199,(anonymous_11)
FN:199,(anonymous_12)
FN:200,(anonymous_13)
FN:202,(anonymous_14)
FN:212,createDataSource
FNF:16
FNH:11
FNDA:3,fetchWithRetry
FNDA:0,(anonymous_1)
FNDA:3,getFromCache
FNDA:3,setCache
FNDA:0,(anonymous_4)
FNDA:1,(anonymous_5)
FNDA:3,loadText
FNDA:0,loadCSV
FNDA:0,loadJSON
FNDA:9,parseCSV
FNDA:10,(anonymous_10)
FNDA:10,(anonymous_11)
FNDA:9,(anonymous_12)
FNDA:24,(anonymous_13)
FNDA:24,(anonymous_14)
FNDA:0,createDataSource
DA:24,4
DA:25,4
DA:26,4
DA:29,4
DA:44,3
DA:45,3
DA:46,3
DA:47,3
DA:48,0
DA:50,0
DA:52,0
DA:53,0
DA:56,0
DA:63,3
DA:64,3
DA:65,3
DA:66,3
DA:67,0
DA:68,0
DA:69,0
DA:70,0
DA:72,0
DA:74,0
DA:82,3
DA:83,3
DA:84,3
DA:85,3
DA:87,2
DA:88,1
DA:89,1
DA:92,1
DA:93,1
DA:94,1
DA:95,3
DA:96,3
DA:97,1
DA:98,1
DA:99,3
DA:100,1
DA:105,1
DA:106,1
DA:107,1
DA:108,1
DA:110,0
DA:127,3
DA:130,3
DA:131,3
DA:132,3
DA:133,0
DA:134,0
DA:139,3
DA:140,3
DA:142,3
DA:143,3
DA:144,3
DA:145,3
DA:146,3
DA:147,3
DA:148,3
DA:150,0
DA:151,0
DA:155,0
DA:166,0
DA:167,0
DA:177,0
DA:178,0
DA:188,9
DA:191,9
DA:192,3
DA:196,6
DA:197,6
DA:198,10
DA:199,10
DA:200,24
DA:201,9
DA:202,9
DA:203,24
DA:205,9
DA:216,0
DA:217,0
DA:218,0
DA:222,0
LF:82
LH:57
BRDA:47,0,0,3
BRDA:47,0,1,0
BRDA:52,1,0,0
BRDA:52,1,1,0
BRDA:66,2,0,3
BRDA:66,2,1,0
BRDA:68,3,0,0
BRDA:68,3,1,0
BRDA:87,4,0,1
BRDA:87,4,1,1
BRDA:87,5,0,2
BRDA:87,5,1,2
BRDA:96,6,0,2
BRDA:96,6,1,1
BRDA:96,7,0,3
BRDA:96,7,1,3
BRDA:98,8,0,1
BRDA:98,8,1,0
BRDA:99,9,0,1
BRDA:99,9,1,2
BRDA:120,10,0,3
BRDA:124,11,0,3
BRDA:125,12,0,3
BRDA:126,13,0,3
BRDA:130,14,0,3
BRDA:130,14,1,0
BRDA:132,15,0,0
BRDA:132,15,1,3
BRDA:139,16,0,3
BRDA:139,16,1,3
BRDA:146,17,0,3
BRDA:146,17,1,0
BRDA:150,18,0,0
BRDA:150,18,1,0
BRDA:155,19,0,0
BRDA:155,19,1,0
BRDA:164,20,0,0
BRDA:175,21,0,0
BRDA:191,22,0,3
BRDA:191,22,1,6
BRDA:197,23,0,2
BRDA:197,23,1,4
BRDA:203,24,0,24
BRDA:203,24,1,0
BRDA:217,25,0,0
BRDA:217,25,1,0
BRF:46
BRH:27
end_of_record
TN:
SF:src/browser/shared/dom-utils.ts
FN:17,showLoadingState
FN:37,showEmptyState
FN:53,showErrorState
FN:70,hideStateOverlays
FN:80,formatNumber
FN:87,formatPercent
FN:94,debounce
FN:99,(anonymous_7)
FN:101,(anonymous_8)
FN:108,detectLanguage
FN:123,showDataSourceDisclaimer
FN:167,announceToScreenReader
FNF:12
FNH:1
FNDA:0,showLoadingState
FNDA:0,showEmptyState
FNDA:0,showErrorState
FNDA:0,hideStateOverlays
FNDA:0,formatNumber
FNDA:0,formatPercent
FNDA:0,debounce
FNDA:0,(anonymous_7)
FNDA:0,(anonymous_8)
FNDA:0,detectLanguage
FNDA:20,showDataSourceDisclaimer
FNDA:0,announceToScreenReader
DA:18,0
DA:19,0
DA:20,0
DA:21,0
DA:22,0
DA:23,0
DA:24,0
DA:25,0
DA:27,0
DA:31,0
DA:38,0
DA:39,0
DA:40,0
DA:41,0
DA:42,0
DA:43,0
DA:44,0
DA:46,0
DA:47,0
DA:54,0
DA:55,0
DA:56,0
DA:57,0
DA:58,0
DA:59,0
DA:60,0
DA:61,0
DA:63,0
DA:64,0
DA:71,0
DA:72,0
DA:73,0
DA:81,0
DA:88,0
DA:99,0
DA:100,0
DA:101,0
DA:109,0
DA:128,20
DA:129,20
DA:131,20
DA:132,20
DA:133,20
DA:138,20
DA:140,10
DA:141,10
DA:142,10
DA:144,5
DA:145,5
DA:146,5
DA:148,5
DA:149,5
DA:150,5
DA:153,20
DA:156,20
DA:157,20
DA:158,19
DA:160,1
DA:168,0
DA:169,0
DA:170,0
DA:171,0
DA:172,0
DA:173,0
DA:174,0
DA:175,0
DA:177,0
LF:67
LH:20
BRDA:17,0,0,0
BRDA:19,1,0,0
BRDA:19,1,1,0
BRDA:37,2,0,0
BRDA:39,3,0,0
BRDA:39,3,1,0
BRDA:53,4,0,0
BRDA:55,5,0,0
BRDA:55,5,1,0
BRDA:72,6,0,0
BRDA:72,6,1,0
BRDA:80,7,0,0
BRDA:87,8,0,0
BRDA:109,9,0,0
BRDA:109,9,1,0
BRDA:129,10,0,4
BRDA:129,10,1,16
BRDA:138,11,0,10
BRDA:138,11,1,5
BRDA:138,11,2,5
BRDA:157,12,0,19
BRDA:157,12,1,1
BRDA:169,13,0,0
BRDA:169,13,1,0
BRF:24
BRH:7
end_of_record
TN:
SF:src/browser/shared/error-boundary.ts
FN:47,renderWithFallback
FN:61,(anonymous_1)
FNF:2
FNH:2
FNDA:14,renderWithFallback
FNDA:18,(anonymous_1)
DA:57,14
DA:58,14
DA:59,14
DA:61,14
DA:62,18
DA:64,1
DA:67,17
DA:73,17
DA:74,3
DA:76,17
DA:80,17
DA:81,17
DA:82,17
DA:83,17
DA:87,17
DA:88,17
DA:89,17
DA:90,17
DA:94,17
DA:95,17
DA:96,17
DA:97,17
DA:98,17
DA:99,17
DA:100,17
DA:101,17
DA:102,17
DA:103,17
DA:105,17
DA:106,17
DA:108,17
DA:109,17
DA:111,9
DA:112,9
DA:115,17
DA:116,4
DA:120,17
DA:121,17
DA:125,14
LF:39
LH:39
BRDA:50,0,0,14
BRDA:51,1,0,14
BRDA:62,2,0,1
BRDA:62,2,1,17
BRDA:73,3,0,3
BRDA:73,3,1,14
BRDA:89,4,0,17
BRDA:89,4,1,0
BRDA:89,5,0,17
BRDA:89,5,1,0
BRDA:115,6,0,4
BRDA:115,6,1,13
BRF:12
BRH:10
end_of_record
TN:
SF:src/browser/shared/fallback-ui.ts
FN:23,renderErrorFallback
FN:64,renderLoadingFallback
FNF:2
FNH:2
FNDA:19,renderErrorFallback
FNDA:23,renderLoadingFallback
DA:29,19
DA:31,19
DA:32,19
DA:33,19
DA:34,19
DA:36,19
DA:37,19
DA:38,19
DA:39,19
DA:41,19
DA:42,19
DA:43,19
DA:45,19
DA:46,19
DA:48,19
DA:49,13
DA:50,13
DA:51,13
DA:52,13
DA:53,13
DA:54,13
DA:57,19
DA:65,23
DA:67,23
DA:68,23
DA:69,23
DA:70,23
DA:71,23
DA:73,23
DA:74,69
DA:75,69
DA:76,69
DA:79,23
LF:33
LH:33
BRDA:25,0,0,19
BRDA:27,1,0,19
BRDA:48,2,0,13
BRDA:48,2,1,6
BRDA:64,3,0,23
BRF:5
BRH:5
end_of_record
TN:
SF:src/browser/shared/index.ts
FNF:0
FNH:0
LF:0
LH:0
BRF:0
BRH:0
end_of_record
TN:
SF:src/browser/shared/logger.ts
FN:18,(anonymous_0)
FN:21,(anonymous_1)
FN:24,(anonymous_2)
FN:27,(anonymous_3)
FNF:4
FNH:3
FNDA:14,(anonymous_0)
FNDA:0,(anonymous_1)
FNDA:1,(anonymous_2)
FNDA:13,(anonymous_3)
DA:14,6
DA:17,6
DA:19,14
DA:22,0
DA:25,1
DA:28,13
LF:6
LH:5
BRDA:14,0,0,6
BRDA:14,0,1,6
BRDA:19,1,0,0
BRDA:19,1,1,14
BRDA:22,2,0,0
BRDA:22,2,1,0
BRF:6
BRH:3
end_of_record
TN:
SF:src/browser/shared/register-globals.ts
FNF:0
FNH:0
DA:19,0
DA:20,0
DA:21,0
LF:3
LH:0
BRF:0
BRH:0
end_of_record
TN:
SF:src/browser/shared/theme.ts
FN:106,getActiveThemeColors
FN:165,getChartPalette
FN:178,getPartyColor
FN:193,onThemeChange
FN:197,(anonymous_4)
FN:199,(anonymous_5)
FN:209,(anonymous_6)
FNF:7
FNH:0
FNDA:0,getActiveThemeColors
FNDA:0,getChartPalette
FNDA:0,getPartyColor
FNDA:0,onThemeChange
FNDA:0,(anonymous_4)
FNDA:0,(anonymous_5)
FNDA:0,(anonymous_6)
DA:32,3
DA:50,3
DA:73,3
DA:107,0
DA:108,0
DA:109,0
DA:110,0
DA:112,0
DA:114,0
DA:116,0
DA:125,3
DA:137,3
DA:151,3
DA:166,0
DA:179,0
DA:196,0
DA:197,0
DA:199,0
DA:200,0
DA:201,0
DA:202,0
DA:203,0
DA:208,0
DA:209,0
LF:24
LH:6
BRDA:107,0,0,0
BRDA:107,0,1,0
BRDA:109,1,0,0
BRDA:109,1,1,0
BRDA:110,2,0,0
BRDA:110,2,1,0
BRDA:112,3,0,0
BRDA:112,3,1,0
BRDA:112,4,0,0
BRDA:112,4,1,0
BRDA:112,4,2,0
BRDA:166,5,0,0
BRDA:166,5,1,0
BRDA:179,6,0,0
BRDA:179,6,1,0
BRDA:196,7,0,0
BRDA:196,7,1,0
BRDA:196,8,0,0
BRDA:196,8,1,0
BRDA:201,9,0,0
BRDA:201,9,1,0
BRF:21
BRH:0
end_of_record
TN:
SF:src/browser/shared/types.ts
FNF:0
FNH:0
LF:0
LH:0
BRF:0
BRH:0
end_of_record
TN:
SF:src/browser/ui/back-to-top.ts
FN:13,initBackToTop
FN:19,(anonymous_1)
FN:27,(anonymous_2)
FN:29,(anonymous_3)
FN:37,(anonymous_4)
FN:44,(anonymous_5)
FNF:6
FNH:0
FNDA:0,initBackToTop
FNDA:0,(anonymous_1)
FNDA:0,(anonymous_2)
FNDA:0,(anonymous_3)
FNDA:0,(anonymous_4)
FNDA:0,(anonymous_5)
DA:14,0
DA:15,0
DA:17,0
DA:19,0
DA:20,0
DA:21,0
DA:22,0
DA:23,0
DA:26,0
DA:27,0
DA:28,0
DA:29,0
DA:30,0
DA:31,0
DA:33,0
DA:37,0
DA:38,0
DA:44,0
DA:45,0
DA:46,0
DA:47,0
DA:52,0
LF:22
LH:0
BRDA:15,0,0,0
BRDA:15,0,1,0
BRDA:23,1,0,0
BRDA:23,1,1,0
BRDA:28,2,0,0
BRDA:28,2,1,0
BRDA:40,3,0,0
BRDA:40,3,1,0
BRDA:45,4,0,0
BRDA:45,4,1,0
BRDA:45,5,0,0
BRDA:45,5,1,0
BRF:12
BRH:0
end_of_record
